#
# A fatal error has been detected by the Java Runtime Environment:
#
#  SIGSEGV (0xb) at pc=0x00007fff93ec40dd, pid=11880, tid=1811
#
# JRE version: Java(TM) SE Runtime Environment (8.0_71-b15) (build 1.8.0_71-b15)
# Java VM: Java HotSpot(TM) 64-Bit Server VM (25.71-b15 mixed mode bsd-amd64 compressed oops)
# Problematic frame:
# C  [libobjc.A.dylib+0x10dd]  objc_msgSend+0x1d
#
# Failed to write core dump. Core dumps have been disabled. To enable core dumping, try "ulimit -c unlimited" before starting Java again
#
# If you would like to submit a bug report, please visit:
#   http://bugreport.java.com/bugreport/crash.jsp
# The crash happened outside the Java Virtual Machine in native code.
# See problematic frame for where to report the bug.
#

---------------  T H R E A D  ---------------

Current thread (0x00007f8dcb87c000):  JavaThread "AppKit Thread" daemon [_thread_in_native, id=1811, stack(0x00007fff558fa000,0x00007fff560fa000)]

siginfo: si_signo: 11 (SIGSEGV), si_code: 1 (SEGV_MAPERR), si_addr: 0x0000000000000018

Registers:
RAX=0x0000000000000000, RBX=0x00007f8dcb4627a0, RCX=0x0000000000000000, RDX=0x00007f8dcb4627a0
RSP=0x00007fff560f4a78, RBP=0x00007fff560f4aa0, RSI=0x00007fff8c6b437c, RDI=0x00007f8dcd9691e0
R8 =0x0000000000000001, R9 =0x0000000000000001, R10=0x00007fff8c6b437c, R11=0x0000000000000000
R12=0x0000000000000094, R13=0x00007f8dcd9414e0, R14=0x00007f8dcd9691e0, R15=0x00007fff560f4f90
RIP=0x00007fff93ec40dd, EFLAGS=0x0000000000010246, ERR=0x0000000000000004
  TRAPNO=0x000000000000000e

Top of Stack: (sp=0x00007fff560f4a78)
0x00007fff560f4a78:   00000001298ef598 00007f8dcb4627a0
0x00007fff560f4a88:   0000000129923c60 00007f8dcd9414e0
0x00007fff560f4a98:   00007f8dcb4627a0 00007fff560f4f80
0x00007fff560f4aa8:   00007fff8bd94f45 0000000000000000
0x00007fff560f4ab8:   0000000000000000 4080000000000000
0x00007fff560f4ac8:   4078000000000000 0000000000000000
0x00007fff560f4ad8:   0000000000000000 4080000000000000
0x00007fff560f4ae8:   4078000000000000 4080000000000000
0x00007fff560f4af8:   4079600000000000 401c000000000000
0x00007fff560f4b08:   4078300000000000 402c000000000000
0x00007fff560f4b18:   4030000000000000 401c000000000000
0x00007fff560f4b28:   0000000000000000 0000000000000000
0x00007fff560f4b38:   4030000000000000 00007fff8c677129
0x00007fff560f4b48:   4018000000000000 00007f8dcd961390
0x00007fff560f4b58:   0000000100000000 0000000000000000
0x00007fff560f4b68:   00007f8dcb7380d0 00007fff560f4cc0
0x00007fff560f4b78:   00007fff8bd99b36 00007fff560f4cc0
0x00007fff560f4b88:   00007fff8bd9be82 402c000000000000
0x00007fff560f4b98:   4030000000000000 401c000000000000
0x00007fff560f4ba8:   4078300000000000 402c000000000000
0x00007fff560f4bb8:   4030000000000000 0000000000000000
0x00007fff560f4bc8:   0000000000000000 4080000000000000
0x00007fff560f4bd8:   4079600000000000 401c000000000000
0x00007fff560f4be8:   4078300000000000 0000000109b25e00
0x00007fff560f4bf8:   00007f8dcb79d8f0 00000000000000b0
0x00007fff560f4c08:   0000000000000002 00000000000009d8
0x00007fff560f4c18:   0000000109b21000 00007fff560f4cc0
0x00007fff560f4c28:   00007fff94fbbe7f 00000000000009d8
0x00007fff560f4c38:   0000000109b21000 00007fff560f4ce0
0x00007fff560f4c48:   00000000000009d9 00007fff560f4d4f
0x00007fff560f4c58:   0000000000008000 00007f8dcb7fc080
0x00007fff560f4c68:   00007f8dcb79d840 000000000000002a 

Instructions: (pc=0x00007fff93ec40dd)
0x00007fff93ec40bd:   00 00 00 48 85 ff 2e 74 7a 40 f6 c7 01 2e 75 7e
0x00007fff93ec40cd:   49 bb f8 ff ff ff ff 7f 00 00 4c 23 1f 49 89 f2
0x00007fff93ec40dd:   45 23 53 18 49 c1 e2 04 4d 03 53 10 49 3b 32 75
0x00007fff93ec40ed:   04 41 ff 62 08 49 83 3a 00 74 6a 4d 3b 53 10 74 

Register to memory mapping:

RAX=0x0000000000000000 is an unknown value
RBX=0x00007f8dcb4627a0 is an unknown value
RCX=0x0000000000000000 is an unknown value
RDX=0x00007f8dcb4627a0 is an unknown value
RSP=0x00007fff560f4a78 is pointing into the stack for thread: 0x00007f8dcb87c000
RBP=0x00007fff560f4aa0 is pointing into the stack for thread: 0x00007f8dcb87c000
RSI=0x00007fff8c6b437c: -[NSTitlebarContainerView transparent]+0x5e270 in /System/Library/Frameworks/AppKit.framework/Versions/C/AppKit at 0x00007fff8bcb3000
RDI=0x00007f8dcd9691e0 is an unknown value
R8 =0x0000000000000001 is an unknown value
R9 =0x0000000000000001 is an unknown value
R10=0x00007fff8c6b437c: -[NSTitlebarContainerView transparent]+0x5e270 in /System/Library/Frameworks/AppKit.framework/Versions/C/AppKit at 0x00007fff8bcb3000
R11=0x0000000000000000 is an unknown value
R12=0x0000000000000094 is an unknown value
R13=0x00007f8dcd9414e0 is an unknown value
R14=0x00007f8dcd9691e0 is an unknown value
R15=0x00007fff560f4f90 is pointing into the stack for thread: 0x00007f8dcb87c000


Stack: [0x00007fff558fa000,0x00007fff560fa000],  sp=0x00007fff560f4a78,  free space=8170k
Native frames: (J=compiled Java code, j=interpreted, Vv=VM code, C=native code)
C  [libobjc.A.dylib+0x10dd]  objc_msgSend+0x1d
C  [AppKit+0xe1f45]  -[NSView _recursiveDisplayRectIfNeededIgnoringOpacity:isVisibleRect:rectIsVisibleRectForView:topView:]+0x740
C  [AppKit+0xe2fa0]  -[NSView _recursiveDisplayRectIfNeededIgnoringOpacity:isVisibleRect:rectIsVisibleRectForView:topView:]+0x179b
C  [AppKit+0xe12f3]  -[NSThemeFrame _recursiveDisplayRectIfNeededIgnoringOpacity:isVisibleRect:rectIsVisibleRectForView:topView:]+0x14d
C  [AppKit+0xdd68b]  -[NSView _displayRectIgnoringOpacity:isVisibleRect:rectIsVisibleRectForView:]+0xac9
C  [AppKit+0x951ae]  -[NSView displayIfNeeded]+0x754
C  [AppKit+0x94a09]  -[NSWindow displayIfNeeded]+0xec
C  [AppKit+0x94672]  _handleWindowNeedsDisplayOrLayoutOrUpdateConstraints+0x3a8
C  [AppKit+0x7ca171]  __83-[NSWindow _postWindowNeedsDisplayOrLayoutOrUpdateConstraintsUnlessPostingDisabled]_block_invoke1540+0x2e
C  [CoreFoundation+0x80127]  __CFRUNLOOP_IS_CALLING_OUT_TO_AN_OBSERVER_CALLBACK_FUNCTION__+0x17
C  [CoreFoundation+0x80080]  __CFRunLoopDoObservers+0x170
C  [CoreFoundation+0x72188]  __CFRunLoopRun+0x368
C  [CoreFoundation+0x71bd8]  CFRunLoopRunSpecific+0x128
C  [HIToolbox+0x3256f]  RunCurrentEventLoopInMode+0xeb
C  [HIToolbox+0x321ee]  ReceiveNextEventCommon+0xb3
C  [HIToolbox+0x3212b]  _BlockUntilNextEventMatchingListInModeWithFilter+0x47
C  [AppKit+0x918ab]  _DPSNextEvent+0x3d2
C  [AppKit+0x90e58]  -[NSApplication nextEventMatchingMask:untilDate:inMode:dequeue:]+0x15a
C  [libosxapp.dylib+0x23aa]  -[NSApplicationAWT nextEventMatchingMask:untilDate:inMode:dequeue:]+0x7c
C  [AppKit+0x86af3]  -[NSApplication run]+0x252
C  [libosxapp.dylib+0x214d]  +[NSApplicationAWT runAWTLoopWithApp:]+0x9c
C  [libawt_lwawt.dylib+0x4455b]  -[AWTStarter starter:]+0x389
C  [Foundation+0x92dd0]  __NSThreadPerformPerform+0x125
C  [CoreFoundation+0x80a01]  __CFRUNLOOP_IS_CALLING_OUT_TO_A_SOURCE0_PERFORM_FUNCTION__+0x11
C  [CoreFoundation+0x72b8d]  __CFRunLoopDoSources0+0x10d
C  [CoreFoundation+0x721bf]  __CFRunLoopRun+0x39f
C  [CoreFoundation+0x71bd8]  CFRunLoopRunSpecific+0x128
C  [java+0x6463]