#
# A fatal error has been detected by the Java Runtime Environment:
#
#  SIGSEGV (0xb) at pc=0x00007fff9488d0dd, pid=6758, tid=1811
#
# JRE version: Java(TM) SE Runtime Environment (8.0_71-b15) (build 1.8.0_71-b15)
# Java VM: Java HotSpot(TM) 64-Bit Server VM (25.71-b15 mixed mode bsd-amd64 compressed oops)
# Problematic frame:
# C  [libobjc.A.dylib+0x10dd]  objc_msgSend+0x1d
#
# Failed to write core dump. Core dumps have been disabled. To enable core dumping, try "ulimit -c unlimited" before starting Java again
#
# If you would like to submit a bug report, please visit:
#   http://bugreport.java.com/bugreport/crash.jsp
# The crash happened outside the Java Virtual Machine in native code.
# See problematic frame for where to report the bug.
#

---------------  T H R E A D  ---------------

Current thread (0x00007faafd0c2800):  JavaThread "AppKit Thread" daemon [_thread_in_native, id=1811, stack(0x00007fff51c4d000,0x00007fff5244d000)]

siginfo: si_signo: 11 (SIGSEGV), si_code: 1 (SEGV_MAPERR), si_addr: 0x000007faaf958348

Registers:
RAX=0x00007faaf9567d50, RBX=0x00007fff524485e8, RCX=0x0000000000000000, RDX=0x00007faaf94eaa50
RSP=0x00007fff52448408, RBP=0x00007fff52448410, RSI=0x00007fff8d07d41e, RDI=0x00007faaf9567d50
R8 =0x00007fff524483f0, R9 =0x0000000000000062, R10=0x00007fff8d07d41e, R11=0x000007faaf958330
R12=0x00007faafaa02970, R13=0x00000000000f4300, R14=0x00007faafaae0920, R15=0x00007fff52448548
RIP=0x00007fff9488d0dd, EFLAGS=0x0000000000010206, ERR=0x0000000000000004
  TRAPNO=0x000000000000000e

Top of Stack: (sp=0x00007fff52448408)
0x00007fff52448408:   00007fff93b5745c 00007fff52448770
0x00007fff52448418:   00007fff93a47634 00007fff5244849c
0x00007fff52448428:   00007fff524484a0 00007fff524484a4
0x00007fff52448438:   00007fff7896ae00 ffffffffffffffff
0x00007fff52448448:   0000000000000930 00007fff7896ae18
0x00007fff52448458:   00007faafaae0920 0000000000000000
0x00007fff52448468:   00007fff52448540 0000000000000000
0x00007fff52448478:   00007faaf9760de0 00007fff524485c0
0x00007fff52448488:   0000000000000062 00000000000f4302
0x00007fff52448498:   00007faaf94eaa50 00007faaf9585010
0x00007fff524484a8:   00007faafaa02970 0000000000000001
0x00007fff524484b8:   00000000000f4300 00007faafaa02960
0x00007fff524484c8:   00007fff8e564c05 00000001faa00000
0x00007fff524484d8:   00007fff77ff60d0 0000000042000000
0x00007fff524484e8:   00007fff8e56be63 00007fff78935240
0x00007fff524484f8:   00007fff524485c8 0000000000000000
0x00007fff52448508:   00007fff7986a8c8 0000000000000000
0x00007fff52448518:   000000000000000b 0002660300000001
0x00007fff52448528:   00007faafaa02994 0000000000000000
0x00007fff52448538:   0000000000422201 00007faaf9586e90
0x00007fff52448548:   00007faafaae0920 0000000000000000
0x00007fff52448558:   00007fff8d0b6458 00007fff52448600
0x00007fff52448568:   00007fff8e402483 00007fff524485e4
0x00007fff52448578:   0000000000422301 00000000ffffffff
0x00007fff52448588:   00007fff7986a8c8 0000000000422300
0x00007fff52448598:   00007fff00000000 00007fff52448690
0x00007fff524485a8:   00007fff95982770 00007fff7986a8e8
0x00007fff524485b8:   00007fff8d0b6458 000000000000005e
0x00007fff524485c8:   0000000000000000 00000000000f42f1
0x00007fff524485d8:   0000000000000060 0000000000000000
0x00007fff524485e8:   00000000000f4300 00007fff52448664
0x00007fff524485f8:   0000000000422f01 00000000ffffffff 

Instructions: (pc=0x00007fff9488d0dd)
0x00007fff9488d0bd:   00 00 00 48 85 ff 2e 74 7a 40 f6 c7 01 2e 75 7e
0x00007fff9488d0cd:   49 bb f8 ff ff ff ff 7f 00 00 4c 23 1f 49 89 f2
0x00007fff9488d0dd:   45 23 53 18 49 c1 e2 04 4d 03 53 10 49 3b 32 75
0x00007fff9488d0ed:   04 41 ff 62 08 49 83 3a 00 74 6a 4d 3b 53 10 74 

Register to memory mapping:

RAX=0x00007faaf9567d50 is an unknown value
RBX=0x00007fff524485e8 is pointing into the stack for thread: 0x00007faafd0c2800
RCX=0x0000000000000000 is an unknown value
RDX=0x00007faaf94eaa50 is an unknown value
RSP=0x00007fff52448408 is pointing into the stack for thread: 0x00007faafd0c2800
RBP=0x00007fff52448410 is pointing into the stack for thread: 0x00007faafd0c2800
RSI=0x00007fff8d07d41e: -[NSTitlebarContainerView transparent]+0x5e312 in /System/Library/Frameworks/AppKit.framework/Versions/C/AppKit at 0x00007fff8c67c000
RDI=0x00007faaf9567d50 is an unknown value
R8 =0x00007fff524483f0 is pointing into the stack for thread: 0x00007faafd0c2800
R9 =0x0000000000000062 is an unknown value
R10=0x00007fff8d07d41e: -[NSTitlebarContainerView transparent]+0x5e312 in /System/Library/Frameworks/AppKit.framework/Versions/C/AppKit at 0x00007fff8c67c000
R11=0x000007faaf958330 is an unknown value
R12=0x00007faafaa02970 is an unknown value
R13=0x00000000000f4300 is an unknown value
R14=0x00007faafaae0920 is an unknown value
R15=0x00007fff52448548 is pointing into the stack for thread: 0x00007faafd0c2800


Stack: [0x00007fff51c4d000,0x00007fff5244d000],  sp=0x00007fff52448408,  free space=8173k
Native frames: (J=compiled Java code, j=interpreted, Vv=VM code, C=native code)
C  [libobjc.A.dylib+0x10dd]  objc_msgSend+0x1d
C  [CoreFoundation+0x10634]  _CFXNotificationPost+0xc44
C  [Foundation+0x7aa1]  -[NSNotificationCenter postNotificationName:object:userInfo:]+0x42
C  [AppKit+0x439c2]  -[NSSurface _disposeSurface]+0x98
C  [AppKit+0x43426]  -[NSSurface setWindow:]+0x42
C  [AppKit+0x33910]  -[NSView _setWindow:]+0xa33
C  [AppKit+0x6af91]  -[NSView removeFromSuperview]+0x1c5
C  [AppKit+0x14bd99]  -[NSView removeFromSuperviewWithoutNeedingDisplay]+0x26
C  [liblwjgl.dylib+0xa205]  +[MacOSXKeyableWindow destroyWindow]+0xb5
C  [Foundation+0x92dd0]  __NSThreadPerformPerform+0x125
C  [CoreFoundation+0x80a01]  __CFRUNLOOP_IS_CALLING_OUT_TO_A_SOURCE0_PERFORM_FUNCTION__+0x11
C  [CoreFoundation+0x72b8d]  __CFRunLoopDoSources0+0x10d
C  [CoreFoundation+0x721bf]  __CFRunLoopRun+0x39f
C  [CoreFoundation+0x71bd8]  CFRunLoopRunSpecific+0x128
C  [HIToolbox+0x3256f]  RunCurrentEventLoopInMode+0xeb
C  [HIToolbox+0x322ea]  ReceiveNextEventCommon+0x1af
C  [HIToolbox+0x3212b]  _BlockUntilNextEventMatchingListInModeWithFilter+0x47
C  [AppKit+0x918ab]  _DPSNextEvent+0x3d2
C  [AppKit+0x90e58]  -[NSApplication nextEventMatchingMask:untilDate:inMode:dequeue:]+0x15a
C  [libosxapp.dylib+0x23aa]  -[NSApplicationAWT nextEventMatchingMask:untilDate:inMode:dequeue:]+0x7c
C  [AppKit+0x86af3]  -[NSApplication run]+0x252
C  [libosxapp.dylib+0x214d]  +[NSApplicationAWT runAWTLoopWithApp:]+0x9c
C  [libawt_lwawt.dylib+0x4455b]  -[AWTStarter starter:]+0x389
C  [Foundation+0x92dd0]  __NSThreadPerformPerform+0x125
C  [CoreFoundation+0x80a01]  __CFRUNLOOP_IS_CALLING_OUT_TO_A_SOURCE0_PERFORM_FUNCTION__+0x11
C  [CoreFoundation+0x72b8d]  __CFRunLoopDoSources0+0x10d
C  [CoreFoundation+0x721bf]  __CFRunLoopRun+0x39f
C  [CoreFoundation+0x71bd8]  CFRunLoopRunSpecific+0x128
C  [java+0x6463]  CreateExecutionEnvironment+0x367
C  [java+0x21ac]  JLI_Launch+0x7a0
C  [java+0x84c0]  main+0x65
C  [java+0x1a04]  start+0x34
C  0x0000000000000006


---------------  P R O C E S S  ---------------

Java Threads: ( => current thread )
  0x00007faafbcf3000 JavaThread "AWT-Shutdown" [_thread_blocked, id=40475, stack(0x0000000128ddc000,0x0000000128edc000)]
  0x00007faafc9ae000 JavaThread "Java2D Queue Flusher" daemon [_thread_blocked, id=67339, stack(0x000000012f3b7000,0x000000012f4b7000)]
  0x00007faaf9c82800 JavaThread "Java2D Disposer" daemon [_thread_blocked, id=66619, stack(0x000000012ec39000,0x000000012ed39000)]
=>0x00007faafd0c2800 JavaThread "AppKit Thread" daemon [_thread_in_native, id=1811, stack(0x00007fff51c4d000,0x00007fff5244d000)]
  0x00007faafb834000 JavaThread "Service Thread" daemon [_thread_blocked, id=20739, stack(0x00000001288e8000,0x00000001289e8000)]
  0x00007faaf9862000 JavaThread "C1 CompilerThread3" daemon [_thread_blocked, id=20227, stack(0x00000001287e5000,0x00000001288e5000)]
  0x00007faaf9861800 JavaThread "C2 CompilerThread2" daemon [_thread_blocked, id=19715, stack(0x00000001286e2000,0x00000001287e2000)]
  0x00007faaf9860800 JavaThread "C2 CompilerThread1" daemon [_thread_blocked, id=19203, stack(0x00000001285df000,0x00000001286df000)]
  0x00007faafc002000 JavaThread "C2 CompilerThread0" daemon [_thread_blocked, id=18691, stack(0x00000001284dc000,0x00000001285dc000)]
  0x00007faaf985f000 JavaThread "Signal Dispatcher" daemon [_thread_blocked, id=15627, stack(0x00000001283d9000,0x00000001284d9000)]
  0x00007faafc821800 JavaThread "Finalizer" daemon [_thread_blocked, id=13571, stack(0x00000001269c5000,0x0000000126ac5000)]
  0x00007faaf9849000 JavaThread "Reference Handler" daemon [_thread_blocked, id=13059, stack(0x00000001268c2000,0x00000001269c2000)]
  0x00007faafa003000 JavaThread "main" [_thread_in_native, id=4867, stack(0x000000010d8ca000,0x000000010d9ca000)]

Other Threads:
  0x00007faaf9846800 VMThread [stack: 0x00000001267bf000,0x00000001268bf000] [id=12547]
  0x00007faafd004000 WatcherThread [stack: 0x00000001289eb000,0x0000000128aeb000] [id=21251]

VM state:not at safepoint (normal execution)

VM Mutex/Monitor currently owned by a thread: None

Heap:
 PSYoungGen      total 129024K, used 75018K [0x0000000795580000, 0x000000079fc80000, 0x00000007c0000000)
  eden space 117760K, 54% used [0x0000000795580000,0x00000007993fa818,0x000000079c880000)
  from space 11264K, 98% used [0x000000079c980000,0x000000079d4480a0,0x000000079d480000)
  to   space 26624K, 0% used [0x000000079e280000,0x000000079e280000,0x000000079fc80000)
 ParOldGen       total 128000K, used 40297K [0x0000000740000000, 0x0000000747d00000, 0x0000000795580000)
  object space 128000K, 31% used [0x0000000740000000,0x000000074275a420,0x0000000747d00000)
 Metaspace       used 12868K, capacity 13005K, committed 13184K, reserved 1060864K
  class space    used 1324K, capacity 1377K, committed 1408K, reserved 1048576K

Card table byte_map: [0x000000011ed84000,0x000000011f185000] byte_map_base: 0x000000011b384000

Marking Bits: (ParMarkBitMap*) 0x000000010f2e3ea0
 Begin Bits: [0x000000011fc48000, 0x0000000121c48000)
 End Bits:   [0x0000000121c48000, 0x0000000123c48000)

Polling page: 0x000000010d9da000

CodeCache: size=245760Kb used=7713Kb max_used=7727Kb free=238046Kb
 bounds [0x000000010f9c4000, 0x0000000110164000, 0x000000011e9c4000]
 total_blobs=2452 nmethods=1888 adapters=478
 compilation: enabled

Compilation events (10 events):
Event: 21.022 Thread 0x00007faaf9861800 nmethod 1889 0x0000000110132890 code [0x00000001101329e0, 0x0000000110132a58]
Event: 21.022 Thread 0x00007faaf9862000 nmethod 1891 0x000000011014e150 code [0x000000011014e300, 0x000000011014e6b0]
Event: 21.071 Thread 0x00007faaf9862000 1892       3       guiComponents.MenuLayoutManager::render (137 bytes)
Event: 21.073 Thread 0x00007faaf9862000 nmethod 1892 0x0000000110150690 code [0x0000000110150960, 0x0000000110151a28]
Event: 21.392 Thread 0x00007faafc002000 1893       4       java.nio.DirectIntBufferU::get (16 bytes)
Event: 21.393 Thread 0x00007faafc002000 nmethod 1893 0x0000000110148cd0 code [0x0000000110148e20, 0x0000000110148ed8]
Event: 21.502 Thread 0x00007faaf9860800 1894       4       java.util.HashMap$HashIterator::<init> (79 bytes)
Event: 21.507 Thread 0x00007faaf9860800 nmethod 1894 0x000000011014db90 code [0x000000011014dce0, 0x000000011014dfd8]
Event: 21.952 Thread 0x00007faaf9861800 1895       4       org.newdawn.slick.Graphics::fillRect (87 bytes)
Event: 21.963 Thread 0x00007faaf9861800 nmethod 1895 0x0000000110155a90 code [0x0000000110155d40, 0x0000000110156a70]

GC Heap History (10 events):
Event: 1.941 GC heap before
{Heap before GC invocations=4 (full 0):
 PSYoungGen      total 38400K, used 32590K [0x0000000795580000, 0x000000079a080000, 0x00000007c0000000)
  eden space 33280K, 94% used [0x0000000795580000,0x000000079743fa98,0x0000000797600000)
  from space 5120K, 21% used [0x0000000797600000,0x0000000797714010,0x0000000797b00000)
  to   space 5120K, 0% used [0x0000000799b80000,0x0000000799b80000,0x000000079a080000)
 ParOldGen       total 87552K, used 16901K [0x0000000740000000, 0x0000000745580000, 0x0000000795580000)
  object space 87552K, 19% used [0x0000000740000000,0x00000007410815b0,0x0000000745580000)
 Metaspace       used 5330K, capacity 5440K, committed 5632K, reserved 1056768K
  class space    used 604K, capacity 664K, committed 768K, reserved 1048576K
Event: 1.947 GC heap after
Heap after GC invocations=4 (full 0):
 PSYoungGen      total 71680K, used 1168K [0x0000000795580000, 0x000000079a080000, 0x00000007c0000000)
  eden space 66560K, 0% used [0x0000000795580000,0x0000000795580000,0x0000000799680000)
  from space 5120K, 22% used [0x0000000799b80000,0x0000000799ca4030,0x000000079a080000)
  to   space 5120K, 0% used [0x0000000799680000,0x0000000799680000,0x0000000799b80000)
 ParOldGen       total 87552K, used 25101K [0x0000000740000000, 0x0000000745580000, 0x0000000795580000)
  object space 87552K, 28% used [0x0000000740000000,0x00000007418835c0,0x0000000745580000)
 Metaspace       used 5330K, capacity 5440K, committed 5632K, reserved 1056768K
  class space    used 604K, capacity 664K, committed 768K, reserved 1048576K
}
Event: 3.060 GC heap before
{Heap before GC invocations=5 (full 0):
 PSYoungGen      total 71680K, used 67728K [0x0000000795580000, 0x000000079a080000, 0x00000007c0000000)
  eden space 66560K, 100% used [0x0000000795580000,0x0000000799680000,0x0000000799680000)
  from space 5120K, 22% used [0x0000000799b80000,0x0000000799ca4030,0x000000079a080000)
  to   space 5120K, 0% used [0x0000000799680000,0x0000000799680000,0x0000000799b80000)
 ParOldGen       total 87552K, used 25101K [0x0000000740000000, 0x0000000745580000, 0x0000000795580000)
  object space 87552K, 28% used [0x0000000740000000,0x00000007418835c0,0x0000000745580000)
 Metaspace       used 11380K, capacity 11521K, committed 11776K, reserved 1060864K
  class space    used 1201K, capacity 1247K, committed 1280K, reserved 1048576K
Event: 3.097 GC heap after
Heap after GC invocations=5 (full 0):
 PSYoungGen      total 71680K, used 5110K [0x0000000795580000, 0x00000007a1580000, 0x00000007c0000000)
  eden space 66560K, 0% used [0x0000000795580000,0x0000000795580000,0x0000000799680000)
  from space 5120K, 99% used [0x0000000799680000,0x0000000799b7d888,0x0000000799b80000)
  to   space 31744K, 0% used [0x000000079f680000,0x000000079f680000,0x00000007a1580000)
 ParOldGen       total 87552K, used 60574K [0x0000000740000000, 0x0000000745580000, 0x0000000795580000)
  object space 87552K, 69% used [0x0000000740000000,0x0000000743b27870,0x0000000745580000)
 Metaspace       used 11380K, capacity 11521K, committed 11776K, reserved 1060864K
  class space    used 1201K, capacity 1247K, committed 1280K, reserved 1048576K
}
Event: 3.097 GC heap before
{Heap before GC invocations=6 (full 1):
 PSYoungGen      total 71680K, used 5110K [0x0000000795580000, 0x00000007a1580000, 0x00000007c0000000)
  eden space 66560K, 0% used [0x0000000795580000,0x0000000795580000,0x0000000799680000)
  from space 5120K, 99% used [0x0000000799680000,0x0000000799b7d888,0x0000000799b80000)
  to   space 31744K, 0% used [0x000000079f680000,0x000000079f680000,0x00000007a1580000)
 ParOldGen       total 87552K, used 60574K [0x0000000740000000, 0x0000000745580000, 0x0000000795580000)
  object space 87552K, 69% used [0x0000000740000000,0x0000000743b27870,0x0000000745580000)
 Metaspace       used 11380K, capacity 11521K, committed 11776K, reserved 1060864K
  class space    used 1201K, capacity 1247K, committed 1280K, reserved 1048576K
Event: 3.210 GC heap after
Heap after GC invocations=6 (full 1):
 PSYoungGen      total 71680K, used 0K [0x0000000795580000, 0x00000007a1580000, 0x00000007c0000000)
  eden space 66560K, 0% used [0x0000000795580000,0x0000000795580000,0x0000000799680000)
  from space 5120K, 0% used [0x0000000799680000,0x0000000799680000,0x0000000799b80000)
  to   space 31744K, 0% used [0x000000079f680000,0x000000079f680000,0x00000007a1580000)
 ParOldGen       total 128000K, used 40281K [0x0000000740000000, 0x0000000747d00000, 0x0000000795580000)
  object space 128000K, 31% used [0x0000000740000000,0x0000000742756420,0x0000000747d00000)
 Metaspace       used 11380K, capacity 11521K, committed 11776K, reserved 1060864K
  class space    used 1201K, capacity 1247K, committed 1280K, reserved 1048576K
}
Event: 16.367 GC heap before
{Heap before GC invocations=7 (full 1):
 PSYoungGen      total 71680K, used 66560K [0x0000000795580000, 0x00000007a1580000, 0x00000007c0000000)
  eden space 66560K, 100% used [0x0000000795580000,0x0000000799680000,0x0000000799680000)
  from space 5120K, 0% used [0x0000000799680000,0x0000000799680000,0x0000000799b80000)
  to   space 31744K, 0% used [0x000000079f680000,0x000000079f680000,0x00000007a1580000)
 ParOldGen       total 128000K, used 40281K [0x0000000740000000, 0x0000000747d00000, 0x0000000795580000)
  object space 128000K, 31% used [0x0000000740000000,0x0000000742756420,0x0000000747d00000)
 Metaspace       used 12545K, capacity 12717K, committed 12928K, reserved 1060864K
  class space    used 1292K, capacity 1345K, committed 1408K, reserved 1048576K
Event: 16.373 GC heap after
Heap after GC invocations=7 (full 1):
 PSYoungGen      total 99328K, used 10993K [0x0000000795580000, 0x00000007a0180000, 0x00000007c0000000)
  eden space 88064K, 0% used [0x0000000795580000,0x0000000795580000,0x000000079ab80000)
  from space 11264K, 97% used [0x000000079f680000,0x00000007a013c7f0,0x00000007a0180000)
  to   space 28672K, 0% used [0x000000079c980000,0x000000079c980000,0x000000079e580000)
 ParOldGen       total 128000K, used 40289K [0x0000000740000000, 0x0000000747d00000, 0x0000000795580000)
  object space 128000K, 31% used [0x0000000740000000,0x0000000742758420,0x0000000747d00000)
 Metaspace       used 12545K, capacity 12717K, committed 12928K, reserved 1060864K
  class space    used 1292K, capacity 1345K, committed 1408K, reserved 1048576K
}
Event: 16.656 GC heap before
{Heap before GC invocations=8 (full 1):
 PSYoungGen      total 99328K, used 99057K [0x0000000795580000, 0x00000007a0180000, 0x00000007c0000000)
  eden space 88064K, 100% used [0x0000000795580000,0x000000079ab80000,0x000000079ab80000)
  from space 11264K, 97% used [0x000000079f680000,0x00000007a013c7f0,0x00000007a0180000)
  to   space 28672K, 0% used [0x000000079c980000,0x000000079c980000,0x000000079e580000)
 ParOldGen       total 128000K, used 40289K [0x0000000740000000, 0x0000000747d00000, 0x0000000795580000)
  object space 128000K, 31% used [0x0000000740000000,0x0000000742758420,0x0000000747d00000)
 Metaspace       used 12588K, capacity 12781K, committed 12928K, reserved 1060864K
  class space    used 1292K, capacity 1345K, committed 1408K, reserved 1048576K
Event: 16.662 GC heap after
Heap after GC invocations=8 (full 1):
 PSYoungGen      total 129024K, used 11040K [0x0000000795580000, 0x000000079fc80000, 0x00000007c0000000)
  eden space 117760K, 0% used [0x0000000795580000,0x0000000795580000,0x000000079c880000)
  from space 11264K, 98% used [0x000000079c980000,0x000000079d4480a0,0x000000079d480000)
  to   space 26624K, 0% used [0x000000079e280000,0x000000079e280000,0x000000079fc80000)
 ParOldGen       total 128000K, used 40297K [0x0000000740000000, 0x0000000747d00000, 0x0000000795580000)
  object space 128000K, 31% used [0x0000000740000000,0x000000074275a420,0x0000000747d00000)
 Metaspace       used 12588K, capacity 12781K, committed 12928K, reserved 1060864K
  class space    used 1292K, capacity 1345K, committed 1408K, reserved 1048576K
}

Deoptimization events (10 events):
Event: 2.462 Thread 0x00007faafa003000 Uncommon trap: reason=unstable_if action=reinterpret pc=0x000000010fd3e4c0 method=java.lang.Class.enumConstantDirectory()Ljava/util/Map; @ 4
Event: 2.483 Thread 0x00007faafa003000 Uncommon trap: reason=unstable_if action=reinterpret pc=0x000000010fe191d0 method=org.jdom2.ContentList$FilterList.resync(I)I @ 161
Event: 2.493 Thread 0x00007faafa003000 Uncommon trap: reason=unstable_if action=reinterpret pc=0x000000010fe25ac0 method=java.lang.String.toLowerCase(Ljava/util/Locale;)Ljava/lang/String; @ 85
Event: 2.495 Thread 0x00007faafa003000 Uncommon trap: reason=unstable_if action=reinterpret pc=0x000000010fe2124c method=com.sun.org.apache.xerces.internal.impl.XMLDocumentFragmentScannerImpl$FragmentContentDriver.next()I @ 1154
Event: 2.497 Thread 0x00007faafa003000 Uncommon trap: reason=unstable_if action=reinterpret pc=0x000000010fd5a3bc method=org.jdom2.input.sax.SAXHandler.endElement(Ljava/lang/String;Ljava/lang/String;Ljava/lang/String;)V @ 33
Event: 2.537 Thread 0x00007faafa003000 Uncommon trap: reason=unstable_if action=reinterpret pc=0x000000010fc6232c method=java.lang.String.indexOf([CII[CIII)I @ 3
Event: 2.543 Thread 0x00007faafa003000 Uncommon trap: reason=unstable_if action=reinterpret pc=0x000000010fce2d74 method=java.util.concurrent.ConcurrentHashMap.get(Ljava/lang/Object;)Ljava/lang/Object; @ 15
Event: 16.229 Thread 0x00007faafa003000 Uncommon trap: reason=unstable_if action=reinterpret pc=0x000000010ffb4074 method=org.newdawn.slick.Image.init()V @ 4
Event: 16.236 Thread 0x00007faafa003000 Uncommon trap: reason=unstable_if action=reinterpret pc=0x000000010fc7c7d8 method=java.lang.String.<init>([CII)V @ 18
Event: 16.768 Thread 0x00007faafa003000 Uncommon trap: reason=unstable_if action=reinterpret pc=0x000000010fee61c0 method=java.lang.String.<init>([CII)V @ 18

Internal exceptions (10 events):
Event: 0.181 Thread 0x00007faafa003000 Exception <a 'java/lang/NoSuchFieldError': method resolution failed> (0x000000079594aeb0) thrown at [/Users/java_re/workspace/8-2-build-macosx-x86_64/jdk8u71/5731/hotspot/src/share/vm/prims/methodHandles.cpp, line 1146]
Event: 0.363 Thread 0x00007faafa003000 Exception <a 'java/io/FileNotFoundException'> (0x00000007959c69f8) thrown at [/Users/java_re/workspace/8-2-build-macosx-x86_64/jdk8u71/5731/hotspot/src/share/vm/prims/jni.cpp, line 709]
Event: 0.363 Thread 0x00007faafa003000 Exception <a 'java/io/FileNotFoundException'> (0x00000007959c7540) thrown at [/Users/java_re/workspace/8-2-build-macosx-x86_64/jdk8u71/5731/hotspot/src/share/vm/prims/jni.cpp, line 709]
Event: 0.376 Thread 0x00007faafa003000 Exception <a 'java/security/PrivilegedActionException'> (0x00000007959d81a0) thrown at [/Users/java_re/workspace/8-2-build-macosx-x86_64/jdk8u71/5731/hotspot/src/share/vm/prims/jvm.cpp, line 1386]
Event: 0.376 Thread 0x00007faafa003000 Exception <a 'java/security/PrivilegedActionException'> (0x00000007959d9d88) thrown at [/Users/java_re/workspace/8-2-build-macosx-x86_64/jdk8u71/5731/hotspot/src/share/vm/prims/jvm.cpp, line 1386]
Event: 0.376 Thread 0x00007faafa003000 Exception <a 'java/security/PrivilegedActionException'> (0x00000007959daea8) thrown at [/Users/java_re/workspace/8-2-build-macosx-x86_64/jdk8u71/5731/hotspot/src/share/vm/prims/jvm.cpp, line 1386]
Event: 0.377 Thread 0x00007faafa003000 Exception <a 'java/security/PrivilegedActionException'> (0x00000007959e02b8) thrown at [/Users/java_re/workspace/8-2-build-macosx-x86_64/jdk8u71/5731/hotspot/src/share/vm/prims/jvm.cpp, line 1386]
Event: 0.377 Thread 0x00007faafa003000 Exception <a 'java/security/PrivilegedActionException'> (0x00000007959e0f10) thrown at [/Users/java_re/workspace/8-2-build-macosx-x86_64/jdk8u71/5731/hotspot/src/share/vm/prims/jvm.cpp, line 1386]
Event: 0.377 Thread 0x00007faafa003000 Exception <a 'java/security/PrivilegedActionException'> (0x00000007959e1b38) thrown at [/Users/java_re/workspace/8-2-build-macosx-x86_64/jdk8u71/5731/hotspot/src/share/vm/prims/jvm.cpp, line 1386]
Event: 2.543 Thread 0x00007faafa003000 Implicit null exception at 0x000000010fce2a87 to 0x000000010fce2d61

Events (10 events):
Event: 18.682 Thread 0x00007faafb9c6000 Thread exited: 0x00007faafb9c6000
Event: 19.552 Thread 0x00007faafc942000 Thread added: 0x00007faafc942000
Event: 19.659 Thread 0x00007faafa003000 DEOPT PACKING pc=0x00000001101201e1 sp=0x000000010d9c8fe0
Event: 19.659 Thread 0x00007faafa003000 DEOPT UNPACKING pc=0x000000010fa0b633 sp=0x000000010d9c8df8 mode 0
Event: 21.792 Executing VM operation: RevokeBias
Event: 21.792 Executing VM operation: RevokeBias done
Event: 21.792 Thread 0x00007faafc942000 Thread exited: 0x00007faafc942000
Event: 22.040 Thread 0x00007faafbcf3000 Thread added: 0x00007faafbcf3000
Event: 22.265 loading class org/lwjgl/opengl/CallbackUtil
Event: 22.265 loading class org/lwjgl/opengl/CallbackUtil done


Dynamic libraries:
0x0000000007947000 	/System/Library/Frameworks/Cocoa.framework/Versions/A/Cocoa
0x0000000007947000 	/System/Library/Frameworks/Security.framework/Versions/A/Security
0x0000000007947000 	/System/Library/Frameworks/ApplicationServices.framework/Versions/A/ApplicationServices
0x0000000007947000 	/usr/lib/libz.1.dylib
0x0000000007947000 	/usr/lib/libSystem.B.dylib
0x0000000007947000 	/usr/lib/libobjc.A.dylib
0x0000000007947000 	/System/Library/Frameworks/CoreFoundation.framework/Versions/A/CoreFoundation
0x0000000007947000 	/System/Library/Frameworks/Foundation.framework/Versions/C/Foundation
0x0000000007947000 	/System/Library/Frameworks/AppKit.framework/Versions/C/AppKit
0x0000000007947000 	/System/Library/Frameworks/CoreData.framework/Versions/A/CoreData
0x0000000007947000 	/System/Library/PrivateFrameworks/RemoteViewServices.framework/Versions/A/RemoteViewServices
0x0000000007947000 	/System/Library/PrivateFrameworks/UIFoundation.framework/Versions/A/UIFoundation
0x0000000007947000 	/System/Library/Frameworks/IOSurface.framework/Versions/A/IOSurface
0x0000000007947000 	/System/Library/Frameworks/AudioToolbox.framework/Versions/A/AudioToolbox
0x0000000007947000 	/System/Library/Frameworks/AudioUnit.framework/Versions/A/AudioUnit
0x0000000007947000 	/System/Library/PrivateFrameworks/DataDetectorsCore.framework/Versions/A/DataDetectorsCore
0x0000000007947000 	/System/Library/PrivateFrameworks/DesktopServicesPriv.framework/Versions/A/DesktopServicesPriv
0x0000000007947000 	/System/Library/Frameworks/Carbon.framework/Versions/A/Frameworks/HIToolbox.framework/Versions/A/HIToolbox
0x0000000007947000 	/System/Library/Frameworks/QuartzCore.framework/Versions/A/QuartzCore
0x0000000007947000 	/System/Library/Frameworks/Carbon.framework/Versions/A/Frameworks/SpeechRecognition.framework/Versions/A/SpeechRecognition
0x0000000007947000 	/usr/lib/libauto.dylib
0x0000000007947000 	/usr/lib/libicucore.A.dylib
0x0000000007947000 	/usr/lib/libxml2.2.dylib
0x0000000007947000 	/System/Library/PrivateFrameworks/CoreUI.framework/Versions/A/CoreUI
0x0000000007947000 	/System/Library/Frameworks/CoreAudio.framework/Versions/A/CoreAudio
0x0000000007947000 	/System/Library/Frameworks/DiskArbitration.framework/Versions/A/DiskArbitration
0x0000000007947000 	/usr/lib/liblangid.dylib
0x0000000007947000 	/System/Library/PrivateFrameworks/MultitouchSupport.framework/Versions/A/MultitouchSupport
0x0000000007947000 	/System/Library/Frameworks/IOKit.framework/Versions/A/IOKit
0x0000000007947000 	/usr/lib/libDiagnosticMessagesClient.dylib
0x0000000007947000 	/System/Library/Frameworks/CoreServices.framework/Versions/A/CoreServices
0x0000000007947000 	/System/Library/PrivateFrameworks/PerformanceAnalysis.framework/Versions/A/PerformanceAnalysis
0x0000000007947000 	/System/Library/PrivateFrameworks/GenerationalStorage.framework/Versions/A/GenerationalStorage
0x0000000007947000 	/System/Library/Frameworks/OpenGL.framework/Versions/A/OpenGL
0x0000000007947000 	/System/Library/PrivateFrameworks/Sharing.framework/Versions/A/Sharing
0x0000000007947000 	/System/Library/Frameworks/CoreGraphics.framework/Versions/A/CoreGraphics
0x0000000007947000 	/System/Library/Frameworks/CoreText.framework/Versions/A/CoreText
0x0000000007947000 	/System/Library/Frameworks/ImageIO.framework/Versions/A/ImageIO
0x0000000007947000 	/usr/lib/libextension.dylib
0x0000000007947000 	/System/Library/PrivateFrameworks/Backup.framework/Versions/A/Backup
0x0000000007947000 	/usr/lib/libarchive.2.dylib
0x0000000007947000 	/System/Library/Frameworks/CFNetwork.framework/Versions/A/CFNetwork
0x0000000007947000 	/System/Library/Frameworks/SystemConfiguration.framework/Versions/A/SystemConfiguration
0x0000000007947000 	/usr/lib/libCRFSuite.dylib
0x0000000007947000 	/usr/lib/libc++.1.dylib
0x0000000007947000 	/usr/lib/libc++abi.dylib
0x0000000007947000 	/usr/lib/system/libcache.dylib
0x0000000007947000 	/usr/lib/system/libcommonCrypto.dylib
0x0000000007947000 	/usr/lib/system/libcompiler_rt.dylib
0x0000000007947000 	/usr/lib/system/libcopyfile.dylib
0x0000000007947000 	/usr/lib/system/libcorecrypto.dylib
0x0000000007947000 	/usr/lib/system/libdispatch.dylib
0x0000000007947000 	/usr/lib/system/libdyld.dylib
0x0000000007947000 	/usr/lib/system/libkeymgr.dylib
0x0000000007947000 	/usr/lib/system/liblaunch.dylib
0x0000000007947000 	/usr/lib/system/libmacho.dylib
0x0000000007947000 	/usr/lib/system/libquarantine.dylib
0x0000000007947000 	/usr/lib/system/libremovefile.dylib
0x0000000007947000 	/usr/lib/system/libsystem_asl.dylib
0x0000000007947000 	/usr/lib/system/libsystem_blocks.dylib
0x0000000007947000 	/usr/lib/system/libsystem_c.dylib
0x0000000007947000 	/usr/lib/system/libsystem_configuration.dylib
0x0000000007947000 	/usr/lib/system/libsystem_coreservices.dylib
0x0000000007947000 	/usr/lib/system/libsystem_coretls.dylib
0x0000000007947000 	/usr/lib/system/libsystem_dnssd.dylib
0x0000000007947000 	/usr/lib/system/libsystem_info.dylib
0x0000000007947000 	/usr/lib/system/libsystem_kernel.dylib
0x0000000007947000 	/usr/lib/system/libsystem_m.dylib
0x0000000007947000 	/usr/lib/system/libsystem_malloc.dylib
0x0000000007947000 	/usr/lib/system/libsystem_network.dylib
0x0000000007947000 	/usr/lib/system/libsystem_networkextension.dylib
0x0000000007947000 	/usr/lib/system/libsystem_notify.dylib
0x0000000007947000 	/usr/lib/system/libsystem_platform.dylib
0x0000000007947000 	/usr/lib/system/libsystem_pthread.dylib
0x0000000007947000 	/usr/lib/system/libsystem_sandbox.dylib
0x0000000007947000 	/usr/lib/system/libsystem_secinit.dylib
0x0000000007947000 	/usr/lib/system/libsystem_stats.dylib
0x0000000007947000 	/usr/lib/system/libsystem_trace.dylib
0x0000000007947000 	/usr/lib/system/libunc.dylib
0x0000000007947000 	/usr/lib/system/libunwind.dylib
0x0000000007947000 	/usr/lib/system/libxpc.dylib
0x0000000007947000 	/usr/lib/libbz2.1.0.dylib
0x0000000007947000 	/usr/lib/liblzma.5.dylib
0x0000000007947000 	/usr/lib/libbsm.0.dylib
0x0000000007947000 	/usr/lib/libsqlite3.dylib
0x0000000007947000 	/usr/lib/system/libkxld.dylib
0x0000000007947000 	/usr/lib/libxar.1.dylib
0x0000000007947000 	/usr/lib/libpam.2.dylib
0x0000000007947000 	/usr/lib/libOpenScriptingUtil.dylib
0x0000000007947000 	/System/Library/Frameworks/CoreServices.framework/Versions/A/Frameworks/FSEvents.framework/Versions/A/FSEvents
0x0000000007947000 	/System/Library/Frameworks/CoreServices.framework/Versions/A/Frameworks/CarbonCore.framework/Versions/A/CarbonCore
0x0000000007947000 	/System/Library/Frameworks/CoreServices.framework/Versions/A/Frameworks/Metadata.framework/Versions/A/Metadata
0x0000000007947000 	/System/Library/Frameworks/CoreServices.framework/Versions/A/Frameworks/OSServices.framework/Versions/A/OSServices
0x0000000007947000 	/System/Library/Frameworks/CoreServices.framework/Versions/A/Frameworks/SearchKit.framework/Versions/A/SearchKit
0x0000000007947000 	/System/Library/Frameworks/CoreServices.framework/Versions/A/Frameworks/AE.framework/Versions/A/AE
0x0000000007947000 	/System/Library/Frameworks/CoreServices.framework/Versions/A/Frameworks/LaunchServices.framework/Versions/A/LaunchServices
0x0000000007947000 	/System/Library/Frameworks/CoreServices.framework/Versions/A/Frameworks/DictionaryServices.framework/Versions/A/DictionaryServices
0x0000000007947000 	/System/Library/Frameworks/NetFS.framework/Versions/A/NetFS
0x0000000007947000 	/System/Library/PrivateFrameworks/NetAuth.framework/Versions/A/NetAuth
0x0000000007947000 	/System/Library/PrivateFrameworks/login.framework/Versions/A/Frameworks/loginsupport.framework/Versions/A/loginsupport
0x0000000007947000 	/System/Library/PrivateFrameworks/TCC.framework/Versions/A/TCC
0x0000000007947000 	/usr/lib/libmecabra.dylib
0x0000000007947000 	/System/Library/Frameworks/ApplicationServices.framework/Versions/A/Frameworks/ATS.framework/Versions/A/ATS
0x0000000007947000 	/System/Library/Frameworks/ApplicationServices.framework/Versions/A/Frameworks/ColorSync.framework/Versions/A/ColorSync
0x0000000007947000 	/System/Library/Frameworks/ApplicationServices.framework/Versions/A/Frameworks/HIServices.framework/Versions/A/HIServices
0x0000000007947000 	/System/Library/Frameworks/ApplicationServices.framework/Versions/A/Frameworks/LangAnalysis.framework/Versions/A/LangAnalysis
0x0000000007947000 	/System/Library/Frameworks/ApplicationServices.framework/Versions/A/Frameworks/PrintCore.framework/Versions/A/PrintCore
0x0000000007947000 	/System/Library/Frameworks/ApplicationServices.framework/Versions/A/Frameworks/QD.framework/Versions/A/QD
0x0000000007947000 	/System/Library/Frameworks/ApplicationServices.framework/Versions/A/Frameworks/SpeechSynthesis.framework/Versions/A/SpeechSynthesis
0x0000000007947000 	/System/Library/Frameworks/Accelerate.framework/Versions/A/Accelerate
0x0000000007947000 	/System/Library/Frameworks/Accelerate.framework/Versions/A/Frameworks/vImage.framework/Versions/A/vImage
0x0000000007947000 	/System/Library/Frameworks/Accelerate.framework/Versions/A/Frameworks/vecLib.framework/Versions/A/vecLib
0x0000000007947000 	/System/Library/Frameworks/Accelerate.framework/Versions/A/Frameworks/vecLib.framework/Versions/A/libvDSP.dylib
0x0000000007947000 	/System/Library/Frameworks/Accelerate.framework/Versions/A/Frameworks/vecLib.framework/Versions/A/libvMisc.dylib
0x0000000007947000 	/System/Library/Frameworks/Accelerate.framework/Versions/A/Frameworks/vecLib.framework/Versions/A/libLAPACK.dylib
0x0000000007947000 	/System/Library/Frameworks/Accelerate.framework/Versions/A/Frameworks/vecLib.framework/Versions/A/libBLAS.dylib
0x0000000007947000 	/System/Library/Frameworks/Accelerate.framework/Versions/A/Frameworks/vecLib.framework/Versions/A/libLinearAlgebra.dylib
0x0000000007947000 	/System/Library/Frameworks/ApplicationServices.framework/Versions/A/Frameworks/ATS.framework/Versions/A/Resources/libFontParser.dylib
0x0000000007947000 	/System/Library/Frameworks/ApplicationServices.framework/Versions/A/Frameworks/ATS.framework/Versions/A/Resources/libFontRegistry.dylib
0x0000000007947000 	/System/Library/PrivateFrameworks/AppleVPA.framework/Versions/A/AppleVPA
0x0000000007947000 	/System/Library/PrivateFrameworks/AppleJPEG.framework/Versions/A/AppleJPEG
0x0000000007947000 	/System/Library/Frameworks/ImageIO.framework/Versions/A/Resources/libJPEG.dylib
0x0000000007947000 	/System/Library/Frameworks/ImageIO.framework/Versions/A/Resources/libTIFF.dylib
0x0000000007947000 	/System/Library/Frameworks/ImageIO.framework/Versions/A/Resources/libPng.dylib
0x0000000007947000 	/System/Library/Frameworks/ImageIO.framework/Versions/A/Resources/libGIF.dylib
0x0000000007947000 	/System/Library/Frameworks/ImageIO.framework/Versions/A/Resources/libJP2.dylib
0x0000000007947000 	/System/Library/Frameworks/ImageIO.framework/Versions/A/Resources/libRadiance.dylib
0x0000000007947000 	/System/Library/Frameworks/CoreVideo.framework/Versions/A/CoreVideo
0x0000000007947000 	/System/Library/Frameworks/OpenGL.framework/Versions/A/Libraries/libGLU.dylib
0x0000000007947000 	/System/Library/Frameworks/OpenGL.framework/Versions/A/Libraries/libGFXShared.dylib
0x0000000007947000 	/System/Library/Frameworks/OpenGL.framework/Versions/A/Libraries/libGL.dylib
0x0000000007947000 	/System/Library/Frameworks/OpenGL.framework/Versions/A/Libraries/libGLImage.dylib
0x0000000007947000 	/System/Library/Frameworks/OpenGL.framework/Versions/A/Libraries/libCVMSPluginSupport.dylib
0x0000000007947000 	/System/Library/Frameworks/OpenGL.framework/Versions/A/Libraries/libCoreVMClient.dylib
0x0000000007947000 	/usr/lib/libcups.2.dylib
0x0000000007947000 	/System/Library/Frameworks/Kerberos.framework/Versions/A/Kerberos
0x0000000007947000 	/System/Library/Frameworks/GSS.framework/Versions/A/GSS
0x0000000007947000 	/usr/lib/libresolv.9.dylib
0x0000000007947000 	/usr/lib/libiconv.2.dylib
0x0000000007947000 	/System/Library/PrivateFrameworks/Heimdal.framework/Versions/A/Heimdal
0x0000000007947000 	/usr/lib/libheimdal-asn1.dylib
0x0000000007947000 	/System/Library/Frameworks/OpenDirectory.framework/Versions/A/OpenDirectory
0x0000000007947000 	/System/Library/PrivateFrameworks/CommonAuth.framework/Versions/A/CommonAuth
0x0000000007947000 	/System/Library/Frameworks/OpenDirectory.framework/Versions/A/Frameworks/CFOpenDirectory.framework/Versions/A/CFOpenDirectory
0x0000000007947000 	/System/Library/Frameworks/SecurityFoundation.framework/Versions/A/SecurityFoundation
0x0000000007947000 	/System/Library/PrivateFrameworks/LanguageModeling.framework/Versions/A/LanguageModeling
0x0000000007947000 	/usr/lib/libcmph.dylib
0x0000000007947000 	/System/Library/Frameworks/ServiceManagement.framework/Versions/A/ServiceManagement
0x0000000007947000 	/usr/lib/libxslt.1.dylib
0x0000000007947000 	/System/Library/Frameworks/Carbon.framework/Versions/A/Frameworks/Ink.framework/Versions/A/Ink
0x0000000007947000 	/System/Library/Frameworks/QuartzCore.framework/Versions/A/Frameworks/CoreImage.framework/Versions/A/CoreImage
0x0000000007947000 	/System/Library/PrivateFrameworks/CrashReporterSupport.framework/Versions/A/CrashReporterSupport
0x0000000007947000 	/System/Library/Frameworks/OpenCL.framework/Versions/A/OpenCL
0x0000000007947000 	/System/Library/PrivateFrameworks/FaceCore.framework/Versions/A/FaceCore
0x0000000007947000 	/System/Library/PrivateFrameworks/Ubiquity.framework/Versions/A/Ubiquity
0x0000000007947000 	/System/Library/PrivateFrameworks/IconServices.framework/Versions/A/IconServices
0x0000000007947000 	/System/Library/PrivateFrameworks/ChunkingLibrary.framework/Versions/A/ChunkingLibrary
0x0000000007947000 	/System/Library/PrivateFrameworks/Apple80211.framework/Versions/A/Apple80211
0x0000000007947000 	/System/Library/Frameworks/CoreWLAN.framework/Versions/A/CoreWLAN
0x0000000007947000 	/System/Library/Frameworks/IOBluetooth.framework/Versions/A/IOBluetooth
0x0000000007947000 	/System/Library/PrivateFrameworks/CoreWiFi.framework/Versions/A/CoreWiFi
0x0000000007947000 	/System/Library/Frameworks/CoreBluetooth.framework/Versions/A/CoreBluetooth
0x0000000007947000 	/System/Library/PrivateFrameworks/DebugSymbols.framework/Versions/A/DebugSymbols
0x0000000007947000 	/System/Library/PrivateFrameworks/CoreSymbolication.framework/Versions/A/CoreSymbolication
0x0000000007947000 	/System/Library/PrivateFrameworks/Symbolication.framework/Versions/A/Symbolication
0x0000000007947000 	/System/Library/PrivateFrameworks/SpeechRecognitionCore.framework/Versions/A/SpeechRecognitionCore
0x000000010ea00000 	/Library/Java/JavaVirtualMachines/jdk1.8.0_71.jdk/Contents/Home/jre/lib/server/libjvm.dylib
0x0000000007947000 	/usr/lib/libstdc++.6.dylib
0x000000010d9cc000 	/Library/Java/JavaVirtualMachines/jdk1.8.0_71.jdk/Contents/Home/jre/lib/libverify.dylib
0x000000010f98f000 	/Library/Java/JavaVirtualMachines/jdk1.8.0_71.jdk/Contents/Home/jre/lib/libjava.dylib
0x000000010d9e4000 	/Library/Java/JavaVirtualMachines/jdk1.8.0_71.jdk/Contents/Home/jre/lib/libzip.dylib
0x0000000126ac7000 	/System/Library/Frameworks/JavaVM.framework/Frameworks/JavaRuntimeSupport.framework/JavaRuntimeSupport
0x0000000126add000 	/System/Library/Frameworks/JavaVM.framework/Versions/A/Frameworks/JavaNativeFoundation.framework/Versions/A/JavaNativeFoundation
0x000000010d9ee000 	/System/Library/Frameworks/JavaVM.framework/Versions/A/JavaVM
0x0000000007947000 	/System/Library/Frameworks/Carbon.framework/Versions/A/Carbon
0x0000000126af1000 	/System/Library/PrivateFrameworks/JavaLaunching.framework/Versions/A/JavaLaunching
0x0000000007947000 	/System/Library/Frameworks/Carbon.framework/Versions/A/Frameworks/CommonPanels.framework/Versions/A/CommonPanels
0x0000000007947000 	/System/Library/Frameworks/Carbon.framework/Versions/A/Frameworks/Help.framework/Versions/A/Help
0x0000000007947000 	/System/Library/Frameworks/Carbon.framework/Versions/A/Frameworks/ImageCapture.framework/Versions/A/ImageCapture
0x0000000007947000 	/System/Library/Frameworks/Carbon.framework/Versions/A/Frameworks/OpenScripting.framework/Versions/A/OpenScripting
0x0000000007947000 	/System/Library/Frameworks/Carbon.framework/Versions/A/Frameworks/Print.framework/Versions/A/Print
0x0000000007947000 	/System/Library/Frameworks/Carbon.framework/Versions/A/Frameworks/SecurityHI.framework/Versions/A/SecurityHI
0x0000000128b24000 	/Library/Java/JavaVirtualMachines/jdk1.8.0_71.jdk/Contents/Home/jre/lib/libawt.dylib
0x0000000128bcc000 	/Library/Java/JavaVirtualMachines/jdk1.8.0_71.jdk/Contents/Home/jre/lib/./libmlib_image.dylib
0x0000000128c98000 	/Library/Java/JavaVirtualMachines/jdk1.8.0_71.jdk/Contents/Home/jre/lib/libawt_lwawt.dylib
0x0000000128d4d000 	/Library/Java/JavaVirtualMachines/jdk1.8.0_71.jdk/Contents/Home/jre/lib/./libosxapp.dylib
0x0000000007947000 	/System/Library/Frameworks/ExceptionHandling.framework/Versions/A/ExceptionHandling
0x0000000007947000 	/System/Library/PrivateFrameworks/CoreServicesInternal.framework/Versions/A/CoreServicesInternal
0x0000000007947000 	/System/Library/PrivateFrameworks/CloudDocs.framework/Versions/A/CloudDocs
0x0000000007947000 	/System/Library/PrivateFrameworks/CoreDuet.framework/Versions/A/CoreDuet
0x0000000007947000 	/System/Library/Frameworks/CloudKit.framework/Versions/A/CloudKit
0x0000000007947000 	/System/Library/PrivateFrameworks/ProtocolBuffer.framework/Versions/A/ProtocolBuffer
0x0000000007947000 	/System/Library/PrivateFrameworks/CoreDuetDaemonProtocol.framework/Versions/A/CoreDuetDaemonProtocol
0x0000000007947000 	/System/Library/PrivateFrameworks/CoreDuetDebugLogging.framework/Versions/A/CoreDuetDebugLogging
0x0000000007947000 	/System/Library/PrivateFrameworks/MMCS.framework/Versions/A/MMCS
0x0000000007947000 	/System/Library/Frameworks/CoreLocation.framework/Versions/A/CoreLocation
0x0000000007947000 	/System/Library/PrivateFrameworks/ProtectedCloudStorage.framework/Versions/A/ProtectedCloudStorage
0x0000000007947000 	/System/Library/PrivateFrameworks/GeoServices.framework/Versions/A/GeoServices
0x0000000007947000 	/System/Library/Frameworks/CoreGraphics.framework/Versions/A/Resources/libCGCMS.A.dylib
0x0000000007947000 	/System/Library/Frameworks/CoreGraphics.framework/Versions/A/Resources/libRIP.A.dylib
0x0000000007947000 	/System/Library/Frameworks/CoreGraphics.framework/Versions/A/Resources/libCGXType.A.dylib
0x0000000007947000 	/System/Library/Frameworks/OpenCL.framework/Versions/A/Libraries/libcldcpuengine.dylib
0x0000000007947000 	/System/Library/PrivateFrameworks/DiskImages.framework/Versions/A/DiskImages
0x0000000007947000 	/System/Library/Frameworks/DiscRecording.framework/Versions/A/DiscRecording
0x0000000007947000 	/usr/lib/libcsfde.dylib
0x0000000007947000 	/usr/lib/libcurl.4.dylib
0x0000000007947000 	/System/Library/PrivateFrameworks/MediaKit.framework/Versions/A/MediaKit
0x0000000007947000 	/usr/lib/libCoreStorage.dylib
0x0000000007947000 	/System/Library/PrivateFrameworks/EFILogin.framework/Versions/A/EFILogin
0x0000000007947000 	/usr/lib/libutil.dylib
0x0000000007947000 	/System/Library/PrivateFrameworks/FindMyDevice.framework/Versions/A/FindMyDevice
0x0000000007947000 	/System/Library/Frameworks/LDAP.framework/Versions/A/LDAP
0x0000000007947000 	/usr/lib/libsasl2.2.dylib
0x0000000007947000 	/System/Library/PrivateFrameworks/CoreDaemon.framework/Versions/B/CoreDaemon
0x0000000007947000 	/usr/lib/libcrypto.0.9.8.dylib
0x0000000007947000 	/System/Library/PrivateFrameworks/AppleSRP.framework/Versions/A/AppleSRP
0x0000000007947000 	/System/Library/PrivateFrameworks/TrustEvaluationAgent.framework/Versions/A/TrustEvaluationAgent
0x000000012c08b000 	cl_kernels
0x000000012c08d000 	/System/Library/Frameworks/OpenCL.framework/Versions/A/Libraries/ImageFormats/unorm8_bgra.dylib
0x000000012c07d000 	cl_kernels
0x0000000007947000 	/System/Library/PrivateFrameworks/FamilyControls.framework/Versions/A/FamilyControls
0x0000000007947000 	/System/Library/PrivateFrameworks/CommerceKit.framework/Versions/A/Frameworks/CommerceCore.framework/Versions/A/CommerceCore
0x0000000007947000 	/System/Library/PrivateFrameworks/SystemAdministration.framework/Versions/A/SystemAdministration
0x0000000007947000 	/System/Library/PrivateFrameworks/AppContainer.framework/Versions/A/AppContainer
0x0000000007947000 	/System/Library/PrivateFrameworks/SecCodeWrapper.framework/Versions/A/SecCodeWrapper
0x0000000007947000 	/System/Library/Frameworks/DirectoryService.framework/Versions/A/DirectoryService
0x0000000007947000 	/System/Library/PrivateFrameworks/LoginUIKit.framework/Versions/A/Frameworks/LoginUICore.framework/Versions/A/LoginUICore
0x0000000007947000 	/usr/lib/libodfde.dylib
0x000000012d538000 	/Library/Java/JavaVirtualMachines/jdk1.8.0_71.jdk/Contents/Home/jre/lib/libfontmanager.dylib
0x000000012d59f000 	/Users/Murph/csci205FinalProject/externals/Slick/native/liblwjgl.dylib
0x000000012b4fa000 	/Library/Java/JavaVirtualMachines/jdk1.8.0_71.jdk/Contents/Home/jre/lib/libjawt.dylib
0x000000012d621000 	/Users/Murph/csci205FinalProject/externals/Slick/native/openal.dylib
0x000000012d690000 	/System/Library/Components/CoreAudio.component/Contents/MacOS/CoreAudio
0x000000012b512000 	/System/Library/Extensions/AppleHDA.kext/Contents/PlugIns/AppleHDAHALPlugIn.bundle/Contents/MacOS/AppleHDAHALPlugIn
0x000000012b39b000 	/Library/Java/JavaVirtualMachines/jdk1.8.0_71.jdk/Contents/Home/jre/lib/libnio.dylib
0x000000012b3ab000 	/Library/Java/JavaVirtualMachines/jdk1.8.0_71.jdk/Contents/Home/jre/lib/./libnet.dylib
0x0000000007947000 	/System/Library/Frameworks/OpenGL.framework/Versions/A/Resources/GLEngine.bundle/GLEngine
0x0000000007947000 	/System/Library/Frameworks/OpenGL.framework/Versions/A/Libraries/libGLProgrammability.dylib
0x000000012f4b9000 	/System/Library/Extensions/AppleIntelHD4000GraphicsGLDriver.bundle/Contents/MacOS/AppleIntelHD4000GraphicsGLDriver
0x0000000007947000 	/System/Library/PrivateFrameworks/IOAccelerator.framework/Versions/A/IOAccelerator
0x0000000007947000 	/System/Library/PrivateFrameworks/GPUSupport.framework/Versions/A/Libraries/libGPUSupportMercury.dylib
0x0000000000000000 	/System/Library/Extensions/GeForceGLDriver.bundle/Contents/MacOS/GeForceGLDriver
0x0000000007947000 	/System/Library/Extensions/GeForceGLDriver.bundle/Contents/MacOS/libclh.dylib
0x0000000007947000 	/System/Library/Frameworks/OpenGL.framework/Versions/A/Resources/GLRendererFloat.bundle/GLRendererFloat
0x000000012e276000 	/Users/Murph/csci205FinalProject/externals/Slick/native/libjinput-osx.dylib
0x0000000132a7c000 	/System/Library/Extensions/IOHIDFamily.kext/Contents/PlugIns/IOHIDLib.plugin/Contents/MacOS/IOHIDLib
0x0000000133956000 	/Library/Java/JavaVirtualMachines/jdk1.8.0_71.jdk/Contents/Home/jre/lib/libt2k.dylib

VM Arguments:
jvm_args: -Dfile.encoding=UTF-8 -Djava.library.path=./externals/Slick/native 
java_command: main.PokemonOB
java_class_path (initial): /Users/Murph/csci205FinalProject/externals/Slick/ibxm.jar:/Users/Murph/csci205FinalProject/externals/Slick/jinput.jar:/Users/Murph/csci205FinalProject/externals/Slick/jogg-0.0.7.jar:/Users/Murph/csci205FinalProject/externals/Slick/jorbis-0.0.15.jar:/Users/Murph/csci205FinalProject/externals/Slick/lwjgl.jar:/Users/Murph/csci205FinalProject/externals/Slick/lwjgl_util.jar:/Users/Murph/csci205FinalProject/externals/Slick/natives-linux.jar:/Users/Murph/csci205FinalProject/externals/Slick/natives-mac.jar:/Users/Murph/csci205FinalProject/externals/Slick/natives-windows.jar:/Users/Murph/csci205FinalProject/externals/Slick/slick-util.jar:/Users/Murph/csci205FinalProject/externals/Slick/slick.jar:/Users/Murph/csci205FinalProject/externals/jDom/jdom-2.0.6.jar:/Users/Murph/csci205FinalProject/externals/Apache/commons-lang3-3.4.jar:/Users/Murph/csci205FinalProject/build/classes
Launcher Type: SUN_STANDARD

Environment Variables:
PATH=/usr/bin:/bin:/usr/sbin:/sbin
LD_LIBRARY_PATH=/Library/Java/JavaVirtualMachines/jdk1.8.0_71.jdk/Contents/Home/jre/lib/amd64:/Library/Java/JavaVirtualMachines/jdk1.8.0_71.jdk/Contents/Home/jre/lib/i386:
SHELL=/bin/bash
DISPLAY=/private/tmp/com.apple.launchd.3XxMiRIIkE/org.macosforge.xquartz:0
DYLD_LIBRARY_PATH=/Applications/NetBeans/NetBeans 8.0.2.app/Contents/Resources/NetBeans/webcommon/bin:

Signal Handlers:
SIGSEGV: [libjvm.dylib+0x5a68c5], sa_mask[0]=11111111011111110111111111111111, sa_flags=SA_ONSTACK|SA_RESTART|SA_SIGINFO
SIGBUS: [libjvm.dylib+0x5a68c5], sa_mask[0]=11111111011111110111111111111111, sa_flags=SA_RESTART|SA_SIGINFO
SIGFPE: [libjvm.dylib+0x4805d4], sa_mask[0]=11111111011111110111111111111111, sa_flags=SA_RESTART|SA_SIGINFO
SIGPIPE: [libjvm.dylib+0x4805d4], sa_mask[0]=11111111011111110111111111111111, sa_flags=SA_RESTART|SA_SIGINFO
SIGXFSZ: [libjvm.dylib+0x4805d4], sa_mask[0]=11111111011111110111111111111111, sa_flags=SA_RESTART|SA_SIGINFO
SIGILL: [libjvm.dylib+0x4805d4], sa_mask[0]=11111111011111110111111111111111, sa_flags=SA_RESTART|SA_SIGINFO
SIGUSR1: SIG_DFL, sa_mask[0]=00000000000000000000000000000000, sa_flags=none
SIGUSR2: [libjvm.dylib+0x4800f2], sa_mask[0]=00100000000000000000000000000000, sa_flags=SA_RESTART|SA_SIGINFO
SIGHUP: [libjvm.dylib+0x47e6c9], sa_mask[0]=11111111011111110111111111111111, sa_flags=SA_RESTART|SA_SIGINFO
SIGINT: SIG_IGN, sa_mask[0]=00000000000000000000000000000000, sa_flags=none
SIGTERM: [libjvm.dylib+0x47e6c9], sa_mask[0]=11111111011111110111111111111111, sa_flags=SA_RESTART|SA_SIGINFO
SIGQUIT: [libjvm.dylib+0x47e6c9], sa_mask[0]=11111111011111110111111111111111, sa_flags=SA_RESTART|SA_SIGINFO


---------------  S Y S T E M  ---------------

OS:Bsduname:Darwin 14.5.0 Darwin Kernel Version 14.5.0: Mon Jan 11 18:48:35 PST 2016; root:xnu-2782.50.2~1/RELEASE_X86_64 x86_64
rlimit: STACK 8192k, CORE 0k, NPROC 709, NOFILE 10240, AS infinity
load average:1.44 1.36 1.33

CPU:total 8 (4 cores per cpu, 2 threads per core) family 6 model 58 stepping 9, cmov, cx8, fxsr, mmx, sse, sse2, sse3, ssse3, sse4.1, sse4.2, popcnt, avx, aes, clmul, erms, ht, tsc, tscinvbit, tscinv

Memory: 4k page, physical 8388608k(55512k free)

/proc/meminfo:


vm_info: Java HotSpot(TM) 64-Bit Server VM (25.71-b15) for bsd-amd64 JRE (1.8.0_71-b15), built on Dec 22 2015 15:11:44 by "java_re" with gcc 4.2.1 (Based on Apple Inc. build 5658) (LLVM build 2336.11.00)

time: Mon Apr 25 10:38:31 2016
elapsed time: 22 seconds (0d 0h 0m 22s)

