#
# A fatal error has been detected by the Java Runtime Environment:
#
#  SIGSEGV (0xb) at pc=0x00007fff9667f0dd, pid=11860, tid=1811
#
# JRE version: Java(TM) SE Runtime Environment (8.0_71-b15) (build 1.8.0_71-b15)
# Java VM: Java HotSpot(TM) 64-Bit Server VM (25.71-b15 mixed mode bsd-amd64 compressed oops)
# Problematic frame:
# C  [libobjc.A.dylib+0x10dd]  objc_msgSend+0x1d
#
# Failed to write core dump. Core dumps have been disabled. To enable core dumping, try "ulimit -c unlimited" before starting Java again
#
# If you would like to submit a bug report, please visit:
#   http://bugreport.java.com/bugreport/crash.jsp
# The crash happened outside the Java Virtual Machine in native code.
# See problematic frame for where to report the bug.
#

---------------  T H R E A D  ---------------

Current thread (0x00007f87aa0e1000):  JavaThread "AppKit Thread" daemon [_thread_in_native, id=1811, stack(0x00007fff5c22c000,0x00007fff5ca2c000)]

siginfo: si_signo: 11 (SIGSEGV), si_code: 1 (SEGV_MAPERR), si_addr: 0x0000000000000018

Registers:
RAX=0x00007f87a8e8e9e0, RBX=0x00007fff5ca275e8, RCX=0x0000000000000000, RDX=0x00007f87a8cbe9d0
RSP=0x00007fff5ca27408, RBP=0x00007fff5ca27410, RSI=0x00007fff8ee6f41e, RDI=0x00007f87a8e8e9e0
R8 =0x00007fff5ca273f0, R9 =0x0000000000000062, R10=0x00007fff8ee6f41e, R11=0x0000000000000000
R12=0x00007f87a9300a10, R13=0x00000000000f4300, R14=0x00007f87a8dae890, R15=0x00007fff5ca27548
RIP=0x00007fff9667f0dd, EFLAGS=0x0000000000010246, ERR=0x0000000000000004
  TRAPNO=0x000000000000000e

Top of Stack: (sp=0x00007fff5ca27408)
0x00007fff5ca27408:   00007fff9594945c 00007fff5ca27770
0x00007fff5ca27418:   00007fff95839634 00007fff5ca2749c
0x00007fff5ca27428:   00007fff5ca274a0 00007fff5ca274a4
0x00007fff5ca27438:   00007fff7a75ce00 ffffffffffffffff
0x00007fff5ca27448:   0000000000000930 00007fff7a75ce18
0x00007fff5ca27458:   00007f87a8dae890 0000000000000000
0x00007fff5ca27468:   00007fff5ca27540 0000000000000000
0x00007fff5ca27478:   00007f87a8e5c8b0 00007fff5ca275c0
0x00007fff5ca27488:   0000000000000062 00000000000f4302
0x00007fff5ca27498:   00007f87a8cbe9d0 00007f87a8f5e8d0
0x00007fff5ca274a8:   00007f87a9300a10 0000000000000001
0x00007fff5ca274b8:   00000000000f4300 00007f87a9300a00
0x00007fff5ca274c8:   00007fff90356c05 0000000179c8c070
0x00007fff5ca274d8:   00007fff79de80d0 0000000042000000
0x00007fff5ca274e8:   00007fff9035de63 00007fff7a727240
0x00007fff5ca274f8:   00007fff5ca275c8 0000000000000000
0x00007fff5ca27508:   00007fff7b65c8c8 0000000000000000
0x00007fff5ca27518:   0000000000000008 0003a2039669f97a
0x00007fff5ca27528:   00007f87a9300a34 0000000000000000
0x00007fff5ca27538:   0000000000426901 00007f87a8f606b0
0x00007fff5ca27548:   00007f87a8dae890 0000000000000000
0x00007fff5ca27558:   00007fff8eea8458 00007fff5ca27600
0x00007fff5ca27568:   00007fff901f4483 00007fff5ca275e4
0x00007fff5ca27578:   0000000000426a01 00000000ffffffff
0x00007fff5ca27588:   00007fff7b65c8c8 0000000000426a00
0x00007fff5ca27598:   00007fff00000000 00007fff5ca27690
0x00007fff5ca275a8:   00007fff97774770 00007fff7b65c8e8
0x00007fff5ca275b8:   00007fff8eea8458 000000000000005e
0x00007fff5ca275c8:   0000000000000000 00000000000f42f3
0x00007fff5ca275d8:   0000000000000060 0000000000000000
0x00007fff5ca275e8:   00000000000f4300 00007fff5ca27664
0x00007fff5ca275f8:   0000000000427601 00000000ffffffff 

Instructions: (pc=0x00007fff9667f0dd)
0x00007fff9667f0bd:   00 00 00 48 85 ff 2e 74 7a 40 f6 c7 01 2e 75 7e
0x00007fff9667f0cd:   49 bb f8 ff ff ff ff 7f 00 00 4c 23 1f 49 89 f2
0x00007fff9667f0dd:   45 23 53 18 49 c1 e2 04 4d 03 53 10 49 3b 32 75
0x00007fff9667f0ed:   04 41 ff 62 08 49 83 3a 00 74 6a 4d 3b 53 10 74 

Register to memory mapping:

RAX=0x00007f87a8e8e9e0 is an unknown value
RBX=0x00007fff5ca275e8 is pointing into the stack for thread: 0x00007f87aa0e1000
RCX=0x0000000000000000 is an unknown value
RDX=0x00007f87a8cbe9d0 is an unknown value
RSP=0x00007fff5ca27408 is pointing into the stack for thread: 0x00007f87aa0e1000
RBP=0x00007fff5ca27410 is pointing into the stack for thread: 0x00007f87aa0e1000
RSI=0x00007fff8ee6f41e: -[NSTitlebarContainerView transparent]+0x5e312 in /System/Library/Frameworks/AppKit.framework/Versions/C/AppKit at 0x00007fff8e46e000
RDI=0x00007f87a8e8e9e0 is an unknown value
R8 =0x00007fff5ca273f0 is pointing into the stack for thread: 0x00007f87aa0e1000
R9 =0x0000000000000062 is an unknown value
R10=0x00007fff8ee6f41e: -[NSTitlebarContainerView transparent]+0x5e312 in /System/Library/Frameworks/AppKit.framework/Versions/C/AppKit at 0x00007fff8e46e000
R11=0x0000000000000000 is an unknown value
R12=0x00007f87a9300a10 is an unknown value
R13=0x00000000000f4300 is an unknown value
R14=0x00007f87a8dae890 is an unknown value
R15=0x00007fff5ca27548 is pointing into the stack for thread: 0x00007f87aa0e1000


Stack: [0x00007fff5c22c000,0x00007fff5ca2c000],  sp=0x00007fff5ca27408,  free space=8173k
Native frames: (J=compiled Java code, j=interpreted, Vv=VM code, C=native code)
C  [libobjc.A.dylib+0x10dd]  objc_msgSend+0x1d
C  [CoreFoundation+0x10634]  _CFXNotificationPost+0xc44
C  [Foundation+0x7aa1]  -[NSNotificationCenter postNotificationName:object:userInfo:]+0x42
C  [AppKit+0x439c2]  -[NSSurface _disposeSurface]+0x98
C  [AppKit+0x43426]  -[NSSurface setWindow:]+0x42
C  [AppKit+0x33910]  -[NSView _setWindow:]+0xa33
C  [AppKit+0x6af91]  -[NSView removeFromSuperview]+0x1c5
C  [AppKit+0x14bd99]  -[NSView removeFromSuperviewWithoutNeedingDisplay]+0x26
C  [liblwjgl.dylib+0xa205]  +[MacOSXKeyableWindow destroyWindow]+0xb5
C  [Foundation+0x92dd0]  __NSThreadPerformPerform+0x125
C  [CoreFoundation+0x80a01]  __CFRUNLOOP_IS_CALLING_OUT_TO_A_SOURCE0_PERFORM_FUNCTION__+0x11
C  [CoreFoundation+0x72b8d]  __CFRunLoopDoSources0+0x10d
C  [CoreFoundation+0x721bf]  __CFRunLoopRun+0x39f
C  [CoreFoundation+0x71bd8]  CFRunLoopRunSpecific+0x128
C  [HIToolbox+0x3256f]  RunCurrentEventLoopInMode+0xeb
C  [HIToolbox+0x321ee]  ReceiveNextEventCommon+0xb3
C  [HIToolbox+0x3212b]  _BlockUntilNextEventMatchingListInModeWithFilter+0x47
C  [AppKit+0x918ab]  _DPSNextEvent+0x3d2
C  [AppKit+0x90e58]  -[NSApplication nextEventMatchingMask:untilDate:inMode:dequeue:]+0x15a
C  [libosxapp.dylib+0x23aa]  -[NSApplicationAWT nextEventMatchingMask:untilDate:inMode:dequeue:]+0x7c
C  [AppKit+0x86af3]  -[NSApplication run]+0x252
C  [libosxapp.dylib+0x214d]  +[NSApplicationAWT runAWTLoopWithApp:]+0x9c
C  [libawt_lwawt.dylib+0x4455b]  -[AWTStarter starter:]+0x389
C  [Foundation+0x92dd0]  __NSThreadPerformPerform+0x125
C  [CoreFoundation+0x80a01]  __CFRUNLOOP_IS_CALLING_OUT_TO_A_SOURCE0_PERFORM_FUNCTION__+0x11
C  [CoreFoundation+0x72b8d]  __CFRunLoopDoSources0+0x10d
C  [CoreFoundation+0x721bf]  __CFRunLoopRun+0x39f
C  [CoreFoundation+0x71bd8]  CFRunLoopRunSpecific+0x128
C  [java+0x6463]  CreateExecutionEnvironment+0x367
C  [java+0x21ac]  JLI_Launch+0x7a0
C  [java+0x84c0]  main+0x65
C  [java+0x1a04]  start+0x34
C  0x0000000000000006


---------------  P R O C E S S  ---------------

Java Threads: ( => current thread )
  0x00007f87ac04d800 JavaThread "AWT-Shutdown" [_thread_blocked, id=14115, stack(0x000000011c51a000,0x000000011c61a000)]
  0x00007f87ad0ef800 JavaThread "Java2D Queue Flusher" daemon [_thread_blocked, id=54023, stack(0x0000000123998000,0x0000000123a98000)]
  0x00007f87ad07d800 JavaThread "Java2D Disposer" daemon [_thread_blocked, id=52743, stack(0x0000000123895000,0x0000000123995000)]
=>0x00007f87aa0e1000 JavaThread "AppKit Thread" daemon [_thread_in_native, id=1811, stack(0x00007fff5c22c000,0x00007fff5ca2c000)]
  0x00007f87aa040800 JavaThread "Service Thread" daemon [_thread_blocked, id=20739, stack(0x000000011e308000,0x000000011e408000)]
  0x00007f87aa855800 JavaThread "C1 CompilerThread3" daemon [_thread_blocked, id=20227, stack(0x000000011e205000,0x000000011e305000)]
  0x00007f87aa038000 JavaThread "C2 CompilerThread2" daemon [_thread_blocked, id=19715, stack(0x000000011e102000,0x000000011e202000)]
  0x00007f87aa032000 JavaThread "C2 CompilerThread1" daemon [_thread_blocked, id=19203, stack(0x000000011dfff000,0x000000011e0ff000)]
  0x00007f87aa030000 JavaThread "C2 CompilerThread0" daemon [_thread_blocked, id=18691, stack(0x000000011defc000,0x000000011dffc000)]
  0x00007f87aa037000 JavaThread "Signal Dispatcher" daemon [_thread_blocked, id=15379, stack(0x000000011ddf9000,0x000000011def9000)]
  0x00007f87ab025800 JavaThread "Finalizer" daemon [_thread_blocked, id=13571, stack(0x000000011c3d6000,0x000000011c4d6000)]
  0x00007f87ab024800 JavaThread "Reference Handler" daemon [_thread_blocked, id=13059, stack(0x000000011c2d3000,0x000000011c3d3000)]
  0x00007f87a980e000 JavaThread "main" [_thread_in_native, id=4867, stack(0x00000001032eb000,0x00000001033eb000)]

Other Threads:
  0x00007f87aa831000 VMThread [stack: 0x000000011c1d0000,0x000000011c2d0000] [id=12547]
  0x00007f87aa041800 WatcherThread [stack: 0x000000011e40b000,0x000000011e50b000] [id=21251]

VM state:not at safepoint (normal execution)

VM Mutex/Monitor currently owned by a thread: None

Heap:
 PSYoungGen      total 138240K, used 44806K [0x0000000795580000, 0x000000079e180000, 0x00000007c0000000)
  eden space 133120K, 29% used [0x0000000795580000,0x0000000797c49b00,0x000000079d780000)
  from space 5120K, 99% used [0x000000079dc80000,0x000000079e178010,0x000000079e180000)
  to   space 5120K, 0% used [0x000000079d780000,0x000000079d780000,0x000000079dc80000)
 ParOldGen       total 87552K, used 50190K [0x0000000740000000, 0x0000000745580000, 0x0000000795580000)
  object space 87552K, 57% used [0x0000000740000000,0x0000000743103880,0x0000000745580000)
 Metaspace       used 12832K, capacity 13005K, committed 13184K, reserved 1060864K
  class space    used 1323K, capacity 1377K, committed 1408K, reserved 1048576K

Card table byte_map: [0x0000000114795000,0x0000000114b96000] byte_map_base: 0x0000000110d95000

Marking Bits: (ParMarkBitMap*) 0x0000000104ce3ea0
 Begin Bits: [0x0000000115659000, 0x0000000117659000)
 End Bits:   [0x0000000117659000, 0x0000000119659000)

Polling page: 0x00000001033fb000

CodeCache: size=245760Kb used=7370Kb max_used=7379Kb free=238389Kb
 bounds [0x00000001053d5000, 0x0000000105b15000, 0x00000001143d5000]
 total_blobs=2374 nmethods=1810 adapters=478
 compilation: enabled

Compilation events (10 events):
Event: 31.584 Thread 0x00007f87aa855800 1827       3       java.util.concurrent.locks.AbstractQueuedSynchronizer::setState (6 bytes)
Event: 31.584 Thread 0x00007f87aa855800 nmethod 1827 0x00000001054d3f10 code [0x00000001054d4060, 0x00000001054d41b0]
Event: 32.133 Thread 0x00007f87aa038000 1828   !   4       org.lwjgl.opengl.Display::isFullscreen (34 bytes)
Event: 32.135 Thread 0x00007f87aa038000 nmethod 1828 0x0000000105b09d90 code [0x0000000105b09ee0, 0x0000000105b0a118]
Event: 34.581 Thread 0x00007f87aa032000 1829       4       java.nio.DirectIntBufferU::put (18 bytes)
Event: 34.582 Thread 0x00007f87aa032000 nmethod 1829 0x0000000105b09ad0 code [0x0000000105b09c20, 0x0000000105b09cd8]
Event: 34.590 Thread 0x00007f87aa030000 1830   !   4       org.lwjgl.opengl.Display::isActive (38 bytes)
Event: 34.590 Thread 0x00007f87aa038000 1831       4       org.newdawn.slick.Image::draw (247 bytes)
Event: 34.592 Thread 0x00007f87aa030000 nmethod 1830 0x0000000105b094d0 code [0x0000000105b09640, 0x0000000105b099a8]
Event: 34.613 Thread 0x00007f87aa038000 nmethod 1831 0x0000000105b0d590 code [0x0000000105b0da00, 0x0000000105b0f3d8]

GC Heap History (8 events):
Event: 1.278 GC heap before
{Heap before GC invocations=1 (full 0):
 PSYoungGen      total 38400K, used 33280K [0x0000000795580000, 0x0000000798000000, 0x00000007c0000000)
  eden space 33280K, 100% used [0x0000000795580000,0x0000000797600000,0x0000000797600000)
  from space 5120K, 0% used [0x0000000797b00000,0x0000000797b00000,0x0000000798000000)
  to   space 5120K, 0% used [0x0000000797600000,0x0000000797600000,0x0000000797b00000)
 ParOldGen       total 87552K, used 0K [0x0000000740000000, 0x0000000745580000, 0x0000000795580000)
  object space 87552K, 0% used [0x0000000740000000,0x0000000740000000,0x0000000745580000)
 Metaspace       used 6432K, capacity 6656K, committed 6784K, reserved 1056768K
  class space    used 700K, capacity 792K, committed 896K, reserved 1048576K
Event: 1.312 GC heap after
Heap after GC invocations=1 (full 0):
 PSYoungGen      total 38400K, used 5088K [0x0000000795580000, 0x000000079a080000, 0x00000007c0000000)
  eden space 33280K, 0% used [0x0000000795580000,0x0000000795580000,0x0000000797600000)
  from space 5120K, 99% used [0x0000000797600000,0x0000000797af8040,0x0000000797b00000)
  to   space 5120K, 0% used [0x0000000799b80000,0x0000000799b80000,0x000000079a080000)
 ParOldGen       total 87552K, used 20066K [0x0000000740000000, 0x0000000745580000, 0x0000000795580000)
  object space 87552K, 22% used [0x0000000740000000,0x0000000741398af8,0x0000000745580000)
 Metaspace       used 6432K, capacity 6656K, committed 6784K, reserved 1056768K
  class space    used 700K, capacity 792K, committed 896K, reserved 1048576K
}
Event: 2.730 GC heap before
{Heap before GC invocations=2 (full 0):
 PSYoungGen      total 38400K, used 37809K [0x0000000795580000, 0x000000079a080000, 0x00000007c0000000)
  eden space 33280K, 98% used [0x0000000795580000,0x0000000797574448,0x0000000797600000)
  from space 5120K, 99% used [0x0000000797600000,0x0000000797af8040,0x0000000797b00000)
  to   space 5120K, 0% used [0x0000000799b80000,0x0000000799b80000,0x000000079a080000)
 ParOldGen       total 87552K, used 20066K [0x0000000740000000, 0x0000000745580000, 0x0000000795580000)
  object space 87552K, 22% used [0x0000000740000000,0x0000000741398af8,0x0000000745580000)
 Metaspace       used 11447K, capacity 11617K, committed 11776K, reserved 1060864K
  class space    used 1210K, capacity 1279K, committed 1280K, reserved 1048576K
Event: 2.752 GC heap after
Heap after GC invocations=2 (full 0):
 PSYoungGen      total 71680K, used 5094K [0x0000000795580000, 0x000000079a080000, 0x00000007c0000000)
  eden space 66560K, 0% used [0x0000000795580000,0x0000000795580000,0x0000000799680000)
  from space 5120K, 99% used [0x0000000799b80000,0x000000079a079888,0x000000079a080000)
  to   space 5120K, 0% used [0x0000000799680000,0x0000000799680000,0x0000000799b80000)
 ParOldGen       total 87552K, used 39055K [0x0000000740000000, 0x0000000745580000, 0x0000000795580000)
  object space 87552K, 44% used [0x0000000740000000,0x0000000742623e38,0x0000000745580000)
 Metaspace       used 11447K, capacity 11617K, committed 11776K, reserved 1060864K
  class space    used 1210K, capacity 1279K, committed 1280K, reserved 1048576K
}
Event: 3.620 GC heap before
{Heap before GC invocations=3 (full 0):
 PSYoungGen      total 71680K, used 59663K [0x0000000795580000, 0x000000079a080000, 0x00000007c0000000)
  eden space 66560K, 81% used [0x0000000795580000,0x0000000798aca530,0x0000000799680000)
  from space 5120K, 99% used [0x0000000799b80000,0x000000079a079888,0x000000079a080000)
  to   space 5120K, 0% used [0x0000000799680000,0x0000000799680000,0x0000000799b80000)
 ParOldGen       total 87552K, used 39055K [0x0000000740000000, 0x0000000745580000, 0x0000000795580000)
  object space 87552K, 44% used [0x0000000740000000,0x0000000742623e38,0x0000000745580000)
 Metaspace       used 12077K, capacity 12269K, committed 12416K, reserved 1060864K
  class space    used 1270K, capacity 1345K, committed 1408K, reserved 1048576K
Event: 3.635 GC heap after
Heap after GC invocations=3 (full 0):
 PSYoungGen      total 71680K, used 5120K [0x0000000795580000, 0x000000079e180000, 0x00000007c0000000)
  eden space 66560K, 0% used [0x0000000795580000,0x0000000795580000,0x0000000799680000)
  from space 5120K, 100% used [0x0000000799680000,0x0000000799b80000,0x0000000799b80000)
  to   space 5120K, 0% used [0x000000079dc80000,0x000000079dc80000,0x000000079e180000)
 ParOldGen       total 87552K, used 47794K [0x0000000740000000, 0x0000000745580000, 0x0000000795580000)
  object space 87552K, 54% used [0x0000000740000000,0x0000000742eac9f0,0x0000000745580000)
 Metaspace       used 12077K, capacity 12269K, committed 12416K, reserved 1060864K
  class space    used 1270K, capacity 1345K, committed 1408K, reserved 1048576K
}
Event: 14.767 GC heap before
{Heap before GC invocations=4 (full 0):
 PSYoungGen      total 71680K, used 71680K [0x0000000795580000, 0x000000079e180000, 0x00000007c0000000)
  eden space 66560K, 100% used [0x0000000795580000,0x0000000799680000,0x0000000799680000)
  from space 5120K, 100% used [0x0000000799680000,0x0000000799b80000,0x0000000799b80000)
  to   space 5120K, 0% used [0x000000079dc80000,0x000000079dc80000,0x000000079e180000)
 ParOldGen       total 87552K, used 47794K [0x0000000740000000, 0x0000000745580000, 0x0000000795580000)
  object space 87552K, 54% used [0x0000000740000000,0x0000000742eac9f0,0x0000000745580000)
 Metaspace       used 12526K, capacity 12717K, committed 12928K, reserved 1060864K
  class space    used 1292K, capacity 1345K, committed 1408K, reserved 1048576K
Event: 14.780 GC heap after
Heap after GC invocations=4 (full 0):
 PSYoungGen      total 138240K, used 5088K [0x0000000795580000, 0x000000079e180000, 0x00000007c0000000)
  eden space 133120K, 0% used [0x0000000795580000,0x0000000795580000,0x000000079d780000)
  from space 5120K, 99% used [0x000000079dc80000,0x000000079e178010,0x000000079e180000)
  to   space 5120K, 0% used [0x000000079d780000,0x000000079d780000,0x000000079dc80000)
 ParOldGen       total 87552K, used 50190K [0x0000000740000000, 0x0000000745580000, 0x0000000795580000)
  object space 87552K, 57% used [0x0000000740000000,0x0000000743103880,0x0000000745580000)
 Metaspace       used 12526K, capacity 12717K, committed 12928K, reserved 1060864K
  class space    used 1292K, capacity 1345K, committed 1408K, reserved 1048576K
}

Deoptimization events (10 events):
Event: 3.939 Thread 0x00007f87a980e000 Uncommon trap: reason=unstable_if action=reinterpret pc=0x0000000105950ef0 method=org.newdawn.slick.openal.OggInputStream.readPCM()V @ 481
Event: 3.978 Thread 0x00007f87a980e000 Uncommon trap: reason=unstable_if action=reinterpret pc=0x00000001058a6fc4 method=com.jcraft.jorbis.Floor1.inverse1(Lcom/jcraft/jorbis/Block;Ljava/lang/Object;Ljava/lang/Object;)Ljava/lang/Object; @ 31
Event: 3.978 Thread 0x00007f87a980e000 Uncommon trap: reason=unstable_if action=reinterpret pc=0x0000000105896808 method=com.jcraft.jorbis.Mapping0.inverse(Lcom/jcraft/jorbis/Block;Ljava/lang/Object;)I @ 207
Event: 3.978 Thread 0x00007f87a980e000 Uncommon trap: reason=unstable_if action=reinterpret pc=0x0000000105919494 method=com.jcraft.jorbis.Residue2.inverse(Lcom/jcraft/jorbis/Block;Ljava/lang/Object;[[F[II)I @ 14
Event: 3.978 Thread 0x00007f87a980e000 Uncommon trap: reason=unstable_if action=reinterpret pc=0x0000000105883c90 method=com.jcraft.jorbis.Floor1.inverse2(Lcom/jcraft/jorbis/Block;Ljava/lang/Object;Ljava/lang/Object;[F)I @ 33
Event: 3.978 Thread 0x00007f87a980e000 Uncommon trap: reason=unreached action=reinterpret pc=0x0000000105874a7c method=com.jcraft.jorbis.Mapping0.inverse(Lcom/jcraft/jorbis/Block;Ljava/lang/Object;)I @ 849
Event: 14.709 Thread 0x00007f87a980e000 Uncommon trap: reason=unstable_if action=reinterpret pc=0x00000001059e4fb4 method=org.newdawn.slick.Image.init()V @ 4
Event: 14.716 Thread 0x00007f87a980e000 Uncommon trap: reason=unstable_if action=reinterpret pc=0x00000001055c1858 method=java.lang.String.<init>([CII)V @ 18
Event: 14.873 Thread 0x00007f87a980e000 Uncommon trap: reason=class_check action=maybe_recompile pc=0x00000001055f6674 method=java.util.concurrent.ConcurrentHashMap.get(Ljava/lang/Object;)Ljava/lang/Object; @ 149
Event: 14.874 Thread 0x00007f87a980e000 Uncommon trap: reason=unstable_if action=reinterpret pc=0x00000001057da580 method=java.lang.String.<init>([CII)V @ 18

Internal exceptions (10 events):
Event: 0.194 Thread 0x00007f87a980e000 Exception <a 'java/lang/NoSuchFieldError': method resolution failed> (0x000000079592f790) thrown at [/Users/java_re/workspace/8-2-build-macosx-x86_64/jdk8u71/5731/hotspot/src/share/vm/prims/methodHandles.cpp, line 1146]
Event: 0.703 Thread 0x00007f87a980e000 Exception <a 'java/io/FileNotFoundException'> (0x00000007959ab2e0) thrown at [/Users/java_re/workspace/8-2-build-macosx-x86_64/jdk8u71/5731/hotspot/src/share/vm/prims/jni.cpp, line 709]
Event: 0.703 Thread 0x00007f87a980e000 Exception <a 'java/io/FileNotFoundException'> (0x00000007959abe28) thrown at [/Users/java_re/workspace/8-2-build-macosx-x86_64/jdk8u71/5731/hotspot/src/share/vm/prims/jni.cpp, line 709]
Event: 2.267 Thread 0x00007f87a980e000 Exception <a 'java/security/PrivilegedActionException'> (0x0000000796bbf0d8) thrown at [/Users/java_re/workspace/8-2-build-macosx-x86_64/jdk8u71/5731/hotspot/src/share/vm/prims/jvm.cpp, line 1386]
Event: 2.267 Thread 0x00007f87a980e000 Exception <a 'java/security/PrivilegedActionException'> (0x0000000796bc0cc0) thrown at [/Users/java_re/workspace/8-2-build-macosx-x86_64/jdk8u71/5731/hotspot/src/share/vm/prims/jvm.cpp, line 1386]
Event: 2.267 Thread 0x00007f87a980e000 Exception <a 'java/security/PrivilegedActionException'> (0x0000000796bc1de0) thrown at [/Users/java_re/workspace/8-2-build-macosx-x86_64/jdk8u71/5731/hotspot/src/share/vm/prims/jvm.cpp, line 1386]
Event: 2.267 Thread 0x00007f87a980e000 Exception <a 'java/security/PrivilegedActionException'> (0x0000000796bc6f00) thrown at [/Users/java_re/workspace/8-2-build-macosx-x86_64/jdk8u71/5731/hotspot/src/share/vm/prims/jvm.cpp, line 1386]
Event: 2.267 Thread 0x00007f87a980e000 Exception <a 'java/security/PrivilegedActionException'> (0x0000000796bc7b58) thrown at [/Users/java_re/workspace/8-2-build-macosx-x86_64/jdk8u71/5731/hotspot/src/share/vm/prims/jvm.cpp, line 1386]
Event: 2.267 Thread 0x00007f87a980e000 Exception <a 'java/security/PrivilegedActionException'> (0x0000000796bc8780) thrown at [/Users/java_re/workspace/8-2-build-macosx-x86_64/jdk8u71/5731/hotspot/src/share/vm/prims/jvm.cpp, line 1386]
Event: 3.978 Thread 0x00007f87a980e000 Implicit null exception at 0x00000001058834bf to 0x0000000105883c71

Events (10 events):
Event: 31.315 Executing VM operation: RevokeBias
Event: 31.316 Executing VM operation: RevokeBias done
Event: 31.316 Thread 0x00007f87a98b5000 Thread exited: 0x00007f87a98b5000
Event: 31.739 Thread 0x00007f87aa942000 Thread added: 0x00007f87aa942000
Event: 32.744 Executing VM operation: RevokeBias
Event: 32.744 Executing VM operation: RevokeBias done
Event: 32.744 Thread 0x00007f87aa942000 Thread exited: 0x00007f87aa942000
Event: 34.931 Thread 0x00007f87ac04d800 Thread added: 0x00007f87ac04d800
Event: 35.025 loading class org/lwjgl/opengl/CallbackUtil
Event: 35.025 loading class org/lwjgl/opengl/CallbackUtil done


Dynamic libraries:
0x0000000009739000 	/System/Library/Frameworks/Cocoa.framework/Versions/A/Cocoa
0x0000000009739000 	/System/Library/Frameworks/Security.framework/Versions/A/Security
0x0000000009739000 	/System/Library/Frameworks/ApplicationServices.framework/Versions/A/ApplicationServices
0x0000000009739000 	/usr/lib/libz.1.dylib
0x0000000009739000 	/usr/lib/libSystem.B.dylib
0x0000000009739000 	/usr/lib/libobjc.A.dylib
0x0000000009739000 	/System/Library/Frameworks/CoreFoundation.framework/Versions/A/CoreFoundation
0x0000000009739000 	/System/Library/Frameworks/Foundation.framework/Versions/C/Foundation
0x0000000009739000 	/System/Library/Frameworks/AppKit.framework/Versions/C/AppKit
0x0000000009739000 	/System/Library/Frameworks/CoreData.framework/Versions/A/CoreData
0x0000000009739000 	/System/Library/PrivateFrameworks/RemoteViewServices.framework/Versions/A/RemoteViewServices
0x0000000009739000 	/System/Library/PrivateFrameworks/UIFoundation.framework/Versions/A/UIFoundation
0x0000000009739000 	/System/Library/Frameworks/IOSurface.framework/Versions/A/IOSurface
0x0000000009739000 	/System/Library/Frameworks/AudioToolbox.framework/Versions/A/AudioToolbox
0x0000000009739000 	/System/Library/Frameworks/AudioUnit.framework/Versions/A/AudioUnit
0x0000000009739000 	/System/Library/PrivateFrameworks/DataDetectorsCore.framework/Versions/A/DataDetectorsCore
0x0000000009739000 	/System/Library/PrivateFrameworks/DesktopServicesPriv.framework/Versions/A/DesktopServicesPriv
0x0000000009739000 	/System/Library/Frameworks/Carbon.framework/Versions/A/Frameworks/HIToolbox.framework/Versions/A/HIToolbox
0x0000000009739000 	/System/Library/Frameworks/QuartzCore.framework/Versions/A/QuartzCore
0x0000000009739000 	/System/Library/Frameworks/Carbon.framework/Versions/A/Frameworks/SpeechRecognition.framework/Versions/A/SpeechRecognition
0x0000000009739000 	/usr/lib/libauto.dylib
0x0000000009739000 	/usr/lib/libicucore.A.dylib
0x0000000009739000 	/usr/lib/libxml2.2.dylib
0x0000000009739000 	/System/Library/PrivateFrameworks/CoreUI.framework/Versions/A/CoreUI
0x0000000009739000 	/System/Library/Frameworks/CoreAudio.framework/Versions/A/CoreAudio
0x0000000009739000 	/System/Library/Frameworks/DiskArbitration.framework/Versions/A/DiskArbitration
0x0000000009739000 	/usr/lib/liblangid.dylib
0x0000000009739000 	/System/Library/PrivateFrameworks/MultitouchSupport.framework/Versions/A/MultitouchSupport
0x0000000009739000 	/System/Library/Frameworks/IOKit.framework/Versions/A/IOKit
0x0000000009739000 	/usr/lib/libDiagnosticMessagesClient.dylib
0x0000000009739000 	/System/Library/Frameworks/CoreServices.framework/Versions/A/CoreServices
0x0000000009739000 	/System/Library/PrivateFrameworks/PerformanceAnalysis.framework/Versions/A/PerformanceAnalysis
0x0000000009739000 	/System/Library/PrivateFrameworks/GenerationalStorage.framework/Versions/A/GenerationalStorage
0x0000000009739000 	/System/Library/Frameworks/OpenGL.framework/Versions/A/OpenGL
0x0000000009739000 	/System/Library/PrivateFrameworks/Sharing.framework/Versions/A/Sharing
0x0000000009739000 	/System/Library/Frameworks/CoreGraphics.framework/Versions/A/CoreGraphics
0x0000000009739000 	/System/Library/Frameworks/CoreText.framework/Versions/A/CoreText
0x0000000009739000 	/System/Library/Frameworks/ImageIO.framework/Versions/A/ImageIO
0x0000000009739000 	/usr/lib/libextension.dylib
0x0000000009739000 	/System/Library/PrivateFrameworks/Backup.framework/Versions/A/Backup
0x0000000009739000 	/usr/lib/libarchive.2.dylib
0x0000000009739000 	/System/Library/Frameworks/CFNetwork.framework/Versions/A/CFNetwork
0x0000000009739000 	/System/Library/Frameworks/SystemConfiguration.framework/Versions/A/SystemConfiguration
0x0000000009739000 	/usr/lib/libCRFSuite.dylib
0x0000000009739000 	/usr/lib/libc++.1.dylib
0x0000000009739000 	/usr/lib/libc++abi.dylib
0x0000000009739000 	/usr/lib/system/libcache.dylib
0x0000000009739000 	/usr/lib/system/libcommonCrypto.dylib
0x0000000009739000 	/usr/lib/system/libcompiler_rt.dylib
0x0000000009739000 	/usr/lib/system/libcopyfile.dylib
0x0000000009739000 	/usr/lib/system/libcorecrypto.dylib
0x0000000009739000 	/usr/lib/system/libdispatch.dylib
0x0000000009739000 	/usr/lib/system/libdyld.dylib
0x0000000009739000 	/usr/lib/system/libkeymgr.dylib
0x0000000009739000 	/usr/lib/system/liblaunch.dylib
0x0000000009739000 	/usr/lib/system/libmacho.dylib
0x0000000009739000 	/usr/lib/system/libquarantine.dylib
0x0000000009739000 	/usr/lib/system/libremovefile.dylib
0x0000000009739000 	/usr/lib/system/libsystem_asl.dylib
0x0000000009739000 	/usr/lib/system/libsystem_blocks.dylib
0x0000000009739000 	/usr/lib/system/libsystem_c.dylib
0x0000000009739000 	/usr/lib/system/libsystem_configuration.dylib
0x0000000009739000 	/usr/lib/system/libsystem_coreservices.dylib
0x0000000009739000 	/usr/lib/system/libsystem_coretls.dylib
0x0000000009739000 	/usr/lib/system/libsystem_dnssd.dylib
0x0000000009739000 	/usr/lib/system/libsystem_info.dylib
0x0000000009739000 	/usr/lib/system/libsystem_kernel.dylib
0x0000000009739000 	/usr/lib/system/libsystem_m.dylib
0x0000000009739000 	/usr/lib/system/libsystem_malloc.dylib
0x0000000009739000 	/usr/lib/system/libsystem_network.dylib
0x0000000009739000 	/usr/lib/system/libsystem_networkextension.dylib
0x0000000009739000 	/usr/lib/system/libsystem_notify.dylib
0x0000000009739000 	/usr/lib/system/libsystem_platform.dylib
0x0000000009739000 	/usr/lib/system/libsystem_pthread.dylib
0x0000000009739000 	/usr/lib/system/libsystem_sandbox.dylib
0x0000000009739000 	/usr/lib/system/libsystem_secinit.dylib
0x0000000009739000 	/usr/lib/system/libsystem_stats.dylib
0x0000000009739000 	/usr/lib/system/libsystem_trace.dylib
0x0000000009739000 	/usr/lib/system/libunc.dylib
0x0000000009739000 	/usr/lib/system/libunwind.dylib
0x0000000009739000 	/usr/lib/system/libxpc.dylib
0x0000000009739000 	/usr/lib/libbz2.1.0.dylib
0x0000000009739000 	/usr/lib/liblzma.5.dylib
0x0000000009739000 	/usr/lib/libbsm.0.dylib
0x0000000009739000 	/usr/lib/libsqlite3.dylib
0x0000000009739000 	/usr/lib/system/libkxld.dylib
0x0000000009739000 	/usr/lib/libxar.1.dylib
0x0000000009739000 	/usr/lib/libpam.2.dylib
0x0000000009739000 	/usr/lib/libOpenScriptingUtil.dylib
0x0000000009739000 	/System/Library/Frameworks/CoreServices.framework/Versions/A/Frameworks/FSEvents.framework/Versions/A/FSEvents
0x0000000009739000 	/System/Library/Frameworks/CoreServices.framework/Versions/A/Frameworks/CarbonCore.framework/Versions/A/CarbonCore
0x0000000009739000 	/System/Library/Frameworks/CoreServices.framework/Versions/A/Frameworks/Metadata.framework/Versions/A/Metadata
0x0000000009739000 	/System/Library/Frameworks/CoreServices.framework/Versions/A/Frameworks/OSServices.framework/Versions/A/OSServices
0x0000000009739000 	/System/Library/Frameworks/CoreServices.framework/Versions/A/Frameworks/SearchKit.framework/Versions/A/SearchKit
0x0000000009739000 	/System/Library/Frameworks/CoreServices.framework/Versions/A/Frameworks/AE.framework/Versions/A/AE
0x0000000009739000 	/System/Library/Frameworks/CoreServices.framework/Versions/A/Frameworks/LaunchServices.framework/Versions/A/LaunchServices
0x0000000009739000 	/System/Library/Frameworks/CoreServices.framework/Versions/A/Frameworks/DictionaryServices.framework/Versions/A/DictionaryServices
0x0000000009739000 	/System/Library/Frameworks/NetFS.framework/Versions/A/NetFS
0x0000000009739000 	/System/Library/PrivateFrameworks/NetAuth.framework/Versions/A/NetAuth
0x0000000009739000 	/System/Library/PrivateFrameworks/login.framework/Versions/A/Frameworks/loginsupport.framework/Versions/A/loginsupport
0x0000000009739000 	/System/Library/PrivateFrameworks/TCC.framework/Versions/A/TCC
0x0000000009739000 	/usr/lib/libmecabra.dylib
0x0000000009739000 	/System/Library/Frameworks/ApplicationServices.framework/Versions/A/Frameworks/ATS.framework/Versions/A/ATS
0x0000000009739000 	/System/Library/Frameworks/ApplicationServices.framework/Versions/A/Frameworks/ColorSync.framework/Versions/A/ColorSync
0x0000000009739000 	/System/Library/Frameworks/ApplicationServices.framework/Versions/A/Frameworks/HIServices.framework/Versions/A/HIServices
0x0000000009739000 	/System/Library/Frameworks/ApplicationServices.framework/Versions/A/Frameworks/LangAnalysis.framework/Versions/A/LangAnalysis
0x0000000009739000 	/System/Library/Frameworks/ApplicationServices.framework/Versions/A/Frameworks/PrintCore.framework/Versions/A/PrintCore
0x0000000009739000 	/System/Library/Frameworks/ApplicationServices.framework/Versions/A/Frameworks/QD.framework/Versions/A/QD
0x0000000009739000 	/System/Library/Frameworks/ApplicationServices.framework/Versions/A/Frameworks/SpeechSynthesis.framework/Versions/A/SpeechSynthesis
0x0000000009739000 	/System/Library/Frameworks/Accelerate.framework/Versions/A/Accelerate
0x0000000009739000 	/System/Library/Frameworks/Accelerate.framework/Versions/A/Frameworks/vImage.framework/Versions/A/vImage
0x0000000009739000 	/System/Library/Frameworks/Accelerate.framework/Versions/A/Frameworks/vecLib.framework/Versions/A/vecLib
0x0000000009739000 	/System/Library/Frameworks/Accelerate.framework/Versions/A/Frameworks/vecLib.framework/Versions/A/libvDSP.dylib
0x0000000009739000 	/System/Library/Frameworks/Accelerate.framework/Versions/A/Frameworks/vecLib.framework/Versions/A/libvMisc.dylib
0x0000000009739000 	/System/Library/Frameworks/Accelerate.framework/Versions/A/Frameworks/vecLib.framework/Versions/A/libLAPACK.dylib
0x0000000009739000 	/System/Library/Frameworks/Accelerate.framework/Versions/A/Frameworks/vecLib.framework/Versions/A/libBLAS.dylib
0x0000000009739000 	/System/Library/Frameworks/Accelerate.framework/Versions/A/Frameworks/vecLib.framework/Versions/A/libLinearAlgebra.dylib
0x0000000009739000 	/System/Library/Frameworks/ApplicationServices.framework/Versions/A/Frameworks/ATS.framework/Versions/A/Resources/libFontParser.dylib
0x0000000009739000 	/System/Library/Frameworks/ApplicationServices.framework/Versions/A/Frameworks/ATS.framework/Versions/A/Resources/libFontRegistry.dylib
0x0000000009739000 	/System/Library/PrivateFrameworks/AppleVPA.framework/Versions/A/AppleVPA
0x0000000009739000 	/System/Library/PrivateFrameworks/AppleJPEG.framework/Versions/A/AppleJPEG
0x0000000009739000 	/System/Library/Frameworks/ImageIO.framework/Versions/A/Resources/libJPEG.dylib
0x0000000009739000 	/System/Library/Frameworks/ImageIO.framework/Versions/A/Resources/libTIFF.dylib
0x0000000009739000 	/System/Library/Frameworks/ImageIO.framework/Versions/A/Resources/libPng.dylib
0x0000000009739000 	/System/Library/Frameworks/ImageIO.framework/Versions/A/Resources/libGIF.dylib
0x0000000009739000 	/System/Library/Frameworks/ImageIO.framework/Versions/A/Resources/libJP2.dylib
0x0000000009739000 	/System/Library/Frameworks/ImageIO.framework/Versions/A/Resources/libRadiance.dylib
0x0000000009739000 	/System/Library/Frameworks/CoreVideo.framework/Versions/A/CoreVideo
0x0000000009739000 	/System/Library/Frameworks/OpenGL.framework/Versions/A/Libraries/libGLU.dylib
0x0000000009739000 	/System/Library/Frameworks/OpenGL.framework/Versions/A/Libraries/libGFXShared.dylib
0x0000000009739000 	/System/Library/Frameworks/OpenGL.framework/Versions/A/Libraries/libGL.dylib
0x0000000009739000 	/System/Library/Frameworks/OpenGL.framework/Versions/A/Libraries/libGLImage.dylib
0x0000000009739000 	/System/Library/Frameworks/OpenGL.framework/Versions/A/Libraries/libCVMSPluginSupport.dylib
0x0000000009739000 	/System/Library/Frameworks/OpenGL.framework/Versions/A/Libraries/libCoreVMClient.dylib
0x0000000009739000 	/usr/lib/libcups.2.dylib
0x0000000009739000 	/System/Library/Frameworks/Kerberos.framework/Versions/A/Kerberos
0x0000000009739000 	/System/Library/Frameworks/GSS.framework/Versions/A/GSS
0x0000000009739000 	/usr/lib/libresolv.9.dylib
0x0000000009739000 	/usr/lib/libiconv.2.dylib
0x0000000009739000 	/System/Library/PrivateFrameworks/Heimdal.framework/Versions/A/Heimdal
0x0000000009739000 	/usr/lib/libheimdal-asn1.dylib
0x0000000009739000 	/System/Library/Frameworks/OpenDirectory.framework/Versions/A/OpenDirectory
0x0000000009739000 	/System/Library/PrivateFrameworks/CommonAuth.framework/Versions/A/CommonAuth
0x0000000009739000 	/System/Library/Frameworks/OpenDirectory.framework/Versions/A/Frameworks/CFOpenDirectory.framework/Versions/A/CFOpenDirectory
0x0000000009739000 	/System/Library/Frameworks/SecurityFoundation.framework/Versions/A/SecurityFoundation
0x0000000009739000 	/System/Library/PrivateFrameworks/LanguageModeling.framework/Versions/A/LanguageModeling
0x0000000009739000 	/usr/lib/libcmph.dylib
0x0000000009739000 	/System/Library/Frameworks/ServiceManagement.framework/Versions/A/ServiceManagement
0x0000000009739000 	/usr/lib/libxslt.1.dylib
0x0000000009739000 	/System/Library/Frameworks/Carbon.framework/Versions/A/Frameworks/Ink.framework/Versions/A/Ink
0x0000000009739000 	/System/Library/Frameworks/QuartzCore.framework/Versions/A/Frameworks/CoreImage.framework/Versions/A/CoreImage
0x0000000009739000 	/System/Library/PrivateFrameworks/CrashReporterSupport.framework/Versions/A/CrashReporterSupport
0x0000000009739000 	/System/Library/Frameworks/OpenCL.framework/Versions/A/OpenCL
0x0000000009739000 	/System/Library/PrivateFrameworks/FaceCore.framework/Versions/A/FaceCore
0x0000000009739000 	/System/Library/PrivateFrameworks/Ubiquity.framework/Versions/A/Ubiquity
0x0000000009739000 	/System/Library/PrivateFrameworks/IconServices.framework/Versions/A/IconServices
0x0000000009739000 	/System/Library/PrivateFrameworks/ChunkingLibrary.framework/Versions/A/ChunkingLibrary
0x0000000009739000 	/System/Library/PrivateFrameworks/Apple80211.framework/Versions/A/Apple80211
0x0000000009739000 	/System/Library/Frameworks/CoreWLAN.framework/Versions/A/CoreWLAN
0x0000000009739000 	/System/Library/Frameworks/IOBluetooth.framework/Versions/A/IOBluetooth
0x0000000009739000 	/System/Library/PrivateFrameworks/CoreWiFi.framework/Versions/A/CoreWiFi
0x0000000009739000 	/System/Library/Frameworks/CoreBluetooth.framework/Versions/A/CoreBluetooth
0x0000000009739000 	/System/Library/PrivateFrameworks/DebugSymbols.framework/Versions/A/DebugSymbols
0x0000000009739000 	/System/Library/PrivateFrameworks/CoreSymbolication.framework/Versions/A/CoreSymbolication
0x0000000009739000 	/System/Library/PrivateFrameworks/Symbolication.framework/Versions/A/Symbolication
0x0000000009739000 	/System/Library/PrivateFrameworks/SpeechRecognitionCore.framework/Versions/A/SpeechRecognitionCore
0x0000000104400000 	/Library/Java/JavaVirtualMachines/jdk1.8.0_71.jdk/Contents/Home/jre/lib/server/libjvm.dylib
0x0000000009739000 	/usr/lib/libstdc++.6.dylib
0x00000001033ed000 	/Library/Java/JavaVirtualMachines/jdk1.8.0_71.jdk/Contents/Home/jre/lib/libverify.dylib
0x000000010538f000 	/Library/Java/JavaVirtualMachines/jdk1.8.0_71.jdk/Contents/Home/jre/lib/libjava.dylib
0x00000001053cc000 	/Library/Java/JavaVirtualMachines/jdk1.8.0_71.jdk/Contents/Home/jre/lib/libzip.dylib
0x000000011c4d8000 	/System/Library/Frameworks/JavaVM.framework/Frameworks/JavaRuntimeSupport.framework/JavaRuntimeSupport
0x000000011c4ee000 	/System/Library/Frameworks/JavaVM.framework/Versions/A/Frameworks/JavaNativeFoundation.framework/Versions/A/JavaNativeFoundation
0x000000011c502000 	/System/Library/Frameworks/JavaVM.framework/Versions/A/JavaVM
0x0000000009739000 	/System/Library/Frameworks/Carbon.framework/Versions/A/Carbon
0x000000011c50e000 	/System/Library/PrivateFrameworks/JavaLaunching.framework/Versions/A/JavaLaunching
0x0000000009739000 	/System/Library/Frameworks/Carbon.framework/Versions/A/Frameworks/CommonPanels.framework/Versions/A/CommonPanels
0x0000000009739000 	/System/Library/Frameworks/Carbon.framework/Versions/A/Frameworks/Help.framework/Versions/A/Help
0x0000000009739000 	/System/Library/Frameworks/Carbon.framework/Versions/A/Frameworks/ImageCapture.framework/Versions/A/ImageCapture
0x0000000009739000 	/System/Library/Frameworks/Carbon.framework/Versions/A/Frameworks/OpenScripting.framework/Versions/A/OpenScripting
0x0000000009739000 	/System/Library/Frameworks/Carbon.framework/Versions/A/Frameworks/Print.framework/Versions/A/Print
0x0000000009739000 	/System/Library/Frameworks/Carbon.framework/Versions/A/Frameworks/SecurityHI.framework/Versions/A/SecurityHI
0x000000011e545000 	/Library/Java/JavaVirtualMachines/jdk1.8.0_71.jdk/Contents/Home/jre/lib/libawt.dylib
0x000000011e5ed000 	/Library/Java/JavaVirtualMachines/jdk1.8.0_71.jdk/Contents/Home/jre/lib/./libmlib_image.dylib
0x000000011e6b9000 	/Library/Java/JavaVirtualMachines/jdk1.8.0_71.jdk/Contents/Home/jre/lib/libawt_lwawt.dylib
0x000000011e76e000 	/Library/Java/JavaVirtualMachines/jdk1.8.0_71.jdk/Contents/Home/jre/lib/./libosxapp.dylib
0x0000000009739000 	/System/Library/Frameworks/ExceptionHandling.framework/Versions/A/ExceptionHandling
0x0000000009739000 	/System/Library/PrivateFrameworks/CoreServicesInternal.framework/Versions/A/CoreServicesInternal
0x0000000009739000 	/System/Library/PrivateFrameworks/CloudDocs.framework/Versions/A/CloudDocs
0x0000000009739000 	/System/Library/PrivateFrameworks/CoreDuet.framework/Versions/A/CoreDuet
0x0000000009739000 	/System/Library/Frameworks/CloudKit.framework/Versions/A/CloudKit
0x0000000009739000 	/System/Library/PrivateFrameworks/ProtocolBuffer.framework/Versions/A/ProtocolBuffer
0x0000000009739000 	/System/Library/PrivateFrameworks/CoreDuetDaemonProtocol.framework/Versions/A/CoreDuetDaemonProtocol
0x0000000009739000 	/System/Library/PrivateFrameworks/CoreDuetDebugLogging.framework/Versions/A/CoreDuetDebugLogging
0x0000000009739000 	/System/Library/PrivateFrameworks/MMCS.framework/Versions/A/MMCS
0x0000000009739000 	/System/Library/Frameworks/CoreLocation.framework/Versions/A/CoreLocation
0x0000000009739000 	/System/Library/PrivateFrameworks/ProtectedCloudStorage.framework/Versions/A/ProtectedCloudStorage
0x0000000009739000 	/System/Library/PrivateFrameworks/GeoServices.framework/Versions/A/GeoServices
0x0000000009739000 	/System/Library/Frameworks/CoreGraphics.framework/Versions/A/Resources/libCGCMS.A.dylib
0x0000000009739000 	/System/Library/Frameworks/CoreGraphics.framework/Versions/A/Resources/libRIP.A.dylib
0x0000000009739000 	/System/Library/Frameworks/CoreGraphics.framework/Versions/A/Resources/libCGXType.A.dylib
0x0000000009739000 	/System/Library/Frameworks/OpenCL.framework/Versions/A/Libraries/libcldcpuengine.dylib
0x0000000009739000 	/System/Library/PrivateFrameworks/DiskImages.framework/Versions/A/DiskImages
0x0000000009739000 	/System/Library/Frameworks/DiscRecording.framework/Versions/A/DiscRecording
0x0000000009739000 	/usr/lib/libcsfde.dylib
0x0000000009739000 	/usr/lib/libcurl.4.dylib
0x0000000009739000 	/System/Library/PrivateFrameworks/MediaKit.framework/Versions/A/MediaKit
0x0000000009739000 	/usr/lib/libCoreStorage.dylib
0x0000000009739000 	/System/Library/PrivateFrameworks/EFILogin.framework/Versions/A/EFILogin
0x0000000009739000 	/usr/lib/libutil.dylib
0x0000000009739000 	/System/Library/PrivateFrameworks/FindMyDevice.framework/Versions/A/FindMyDevice
0x0000000009739000 	/System/Library/Frameworks/LDAP.framework/Versions/A/LDAP
0x0000000009739000 	/usr/lib/libsasl2.2.dylib
0x0000000009739000 	/System/Library/PrivateFrameworks/CoreDaemon.framework/Versions/B/CoreDaemon
0x0000000009739000 	/usr/lib/libcrypto.0.9.8.dylib
0x0000000009739000 	/System/Library/PrivateFrameworks/AppleSRP.framework/Versions/A/AppleSRP
0x0000000009739000 	/System/Library/PrivateFrameworks/TrustEvaluationAgent.framework/Versions/A/TrustEvaluationAgent
0x0000000121aac000 	cl_kernels
0x0000000121aae000 	/System/Library/Frameworks/OpenCL.framework/Versions/A/Libraries/ImageFormats/unorm8_bgra.dylib
0x0000000121a9e000 	cl_kernels
0x0000000009739000 	/System/Library/PrivateFrameworks/FamilyControls.framework/Versions/A/FamilyControls
0x0000000009739000 	/System/Library/PrivateFrameworks/CommerceKit.framework/Versions/A/Frameworks/CommerceCore.framework/Versions/A/CommerceCore
0x0000000009739000 	/System/Library/PrivateFrameworks/SystemAdministration.framework/Versions/A/SystemAdministration
0x0000000009739000 	/System/Library/PrivateFrameworks/AppContainer.framework/Versions/A/AppContainer
0x0000000009739000 	/System/Library/PrivateFrameworks/SecCodeWrapper.framework/Versions/A/SecCodeWrapper
0x0000000009739000 	/System/Library/Frameworks/DirectoryService.framework/Versions/A/DirectoryService
0x0000000009739000 	/System/Library/PrivateFrameworks/LoginUIKit.framework/Versions/A/Frameworks/LoginUICore.framework/Versions/A/LoginUICore
0x0000000009739000 	/usr/lib/libodfde.dylib
0x0000000122ed6000 	/Library/Java/JavaVirtualMachines/jdk1.8.0_71.jdk/Contents/Home/jre/lib/libfontmanager.dylib
0x0000000122f3d000 	/Users/Murph/csci205FinalProject/externals/Slick/native/liblwjgl.dylib
0x0000000120f09000 	/Library/Java/JavaVirtualMachines/jdk1.8.0_71.jdk/Contents/Home/jre/lib/libjawt.dylib
0x0000000121dc6000 	/Library/Java/JavaVirtualMachines/jdk1.8.0_71.jdk/Contents/Home/jre/lib/libnio.dylib
0x00000001231f6000 	/Library/Java/JavaVirtualMachines/jdk1.8.0_71.jdk/Contents/Home/jre/lib/./libnet.dylib
0x0000000009739000 	/System/Library/Frameworks/OpenGL.framework/Versions/A/Resources/GLEngine.bundle/GLEngine
0x0000000009739000 	/System/Library/Frameworks/OpenGL.framework/Versions/A/Libraries/libGLProgrammability.dylib
0x0000000123a9a000 	/System/Library/Extensions/AppleIntelHD4000GraphicsGLDriver.bundle/Contents/MacOS/AppleIntelHD4000GraphicsGLDriver
0x0000000009739000 	/System/Library/PrivateFrameworks/IOAccelerator.framework/Versions/A/IOAccelerator
0x0000000009739000 	/System/Library/PrivateFrameworks/GPUSupport.framework/Versions/A/Libraries/libGPUSupportMercury.dylib
0x0000000000000000 	/System/Library/Extensions/GeForceGLDriver.bundle/Contents/MacOS/GeForceGLDriver
0x0000000009739000 	/System/Library/Extensions/GeForceGLDriver.bundle/Contents/MacOS/libclh.dylib
0x0000000009739000 	/System/Library/Frameworks/OpenGL.framework/Versions/A/Resources/GLRendererFloat.bundle/GLRendererFloat
0x00000001235e1000 	/Users/Murph/csci205FinalProject/externals/Slick/native/libjinput-osx.dylib
0x000000012551b000 	/System/Library/Extensions/IOHIDFamily.kext/Contents/PlugIns/IOHIDLib.plugin/Contents/MacOS/IOHIDLib
0x0000000125536000 	/Users/Murph/csci205FinalProject/externals/Slick/native/openal.dylib
0x0000000125615000 	/System/Library/Components/CoreAudio.component/Contents/MacOS/CoreAudio
0x00000001258ee000 	/System/Library/Extensions/AppleHDA.kext/Contents/PlugIns/AppleHDAHALPlugIn.bundle/Contents/MacOS/AppleHDAHALPlugIn
0x0000000127b10000 	/Library/Java/JavaVirtualMachines/jdk1.8.0_71.jdk/Contents/Home/jre/lib/libt2k.dylib

VM Arguments:
jvm_args: -Dfile.encoding=UTF-8 -Djava.library.path=./externals/Slick/native 
java_command: main.PokemonOB
java_class_path (initial): /Users/Murph/csci205FinalProject/externals/Slick/ibxm.jar:/Users/Murph/csci205FinalProject/externals/Slick/jinput.jar:/Users/Murph/csci205FinalProject/externals/Slick/jogg-0.0.7.jar:/Users/Murph/csci205FinalProject/externals/Slick/jorbis-0.0.15.jar:/Users/Murph/csci205FinalProject/externals/Slick/lwjgl.jar:/Users/Murph/csci205FinalProject/externals/Slick/lwjgl_util.jar:/Users/Murph/csci205FinalProject/externals/Slick/natives-linux.jar:/Users/Murph/csci205FinalProject/externals/Slick/natives-mac.jar:/Users/Murph/csci205FinalProject/externals/Slick/natives-windows.jar:/Users/Murph/csci205FinalProject/externals/Slick/slick-util.jar:/Users/Murph/csci205FinalProject/externals/Slick/slick.jar:/Users/Murph/csci205FinalProject/externals/jDom/jdom-2.0.6.jar:/Users/Murph/csci205FinalProject/externals/Apache/commons-lang3-3.4.jar:/Users/Murph/csci205FinalProject/build/classes
Launcher Type: SUN_STANDARD

Environment Variables:
PATH=/usr/bin:/bin:/usr/sbin:/sbin
LD_LIBRARY_PATH=/Library/Java/JavaVirtualMachines/jdk1.8.0_71.jdk/Contents/Home/jre/lib/amd64:/Library/Java/JavaVirtualMachines/jdk1.8.0_71.jdk/Contents/Home/jre/lib/i386:
SHELL=/bin/bash
DISPLAY=/private/tmp/com.apple.launchd.4aZgnmfh1v/org.macosforge.xquartz:0
DYLD_LIBRARY_PATH=/Applications/NetBeans/NetBeans 8.0.2.app/Contents/Resources/NetBeans/webcommon/bin:

Signal Handlers:
SIGSEGV: [libjvm.dylib+0x5a68c5], sa_mask[0]=11111111011111110111111111111111, sa_flags=SA_ONSTACK|SA_RESTART|SA_SIGINFO
SIGBUS: [libjvm.dylib+0x5a68c5], sa_mask[0]=11111111011111110111111111111111, sa_flags=SA_RESTART|SA_SIGINFO
SIGFPE: [libjvm.dylib+0x4805d4], sa_mask[0]=11111111011111110111111111111111, sa_flags=SA_RESTART|SA_SIGINFO
SIGPIPE: [libjvm.dylib+0x4805d4], sa_mask[0]=11111111011111110111111111111111, sa_flags=SA_RESTART|SA_SIGINFO
SIGXFSZ: [libjvm.dylib+0x4805d4], sa_mask[0]=11111111011111110111111111111111, sa_flags=SA_RESTART|SA_SIGINFO
SIGILL: [libjvm.dylib+0x4805d4], sa_mask[0]=11111111011111110111111111111111, sa_flags=SA_RESTART|SA_SIGINFO
SIGUSR1: SIG_DFL, sa_mask[0]=00000000000000000000000000000000, sa_flags=none
SIGUSR2: [libjvm.dylib+0x4800f2], sa_mask[0]=00100000000000000000000000000000, sa_flags=SA_RESTART|SA_SIGINFO
SIGHUP: [libjvm.dylib+0x47e6c9], sa_mask[0]=11111111011111110111111111111111, sa_flags=SA_RESTART|SA_SIGINFO
SIGINT: SIG_IGN, sa_mask[0]=00000000000000000000000000000000, sa_flags=none
SIGTERM: [libjvm.dylib+0x47e6c9], sa_mask[0]=11111111011111110111111111111111, sa_flags=SA_RESTART|SA_SIGINFO
SIGQUIT: [libjvm.dylib+0x47e6c9], sa_mask[0]=11111111011111110111111111111111, sa_flags=SA_RESTART|SA_SIGINFO


---------------  S Y S T E M  ---------------

OS:Bsduname:Darwin 14.5.0 Darwin Kernel Version 14.5.0: Mon Jan 11 18:48:35 PST 2016; root:xnu-2782.50.2~1/RELEASE_X86_64 x86_64
rlimit: STACK 8192k, CORE 0k, NPROC 709, NOFILE 10240, AS infinity
load average:1.04 1.45 1.84

CPU:total 8 (4 cores per cpu, 2 threads per core) family 6 model 58 stepping 9, cmov, cx8, fxsr, mmx, sse, sse2, sse3, ssse3, sse4.1, sse4.2, popcnt, avx, aes, clmul, erms, ht, tsc, tscinvbit, tscinv

Memory: 4k page, physical 8388608k(47236k free)

/proc/meminfo:


vm_info: Java HotSpot(TM) 64-Bit Server VM (25.71-b15) for bsd-amd64 JRE (1.8.0_71-b15), built on Dec 22 2015 15:11:44 by "java_re" with gcc 4.2.1 (Based on Apple Inc. build 5658) (LLVM build 2336.11.00)

time: Tue Apr 19 20:35:04 2016
elapsed time: 35 seconds (0d 0h 0m 35s)

