#
# A fatal error has been detected by the Java Runtime Environment:
#
#  SIGSEGV (0xb) at pc=0x00007fff9667f0e9, pid=10529, tid=1811
#
# JRE version: Java(TM) SE Runtime Environment (8.0_71-b15) (build 1.8.0_71-b15)
# Java VM: Java HotSpot(TM) 64-Bit Server VM (25.71-b15 mixed mode bsd-amd64 compressed oops)
# Problematic frame:
# C  [libobjc.A.dylib+0x10e9]  objc_msgSend+0x29
#
# Failed to write core dump. Core dumps have been disabled. To enable core dumping, try "ulimit -c unlimited" before starting Java again
#
# If you would like to submit a bug report, please visit:
#   http://bugreport.java.com/bugreport/crash.jsp
# The crash happened outside the Java Virtual Machine in native code.
# See problematic frame for where to report the bug.
#

---------------  T H R E A D  ---------------

Current thread (0x00007fdc0488d800):  JavaThread "AppKit Thread" daemon [_thread_in_native, id=1811, stack(0x00007fff53b08000,0x00007fff54308000)]

siginfo: si_signo: 11 (SIGSEGV), si_code: 1 (SEGV_MAPERR), si_addr: 0x0000000000000000

Registers:
RAX=0x0000000000000000, RBX=0x00007fdc02f63330, RCX=0x0000000000000000, RDX=0x00007fdc02f63330
RSP=0x00007fff543029a8, RBP=0x00007fff543029d0, RSI=0x00007fff8ee6f37c, RDI=0x00007fdc02d6bd20
R8 =0x0000000000000001, R9 =0x0000000000000001, R10=0x0000000000000000, R11=0x00007fdc04002000
R12=0x0000000000000094, R13=0x00007fdc02f67450, R14=0x00007fdc02d6bd20, R15=0x00007fff54302ec0
RIP=0x00007fff9667f0e9, EFLAGS=0x0000000000010246, ERR=0x0000000000000004
  TRAPNO=0x000000000000000e

Top of Stack: (sp=0x00007fff543029a8)
0x00007fff543029a8:   000000012b6ee598 00007fdc02f63330
0x00007fff543029b8:   000000012b722c60 00007fdc02f67450
0x00007fff543029c8:   00007fdc02f63330 00007fff54302eb0
0x00007fff543029d8:   00007fff8e54ff45 0000000000000000
0x00007fff543029e8:   0000000000000000 4080000000000000
0x00007fff543029f8:   4078000000000000 0000000000000000
0x00007fff54302a08:   0000000000000000 4080000000000000
0x00007fff54302a18:   4078000000000000 4080000000000000
0x00007fff54302a28:   4079600000000000 401c000000000000
0x00007fff54302a38:   4078300000000000 402c000000000000
0x00007fff54302a48:   4030000000000000 401c000000000000
0x00007fff54302a58:   0000000000000000 0000000000000000
0x00007fff54302a68:   4030000000000000 00007fff8ee32129
0x00007fff54302a78:   4018000000000000 00007fdc02f645e0
0x00007fff54302a88:   0000000100000000 0000000000000000
0x00007fff54302a98:   00007fdc02e44760 00007fff54302bf0
0x00007fff54302aa8:   00007fff8e554b36 00007fff54302bf0
0x00007fff54302ab8:   00007fff8e556e82 402c000000000000
0x00007fff54302ac8:   4030000000000000 401c000000000000
0x00007fff54302ad8:   4078300000000000 402c000000000000
0x00007fff54302ae8:   4030000000000000 0000000000000000
0x00007fff54302af8:   0000000000000000 4080000000000000
0x00007fff54302b08:   4079600000000000 401c000000000000
0x00007fff54302b18:   4078300000000000 000000010b91a600
0x00007fff54302b28:   00007fdc02ead590 00000000000000b0
0x00007fff54302b38:   0000000000000006 0000000000000ad4
0x00007fff54302b48:   000000010b913000 00007fff54302bf0
0x00007fff54302b58:   00007fff97776e7f 0000000000000000
0x00007fff54302b68:   000000010b913000 00007fff54302c10
0x00007fff54302b78:   0000000000000ad5 00007fff54302c7f
0x00007fff54302b88:   0000000002000000 00007fdc02efc080
0x00007fff54302b98:   00007fdc02ead4e0 000000000000000a 

Instructions: (pc=0x00007fff9667f0e9)
0x00007fff9667f0c9:   01 2e 75 7e 49 bb f8 ff ff ff ff 7f 00 00 4c 23
0x00007fff9667f0d9:   1f 49 89 f2 45 23 53 18 49 c1 e2 04 4d 03 53 10
0x00007fff9667f0e9:   49 3b 32 75 04 41 ff 62 08 49 83 3a 00 74 6a 4d
0x00007fff9667f0f9:   3b 53 10 74 0d 49 83 ea 10 49 3b 32 75 eb 41 ff 

Register to memory mapping:

RAX=0x0000000000000000 is an unknown value
RBX=0x00007fdc02f63330 is an unknown value
RCX=0x0000000000000000 is an unknown value
RDX=0x00007fdc02f63330 is an unknown value
RSP=0x00007fff543029a8 is pointing into the stack for thread: 0x00007fdc0488d800
RBP=0x00007fff543029d0 is pointing into the stack for thread: 0x00007fdc0488d800
RSI=0x00007fff8ee6f37c: -[NSTitlebarContainerView transparent]+0x5e270 in /System/Library/Frameworks/AppKit.framework/Versions/C/AppKit at 0x00007fff8e46e000
RDI=0x00007fdc02d6bd20 is an unknown value
R8 =0x0000000000000001 is an unknown value
R9 =0x0000000000000001 is an unknown value
R10=0x0000000000000000 is an unknown value
R11=0x00007fdc04002000 is a thread
R12=0x0000000000000094 is an unknown value
R13=0x00007fdc02f67450 is an unknown value
R14=0x00007fdc02d6bd20 is an unknown value
R15=0x00007fff54302ec0 is pointing into the stack for thread: 0x00007fdc0488d800


Stack: [0x00007fff53b08000,0x00007fff54308000],  sp=0x00007fff543029a8,  free space=8170k
Native frames: (J=compiled Java code, j=interpreted, Vv=VM code, C=native code)
C  [libobjc.A.dylib+0x10e9]  objc_msgSend+0x29
C  [AppKit+0xe1f45]  -[NSView _recursiveDisplayRectIfNeededIgnoringOpacity:isVisibleRect:rectIsVisibleRectForView:topView:]+0x740
C  [AppKit+0xe2fa0]  -[NSView _recursiveDisplayRectIfNeededIgnoringOpacity:isVisibleRect:rectIsVisibleRectForView:topView:]+0x179b
C  [AppKit+0xe12f3]  -[NSThemeFrame _recursiveDisplayRectIfNeededIgnoringOpacity:isVisibleRect:rectIsVisibleRectForView:topView:]+0x14d
C  [AppKit+0xdd68b]  -[NSView _displayRectIgnoringOpacity:isVisibleRect:rectIsVisibleRectForView:]+0xac9
C  [AppKit+0x951ae]  -[NSView displayIfNeeded]+0x754
C  [AppKit+0x94a09]  -[NSWindow displayIfNeeded]+0xec
C  [AppKit+0x94672]  _handleWindowNeedsDisplayOrLayoutOrUpdateConstraints+0x3a8
C  [AppKit+0x7ca171]  __83-[NSWindow _postWindowNeedsDisplayOrLayoutOrUpdateConstraintsUnlessPostingDisabled]_block_invoke1540+0x2e
C  [CoreFoundation+0x80127]  __CFRUNLOOP_IS_CALLING_OUT_TO_AN_OBSERVER_CALLBACK_FUNCTION__+0x17
C  [CoreFoundation+0x80080]  __CFRunLoopDoObservers+0x170
C  [CoreFoundation+0x72188]  __CFRunLoopRun+0x368
C  [CoreFoundation+0x71bd8]  CFRunLoopRunSpecific+0x128
C  [HIToolbox+0x3256f]  RunCurrentEventLoopInMode+0xeb
C  [HIToolbox+0x321ee]  ReceiveNextEventCommon+0xb3
C  [HIToolbox+0x3212b]  _BlockUntilNextEventMatchingListInModeWithFilter+0x47
C  [AppKit+0x918ab]  _DPSNextEvent+0x3d2
C  [AppKit+0x90e58]  -[NSApplication nextEventMatchingMask:untilDate:inMode:dequeue:]+0x15a
C  [libosxapp.dylib+0x23aa]  -[NSApplicationAWT nextEventMatchingMask:untilDate:inMode:dequeue:]+0x7c
C  [AppKit+0x86af3]  -[NSApplication run]+0x252
C  [libosxapp.dylib+0x214d]  +[NSApplicationAWT runAWTLoopWithApp:]+0x9c
C  [libawt_lwawt.dylib+0x4455b]  -[AWTStarter starter:]+0x389
C  [Foundation+0x92dd0]  __NSThreadPerformPerform+0x125
C  [CoreFoundation+0x80a01]  __CFRUNLOOP_IS_CALLING_OUT_TO_A_SOURCE0_PERFORM_FUNCTION__+0x11
C  [CoreFoundation+0x72b8d]  __CFRunLoopDoSources0+0x10d
C  [CoreFoundation+0x721bf]  __CFRunLoopRun+0x39f
C  [CoreFoundation+0x71bd8]  CFRunLoopRunSpecific+0x128
C  [java+0x6463]  CreateExecutionEnvironment+0x367
C  [java+0x21ac]  JLI_Launch+0x7a0
C  [java+0x84c0]  main+0x65
C  [java+0x1a04]  start+0x34
C  0x0000000000000006


---------------  P R O C E S S  ---------------

Java Threads: ( => current thread )
  0x00007fdc0a8a3000 JavaThread "AWT-Shutdown" [_thread_blocked, id=14507, stack(0x0000000124c3e000,0x0000000124d3e000)]
  0x00007fdc04446800 JavaThread "Java2D Queue Flusher" daemon [_thread_blocked, id=75271, stack(0x000000012f665000,0x000000012f765000)]
  0x00007fdc04445800 JavaThread "Java2D Disposer" daemon [_thread_blocked, id=73223, stack(0x000000012d686000,0x000000012d786000)]
=>0x00007fdc0488d800 JavaThread "AppKit Thread" daemon [_thread_in_native, id=1811, stack(0x00007fff53b08000,0x00007fff54308000)]
  0x00007fdc03043800 JavaThread "Service Thread" daemon [_thread_blocked, id=20739, stack(0x0000000126a2c000,0x0000000126b2c000)]
  0x00007fdc04000800 JavaThread "C1 CompilerThread3" daemon [_thread_blocked, id=20227, stack(0x0000000126929000,0x0000000126a29000)]
  0x00007fdc03853000 JavaThread "C2 CompilerThread2" daemon [_thread_blocked, id=19715, stack(0x0000000126826000,0x0000000126926000)]
  0x00007fdc04804800 JavaThread "C2 CompilerThread1" daemon [_thread_blocked, id=19203, stack(0x0000000126723000,0x0000000126823000)]
  0x00007fdc03010800 JavaThread "C2 CompilerThread0" daemon [_thread_blocked, id=18691, stack(0x0000000126620000,0x0000000126720000)]
  0x00007fdc03021000 JavaThread "Signal Dispatcher" daemon [_thread_blocked, id=15383, stack(0x000000012651d000,0x000000012661d000)]
  0x00007fdc04801000 JavaThread "Finalizer" daemon [_thread_blocked, id=13571, stack(0x0000000124afa000,0x0000000124bfa000)]
  0x00007fdc03017000 JavaThread "Reference Handler" daemon [_thread_blocked, id=13059, stack(0x00000001249f7000,0x0000000124af7000)]
  0x00007fdc04002000 JavaThread "main" [_thread_in_native, id=4867, stack(0x000000010d9a3000,0x000000010daa3000)]

Other Threads:
  0x00007fdc0382e000 VMThread [stack: 0x00000001248f4000,0x00000001249f4000] [id=12547]
  0x00007fdc04036000 WatcherThread [stack: 0x0000000126b2f000,0x0000000126c2f000] [id=21251]

VM state:not at safepoint (normal execution)

VM Mutex/Monitor currently owned by a thread: None

Heap:
 PSYoungGen      total 138240K, used 44849K [0x0000000795580000, 0x000000079e180000, 0x00000007c0000000)
  eden space 133120K, 29% used [0x0000000795580000,0x0000000797c4ef68,0x000000079d780000)
  from space 5120K, 99% used [0x000000079dc80000,0x000000079e17d888,0x000000079e180000)
  to   space 5120K, 0% used [0x000000079d780000,0x000000079d780000,0x000000079dc80000)
 ParOldGen       total 87552K, used 52225K [0x0000000740000000, 0x0000000745580000, 0x0000000795580000)
  object space 87552K, 59% used [0x0000000740000000,0x0000000743300740,0x0000000745580000)
 Metaspace       used 12371K, capacity 12481K, committed 12672K, reserved 1060864K
  class space    used 1266K, capacity 1313K, committed 1408K, reserved 1048576K

Card table byte_map: [0x000000011ceb9000,0x000000011d2ba000] byte_map_base: 0x00000001194b9000

Marking Bits: (ParMarkBitMap*) 0x000000010d2e3ea0
 Begin Bits: [0x000000011dd7d000, 0x000000011fd7d000)
 End Bits:   [0x000000011fd7d000, 0x0000000121d7d000)

Polling page: 0x000000010b9fb000

CodeCache: size=245760Kb used=7154Kb max_used=7167Kb free=238605Kb
 bounds [0x000000010daf9000, 0x000000010e209000, 0x000000011caf9000]
 total_blobs=2315 nmethods=1758 adapters=471
 compilation: enabled

Compilation events (10 events):
Event: 18.907 Thread 0x00007fdc04000800 1763       3       java.nio.Bits::int0 (3 bytes)
Event: 18.908 Thread 0x00007fdc04000800 nmethod 1763 0x000000010e1f7410 code [0x000000010e1f7560, 0x000000010e1f7690]
Event: 18.908 Thread 0x00007fdc04000800 1759       3       java.nio.HeapByteBuffer::put (16 bytes)
Event: 18.908 Thread 0x00007fdc04000800 nmethod 1759 0x000000010e1f6d10 code [0x000000010e1f6ea0, 0x000000010e1f7248]
Event: 19.157 Thread 0x00007fdc04000800 1764       3       java.nio.Bits::putIntB (43 bytes)
Event: 19.157 Thread 0x00007fdc04000800 nmethod 1764 0x000000010e1f6390 code [0x000000010e1f6540, 0x000000010e1f6b18]
Event: 19.861 Thread 0x00007fdc03010800 1765       4       java.util.HashMap$HashIterator::<init> (79 bytes)
Event: 19.866 Thread 0x00007fdc03010800 nmethod 1765 0x000000010e1fed90 code [0x000000010e1feee0, 0x000000010e1ff1d8]
Event: 20.314 Thread 0x00007fdc04804800 1766       4       java.nio.DirectByteBuffer::put (126 bytes)
Event: 20.322 Thread 0x00007fdc04804800 nmethod 1766 0x000000010e1fe390 code [0x000000010e1fe500, 0x000000010e1fe998]

GC Heap History (8 events):
Event: 0.657 GC heap before
{Heap before GC invocations=1 (full 0):
 PSYoungGen      total 38400K, used 33280K [0x0000000795580000, 0x0000000798000000, 0x00000007c0000000)
  eden space 33280K, 100% used [0x0000000795580000,0x0000000797600000,0x0000000797600000)
  from space 5120K, 0% used [0x0000000797b00000,0x0000000797b00000,0x0000000798000000)
  to   space 5120K, 0% used [0x0000000797600000,0x0000000797600000,0x0000000797b00000)
 ParOldGen       total 87552K, used 0K [0x0000000740000000, 0x0000000745580000, 0x0000000795580000)
  object space 87552K, 0% used [0x0000000740000000,0x0000000740000000,0x0000000745580000)
 Metaspace       used 6417K, capacity 6644K, committed 6784K, reserved 1056768K
  class space    used 700K, capacity 792K, committed 896K, reserved 1048576K
Event: 0.676 GC heap after
Heap after GC invocations=1 (full 0):
 PSYoungGen      total 38400K, used 5104K [0x0000000795580000, 0x000000079a080000, 0x00000007c0000000)
  eden space 33280K, 0% used [0x0000000795580000,0x0000000795580000,0x0000000797600000)
  from space 5120K, 99% used [0x0000000797600000,0x0000000797afc040,0x0000000797b00000)
  to   space 5120K, 0% used [0x0000000799b80000,0x0000000799b80000,0x000000079a080000)
 ParOldGen       total 87552K, used 20178K [0x0000000740000000, 0x0000000745580000, 0x0000000795580000)
  object space 87552K, 23% used [0x0000000740000000,0x00000007413b4b08,0x0000000745580000)
 Metaspace       used 6417K, capacity 6644K, committed 6784K, reserved 1056768K
  class space    used 700K, capacity 792K, committed 896K, reserved 1048576K
}
Event: 1.785 GC heap before
{Heap before GC invocations=2 (full 0):
 PSYoungGen      total 38400K, used 35956K [0x0000000795580000, 0x000000079a080000, 0x00000007c0000000)
  eden space 33280K, 92% used [0x0000000795580000,0x00000007973a13a0,0x0000000797600000)
  from space 5120K, 99% used [0x0000000797600000,0x0000000797afc040,0x0000000797b00000)
  to   space 5120K, 0% used [0x0000000799b80000,0x0000000799b80000,0x000000079a080000)
 ParOldGen       total 87552K, used 20178K [0x0000000740000000, 0x0000000745580000, 0x0000000795580000)
  object space 87552K, 23% used [0x0000000740000000,0x00000007413b4b08,0x0000000745580000)
 Metaspace       used 9135K, capacity 9251K, committed 9472K, reserved 1058816K
  class space    used 926K, capacity 986K, committed 1024K, reserved 1048576K
Event: 1.804 GC heap after
Heap after GC invocations=2 (full 0):
 PSYoungGen      total 71680K, used 5112K [0x0000000795580000, 0x000000079a080000, 0x00000007c0000000)
  eden space 66560K, 0% used [0x0000000795580000,0x0000000795580000,0x0000000799680000)
  from space 5120K, 99% used [0x0000000799b80000,0x000000079a07e158,0x000000079a080000)
  to   space 5120K, 0% used [0x0000000799680000,0x0000000799680000,0x0000000799b80000)
 ParOldGen       total 87552K, used 38822K [0x0000000740000000, 0x0000000745580000, 0x0000000795580000)
  object space 87552K, 44% used [0x0000000740000000,0x00000007425e9ab8,0x0000000745580000)
 Metaspace       used 9135K, capacity 9251K, committed 9472K, reserved 1058816K
  class space    used 926K, capacity 986K, committed 1024K, reserved 1048576K
}
Event: 2.723 GC heap before
{Heap before GC invocations=3 (full 0):
 PSYoungGen      total 71680K, used 60724K [0x0000000795580000, 0x000000079a080000, 0x00000007c0000000)
  eden space 66560K, 83% used [0x0000000795580000,0x0000000798bcf218,0x0000000799680000)
  from space 5120K, 99% used [0x0000000799b80000,0x000000079a07e158,0x000000079a080000)
  to   space 5120K, 0% used [0x0000000799680000,0x0000000799680000,0x0000000799b80000)
 ParOldGen       total 87552K, used 38822K [0x0000000740000000, 0x0000000745580000, 0x0000000795580000)
  object space 87552K, 44% used [0x0000000740000000,0x00000007425e9ab8,0x0000000745580000)
 Metaspace       used 11604K, capacity 11805K, committed 12160K, reserved 1060864K
  class space    used 1215K, capacity 1281K, committed 1408K, reserved 1048576K
Event: 2.737 GC heap after
Heap after GC invocations=3 (full 0):
 PSYoungGen      total 71680K, used 5110K [0x0000000795580000, 0x000000079e180000, 0x00000007c0000000)
  eden space 66560K, 0% used [0x0000000795580000,0x0000000795580000,0x0000000799680000)
  from space 5120K, 99% used [0x0000000799680000,0x0000000799b7d878,0x0000000799b80000)
  to   space 5120K, 0% used [0x000000079dc80000,0x000000079dc80000,0x000000079e180000)
 ParOldGen       total 87552K, used 47888K [0x0000000740000000, 0x0000000745580000, 0x0000000795580000)
  object space 87552K, 54% used [0x0000000740000000,0x0000000742ec4290,0x0000000745580000)
 Metaspace       used 11604K, capacity 11805K, committed 12160K, reserved 1060864K
  class space    used 1215K, capacity 1281K, committed 1408K, reserved 1048576K
}
Event: 4.741 GC heap before
{Heap before GC invocations=4 (full 0):
 PSYoungGen      total 71680K, used 71670K [0x0000000795580000, 0x000000079e180000, 0x00000007c0000000)
  eden space 66560K, 100% used [0x0000000795580000,0x0000000799680000,0x0000000799680000)
  from space 5120K, 99% used [0x0000000799680000,0x0000000799b7d878,0x0000000799b80000)
  to   space 5120K, 0% used [0x000000079dc80000,0x000000079dc80000,0x000000079e180000)
 ParOldGen       total 87552K, used 47888K [0x0000000740000000, 0x0000000745580000, 0x0000000795580000)
  object space 87552K, 54% used [0x0000000740000000,0x0000000742ec4290,0x0000000745580000)
 Metaspace       used 11954K, capacity 12161K, committed 12416K, reserved 1060864K
  class space    used 1234K, capacity 1313K, committed 1408K, reserved 1048576K
Event: 4.757 GC heap after
Heap after GC invocations=4 (full 0):
 PSYoungGen      total 138240K, used 5110K [0x0000000795580000, 0x000000079e180000, 0x00000007c0000000)
  eden space 133120K, 0% used [0x0000000795580000,0x0000000795580000,0x000000079d780000)
  from space 5120K, 99% used [0x000000079dc80000,0x000000079e17d888,0x000000079e180000)
  to   space 5120K, 0% used [0x000000079d780000,0x000000079d780000,0x000000079dc80000)
 ParOldGen       total 87552K, used 52225K [0x0000000740000000, 0x0000000745580000, 0x0000000795580000)
  object space 87552K, 59% used [0x0000000740000000,0x0000000743300740,0x0000000745580000)
 Metaspace       used 11954K, capacity 12161K, committed 12416K, reserved 1060864K
  class space    used 1234K, capacity 1313K, committed 1408K, reserved 1048576K
}

Deoptimization events (10 events):
Event: 2.367 Thread 0x00007fdc04002000 Uncommon trap: reason=unstable_if action=reinterpret pc=0x000000010df6a1e0 method=org.newdawn.slick.openal.OggInputStream.readPCM()V @ 283
Event: 2.471 Thread 0x00007fdc04002000 Uncommon trap: reason=unstable_if action=reinterpret pc=0x000000010e04e088 method=org.newdawn.slick.openal.OggInputStream.readPCM()V @ 270
Event: 3.018 Thread 0x00007fdc04002000 Uncommon trap: reason=unstable_if action=reinterpret pc=0x000000010e038198 method=com.jcraft.jorbis.DspState.synthesis_blockin(Lcom/jcraft/jorbis/Block;)I @ 642
Event: 3.056 Thread 0x00007fdc04002000 Uncommon trap: reason=unstable_if action=reinterpret pc=0x000000010df76168 method=com.jcraft.jorbis.Floor1.inverse1(Lcom/jcraft/jorbis/Block;Ljava/lang/Object;Ljava/lang/Object;)Ljava/lang/Object; @ 31
Event: 3.056 Thread 0x00007fdc04002000 Uncommon trap: reason=unstable_if action=reinterpret pc=0x000000010df70b38 method=com.jcraft.jorbis.Mapping0.inverse(Lcom/jcraft/jorbis/Block;Ljava/lang/Object;)I @ 207
Event: 3.056 Thread 0x00007fdc04002000 Uncommon trap: reason=unstable_if action=reinterpret pc=0x000000010e023194 method=com.jcraft.jorbis.Residue2.inverse(Lcom/jcraft/jorbis/Block;Ljava/lang/Object;[[F[II)I @ 14
Event: 3.056 Thread 0x00007fdc04002000 Uncommon trap: reason=unreached action=reinterpret pc=0x000000010df5283c method=com.jcraft.jorbis.Mapping0.inverse(Lcom/jcraft/jorbis/Block;Ljava/lang/Object;)I @ 849
Event: 4.678 Thread 0x00007fdc04002000 Uncommon trap: reason=unstable_if action=reinterpret pc=0x000000010dce0a18 method=java.lang.String.<init>([CII)V @ 18
Event: 4.857 Thread 0x00007fdc04002000 Uncommon trap: reason=class_check action=maybe_recompile pc=0x000000010dd08a34 method=java.util.concurrent.ConcurrentHashMap.get(Ljava/lang/Object;)Ljava/lang/Object; @ 149
Event: 4.858 Thread 0x00007fdc04002000 Uncommon trap: reason=unstable_if action=reinterpret pc=0x000000010deafd40 method=java.lang.String.<init>([CII)V @ 18

Internal exceptions (10 events):
Event: 0.163 Thread 0x00007fdc04002000 Exception <a 'java/lang/NoSuchFieldError': method resolution failed> (0x0000000795921ec8) thrown at [/Users/java_re/workspace/8-2-build-macosx-x86_64/jdk8u71/5731/hotspot/src/share/vm/prims/methodHandles.cpp, line 1146]
Event: 0.165 Thread 0x00007fdc04002000 Exception <a 'java/lang/NoSuchFieldError': method resolution failed> (0x000000079592f618) thrown at [/Users/java_re/workspace/8-2-build-macosx-x86_64/jdk8u71/5731/hotspot/src/share/vm/prims/methodHandles.cpp, line 1146]
Event: 0.318 Thread 0x00007fdc04002000 Exception <a 'java/io/FileNotFoundException'> (0x00000007959ab190) thrown at [/Users/java_re/workspace/8-2-build-macosx-x86_64/jdk8u71/5731/hotspot/src/share/vm/prims/jni.cpp, line 709]
Event: 0.318 Thread 0x00007fdc04002000 Exception <a 'java/io/FileNotFoundException'> (0x00000007959abcd8) thrown at [/Users/java_re/workspace/8-2-build-macosx-x86_64/jdk8u71/5731/hotspot/src/share/vm/prims/jni.cpp, line 709]
Event: 1.350 Thread 0x00007fdc04002000 Exception <a 'java/security/PrivilegedActionException'> (0x0000000796993500) thrown at [/Users/java_re/workspace/8-2-build-macosx-x86_64/jdk8u71/5731/hotspot/src/share/vm/prims/jvm.cpp, line 1386]
Event: 1.350 Thread 0x00007fdc04002000 Exception <a 'java/security/PrivilegedActionException'> (0x00000007969950e8) thrown at [/Users/java_re/workspace/8-2-build-macosx-x86_64/jdk8u71/5731/hotspot/src/share/vm/prims/jvm.cpp, line 1386]
Event: 1.350 Thread 0x00007fdc04002000 Exception <a 'java/security/PrivilegedActionException'> (0x0000000796996208) thrown at [/Users/java_re/workspace/8-2-build-macosx-x86_64/jdk8u71/5731/hotspot/src/share/vm/prims/jvm.cpp, line 1386]
Event: 1.350 Thread 0x00007fdc04002000 Exception <a 'java/security/PrivilegedActionException'> (0x000000079699b328) thrown at [/Users/java_re/workspace/8-2-build-macosx-x86_64/jdk8u71/5731/hotspot/src/share/vm/prims/jvm.cpp, line 1386]
Event: 1.350 Thread 0x00007fdc04002000 Exception <a 'java/security/PrivilegedActionException'> (0x000000079699bf80) thrown at [/Users/java_re/workspace/8-2-build-macosx-x86_64/jdk8u71/5731/hotspot/src/share/vm/prims/jvm.cpp, line 1386]
Event: 1.350 Thread 0x00007fdc04002000 Exception <a 'java/security/PrivilegedActionException'> (0x000000079699cba8) thrown at [/Users/java_re/workspace/8-2-build-macosx-x86_64/jdk8u71/5731/hotspot/src/share/vm/prims/jvm.cpp, line 1386]

Events (10 events):
Event: 16.841 Executing VM operation: RevokeBias
Event: 16.841 Executing VM operation: RevokeBias done
Event: 16.841 Thread 0x00007fdc048eb000 Thread exited: 0x00007fdc048eb000
Event: 18.683 Thread 0x00007fdc048eb000 Thread added: 0x00007fdc048eb000
Event: 20.615 Executing VM operation: RevokeBias
Event: 20.615 Executing VM operation: RevokeBias done
Event: 20.615 Thread 0x00007fdc048eb000 Thread exited: 0x00007fdc048eb000
Event: 20.835 Thread 0x00007fdc0a8a3000 Thread added: 0x00007fdc0a8a3000
Event: 21.356 loading class org/lwjgl/opengl/CallbackUtil
Event: 21.356 loading class org/lwjgl/opengl/CallbackUtil done


Dynamic libraries:
0x0000000009739000 	/System/Library/Frameworks/Cocoa.framework/Versions/A/Cocoa
0x0000000009739000 	/System/Library/Frameworks/Security.framework/Versions/A/Security
0x0000000009739000 	/System/Library/Frameworks/ApplicationServices.framework/Versions/A/ApplicationServices
0x0000000009739000 	/usr/lib/libz.1.dylib
0x0000000009739000 	/usr/lib/libSystem.B.dylib
0x0000000009739000 	/usr/lib/libobjc.A.dylib
0x0000000009739000 	/System/Library/Frameworks/CoreFoundation.framework/Versions/A/CoreFoundation
0x0000000009739000 	/System/Library/Frameworks/Foundation.framework/Versions/C/Foundation
0x0000000009739000 	/System/Library/Frameworks/AppKit.framework/Versions/C/AppKit
0x0000000009739000 	/System/Library/Frameworks/CoreData.framework/Versions/A/CoreData
0x0000000009739000 	/System/Library/PrivateFrameworks/RemoteViewServices.framework/Versions/A/RemoteViewServices
0x0000000009739000 	/System/Library/PrivateFrameworks/UIFoundation.framework/Versions/A/UIFoundation
0x0000000009739000 	/System/Library/Frameworks/IOSurface.framework/Versions/A/IOSurface
0x0000000009739000 	/System/Library/Frameworks/AudioToolbox.framework/Versions/A/AudioToolbox
0x0000000009739000 	/System/Library/Frameworks/AudioUnit.framework/Versions/A/AudioUnit
0x0000000009739000 	/System/Library/PrivateFrameworks/DataDetectorsCore.framework/Versions/A/DataDetectorsCore
0x0000000009739000 	/System/Library/PrivateFrameworks/DesktopServicesPriv.framework/Versions/A/DesktopServicesPriv
0x0000000009739000 	/System/Library/Frameworks/Carbon.framework/Versions/A/Frameworks/HIToolbox.framework/Versions/A/HIToolbox
0x0000000009739000 	/System/Library/Frameworks/QuartzCore.framework/Versions/A/QuartzCore
0x0000000009739000 	/System/Library/Frameworks/Carbon.framework/Versions/A/Frameworks/SpeechRecognition.framework/Versions/A/SpeechRecognition
0x0000000009739000 	/usr/lib/libauto.dylib
0x0000000009739000 	/usr/lib/libicucore.A.dylib
0x0000000009739000 	/usr/lib/libxml2.2.dylib
0x0000000009739000 	/System/Library/PrivateFrameworks/CoreUI.framework/Versions/A/CoreUI
0x0000000009739000 	/System/Library/Frameworks/CoreAudio.framework/Versions/A/CoreAudio
0x0000000009739000 	/System/Library/Frameworks/DiskArbitration.framework/Versions/A/DiskArbitration
0x0000000009739000 	/usr/lib/liblangid.dylib
0x0000000009739000 	/System/Library/PrivateFrameworks/MultitouchSupport.framework/Versions/A/MultitouchSupport
0x0000000009739000 	/System/Library/Frameworks/IOKit.framework/Versions/A/IOKit
0x0000000009739000 	/usr/lib/libDiagnosticMessagesClient.dylib
0x0000000009739000 	/System/Library/Frameworks/CoreServices.framework/Versions/A/CoreServices
0x0000000009739000 	/System/Library/PrivateFrameworks/PerformanceAnalysis.framework/Versions/A/PerformanceAnalysis
0x0000000009739000 	/System/Library/PrivateFrameworks/GenerationalStorage.framework/Versions/A/GenerationalStorage
0x0000000009739000 	/System/Library/Frameworks/OpenGL.framework/Versions/A/OpenGL
0x0000000009739000 	/System/Library/PrivateFrameworks/Sharing.framework/Versions/A/Sharing
0x0000000009739000 	/System/Library/Frameworks/CoreGraphics.framework/Versions/A/CoreGraphics
0x0000000009739000 	/System/Library/Frameworks/CoreText.framework/Versions/A/CoreText
0x0000000009739000 	/System/Library/Frameworks/ImageIO.framework/Versions/A/ImageIO
0x0000000009739000 	/usr/lib/libextension.dylib
0x0000000009739000 	/System/Library/PrivateFrameworks/Backup.framework/Versions/A/Backup
0x0000000009739000 	/usr/lib/libarchive.2.dylib
0x0000000009739000 	/System/Library/Frameworks/CFNetwork.framework/Versions/A/CFNetwork
0x0000000009739000 	/System/Library/Frameworks/SystemConfiguration.framework/Versions/A/SystemConfiguration
0x0000000009739000 	/usr/lib/libCRFSuite.dylib
0x0000000009739000 	/usr/lib/libc++.1.dylib
0x0000000009739000 	/usr/lib/libc++abi.dylib
0x0000000009739000 	/usr/lib/system/libcache.dylib
0x0000000009739000 	/usr/lib/system/libcommonCrypto.dylib
0x0000000009739000 	/usr/lib/system/libcompiler_rt.dylib
0x0000000009739000 	/usr/lib/system/libcopyfile.dylib
0x0000000009739000 	/usr/lib/system/libcorecrypto.dylib
0x0000000009739000 	/usr/lib/system/libdispatch.dylib
0x0000000009739000 	/usr/lib/system/libdyld.dylib
0x0000000009739000 	/usr/lib/system/libkeymgr.dylib
0x0000000009739000 	/usr/lib/system/liblaunch.dylib
0x0000000009739000 	/usr/lib/system/libmacho.dylib
0x0000000009739000 	/usr/lib/system/libquarantine.dylib
0x0000000009739000 	/usr/lib/system/libremovefile.dylib
0x0000000009739000 	/usr/lib/system/libsystem_asl.dylib
0x0000000009739000 	/usr/lib/system/libsystem_blocks.dylib
0x0000000009739000 	/usr/lib/system/libsystem_c.dylib
0x0000000009739000 	/usr/lib/system/libsystem_configuration.dylib
0x0000000009739000 	/usr/lib/system/libsystem_coreservices.dylib
0x0000000009739000 	/usr/lib/system/libsystem_coretls.dylib
0x0000000009739000 	/usr/lib/system/libsystem_dnssd.dylib
0x0000000009739000 	/usr/lib/system/libsystem_info.dylib
0x0000000009739000 	/usr/lib/system/libsystem_kernel.dylib
0x0000000009739000 	/usr/lib/system/libsystem_m.dylib
0x0000000009739000 	/usr/lib/system/libsystem_malloc.dylib
0x0000000009739000 	/usr/lib/system/libsystem_network.dylib
0x0000000009739000 	/usr/lib/system/libsystem_networkextension.dylib
0x0000000009739000 	/usr/lib/system/libsystem_notify.dylib
0x0000000009739000 	/usr/lib/system/libsystem_platform.dylib
0x0000000009739000 	/usr/lib/system/libsystem_pthread.dylib
0x0000000009739000 	/usr/lib/system/libsystem_sandbox.dylib
0x0000000009739000 	/usr/lib/system/libsystem_secinit.dylib
0x0000000009739000 	/usr/lib/system/libsystem_stats.dylib
0x0000000009739000 	/usr/lib/system/libsystem_trace.dylib
0x0000000009739000 	/usr/lib/system/libunc.dylib
0x0000000009739000 	/usr/lib/system/libunwind.dylib
0x0000000009739000 	/usr/lib/system/libxpc.dylib
0x0000000009739000 	/usr/lib/libbz2.1.0.dylib
0x0000000009739000 	/usr/lib/liblzma.5.dylib
0x0000000009739000 	/usr/lib/libbsm.0.dylib
0x0000000009739000 	/usr/lib/libsqlite3.dylib
0x0000000009739000 	/usr/lib/system/libkxld.dylib
0x0000000009739000 	/usr/lib/libxar.1.dylib
0x0000000009739000 	/usr/lib/libpam.2.dylib
0x0000000009739000 	/usr/lib/libOpenScriptingUtil.dylib
0x0000000009739000 	/System/Library/Frameworks/CoreServices.framework/Versions/A/Frameworks/FSEvents.framework/Versions/A/FSEvents
0x0000000009739000 	/System/Library/Frameworks/CoreServices.framework/Versions/A/Frameworks/CarbonCore.framework/Versions/A/CarbonCore
0x0000000009739000 	/System/Library/Frameworks/CoreServices.framework/Versions/A/Frameworks/Metadata.framework/Versions/A/Metadata
0x0000000009739000 	/System/Library/Frameworks/CoreServices.framework/Versions/A/Frameworks/OSServices.framework/Versions/A/OSServices
0x0000000009739000 	/System/Library/Frameworks/CoreServices.framework/Versions/A/Frameworks/SearchKit.framework/Versions/A/SearchKit
0x0000000009739000 	/System/Library/Frameworks/CoreServices.framework/Versions/A/Frameworks/AE.framework/Versions/A/AE
0x0000000009739000 	/System/Library/Frameworks/CoreServices.framework/Versions/A/Frameworks/LaunchServices.framework/Versions/A/LaunchServices
0x0000000009739000 	/System/Library/Frameworks/CoreServices.framework/Versions/A/Frameworks/DictionaryServices.framework/Versions/A/DictionaryServices
0x0000000009739000 	/System/Library/Frameworks/NetFS.framework/Versions/A/NetFS
0x0000000009739000 	/System/Library/PrivateFrameworks/NetAuth.framework/Versions/A/NetAuth
0x0000000009739000 	/System/Library/PrivateFrameworks/login.framework/Versions/A/Frameworks/loginsupport.framework/Versions/A/loginsupport
0x0000000009739000 	/System/Library/PrivateFrameworks/TCC.framework/Versions/A/TCC
0x0000000009739000 	/usr/lib/libmecabra.dylib
0x0000000009739000 	/System/Library/Frameworks/ApplicationServices.framework/Versions/A/Frameworks/ATS.framework/Versions/A/ATS
0x0000000009739000 	/System/Library/Frameworks/ApplicationServices.framework/Versions/A/Frameworks/ColorSync.framework/Versions/A/ColorSync
0x0000000009739000 	/System/Library/Frameworks/ApplicationServices.framework/Versions/A/Frameworks/HIServices.framework/Versions/A/HIServices
0x0000000009739000 	/System/Library/Frameworks/ApplicationServices.framework/Versions/A/Frameworks/LangAnalysis.framework/Versions/A/LangAnalysis
0x0000000009739000 	/System/Library/Frameworks/ApplicationServices.framework/Versions/A/Frameworks/PrintCore.framework/Versions/A/PrintCore
0x0000000009739000 	/System/Library/Frameworks/ApplicationServices.framework/Versions/A/Frameworks/QD.framework/Versions/A/QD
0x0000000009739000 	/System/Library/Frameworks/ApplicationServices.framework/Versions/A/Frameworks/SpeechSynthesis.framework/Versions/A/SpeechSynthesis
0x0000000009739000 	/System/Library/Frameworks/Accelerate.framework/Versions/A/Accelerate
0x0000000009739000 	/System/Library/Frameworks/Accelerate.framework/Versions/A/Frameworks/vImage.framework/Versions/A/vImage
0x0000000009739000 	/System/Library/Frameworks/Accelerate.framework/Versions/A/Frameworks/vecLib.framework/Versions/A/vecLib
0x0000000009739000 	/System/Library/Frameworks/Accelerate.framework/Versions/A/Frameworks/vecLib.framework/Versions/A/libvDSP.dylib
0x0000000009739000 	/System/Library/Frameworks/Accelerate.framework/Versions/A/Frameworks/vecLib.framework/Versions/A/libvMisc.dylib
0x0000000009739000 	/System/Library/Frameworks/Accelerate.framework/Versions/A/Frameworks/vecLib.framework/Versions/A/libLAPACK.dylib
0x0000000009739000 	/System/Library/Frameworks/Accelerate.framework/Versions/A/Frameworks/vecLib.framework/Versions/A/libBLAS.dylib
0x0000000009739000 	/System/Library/Frameworks/Accelerate.framework/Versions/A/Frameworks/vecLib.framework/Versions/A/libLinearAlgebra.dylib
0x0000000009739000 	/System/Library/Frameworks/ApplicationServices.framework/Versions/A/Frameworks/ATS.framework/Versions/A/Resources/libFontParser.dylib
0x0000000009739000 	/System/Library/Frameworks/ApplicationServices.framework/Versions/A/Frameworks/ATS.framework/Versions/A/Resources/libFontRegistry.dylib
0x0000000009739000 	/System/Library/PrivateFrameworks/AppleVPA.framework/Versions/A/AppleVPA
0x0000000009739000 	/System/Library/PrivateFrameworks/AppleJPEG.framework/Versions/A/AppleJPEG
0x0000000009739000 	/System/Library/Frameworks/ImageIO.framework/Versions/A/Resources/libJPEG.dylib
0x0000000009739000 	/System/Library/Frameworks/ImageIO.framework/Versions/A/Resources/libTIFF.dylib
0x0000000009739000 	/System/Library/Frameworks/ImageIO.framework/Versions/A/Resources/libPng.dylib
0x0000000009739000 	/System/Library/Frameworks/ImageIO.framework/Versions/A/Resources/libGIF.dylib
0x0000000009739000 	/System/Library/Frameworks/ImageIO.framework/Versions/A/Resources/libJP2.dylib
0x0000000009739000 	/System/Library/Frameworks/ImageIO.framework/Versions/A/Resources/libRadiance.dylib
0x0000000009739000 	/System/Library/Frameworks/CoreVideo.framework/Versions/A/CoreVideo
0x0000000009739000 	/System/Library/Frameworks/OpenGL.framework/Versions/A/Libraries/libGLU.dylib
0x0000000009739000 	/System/Library/Frameworks/OpenGL.framework/Versions/A/Libraries/libGFXShared.dylib
0x0000000009739000 	/System/Library/Frameworks/OpenGL.framework/Versions/A/Libraries/libGL.dylib
0x0000000009739000 	/System/Library/Frameworks/OpenGL.framework/Versions/A/Libraries/libGLImage.dylib
0x0000000009739000 	/System/Library/Frameworks/OpenGL.framework/Versions/A/Libraries/libCVMSPluginSupport.dylib
0x0000000009739000 	/System/Library/Frameworks/OpenGL.framework/Versions/A/Libraries/libCoreVMClient.dylib
0x0000000009739000 	/usr/lib/libcups.2.dylib
0x0000000009739000 	/System/Library/Frameworks/Kerberos.framework/Versions/A/Kerberos
0x0000000009739000 	/System/Library/Frameworks/GSS.framework/Versions/A/GSS
0x0000000009739000 	/usr/lib/libresolv.9.dylib
0x0000000009739000 	/usr/lib/libiconv.2.dylib
0x0000000009739000 	/System/Library/PrivateFrameworks/Heimdal.framework/Versions/A/Heimdal
0x0000000009739000 	/usr/lib/libheimdal-asn1.dylib
0x0000000009739000 	/System/Library/Frameworks/OpenDirectory.framework/Versions/A/OpenDirectory
0x0000000009739000 	/System/Library/PrivateFrameworks/CommonAuth.framework/Versions/A/CommonAuth
0x0000000009739000 	/System/Library/Frameworks/OpenDirectory.framework/Versions/A/Frameworks/CFOpenDirectory.framework/Versions/A/CFOpenDirectory
0x0000000009739000 	/System/Library/Frameworks/SecurityFoundation.framework/Versions/A/SecurityFoundation
0x0000000009739000 	/System/Library/PrivateFrameworks/LanguageModeling.framework/Versions/A/LanguageModeling
0x0000000009739000 	/usr/lib/libcmph.dylib
0x0000000009739000 	/System/Library/Frameworks/ServiceManagement.framework/Versions/A/ServiceManagement
0x0000000009739000 	/usr/lib/libxslt.1.dylib
0x0000000009739000 	/System/Library/Frameworks/Carbon.framework/Versions/A/Frameworks/Ink.framework/Versions/A/Ink
0x0000000009739000 	/System/Library/Frameworks/QuartzCore.framework/Versions/A/Frameworks/CoreImage.framework/Versions/A/CoreImage
0x0000000009739000 	/System/Library/PrivateFrameworks/CrashReporterSupport.framework/Versions/A/CrashReporterSupport
0x0000000009739000 	/System/Library/Frameworks/OpenCL.framework/Versions/A/OpenCL
0x0000000009739000 	/System/Library/PrivateFrameworks/FaceCore.framework/Versions/A/FaceCore
0x0000000009739000 	/System/Library/PrivateFrameworks/Ubiquity.framework/Versions/A/Ubiquity
0x0000000009739000 	/System/Library/PrivateFrameworks/IconServices.framework/Versions/A/IconServices
0x0000000009739000 	/System/Library/PrivateFrameworks/ChunkingLibrary.framework/Versions/A/ChunkingLibrary
0x0000000009739000 	/System/Library/PrivateFrameworks/Apple80211.framework/Versions/A/Apple80211
0x0000000009739000 	/System/Library/Frameworks/CoreWLAN.framework/Versions/A/CoreWLAN
0x0000000009739000 	/System/Library/Frameworks/IOBluetooth.framework/Versions/A/IOBluetooth
0x0000000009739000 	/System/Library/PrivateFrameworks/CoreWiFi.framework/Versions/A/CoreWiFi
0x0000000009739000 	/System/Library/Frameworks/CoreBluetooth.framework/Versions/A/CoreBluetooth
0x0000000009739000 	/System/Library/PrivateFrameworks/DebugSymbols.framework/Versions/A/DebugSymbols
0x0000000009739000 	/System/Library/PrivateFrameworks/CoreSymbolication.framework/Versions/A/CoreSymbolication
0x0000000009739000 	/System/Library/PrivateFrameworks/Symbolication.framework/Versions/A/Symbolication
0x0000000009739000 	/System/Library/PrivateFrameworks/SpeechRecognitionCore.framework/Versions/A/SpeechRecognitionCore
0x000000010ca00000 	/Library/Java/JavaVirtualMachines/jdk1.8.0_71.jdk/Contents/Home/jre/lib/server/libjvm.dylib
0x0000000009739000 	/usr/lib/libstdc++.6.dylib
0x000000010daa5000 	/Library/Java/JavaVirtualMachines/jdk1.8.0_71.jdk/Contents/Home/jre/lib/libverify.dylib
0x000000010dab3000 	/Library/Java/JavaVirtualMachines/jdk1.8.0_71.jdk/Contents/Home/jre/lib/libjava.dylib
0x000000010daf0000 	/Library/Java/JavaVirtualMachines/jdk1.8.0_71.jdk/Contents/Home/jre/lib/libzip.dylib
0x0000000124bfc000 	/System/Library/Frameworks/JavaVM.framework/Frameworks/JavaRuntimeSupport.framework/JavaRuntimeSupport
0x0000000124c12000 	/System/Library/Frameworks/JavaVM.framework/Versions/A/Frameworks/JavaNativeFoundation.framework/Versions/A/JavaNativeFoundation
0x0000000124c26000 	/System/Library/Frameworks/JavaVM.framework/Versions/A/JavaVM
0x0000000009739000 	/System/Library/Frameworks/Carbon.framework/Versions/A/Carbon
0x0000000124c32000 	/System/Library/PrivateFrameworks/JavaLaunching.framework/Versions/A/JavaLaunching
0x0000000009739000 	/System/Library/Frameworks/Carbon.framework/Versions/A/Frameworks/CommonPanels.framework/Versions/A/CommonPanels
0x0000000009739000 	/System/Library/Frameworks/Carbon.framework/Versions/A/Frameworks/Help.framework/Versions/A/Help
0x0000000009739000 	/System/Library/Frameworks/Carbon.framework/Versions/A/Frameworks/ImageCapture.framework/Versions/A/ImageCapture
0x0000000009739000 	/System/Library/Frameworks/Carbon.framework/Versions/A/Frameworks/OpenScripting.framework/Versions/A/OpenScripting
0x0000000009739000 	/System/Library/Frameworks/Carbon.framework/Versions/A/Frameworks/Print.framework/Versions/A/Print
0x0000000009739000 	/System/Library/Frameworks/Carbon.framework/Versions/A/Frameworks/SecurityHI.framework/Versions/A/SecurityHI
0x0000000126c69000 	/Library/Java/JavaVirtualMachines/jdk1.8.0_71.jdk/Contents/Home/jre/lib/libawt.dylib
0x0000000126d11000 	/Library/Java/JavaVirtualMachines/jdk1.8.0_71.jdk/Contents/Home/jre/lib/./libmlib_image.dylib
0x0000000126ddd000 	/Library/Java/JavaVirtualMachines/jdk1.8.0_71.jdk/Contents/Home/jre/lib/libawt_lwawt.dylib
0x0000000126e92000 	/Library/Java/JavaVirtualMachines/jdk1.8.0_71.jdk/Contents/Home/jre/lib/./libosxapp.dylib
0x0000000009739000 	/System/Library/Frameworks/ExceptionHandling.framework/Versions/A/ExceptionHandling
0x0000000009739000 	/System/Library/PrivateFrameworks/CoreServicesInternal.framework/Versions/A/CoreServicesInternal
0x0000000009739000 	/System/Library/PrivateFrameworks/CloudDocs.framework/Versions/A/CloudDocs
0x0000000009739000 	/System/Library/PrivateFrameworks/CoreDuet.framework/Versions/A/CoreDuet
0x0000000009739000 	/System/Library/Frameworks/CloudKit.framework/Versions/A/CloudKit
0x0000000009739000 	/System/Library/PrivateFrameworks/ProtocolBuffer.framework/Versions/A/ProtocolBuffer
0x0000000009739000 	/System/Library/PrivateFrameworks/CoreDuetDaemonProtocol.framework/Versions/A/CoreDuetDaemonProtocol
0x0000000009739000 	/System/Library/PrivateFrameworks/CoreDuetDebugLogging.framework/Versions/A/CoreDuetDebugLogging
0x0000000009739000 	/System/Library/PrivateFrameworks/MMCS.framework/Versions/A/MMCS
0x0000000009739000 	/System/Library/Frameworks/CoreLocation.framework/Versions/A/CoreLocation
0x0000000009739000 	/System/Library/PrivateFrameworks/ProtectedCloudStorage.framework/Versions/A/ProtectedCloudStorage
0x0000000009739000 	/System/Library/PrivateFrameworks/GeoServices.framework/Versions/A/GeoServices
0x0000000009739000 	/System/Library/Frameworks/CoreGraphics.framework/Versions/A/Resources/libCGCMS.A.dylib
0x0000000009739000 	/System/Library/Frameworks/CoreGraphics.framework/Versions/A/Resources/libRIP.A.dylib
0x0000000009739000 	/System/Library/Frameworks/CoreGraphics.framework/Versions/A/Resources/libCGXType.A.dylib
0x0000000009739000 	/System/Library/Frameworks/OpenCL.framework/Versions/A/Libraries/libcldcpuengine.dylib
0x0000000009739000 	/System/Library/PrivateFrameworks/DiskImages.framework/Versions/A/DiskImages
0x0000000009739000 	/System/Library/Frameworks/DiscRecording.framework/Versions/A/DiscRecording
0x0000000009739000 	/usr/lib/libcsfde.dylib
0x0000000009739000 	/usr/lib/libcurl.4.dylib
0x0000000009739000 	/System/Library/PrivateFrameworks/MediaKit.framework/Versions/A/MediaKit
0x0000000009739000 	/usr/lib/libCoreStorage.dylib
0x0000000009739000 	/System/Library/PrivateFrameworks/EFILogin.framework/Versions/A/EFILogin
0x0000000009739000 	/usr/lib/libutil.dylib
0x0000000009739000 	/System/Library/PrivateFrameworks/FindMyDevice.framework/Versions/A/FindMyDevice
0x0000000009739000 	/System/Library/Frameworks/LDAP.framework/Versions/A/LDAP
0x0000000009739000 	/usr/lib/libsasl2.2.dylib
0x0000000009739000 	/System/Library/PrivateFrameworks/CoreDaemon.framework/Versions/B/CoreDaemon
0x0000000009739000 	/usr/lib/libcrypto.0.9.8.dylib
0x0000000009739000 	/System/Library/PrivateFrameworks/AppleSRP.framework/Versions/A/AppleSRP
0x0000000009739000 	/System/Library/PrivateFrameworks/TrustEvaluationAgent.framework/Versions/A/TrustEvaluationAgent
0x000000012a253000 	cl_kernels
0x000000012a255000 	/System/Library/Frameworks/OpenCL.framework/Versions/A/Libraries/ImageFormats/unorm8_bgra.dylib
0x000000012a245000 	cl_kernels
0x0000000009739000 	/System/Library/PrivateFrameworks/FamilyControls.framework/Versions/A/FamilyControls
0x0000000009739000 	/System/Library/PrivateFrameworks/CommerceKit.framework/Versions/A/Frameworks/CommerceCore.framework/Versions/A/CommerceCore
0x0000000009739000 	/System/Library/PrivateFrameworks/SystemAdministration.framework/Versions/A/SystemAdministration
0x0000000009739000 	/System/Library/PrivateFrameworks/AppContainer.framework/Versions/A/AppContainer
0x0000000009739000 	/System/Library/PrivateFrameworks/SecCodeWrapper.framework/Versions/A/SecCodeWrapper
0x0000000009739000 	/System/Library/Frameworks/DirectoryService.framework/Versions/A/DirectoryService
0x0000000009739000 	/System/Library/PrivateFrameworks/LoginUIKit.framework/Versions/A/Frameworks/LoginUICore.framework/Versions/A/LoginUICore
0x0000000009739000 	/usr/lib/libodfde.dylib
0x000000012b67d000 	/Library/Java/JavaVirtualMachines/jdk1.8.0_71.jdk/Contents/Home/jre/lib/libfontmanager.dylib
0x000000012b6e4000 	/Users/Murph/csci205FinalProject/externals/Slick/native/liblwjgl.dylib
0x00000001296b3000 	/Library/Java/JavaVirtualMachines/jdk1.8.0_71.jdk/Contents/Home/jre/lib/libjawt.dylib
0x0000000009739000 	/System/Library/Frameworks/OpenGL.framework/Versions/A/Resources/GLEngine.bundle/GLEngine
0x0000000009739000 	/System/Library/Frameworks/OpenGL.framework/Versions/A/Libraries/libGLProgrammability.dylib
0x000000012c455000 	/System/Library/Extensions/AppleIntelHD4000GraphicsGLDriver.bundle/Contents/MacOS/AppleIntelHD4000GraphicsGLDriver
0x0000000009739000 	/System/Library/PrivateFrameworks/IOAccelerator.framework/Versions/A/IOAccelerator
0x0000000009739000 	/System/Library/PrivateFrameworks/GPUSupport.framework/Versions/A/Libraries/libGPUSupportMercury.dylib
0x0000000000000000 	/System/Library/Extensions/GeForceGLDriver.bundle/Contents/MacOS/GeForceGLDriver
0x0000000009739000 	/System/Library/Extensions/GeForceGLDriver.bundle/Contents/MacOS/libclh.dylib
0x0000000009739000 	/System/Library/Frameworks/OpenGL.framework/Versions/A/Resources/GLRendererFloat.bundle/GLRendererFloat
0x000000012951a000 	/Users/Murph/csci205FinalProject/externals/Slick/native/libjinput-osx.dylib
0x000000012951f000 	/System/Library/Extensions/IOHIDFamily.kext/Contents/PlugIns/IOHIDLib.plugin/Contents/MacOS/IOHIDLib
0x000000012b766000 	/Users/Murph/csci205FinalProject/externals/Slick/native/openal.dylib
0x000000012d04b000 	/System/Library/Components/CoreAudio.component/Contents/MacOS/CoreAudio
0x00000001296cb000 	/System/Library/Extensions/AppleHDA.kext/Contents/PlugIns/AppleHDAHALPlugIn.bundle/Contents/MacOS/AppleHDAHALPlugIn
0x000000012b7f5000 	/Library/Java/JavaVirtualMachines/jdk1.8.0_71.jdk/Contents/Home/jre/lib/libnio.dylib
0x000000012b8bd000 	/Library/Java/JavaVirtualMachines/jdk1.8.0_71.jdk/Contents/Home/jre/lib/./libnet.dylib
0x0000000130192000 	/Library/Java/JavaVirtualMachines/jdk1.8.0_71.jdk/Contents/Home/jre/lib/libt2k.dylib

VM Arguments:
jvm_args: -Dfile.encoding=UTF-8 -Djava.library.path=./externals/Slick/native 
java_command: main.PokemonOB
java_class_path (initial): /Users/Murph/csci205FinalProject/externals/Slick/ibxm.jar:/Users/Murph/csci205FinalProject/externals/Slick/jinput.jar:/Users/Murph/csci205FinalProject/externals/Slick/jogg-0.0.7.jar:/Users/Murph/csci205FinalProject/externals/Slick/jorbis-0.0.15.jar:/Users/Murph/csci205FinalProject/externals/Slick/lwjgl.jar:/Users/Murph/csci205FinalProject/externals/Slick/lwjgl_util.jar:/Users/Murph/csci205FinalProject/externals/Slick/natives-linux.jar:/Users/Murph/csci205FinalProject/externals/Slick/natives-mac.jar:/Users/Murph/csci205FinalProject/externals/Slick/natives-windows.jar:/Users/Murph/csci205FinalProject/externals/Slick/slick-util.jar:/Users/Murph/csci205FinalProject/externals/Slick/slick.jar:/Users/Murph/csci205FinalProject/externals/jDom/jdom-2.0.6.jar:/Users/Murph/csci205FinalProject/externals/Apache/commons-lang3-3.4.jar:/Users/Murph/csci205FinalProject/build/classes
Launcher Type: SUN_STANDARD

Environment Variables:
PATH=/usr/bin:/bin:/usr/sbin:/sbin
LD_LIBRARY_PATH=/Library/Java/JavaVirtualMachines/jdk1.8.0_71.jdk/Contents/Home/jre/lib/amd64:/Library/Java/JavaVirtualMachines/jdk1.8.0_71.jdk/Contents/Home/jre/lib/i386:
SHELL=/bin/bash
DISPLAY=/private/tmp/com.apple.launchd.4aZgnmfh1v/org.macosforge.xquartz:0
DYLD_LIBRARY_PATH=/Applications/NetBeans/NetBeans 8.0.2.app/Contents/Resources/NetBeans/webcommon/bin:

Signal Handlers:
SIGSEGV: [libjvm.dylib+0x5a68c5], sa_mask[0]=11111111011111110111111111111111, sa_flags=SA_ONSTACK|SA_RESTART|SA_SIGINFO
SIGBUS: [libjvm.dylib+0x5a68c5], sa_mask[0]=11111111011111110111111111111111, sa_flags=SA_RESTART|SA_SIGINFO
SIGFPE: [libjvm.dylib+0x4805d4], sa_mask[0]=11111111011111110111111111111111, sa_flags=SA_RESTART|SA_SIGINFO
SIGPIPE: [libjvm.dylib+0x4805d4], sa_mask[0]=11111111011111110111111111111111, sa_flags=SA_RESTART|SA_SIGINFO
SIGXFSZ: [libjvm.dylib+0x4805d4], sa_mask[0]=11111111011111110111111111111111, sa_flags=SA_RESTART|SA_SIGINFO
SIGILL: [libjvm.dylib+0x4805d4], sa_mask[0]=11111111011111110111111111111111, sa_flags=SA_RESTART|SA_SIGINFO
SIGUSR1: SIG_DFL, sa_mask[0]=00000000000000000000000000000000, sa_flags=none
SIGUSR2: [libjvm.dylib+0x4800f2], sa_mask[0]=00100000000000000000000000000000, sa_flags=SA_RESTART|SA_SIGINFO
SIGHUP: [libjvm.dylib+0x47e6c9], sa_mask[0]=11111111011111110111111111111111, sa_flags=SA_RESTART|SA_SIGINFO
SIGINT: SIG_IGN, sa_mask[0]=00000000000000000000000000000000, sa_flags=none
SIGTERM: [libjvm.dylib+0x47e6c9], sa_mask[0]=11111111011111110111111111111111, sa_flags=SA_RESTART|SA_SIGINFO
SIGQUIT: [libjvm.dylib+0x47e6c9], sa_mask[0]=11111111011111110111111111111111, sa_flags=SA_RESTART|SA_SIGINFO


---------------  S Y S T E M  ---------------

OS:Bsduname:Darwin 14.5.0 Darwin Kernel Version 14.5.0: Mon Jan 11 18:48:35 PST 2016; root:xnu-2782.50.2~1/RELEASE_X86_64 x86_64
rlimit: STACK 8192k, CORE 0k, NPROC 709, NOFILE 10240, AS infinity
load average:1.69 1.56 1.50

CPU:total 8 (4 cores per cpu, 2 threads per core) family 6 model 58 stepping 9, cmov, cx8, fxsr, mmx, sse, sse2, sse3, ssse3, sse4.1, sse4.2, popcnt, avx, aes, clmul, erms, ht, tsc, tscinvbit, tscinv

Memory: 4k page, physical 8388608k(57856k free)

/proc/meminfo:


vm_info: Java HotSpot(TM) 64-Bit Server VM (25.71-b15) for bsd-amd64 JRE (1.8.0_71-b15), built on Dec 22 2015 15:11:44 by "java_re" with gcc 4.2.1 (Based on Apple Inc. build 5658) (LLVM build 2336.11.00)

time: Mon Apr 18 16:38:12 2016
elapsed time: 21 seconds (0d 0h 0m 21s)

