#
# A fatal error has been detected by the Java Runtime Environment:
#
#  SIGSEGV (0xb) at pc=0x00007fff9488d0dd, pid=1366, tid=1811
#
# JRE version: Java(TM) SE Runtime Environment (8.0_71-b15) (build 1.8.0_71-b15)
# Java VM: Java HotSpot(TM) 64-Bit Server VM (25.71-b15 mixed mode bsd-amd64 compressed oops)
# Problematic frame:
# C  [libobjc.A.dylib+0x10dd]  objc_msgSend+0x1d
#
# Failed to write core dump. Core dumps have been disabled. To enable core dumping, try "ulimit -c unlimited" before starting Java again
#
# If you would like to submit a bug report, please visit:
#   http://bugreport.java.com/bugreport/crash.jsp
# The crash happened outside the Java Virtual Machine in native code.
# See problematic frame for where to report the bug.
#

---------------  T H R E A D  ---------------

Current thread (0x00007f8368836000):  JavaThread "AppKit Thread" daemon [_thread_in_native, id=1811, stack(0x00007fff594a8000,0x00007fff59ca8000)]

siginfo: si_signo: 11 (SIGSEGV), si_code: 1 (SEGV_MAPERR), si_addr: 0x000007f836859fe0

Registers:
RAX=0x00007f836859ecb0, RBX=0x00007fff59ca35e8, RCX=0x0000000000000000, RDX=0x00007f83685a4e00
RSP=0x00007fff59ca3408, RBP=0x00007fff59ca3410, RSI=0x00007fff8d07d41e, RDI=0x00007f836859ecb0
R8 =0x00007fff59ca33f0, R9 =0x0000000000000062, R10=0x00007fff8d07d41e, R11=0x000007f836859fc8
R12=0x00007f836a005450, R13=0x00000000000f42fd, R14=0x00007f83687be790, R15=0x00007fff59ca3548
RIP=0x00007fff9488d0dd, EFLAGS=0x0000000000010202, ERR=0x0000000000000004
  TRAPNO=0x000000000000000e

Top of Stack: (sp=0x00007fff59ca3408)
0x00007fff59ca3408:   00007fff93b5745c 00007fff59ca3770
0x00007fff59ca3418:   00007fff93a47634 00007fff59ca349c
0x00007fff59ca3428:   00007fff59ca34a0 00007fff59ca34a4
0x00007fff59ca3438:   00007fff7896ae00 ffffffffffffffff
0x00007fff59ca3448:   0000000000000930 00007fff7896ae18
0x00007fff59ca3458:   00007f83687be790 0000000000000000
0x00007fff59ca3468:   00007fff59ca3540 0000000000000000
0x00007fff59ca3478:   00007f83687430a0 00007fff59ca35c0
0x00007fff59ca3488:   0000000000000062 00000000000f42ff
0x00007fff59ca3498:   00007f83685a4e00 00007f83685a7b60
0x00007fff59ca34a8:   00007f836a005450 0000000000000001
0x00007fff59ca34b8:   00000000000f42fd 00007f836a005440
0x00007fff59ca34c8:   00007fff8e564c05 00000001688e5370
0x00007fff59ca34d8:   00007fff77ff60d0 0000000042000000
0x00007fff59ca34e8:   00007fff8e56be63 00007fff78935240
0x00007fff59ca34f8:   00007fff59ca35c8 0000000000000000
0x00007fff59ca3508:   00007fff7986a8c8 0000000000000000
0x00007fff59ca3518:   0000000000000017 00038c0300000001
0x00007fff59ca3528:   00007f836a005474 0000000000000000
0x00007fff59ca3538:   000000000041d601 00007f83685a99e0
0x00007fff59ca3548:   00007f83687be790 0000000000000000
0x00007fff59ca3558:   00007fff8d0b6458 00007fff59ca3600
0x00007fff59ca3568:   00007fff8e402483 00007fff59ca35e4
0x00007fff59ca3578:   000000000041d701 00000000ffffffff
0x00007fff59ca3588:   00007fff7986a8c8 000000000041d700
0x00007fff59ca3598:   00007fff00000000 00007fff59ca3690
0x00007fff59ca35a8:   00007fff95982770 00007fff7986a8e8
0x00007fff59ca35b8:   00007fff8d0b6458 000000000000005e
0x00007fff59ca35c8:   0000000000000000 00000000000f42f2
0x00007fff59ca35d8:   0000000000000060 0000000000000000
0x00007fff59ca35e8:   00000000000f42fd 00007fff59ca3664
0x00007fff59ca35f8:   000000000041e301 00000000ffffffff 

Instructions: (pc=0x00007fff9488d0dd)
0x00007fff9488d0bd:   00 00 00 48 85 ff 2e 74 7a 40 f6 c7 01 2e 75 7e
0x00007fff9488d0cd:   49 bb f8 ff ff ff ff 7f 00 00 4c 23 1f 49 89 f2
0x00007fff9488d0dd:   45 23 53 18 49 c1 e2 04 4d 03 53 10 49 3b 32 75
0x00007fff9488d0ed:   04 41 ff 62 08 49 83 3a 00 74 6a 4d 3b 53 10 74 

Register to memory mapping:

RAX=0x00007f836859ecb0 is an unknown value
RBX=0x00007fff59ca35e8 is pointing into the stack for thread: 0x00007f8368836000
RCX=0x0000000000000000 is an unknown value
RDX=0x00007f83685a4e00 is an unknown value
RSP=0x00007fff59ca3408 is pointing into the stack for thread: 0x00007f8368836000
RBP=0x00007fff59ca3410 is pointing into the stack for thread: 0x00007f8368836000
RSI=0x00007fff8d07d41e: -[NSTitlebarContainerView transparent]+0x5e312 in /System/Library/Frameworks/AppKit.framework/Versions/C/AppKit at 0x00007fff8c67c000
RDI=0x00007f836859ecb0 is an unknown value
R8 =0x00007fff59ca33f0 is pointing into the stack for thread: 0x00007f8368836000
R9 =0x0000000000000062 is an unknown value
R10=0x00007fff8d07d41e: -[NSTitlebarContainerView transparent]+0x5e312 in /System/Library/Frameworks/AppKit.framework/Versions/C/AppKit at 0x00007fff8c67c000
R11=0x000007f836859fc8 is an unknown value
R12=0x00007f836a005450 is an unknown value
R13=0x00000000000f42fd is an unknown value
R14=0x00007f83687be790 is an unknown value
R15=0x00007fff59ca3548 is pointing into the stack for thread: 0x00007f8368836000


Stack: [0x00007fff594a8000,0x00007fff59ca8000],  sp=0x00007fff59ca3408,  free space=8173k
Native frames: (J=compiled Java code, j=interpreted, Vv=VM code, C=native code)
C  [libobjc.A.dylib+0x10dd]  objc_msgSend+0x1d
C  [CoreFoundation+0x10634]  _CFXNotificationPost+0xc44
C  [Foundation+0x7aa1]  -[NSNotificationCenter postNotificationName:object:userInfo:]+0x42
C  [AppKit+0x439c2]  -[NSSurface _disposeSurface]+0x98
C  [AppKit+0x43426]  -[NSSurface setWindow:]+0x42
C  [AppKit+0x33910]  -[NSView _setWindow:]+0xa33
C  [AppKit+0x6af91]  -[NSView removeFromSuperview]+0x1c5
C  [AppKit+0x14bd99]  -[NSView removeFromSuperviewWithoutNeedingDisplay]+0x26
C  [liblwjgl.dylib+0xa205]  +[MacOSXKeyableWindow destroyWindow]+0xb5
C  [Foundation+0x92dd0]  __NSThreadPerformPerform+0x125
C  [CoreFoundation+0x80a01]  __CFRUNLOOP_IS_CALLING_OUT_TO_A_SOURCE0_PERFORM_FUNCTION__+0x11
C  [CoreFoundation+0x72b8d]  __CFRunLoopDoSources0+0x10d
C  [CoreFoundation+0x721bf]  __CFRunLoopRun+0x39f
C  [CoreFoundation+0x71bd8]  CFRunLoopRunSpecific+0x128
C  [HIToolbox+0x3256f]  RunCurrentEventLoopInMode+0xeb
C  [HIToolbox+0x322ea]  ReceiveNextEventCommon+0x1af
C  [HIToolbox+0x3212b]  _BlockUntilNextEventMatchingListInModeWithFilter+0x47
C  [AppKit+0x918ab]  _DPSNextEvent+0x3d2
C  [AppKit+0x90e58]  -[NSApplication nextEventMatchingMask:untilDate:inMode:dequeue:]+0x15a
C  [libosxapp.dylib+0x23aa]  -[NSApplicationAWT nextEventMatchingMask:untilDate:inMode:dequeue:]+0x7c
C  [AppKit+0x86af3]  -[NSApplication run]+0x252
C  [libosxapp.dylib+0x214d]  +[NSApplicationAWT runAWTLoopWithApp:]+0x9c
C  [libawt_lwawt.dylib+0x4455b]  -[AWTStarter starter:]+0x389
C  [Foundation+0x92dd0]  __NSThreadPerformPerform+0x125
C  [CoreFoundation+0x80a01]  __CFRUNLOOP_IS_CALLING_OUT_TO_A_SOURCE0_PERFORM_FUNCTION__+0x11
C  [CoreFoundation+0x72b8d]  __CFRunLoopDoSources0+0x10d
C  [CoreFoundation+0x721bf]  __CFRunLoopRun+0x39f
C  [CoreFoundation+0x71bd8]  CFRunLoopRunSpecific+0x128
C  [java+0x6463]  CreateExecutionEnvironment+0x367
C  [java+0x21ac]  JLI_Launch+0x7a0
C  [java+0x84c0]  main+0x65
C  [java+0x1a04]  start+0x34
C  0x0000000000000006


---------------  P R O C E S S  ---------------

Java Threads: ( => current thread )
  0x00007f836945c000 JavaThread "AWT-Shutdown" [_thread_blocked, id=39459, stack(0x000000012905c000,0x000000012915c000)]
  0x00007f8369248000 JavaThread "Java2D Queue Flusher" daemon [_thread_blocked, id=54535, stack(0x00000001262a8000,0x00000001263a8000)]
  0x00007f836ad02000 JavaThread "Java2D Disposer" daemon [_thread_blocked, id=53007, stack(0x0000000126ad5000,0x0000000126bd5000)]
=>0x00007f8368836000 JavaThread "AppKit Thread" daemon [_thread_in_native, id=1811, stack(0x00007fff594a8000,0x00007fff59ca8000)]
  0x00007f836b004000 JavaThread "Service Thread" daemon [_thread_blocked, id=20739, stack(0x000000012108c000,0x000000012118c000)]
  0x00007f836903c000 JavaThread "C1 CompilerThread3" daemon [_thread_blocked, id=20227, stack(0x0000000120f89000,0x0000000121089000)]
  0x00007f836903b000 JavaThread "C2 CompilerThread2" daemon [_thread_blocked, id=19715, stack(0x0000000120e86000,0x0000000120f86000)]
  0x00007f836903a800 JavaThread "C2 CompilerThread1" daemon [_thread_blocked, id=19203, stack(0x0000000120d83000,0x0000000120e83000)]
  0x00007f8369059800 JavaThread "C2 CompilerThread0" daemon [_thread_blocked, id=18691, stack(0x0000000120c80000,0x0000000120d80000)]
  0x00007f836a859000 JavaThread "Signal Dispatcher" daemon [_thread_blocked, id=15383, stack(0x0000000120b7d000,0x0000000120c7d000)]
  0x00007f836a80d000 JavaThread "Finalizer" daemon [_thread_blocked, id=13571, stack(0x000000011f168000,0x000000011f268000)]
  0x00007f836a80c000 JavaThread "Reference Handler" daemon [_thread_blocked, id=13059, stack(0x000000011f065000,0x000000011f165000)]
  0x00007f8369002800 JavaThread "main" [_thread_in_native, id=4867, stack(0x000000010606f000,0x000000010616f000)]

Other Threads:
  0x00007f8368822000 VMThread [stack: 0x000000011ef62000,0x000000011f062000] [id=12547]
  0x00007f836a818000 WatcherThread [stack: 0x000000012118f000,0x000000012128f000] [id=21251]

VM state:not at safepoint (normal execution)

VM Mutex/Monitor currently owned by a thread: None

Heap:
 PSYoungGen      total 138240K, used 15750K [0x0000000795580000, 0x00000007a9280000, 0x00000007c0000000)
  eden space 133120K, 7% used [0x0000000795580000,0x0000000795fe3a38,0x000000079d780000)
  from space 5120K, 99% used [0x000000079d780000,0x000000079dc7e040,0x000000079dc80000)
  to   space 29184K, 0% used [0x00000007a7600000,0x00000007a7600000,0x00000007a9280000)
 ParOldGen       total 87552K, used 62983K [0x0000000740000000, 0x0000000745580000, 0x0000000795580000)
  object space 87552K, 71% used [0x0000000740000000,0x0000000743d81c48,0x0000000745580000)
 Metaspace       used 12869K, capacity 13061K, committed 13184K, reserved 1060864K
  class space    used 1324K, capacity 1377K, committed 1408K, reserved 1048576K

Card table byte_map: [0x000000011754f000,0x0000000117950000] byte_map_base: 0x0000000113b4f000

Marking Bits: (ParMarkBitMap*) 0x0000000107ae3ea0
 Begin Bits: [0x0000000118413000, 0x000000011a413000)
 End Bits:   [0x000000011a413000, 0x000000011c413000)

Polling page: 0x00000001061b4000

CodeCache: size=245760Kb used=7055Kb max_used=7574Kb free=238704Kb
 bounds [0x000000010818f000, 0x000000010890f000, 0x000000011718f000]
 total_blobs=2347 nmethods=1783 adapters=478
 compilation: enabled

Compilation events (10 events):
Event: 63.563 Thread 0x00007f836903c000 1878       3       sun.nio.ch.FileDispatcherImpl::read (8 bytes)
Event: 63.563 Thread 0x00007f836903c000 nmethod 1878 0x00000001083348d0 code [0x0000000108334a40, 0x0000000108334bc8]
Event: 63.620 Thread 0x00007f8369059800 1880       4       java.lang.Object::equals (11 bytes)
Event: 63.620 Thread 0x00007f8369059800 nmethod 1880 0x000000010828e910 code [0x000000010828ea60, 0x000000010828ead8]
Event: 64.857 Thread 0x00007f836903c000 1881       3       java.lang.Object::wait (6 bytes)
Event: 64.857 Thread 0x00007f836903c000 nmethod 1881 0x0000000108362590 code [0x0000000108362700, 0x0000000108362908]
Event: 65.082 Thread 0x00007f836903c000 1882       3       sun.awt.AWTAutoShutdown::notifyToolkitThreadBusy (8 bytes)
Event: 65.082 Thread 0x00007f836903c000 nmethod 1882 0x0000000108355250 code [0x00000001083553c0, 0x0000000108355588]
Event: 65.082 Thread 0x00007f836903c000 1883       3       sun.awt.AWTAutoShutdown::notifyToolkitThreadFree (8 bytes)
Event: 65.082 Thread 0x00007f836903c000 nmethod 1883 0x000000010829b550 code [0x000000010829b6c0, 0x000000010829b888]

GC Heap History (10 events):
Event: 0.646 GC heap before
{Heap before GC invocations=1 (full 0):
 PSYoungGen      total 38400K, used 33280K [0x0000000795580000, 0x0000000798000000, 0x00000007c0000000)
  eden space 33280K, 100% used [0x0000000795580000,0x0000000797600000,0x0000000797600000)
  from space 5120K, 0% used [0x0000000797b00000,0x0000000797b00000,0x0000000798000000)
  to   space 5120K, 0% used [0x0000000797600000,0x0000000797600000,0x0000000797b00000)
 ParOldGen       total 87552K, used 0K [0x0000000740000000, 0x0000000745580000, 0x0000000795580000)
  object space 87552K, 0% used [0x0000000740000000,0x0000000740000000,0x0000000745580000)
 Metaspace       used 6424K, capacity 6648K, committed 6784K, reserved 1056768K
  class space    used 700K, capacity 792K, committed 896K, reserved 1048576K
Event: 0.665 GC heap after
Heap after GC invocations=1 (full 0):
 PSYoungGen      total 38400K, used 5104K [0x0000000795580000, 0x000000079a080000, 0x00000007c0000000)
  eden space 33280K, 0% used [0x0000000795580000,0x0000000795580000,0x0000000797600000)
  from space 5120K, 99% used [0x0000000797600000,0x0000000797afc030,0x0000000797b00000)
  to   space 5120K, 0% used [0x0000000799b80000,0x0000000799b80000,0x000000079a080000)
 ParOldGen       total 87552K, used 20118K [0x0000000740000000, 0x0000000745580000, 0x0000000795580000)
  object space 87552K, 22% used [0x0000000740000000,0x00000007413a5b48,0x0000000745580000)
 Metaspace       used 6424K, capacity 6648K, committed 6784K, reserved 1056768K
  class space    used 700K, capacity 792K, committed 896K, reserved 1048576K
}
Event: 1.722 GC heap before
{Heap before GC invocations=2 (full 0):
 PSYoungGen      total 38400K, used 38158K [0x0000000795580000, 0x000000079a080000, 0x00000007c0000000)
  eden space 33280K, 99% used [0x0000000795580000,0x00000007975c7920,0x0000000797600000)
  from space 5120K, 99% used [0x0000000797600000,0x0000000797afc030,0x0000000797b00000)
  to   space 5120K, 0% used [0x0000000799b80000,0x0000000799b80000,0x000000079a080000)
 ParOldGen       total 87552K, used 20118K [0x0000000740000000, 0x0000000745580000, 0x0000000795580000)
  object space 87552K, 22% used [0x0000000740000000,0x00000007413a5b48,0x0000000745580000)
 Metaspace       used 11448K, capacity 11673K, committed 11776K, reserved 1060864K
  class space    used 1210K, capacity 1279K, committed 1280K, reserved 1048576K
Event: 1.738 GC heap after
Heap after GC invocations=2 (full 0):
 PSYoungGen      total 71680K, used 5096K [0x0000000795580000, 0x000000079a080000, 0x00000007c0000000)
  eden space 66560K, 0% used [0x0000000795580000,0x0000000795580000,0x0000000799680000)
  from space 5120K, 99% used [0x0000000799b80000,0x000000079a07a168,0x000000079a080000)
  to   space 5120K, 0% used [0x0000000799680000,0x0000000799680000,0x0000000799b80000)
 ParOldGen       total 87552K, used 39042K [0x0000000740000000, 0x0000000745580000, 0x0000000795580000)
  object space 87552K, 44% used [0x0000000740000000,0x0000000742620b58,0x0000000745580000)
 Metaspace       used 11448K, capacity 11673K, committed 11776K, reserved 1060864K
  class space    used 1210K, capacity 1279K, committed 1280K, reserved 1048576K
}
Event: 2.556 GC heap before
{Heap before GC invocations=3 (full 0):
 PSYoungGen      total 71680K, used 59775K [0x0000000795580000, 0x000000079a080000, 0x00000007c0000000)
  eden space 66560K, 82% used [0x0000000795580000,0x0000000798ae5e90,0x0000000799680000)
  from space 5120K, 99% used [0x0000000799b80000,0x000000079a07a168,0x000000079a080000)
  to   space 5120K, 0% used [0x0000000799680000,0x0000000799680000,0x0000000799b80000)
 ParOldGen       total 87552K, used 39042K [0x0000000740000000, 0x0000000745580000, 0x0000000795580000)
  object space 87552K, 44% used [0x0000000740000000,0x0000000742620b58,0x0000000745580000)
 Metaspace       used 12073K, capacity 12261K, committed 12416K, reserved 1060864K
  class space    used 1270K, capacity 1345K, committed 1408K, reserved 1048576K
Event: 2.568 GC heap after
Heap after GC invocations=3 (full 0):
 PSYoungGen      total 71680K, used 5110K [0x0000000795580000, 0x000000079e180000, 0x00000007c0000000)
  eden space 66560K, 0% used [0x0000000795580000,0x0000000795580000,0x0000000799680000)
  from space 5120K, 99% used [0x0000000799680000,0x0000000799b7d858,0x0000000799b80000)
  to   space 5120K, 0% used [0x000000079dc80000,0x000000079dc80000,0x000000079e180000)
 ParOldGen       total 87552K, used 47787K [0x0000000740000000, 0x0000000745580000, 0x0000000795580000)
  object space 87552K, 54% used [0x0000000740000000,0x0000000742eaad40,0x0000000745580000)
 Metaspace       used 12073K, capacity 12261K, committed 12416K, reserved 1060864K
  class space    used 1270K, capacity 1345K, committed 1408K, reserved 1048576K
}
Event: 4.708 GC heap before
{Heap before GC invocations=4 (full 0):
 PSYoungGen      total 71680K, used 71670K [0x0000000795580000, 0x000000079e180000, 0x00000007c0000000)
  eden space 66560K, 100% used [0x0000000795580000,0x0000000799680000,0x0000000799680000)
  from space 5120K, 99% used [0x0000000799680000,0x0000000799b7d858,0x0000000799b80000)
  to   space 5120K, 0% used [0x000000079dc80000,0x000000079dc80000,0x000000079e180000)
 ParOldGen       total 87552K, used 47787K [0x0000000740000000, 0x0000000745580000, 0x0000000795580000)
  object space 87552K, 54% used [0x0000000740000000,0x0000000742eaad40,0x0000000745580000)
 Metaspace       used 12429K, capacity 12645K, committed 12928K, reserved 1060864K
  class space    used 1293K, capacity 1345K, committed 1408K, reserved 1048576K
Event: 4.721 GC heap after
Heap after GC invocations=4 (full 0):
 PSYoungGen      total 138240K, used 5110K [0x0000000795580000, 0x000000079e180000, 0x00000007c0000000)
  eden space 133120K, 0% used [0x0000000795580000,0x0000000795580000,0x000000079d780000)
  from space 5120K, 99% used [0x000000079dc80000,0x000000079e17d888,0x000000079e180000)
  to   space 5120K, 0% used [0x000000079d780000,0x000000079d780000,0x000000079dc80000)
 ParOldGen       total 87552K, used 54188K [0x0000000740000000, 0x0000000745580000, 0x0000000795580000)
  object space 87552K, 61% used [0x0000000740000000,0x00000007434eb358,0x0000000745580000)
 Metaspace       used 12429K, capacity 12645K, committed 12928K, reserved 1060864K
  class space    used 1293K, capacity 1345K, committed 1408K, reserved 1048576K
}
Event: 63.603 GC heap before
{Heap before GC invocations=5 (full 0):
 PSYoungGen      total 138240K, used 138230K [0x0000000795580000, 0x000000079e180000, 0x00000007c0000000)
  eden space 133120K, 100% used [0x0000000795580000,0x000000079d780000,0x000000079d780000)
  from space 5120K, 99% used [0x000000079dc80000,0x000000079e17d888,0x000000079e180000)
  to   space 5120K, 0% used [0x000000079d780000,0x000000079d780000,0x000000079dc80000)
 ParOldGen       total 87552K, used 54188K [0x0000000740000000, 0x0000000745580000, 0x0000000795580000)
  object space 87552K, 61% used [0x0000000740000000,0x00000007434eb358,0x0000000745580000)
 Metaspace       used 12862K, capacity 13061K, committed 13184K, reserved 1060864K
  class space    used 1324K, capacity 1377K, committed 1408K, reserved 1048576K
Event: 63.616 GC heap after
Heap after GC invocations=5 (full 0):
 PSYoungGen      total 138240K, used 5112K [0x0000000795580000, 0x00000007a9280000, 0x00000007c0000000)
  eden space 133120K, 0% used [0x0000000795580000,0x0000000795580000,0x000000079d780000)
  from space 5120K, 99% used [0x000000079d780000,0x000000079dc7e040,0x000000079dc80000)
  to   space 29184K, 0% used [0x00000007a7600000,0x00000007a7600000,0x00000007a9280000)
 ParOldGen       total 87552K, used 62983K [0x0000000740000000, 0x0000000745580000, 0x0000000795580000)
  object space 87552K, 71% used [0x0000000740000000,0x0000000743d81c48,0x0000000745580000)
 Metaspace       used 12862K, capacity 13061K, committed 13184K, reserved 1060864K
  class space    used 1324K, capacity 1377K, committed 1408K, reserved 1048576K
}

Deoptimization events (10 events):
Event: 2.172 Thread 0x00007f8369002800 Uncommon trap: reason=unstable_if action=reinterpret pc=0x00000001086e3b58 method=org.newdawn.slick.openal.OggInputStream.readPCM()V @ 283
Event: 2.182 Thread 0x00007f8369002800 Uncommon trap: reason=unstable_if action=reinterpret pc=0x000000010863e760 method=org.newdawn.slick.openal.OggInputStream.readPCM()V @ 283
Event: 2.290 Thread 0x00007f8369002800 Uncommon trap: reason=unstable_if action=reinterpret pc=0x00000001086f7b1c method=org.newdawn.slick.openal.OggInputStream.readPCM()V @ 270
Event: 2.893 Thread 0x00007f8369002800 Uncommon trap: reason=unstable_if action=reinterpret pc=0x000000010865e804 method=com.jcraft.jorbis.Floor1.inverse1(Lcom/jcraft/jorbis/Block;Ljava/lang/Object;Ljava/lang/Object;)Ljava/lang/Object; @ 31
Event: 2.893 Thread 0x00007f8369002800 Uncommon trap: reason=unstable_if action=reinterpret pc=0x000000010864aeec method=com.jcraft.jorbis.Mapping0.inverse(Lcom/jcraft/jorbis/Block;Ljava/lang/Object;)I @ 207
Event: 2.893 Thread 0x00007f8369002800 Uncommon trap: reason=unstable_if action=reinterpret pc=0x00000001086def54 method=com.jcraft.jorbis.Residue2.inverse(Lcom/jcraft/jorbis/Block;Ljava/lang/Object;[[F[II)I @ 14
Event: 2.893 Thread 0x00007f8369002800 Uncommon trap: reason=unreached action=reinterpret pc=0x000000010862dfbc method=com.jcraft.jorbis.Mapping0.inverse(Lcom/jcraft/jorbis/Block;Ljava/lang/Object;)I @ 849
Event: 4.649 Thread 0x00007f8369002800 Uncommon trap: reason=unstable_if action=reinterpret pc=0x000000010836d718 method=java.lang.String.<init>([CII)V @ 18
Event: 4.922 Thread 0x00007f8369002800 Uncommon trap: reason=class_check action=maybe_recompile pc=0x00000001083a8abc method=java.util.concurrent.ConcurrentHashMap.get(Ljava/lang/Object;)Ljava/lang/Object; @ 149
Event: 4.923 Thread 0x00007f8369002800 Uncommon trap: reason=unstable_if action=reinterpret pc=0x0000000108592d34 method=java.lang.String.<init>([CII)V @ 18

Internal exceptions (10 events):
Event: 0.154 Thread 0x00007f8369002800 Exception <a 'java/lang/NoSuchFieldError': method resolution failed> (0x00000007959220c0) thrown at [/Users/java_re/workspace/8-2-build-macosx-x86_64/jdk8u71/5731/hotspot/src/share/vm/prims/methodHandles.cpp, line 1146]
Event: 0.155 Thread 0x00007f8369002800 Exception <a 'java/lang/NoSuchFieldError': method resolution failed> (0x000000079592f810) thrown at [/Users/java_re/workspace/8-2-build-macosx-x86_64/jdk8u71/5731/hotspot/src/share/vm/prims/methodHandles.cpp, line 1146]
Event: 0.312 Thread 0x00007f8369002800 Exception <a 'java/io/FileNotFoundException'> (0x00000007959ab358) thrown at [/Users/java_re/workspace/8-2-build-macosx-x86_64/jdk8u71/5731/hotspot/src/share/vm/prims/jni.cpp, line 709]
Event: 0.312 Thread 0x00007f8369002800 Exception <a 'java/io/FileNotFoundException'> (0x00000007959abea0) thrown at [/Users/java_re/workspace/8-2-build-macosx-x86_64/jdk8u71/5731/hotspot/src/share/vm/prims/jni.cpp, line 709]
Event: 1.312 Thread 0x00007f8369002800 Exception <a 'java/security/PrivilegedActionException'> (0x0000000796bccdc0) thrown at [/Users/java_re/workspace/8-2-build-macosx-x86_64/jdk8u71/5731/hotspot/src/share/vm/prims/jvm.cpp, line 1386]
Event: 1.312 Thread 0x00007f8369002800 Exception <a 'java/security/PrivilegedActionException'> (0x0000000796bce9a8) thrown at [/Users/java_re/workspace/8-2-build-macosx-x86_64/jdk8u71/5731/hotspot/src/share/vm/prims/jvm.cpp, line 1386]
Event: 1.312 Thread 0x00007f8369002800 Exception <a 'java/security/PrivilegedActionException'> (0x0000000796bcfac8) thrown at [/Users/java_re/workspace/8-2-build-macosx-x86_64/jdk8u71/5731/hotspot/src/share/vm/prims/jvm.cpp, line 1386]
Event: 1.312 Thread 0x00007f8369002800 Exception <a 'java/security/PrivilegedActionException'> (0x0000000796bd4be8) thrown at [/Users/java_re/workspace/8-2-build-macosx-x86_64/jdk8u71/5731/hotspot/src/share/vm/prims/jvm.cpp, line 1386]
Event: 1.312 Thread 0x00007f8369002800 Exception <a 'java/security/PrivilegedActionException'> (0x0000000796bd5840) thrown at [/Users/java_re/workspace/8-2-build-macosx-x86_64/jdk8u71/5731/hotspot/src/share/vm/prims/jvm.cpp, line 1386]
Event: 1.312 Thread 0x00007f8369002800 Exception <a 'java/security/PrivilegedActionException'> (0x0000000796bd6468) thrown at [/Users/java_re/workspace/8-2-build-macosx-x86_64/jdk8u71/5731/hotspot/src/share/vm/prims/jvm.cpp, line 1386]

Events (10 events):
Event: 50.256 Thread 0x00007f836903b000 flushing nmethod 0x000000010840d410
Event: 61.195 Thread 0x00007f836b037000 Thread added: 0x00007f836b037000
Event: 62.999 Executing VM operation: RevokeBias
Event: 62.999 Executing VM operation: RevokeBias done
Event: 62.999 Thread 0x00007f836b037000 Thread exited: 0x00007f836b037000
Event: 63.383 Thread 0x00007f836945c000 Thread added: 0x00007f836945c000
Event: 63.603 Executing VM operation: ParallelGCFailedAllocation
Event: 63.616 Executing VM operation: ParallelGCFailedAllocation done
Event: 65.387 loading class org/lwjgl/opengl/CallbackUtil
Event: 65.387 loading class org/lwjgl/opengl/CallbackUtil done


Dynamic libraries:
0x0000000007947000 	/System/Library/Frameworks/Cocoa.framework/Versions/A/Cocoa
0x0000000007947000 	/System/Library/Frameworks/Security.framework/Versions/A/Security
0x0000000007947000 	/System/Library/Frameworks/ApplicationServices.framework/Versions/A/ApplicationServices
0x0000000007947000 	/usr/lib/libz.1.dylib
0x0000000007947000 	/usr/lib/libSystem.B.dylib
0x0000000007947000 	/usr/lib/libobjc.A.dylib
0x0000000007947000 	/System/Library/Frameworks/CoreFoundation.framework/Versions/A/CoreFoundation
0x0000000007947000 	/System/Library/Frameworks/Foundation.framework/Versions/C/Foundation
0x0000000007947000 	/System/Library/Frameworks/AppKit.framework/Versions/C/AppKit
0x0000000007947000 	/System/Library/Frameworks/CoreData.framework/Versions/A/CoreData
0x0000000007947000 	/System/Library/PrivateFrameworks/RemoteViewServices.framework/Versions/A/RemoteViewServices
0x0000000007947000 	/System/Library/PrivateFrameworks/UIFoundation.framework/Versions/A/UIFoundation
0x0000000007947000 	/System/Library/Frameworks/IOSurface.framework/Versions/A/IOSurface
0x0000000007947000 	/System/Library/Frameworks/AudioToolbox.framework/Versions/A/AudioToolbox
0x0000000007947000 	/System/Library/Frameworks/AudioUnit.framework/Versions/A/AudioUnit
0x0000000007947000 	/System/Library/PrivateFrameworks/DataDetectorsCore.framework/Versions/A/DataDetectorsCore
0x0000000007947000 	/System/Library/PrivateFrameworks/DesktopServicesPriv.framework/Versions/A/DesktopServicesPriv
0x0000000007947000 	/System/Library/Frameworks/Carbon.framework/Versions/A/Frameworks/HIToolbox.framework/Versions/A/HIToolbox
0x0000000007947000 	/System/Library/Frameworks/QuartzCore.framework/Versions/A/QuartzCore
0x0000000007947000 	/System/Library/Frameworks/Carbon.framework/Versions/A/Frameworks/SpeechRecognition.framework/Versions/A/SpeechRecognition
0x0000000007947000 	/usr/lib/libauto.dylib
0x0000000007947000 	/usr/lib/libicucore.A.dylib
0x0000000007947000 	/usr/lib/libxml2.2.dylib
0x0000000007947000 	/System/Library/PrivateFrameworks/CoreUI.framework/Versions/A/CoreUI
0x0000000007947000 	/System/Library/Frameworks/CoreAudio.framework/Versions/A/CoreAudio
0x0000000007947000 	/System/Library/Frameworks/DiskArbitration.framework/Versions/A/DiskArbitration
0x0000000007947000 	/usr/lib/liblangid.dylib
0x0000000007947000 	/System/Library/PrivateFrameworks/MultitouchSupport.framework/Versions/A/MultitouchSupport
0x0000000007947000 	/System/Library/Frameworks/IOKit.framework/Versions/A/IOKit
0x0000000007947000 	/usr/lib/libDiagnosticMessagesClient.dylib
0x0000000007947000 	/System/Library/Frameworks/CoreServices.framework/Versions/A/CoreServices
0x0000000007947000 	/System/Library/PrivateFrameworks/PerformanceAnalysis.framework/Versions/A/PerformanceAnalysis
0x0000000007947000 	/System/Library/PrivateFrameworks/GenerationalStorage.framework/Versions/A/GenerationalStorage
0x0000000007947000 	/System/Library/Frameworks/OpenGL.framework/Versions/A/OpenGL
0x0000000007947000 	/System/Library/PrivateFrameworks/Sharing.framework/Versions/A/Sharing
0x0000000007947000 	/System/Library/Frameworks/CoreGraphics.framework/Versions/A/CoreGraphics
0x0000000007947000 	/System/Library/Frameworks/CoreText.framework/Versions/A/CoreText
0x0000000007947000 	/System/Library/Frameworks/ImageIO.framework/Versions/A/ImageIO
0x0000000007947000 	/usr/lib/libextension.dylib
0x0000000007947000 	/System/Library/PrivateFrameworks/Backup.framework/Versions/A/Backup
0x0000000007947000 	/usr/lib/libarchive.2.dylib
0x0000000007947000 	/System/Library/Frameworks/CFNetwork.framework/Versions/A/CFNetwork
0x0000000007947000 	/System/Library/Frameworks/SystemConfiguration.framework/Versions/A/SystemConfiguration
0x0000000007947000 	/usr/lib/libCRFSuite.dylib
0x0000000007947000 	/usr/lib/libc++.1.dylib
0x0000000007947000 	/usr/lib/libc++abi.dylib
0x0000000007947000 	/usr/lib/system/libcache.dylib
0x0000000007947000 	/usr/lib/system/libcommonCrypto.dylib
0x0000000007947000 	/usr/lib/system/libcompiler_rt.dylib
0x0000000007947000 	/usr/lib/system/libcopyfile.dylib
0x0000000007947000 	/usr/lib/system/libcorecrypto.dylib
0x0000000007947000 	/usr/lib/system/libdispatch.dylib
0x0000000007947000 	/usr/lib/system/libdyld.dylib
0x0000000007947000 	/usr/lib/system/libkeymgr.dylib
0x0000000007947000 	/usr/lib/system/liblaunch.dylib
0x0000000007947000 	/usr/lib/system/libmacho.dylib
0x0000000007947000 	/usr/lib/system/libquarantine.dylib
0x0000000007947000 	/usr/lib/system/libremovefile.dylib
0x0000000007947000 	/usr/lib/system/libsystem_asl.dylib
0x0000000007947000 	/usr/lib/system/libsystem_blocks.dylib
0x0000000007947000 	/usr/lib/system/libsystem_c.dylib
0x0000000007947000 	/usr/lib/system/libsystem_configuration.dylib
0x0000000007947000 	/usr/lib/system/libsystem_coreservices.dylib
0x0000000007947000 	/usr/lib/system/libsystem_coretls.dylib
0x0000000007947000 	/usr/lib/system/libsystem_dnssd.dylib
0x0000000007947000 	/usr/lib/system/libsystem_info.dylib
0x0000000007947000 	/usr/lib/system/libsystem_kernel.dylib
0x0000000007947000 	/usr/lib/system/libsystem_m.dylib
0x0000000007947000 	/usr/lib/system/libsystem_malloc.dylib
0x0000000007947000 	/usr/lib/system/libsystem_network.dylib
0x0000000007947000 	/usr/lib/system/libsystem_networkextension.dylib
0x0000000007947000 	/usr/lib/system/libsystem_notify.dylib
0x0000000007947000 	/usr/lib/system/libsystem_platform.dylib
0x0000000007947000 	/usr/lib/system/libsystem_pthread.dylib
0x0000000007947000 	/usr/lib/system/libsystem_sandbox.dylib
0x0000000007947000 	/usr/lib/system/libsystem_secinit.dylib
0x0000000007947000 	/usr/lib/system/libsystem_stats.dylib
0x0000000007947000 	/usr/lib/system/libsystem_trace.dylib
0x0000000007947000 	/usr/lib/system/libunc.dylib
0x0000000007947000 	/usr/lib/system/libunwind.dylib
0x0000000007947000 	/usr/lib/system/libxpc.dylib
0x0000000007947000 	/usr/lib/libbz2.1.0.dylib
0x0000000007947000 	/usr/lib/liblzma.5.dylib
0x0000000007947000 	/usr/lib/libbsm.0.dylib
0x0000000007947000 	/usr/lib/libsqlite3.dylib
0x0000000007947000 	/usr/lib/system/libkxld.dylib
0x0000000007947000 	/usr/lib/libxar.1.dylib
0x0000000007947000 	/usr/lib/libpam.2.dylib
0x0000000007947000 	/usr/lib/libOpenScriptingUtil.dylib
0x0000000007947000 	/System/Library/Frameworks/CoreServices.framework/Versions/A/Frameworks/FSEvents.framework/Versions/A/FSEvents
0x0000000007947000 	/System/Library/Frameworks/CoreServices.framework/Versions/A/Frameworks/CarbonCore.framework/Versions/A/CarbonCore
0x0000000007947000 	/System/Library/Frameworks/CoreServices.framework/Versions/A/Frameworks/Metadata.framework/Versions/A/Metadata
0x0000000007947000 	/System/Library/Frameworks/CoreServices.framework/Versions/A/Frameworks/OSServices.framework/Versions/A/OSServices
0x0000000007947000 	/System/Library/Frameworks/CoreServices.framework/Versions/A/Frameworks/SearchKit.framework/Versions/A/SearchKit
0x0000000007947000 	/System/Library/Frameworks/CoreServices.framework/Versions/A/Frameworks/AE.framework/Versions/A/AE
0x0000000007947000 	/System/Library/Frameworks/CoreServices.framework/Versions/A/Frameworks/LaunchServices.framework/Versions/A/LaunchServices
0x0000000007947000 	/System/Library/Frameworks/CoreServices.framework/Versions/A/Frameworks/DictionaryServices.framework/Versions/A/DictionaryServices
0x0000000007947000 	/System/Library/Frameworks/NetFS.framework/Versions/A/NetFS
0x0000000007947000 	/System/Library/PrivateFrameworks/NetAuth.framework/Versions/A/NetAuth
0x0000000007947000 	/System/Library/PrivateFrameworks/login.framework/Versions/A/Frameworks/loginsupport.framework/Versions/A/loginsupport
0x0000000007947000 	/System/Library/PrivateFrameworks/TCC.framework/Versions/A/TCC
0x0000000007947000 	/usr/lib/libmecabra.dylib
0x0000000007947000 	/System/Library/Frameworks/ApplicationServices.framework/Versions/A/Frameworks/ATS.framework/Versions/A/ATS
0x0000000007947000 	/System/Library/Frameworks/ApplicationServices.framework/Versions/A/Frameworks/ColorSync.framework/Versions/A/ColorSync
0x0000000007947000 	/System/Library/Frameworks/ApplicationServices.framework/Versions/A/Frameworks/HIServices.framework/Versions/A/HIServices
0x0000000007947000 	/System/Library/Frameworks/ApplicationServices.framework/Versions/A/Frameworks/LangAnalysis.framework/Versions/A/LangAnalysis
0x0000000007947000 	/System/Library/Frameworks/ApplicationServices.framework/Versions/A/Frameworks/PrintCore.framework/Versions/A/PrintCore
0x0000000007947000 	/System/Library/Frameworks/ApplicationServices.framework/Versions/A/Frameworks/QD.framework/Versions/A/QD
0x0000000007947000 	/System/Library/Frameworks/ApplicationServices.framework/Versions/A/Frameworks/SpeechSynthesis.framework/Versions/A/SpeechSynthesis
0x0000000007947000 	/System/Library/Frameworks/Accelerate.framework/Versions/A/Accelerate
0x0000000007947000 	/System/Library/Frameworks/Accelerate.framework/Versions/A/Frameworks/vImage.framework/Versions/A/vImage
0x0000000007947000 	/System/Library/Frameworks/Accelerate.framework/Versions/A/Frameworks/vecLib.framework/Versions/A/vecLib
0x0000000007947000 	/System/Library/Frameworks/Accelerate.framework/Versions/A/Frameworks/vecLib.framework/Versions/A/libvDSP.dylib
0x0000000007947000 	/System/Library/Frameworks/Accelerate.framework/Versions/A/Frameworks/vecLib.framework/Versions/A/libvMisc.dylib
0x0000000007947000 	/System/Library/Frameworks/Accelerate.framework/Versions/A/Frameworks/vecLib.framework/Versions/A/libLAPACK.dylib
0x0000000007947000 	/System/Library/Frameworks/Accelerate.framework/Versions/A/Frameworks/vecLib.framework/Versions/A/libBLAS.dylib
0x0000000007947000 	/System/Library/Frameworks/Accelerate.framework/Versions/A/Frameworks/vecLib.framework/Versions/A/libLinearAlgebra.dylib
0x0000000007947000 	/System/Library/Frameworks/ApplicationServices.framework/Versions/A/Frameworks/ATS.framework/Versions/A/Resources/libFontParser.dylib
0x0000000007947000 	/System/Library/Frameworks/ApplicationServices.framework/Versions/A/Frameworks/ATS.framework/Versions/A/Resources/libFontRegistry.dylib
0x0000000007947000 	/System/Library/PrivateFrameworks/AppleVPA.framework/Versions/A/AppleVPA
0x0000000007947000 	/System/Library/PrivateFrameworks/AppleJPEG.framework/Versions/A/AppleJPEG
0x0000000007947000 	/System/Library/Frameworks/ImageIO.framework/Versions/A/Resources/libJPEG.dylib
0x0000000007947000 	/System/Library/Frameworks/ImageIO.framework/Versions/A/Resources/libTIFF.dylib
0x0000000007947000 	/System/Library/Frameworks/ImageIO.framework/Versions/A/Resources/libPng.dylib
0x0000000007947000 	/System/Library/Frameworks/ImageIO.framework/Versions/A/Resources/libGIF.dylib
0x0000000007947000 	/System/Library/Frameworks/ImageIO.framework/Versions/A/Resources/libJP2.dylib
0x0000000007947000 	/System/Library/Frameworks/ImageIO.framework/Versions/A/Resources/libRadiance.dylib
0x0000000007947000 	/System/Library/Frameworks/CoreVideo.framework/Versions/A/CoreVideo
0x0000000007947000 	/System/Library/Frameworks/OpenGL.framework/Versions/A/Libraries/libGLU.dylib
0x0000000007947000 	/System/Library/Frameworks/OpenGL.framework/Versions/A/Libraries/libGFXShared.dylib
0x0000000007947000 	/System/Library/Frameworks/OpenGL.framework/Versions/A/Libraries/libGL.dylib
0x0000000007947000 	/System/Library/Frameworks/OpenGL.framework/Versions/A/Libraries/libGLImage.dylib
0x0000000007947000 	/System/Library/Frameworks/OpenGL.framework/Versions/A/Libraries/libCVMSPluginSupport.dylib
0x0000000007947000 	/System/Library/Frameworks/OpenGL.framework/Versions/A/Libraries/libCoreVMClient.dylib
0x0000000007947000 	/usr/lib/libcups.2.dylib
0x0000000007947000 	/System/Library/Frameworks/Kerberos.framework/Versions/A/Kerberos
0x0000000007947000 	/System/Library/Frameworks/GSS.framework/Versions/A/GSS
0x0000000007947000 	/usr/lib/libresolv.9.dylib
0x0000000007947000 	/usr/lib/libiconv.2.dylib
0x0000000007947000 	/System/Library/PrivateFrameworks/Heimdal.framework/Versions/A/Heimdal
0x0000000007947000 	/usr/lib/libheimdal-asn1.dylib
0x0000000007947000 	/System/Library/Frameworks/OpenDirectory.framework/Versions/A/OpenDirectory
0x0000000007947000 	/System/Library/PrivateFrameworks/CommonAuth.framework/Versions/A/CommonAuth
0x0000000007947000 	/System/Library/Frameworks/OpenDirectory.framework/Versions/A/Frameworks/CFOpenDirectory.framework/Versions/A/CFOpenDirectory
0x0000000007947000 	/System/Library/Frameworks/SecurityFoundation.framework/Versions/A/SecurityFoundation
0x0000000007947000 	/System/Library/PrivateFrameworks/LanguageModeling.framework/Versions/A/LanguageModeling
0x0000000007947000 	/usr/lib/libcmph.dylib
0x0000000007947000 	/System/Library/Frameworks/ServiceManagement.framework/Versions/A/ServiceManagement
0x0000000007947000 	/usr/lib/libxslt.1.dylib
0x0000000007947000 	/System/Library/Frameworks/Carbon.framework/Versions/A/Frameworks/Ink.framework/Versions/A/Ink
0x0000000007947000 	/System/Library/Frameworks/QuartzCore.framework/Versions/A/Frameworks/CoreImage.framework/Versions/A/CoreImage
0x0000000007947000 	/System/Library/PrivateFrameworks/CrashReporterSupport.framework/Versions/A/CrashReporterSupport
0x0000000007947000 	/System/Library/Frameworks/OpenCL.framework/Versions/A/OpenCL
0x0000000007947000 	/System/Library/PrivateFrameworks/FaceCore.framework/Versions/A/FaceCore
0x0000000007947000 	/System/Library/PrivateFrameworks/Ubiquity.framework/Versions/A/Ubiquity
0x0000000007947000 	/System/Library/PrivateFrameworks/IconServices.framework/Versions/A/IconServices
0x0000000007947000 	/System/Library/PrivateFrameworks/ChunkingLibrary.framework/Versions/A/ChunkingLibrary
0x0000000007947000 	/System/Library/PrivateFrameworks/Apple80211.framework/Versions/A/Apple80211
0x0000000007947000 	/System/Library/Frameworks/CoreWLAN.framework/Versions/A/CoreWLAN
0x0000000007947000 	/System/Library/Frameworks/IOBluetooth.framework/Versions/A/IOBluetooth
0x0000000007947000 	/System/Library/PrivateFrameworks/CoreWiFi.framework/Versions/A/CoreWiFi
0x0000000007947000 	/System/Library/Frameworks/CoreBluetooth.framework/Versions/A/CoreBluetooth
0x0000000007947000 	/System/Library/PrivateFrameworks/DebugSymbols.framework/Versions/A/DebugSymbols
0x0000000007947000 	/System/Library/PrivateFrameworks/CoreSymbolication.framework/Versions/A/CoreSymbolication
0x0000000007947000 	/System/Library/PrivateFrameworks/Symbolication.framework/Versions/A/Symbolication
0x0000000007947000 	/System/Library/PrivateFrameworks/SpeechRecognitionCore.framework/Versions/A/SpeechRecognitionCore
0x0000000107200000 	/Library/Java/JavaVirtualMachines/jdk1.8.0_71.jdk/Contents/Home/jre/lib/server/libjvm.dylib
0x0000000007947000 	/usr/lib/libstdc++.6.dylib
0x0000000106171000 	/Library/Java/JavaVirtualMachines/jdk1.8.0_71.jdk/Contents/Home/jre/lib/libverify.dylib
0x000000010617f000 	/Library/Java/JavaVirtualMachines/jdk1.8.0_71.jdk/Contents/Home/jre/lib/libjava.dylib
0x00000001061be000 	/Library/Java/JavaVirtualMachines/jdk1.8.0_71.jdk/Contents/Home/jre/lib/libzip.dylib
0x000000011f26a000 	/System/Library/Frameworks/JavaVM.framework/Frameworks/JavaRuntimeSupport.framework/JavaRuntimeSupport
0x000000011f280000 	/System/Library/Frameworks/JavaVM.framework/Versions/A/Frameworks/JavaNativeFoundation.framework/Versions/A/JavaNativeFoundation
0x00000001061f0000 	/System/Library/Frameworks/JavaVM.framework/Versions/A/JavaVM
0x0000000007947000 	/System/Library/Frameworks/Carbon.framework/Versions/A/Carbon
0x000000011f294000 	/System/Library/PrivateFrameworks/JavaLaunching.framework/Versions/A/JavaLaunching
0x0000000007947000 	/System/Library/Frameworks/Carbon.framework/Versions/A/Frameworks/CommonPanels.framework/Versions/A/CommonPanels
0x0000000007947000 	/System/Library/Frameworks/Carbon.framework/Versions/A/Frameworks/Help.framework/Versions/A/Help
0x0000000007947000 	/System/Library/Frameworks/Carbon.framework/Versions/A/Frameworks/ImageCapture.framework/Versions/A/ImageCapture
0x0000000007947000 	/System/Library/Frameworks/Carbon.framework/Versions/A/Frameworks/OpenScripting.framework/Versions/A/OpenScripting
0x0000000007947000 	/System/Library/Frameworks/Carbon.framework/Versions/A/Frameworks/Print.framework/Versions/A/Print
0x0000000007947000 	/System/Library/Frameworks/Carbon.framework/Versions/A/Frameworks/SecurityHI.framework/Versions/A/SecurityHI
0x00000001212c9000 	/Library/Java/JavaVirtualMachines/jdk1.8.0_71.jdk/Contents/Home/jre/lib/libawt.dylib
0x0000000121371000 	/Library/Java/JavaVirtualMachines/jdk1.8.0_71.jdk/Contents/Home/jre/lib/./libmlib_image.dylib
0x000000012143d000 	/Library/Java/JavaVirtualMachines/jdk1.8.0_71.jdk/Contents/Home/jre/lib/libawt_lwawt.dylib
0x00000001214f2000 	/Library/Java/JavaVirtualMachines/jdk1.8.0_71.jdk/Contents/Home/jre/lib/./libosxapp.dylib
0x0000000007947000 	/System/Library/Frameworks/ExceptionHandling.framework/Versions/A/ExceptionHandling
0x0000000007947000 	/System/Library/PrivateFrameworks/CoreServicesInternal.framework/Versions/A/CoreServicesInternal
0x0000000007947000 	/System/Library/PrivateFrameworks/CloudDocs.framework/Versions/A/CloudDocs
0x0000000007947000 	/System/Library/PrivateFrameworks/CoreDuet.framework/Versions/A/CoreDuet
0x0000000007947000 	/System/Library/Frameworks/CloudKit.framework/Versions/A/CloudKit
0x0000000007947000 	/System/Library/PrivateFrameworks/ProtocolBuffer.framework/Versions/A/ProtocolBuffer
0x0000000007947000 	/System/Library/PrivateFrameworks/CoreDuetDaemonProtocol.framework/Versions/A/CoreDuetDaemonProtocol
0x0000000007947000 	/System/Library/PrivateFrameworks/CoreDuetDebugLogging.framework/Versions/A/CoreDuetDebugLogging
0x0000000007947000 	/System/Library/PrivateFrameworks/MMCS.framework/Versions/A/MMCS
0x0000000007947000 	/System/Library/Frameworks/CoreLocation.framework/Versions/A/CoreLocation
0x0000000007947000 	/System/Library/PrivateFrameworks/ProtectedCloudStorage.framework/Versions/A/ProtectedCloudStorage
0x0000000007947000 	/System/Library/PrivateFrameworks/GeoServices.framework/Versions/A/GeoServices
0x0000000007947000 	/System/Library/Frameworks/CoreGraphics.framework/Versions/A/Resources/libCGCMS.A.dylib
0x0000000007947000 	/System/Library/Frameworks/CoreGraphics.framework/Versions/A/Resources/libRIP.A.dylib
0x0000000007947000 	/System/Library/Frameworks/CoreGraphics.framework/Versions/A/Resources/libCGXType.A.dylib
0x0000000007947000 	/System/Library/Frameworks/OpenCL.framework/Versions/A/Libraries/libcldcpuengine.dylib
0x0000000007947000 	/System/Library/PrivateFrameworks/DiskImages.framework/Versions/A/DiskImages
0x0000000007947000 	/System/Library/Frameworks/DiscRecording.framework/Versions/A/DiscRecording
0x0000000007947000 	/usr/lib/libcsfde.dylib
0x0000000007947000 	/usr/lib/libcurl.4.dylib
0x0000000007947000 	/System/Library/PrivateFrameworks/MediaKit.framework/Versions/A/MediaKit
0x0000000007947000 	/usr/lib/libCoreStorage.dylib
0x0000000007947000 	/System/Library/PrivateFrameworks/EFILogin.framework/Versions/A/EFILogin
0x0000000007947000 	/usr/lib/libutil.dylib
0x0000000007947000 	/System/Library/PrivateFrameworks/FindMyDevice.framework/Versions/A/FindMyDevice
0x0000000007947000 	/System/Library/Frameworks/LDAP.framework/Versions/A/LDAP
0x0000000007947000 	/usr/lib/libsasl2.2.dylib
0x0000000007947000 	/System/Library/PrivateFrameworks/CoreDaemon.framework/Versions/B/CoreDaemon
0x0000000007947000 	/usr/lib/libcrypto.0.9.8.dylib
0x0000000007947000 	/System/Library/PrivateFrameworks/AppleSRP.framework/Versions/A/AppleSRP
0x0000000007947000 	/System/Library/PrivateFrameworks/TrustEvaluationAgent.framework/Versions/A/TrustEvaluationAgent
0x0000000124830000 	cl_kernels
0x0000000124832000 	/System/Library/Frameworks/OpenCL.framework/Versions/A/Libraries/ImageFormats/unorm8_bgra.dylib
0x0000000124822000 	cl_kernels
0x0000000007947000 	/System/Library/PrivateFrameworks/FamilyControls.framework/Versions/A/FamilyControls
0x0000000007947000 	/System/Library/PrivateFrameworks/CommerceKit.framework/Versions/A/Frameworks/CommerceCore.framework/Versions/A/CommerceCore
0x0000000007947000 	/System/Library/PrivateFrameworks/SystemAdministration.framework/Versions/A/SystemAdministration
0x0000000007947000 	/System/Library/PrivateFrameworks/AppContainer.framework/Versions/A/AppContainer
0x0000000007947000 	/System/Library/PrivateFrameworks/SecCodeWrapper.framework/Versions/A/SecCodeWrapper
0x0000000007947000 	/System/Library/Frameworks/DirectoryService.framework/Versions/A/DirectoryService
0x0000000007947000 	/System/Library/PrivateFrameworks/LoginUIKit.framework/Versions/A/Frameworks/LoginUICore.framework/Versions/A/LoginUICore
0x0000000007947000 	/usr/lib/libodfde.dylib
0x0000000125cdd000 	/Library/Java/JavaVirtualMachines/jdk1.8.0_71.jdk/Contents/Home/jre/lib/libfontmanager.dylib
0x0000000125d44000 	/Users/Murph/csci205FinalProject/externals/Slick/native/liblwjgl.dylib
0x0000000123c9f000 	/Library/Java/JavaVirtualMachines/jdk1.8.0_71.jdk/Contents/Home/jre/lib/libjawt.dylib
0x0000000125e29000 	/Library/Java/JavaVirtualMachines/jdk1.8.0_71.jdk/Contents/Home/jre/lib/libnio.dylib
0x0000000125e39000 	/Library/Java/JavaVirtualMachines/jdk1.8.0_71.jdk/Contents/Home/jre/lib/./libnet.dylib
0x0000000007947000 	/System/Library/Frameworks/OpenGL.framework/Versions/A/Resources/GLEngine.bundle/GLEngine
0x0000000007947000 	/System/Library/Frameworks/OpenGL.framework/Versions/A/Libraries/libGLProgrammability.dylib
0x0000000126ded000 	/System/Library/Extensions/AppleIntelHD4000GraphicsGLDriver.bundle/Contents/MacOS/AppleIntelHD4000GraphicsGLDriver
0x0000000007947000 	/System/Library/PrivateFrameworks/IOAccelerator.framework/Versions/A/IOAccelerator
0x0000000007947000 	/System/Library/PrivateFrameworks/GPUSupport.framework/Versions/A/Libraries/libGPUSupportMercury.dylib
0x0000000000000000 	/System/Library/Extensions/GeForceGLDriver.bundle/Contents/MacOS/GeForceGLDriver
0x0000000007947000 	/System/Library/Extensions/GeForceGLDriver.bundle/Contents/MacOS/libclh.dylib
0x0000000007947000 	/System/Library/Frameworks/OpenGL.framework/Versions/A/Resources/GLRendererFloat.bundle/GLRendererFloat
0x00000001263be000 	/Users/Murph/csci205FinalProject/externals/Slick/native/libjinput-osx.dylib
0x00000001284bd000 	/System/Library/Extensions/IOHIDFamily.kext/Contents/PlugIns/IOHIDLib.plugin/Contents/MacOS/IOHIDLib
0x00000001284e2000 	/Users/Murph/csci205FinalProject/externals/Slick/native/openal.dylib
0x0000000128565000 	/System/Library/Components/CoreAudio.component/Contents/MacOS/CoreAudio
0x000000012883e000 	/System/Library/Extensions/AppleHDA.kext/Contents/PlugIns/AppleHDAHALPlugIn.bundle/Contents/MacOS/AppleHDAHALPlugIn
0x000000012a974000 	/Library/Java/JavaVirtualMachines/jdk1.8.0_71.jdk/Contents/Home/jre/lib/libt2k.dylib

VM Arguments:
jvm_args: -Dfile.encoding=UTF-8 -Djava.library.path=./externals/Slick/native 
java_command: main.PokemonOB
java_class_path (initial): /Users/Murph/csci205FinalProject/externals/Slick/ibxm.jar:/Users/Murph/csci205FinalProject/externals/Slick/jinput.jar:/Users/Murph/csci205FinalProject/externals/Slick/jogg-0.0.7.jar:/Users/Murph/csci205FinalProject/externals/Slick/jorbis-0.0.15.jar:/Users/Murph/csci205FinalProject/externals/Slick/lwjgl.jar:/Users/Murph/csci205FinalProject/externals/Slick/lwjgl_util.jar:/Users/Murph/csci205FinalProject/externals/Slick/natives-linux.jar:/Users/Murph/csci205FinalProject/externals/Slick/natives-mac.jar:/Users/Murph/csci205FinalProject/externals/Slick/natives-windows.jar:/Users/Murph/csci205FinalProject/externals/Slick/slick-util.jar:/Users/Murph/csci205FinalProject/externals/Slick/slick.jar:/Users/Murph/csci205FinalProject/externals/jDom/jdom-2.0.6.jar:/Users/Murph/csci205FinalProject/externals/Apache/commons-lang3-3.4.jar:/Users/Murph/csci205FinalProject/build/classes
Launcher Type: SUN_STANDARD

Environment Variables:
PATH=/usr/bin:/bin:/usr/sbin:/sbin
LD_LIBRARY_PATH=/Library/Java/JavaVirtualMachines/jdk1.8.0_71.jdk/Contents/Home/jre/lib/amd64:/Library/Java/JavaVirtualMachines/jdk1.8.0_71.jdk/Contents/Home/jre/lib/i386:
SHELL=/bin/bash
DISPLAY=/private/tmp/com.apple.launchd.3XxMiRIIkE/org.macosforge.xquartz:0
DYLD_LIBRARY_PATH=/Applications/NetBeans/NetBeans 8.0.2.app/Contents/Resources/NetBeans/webcommon/bin:

Signal Handlers:
SIGSEGV: [libjvm.dylib+0x5a68c5], sa_mask[0]=11111111011111110111111111111111, sa_flags=SA_ONSTACK|SA_RESTART|SA_SIGINFO
SIGBUS: [libjvm.dylib+0x5a68c5], sa_mask[0]=11111111011111110111111111111111, sa_flags=SA_RESTART|SA_SIGINFO
SIGFPE: [libjvm.dylib+0x4805d4], sa_mask[0]=11111111011111110111111111111111, sa_flags=SA_RESTART|SA_SIGINFO
SIGPIPE: [libjvm.dylib+0x4805d4], sa_mask[0]=11111111011111110111111111111111, sa_flags=SA_RESTART|SA_SIGINFO
SIGXFSZ: [libjvm.dylib+0x4805d4], sa_mask[0]=11111111011111110111111111111111, sa_flags=SA_RESTART|SA_SIGINFO
SIGILL: [libjvm.dylib+0x4805d4], sa_mask[0]=11111111011111110111111111111111, sa_flags=SA_RESTART|SA_SIGINFO
SIGUSR1: SIG_DFL, sa_mask[0]=00000000000000000000000000000000, sa_flags=none
SIGUSR2: [libjvm.dylib+0x4800f2], sa_mask[0]=00100000000000000000000000000000, sa_flags=SA_RESTART|SA_SIGINFO
SIGHUP: [libjvm.dylib+0x47e6c9], sa_mask[0]=11111111011111110111111111111111, sa_flags=SA_RESTART|SA_SIGINFO
SIGINT: SIG_IGN, sa_mask[0]=00000000000000000000000000000000, sa_flags=none
SIGTERM: [libjvm.dylib+0x47e6c9], sa_mask[0]=11111111011111110111111111111111, sa_flags=SA_RESTART|SA_SIGINFO
SIGQUIT: [libjvm.dylib+0x47e6c9], sa_mask[0]=11111111011111110111111111111111, sa_flags=SA_RESTART|SA_SIGINFO


---------------  S Y S T E M  ---------------

OS:Bsduname:Darwin 14.5.0 Darwin Kernel Version 14.5.0: Mon Jan 11 18:48:35 PST 2016; root:xnu-2782.50.2~1/RELEASE_X86_64 x86_64
rlimit: STACK 8192k, CORE 0k, NPROC 709, NOFILE 10240, AS infinity
load average:1.58 1.53 1.43

CPU:total 8 (4 cores per cpu, 2 threads per core) family 6 model 58 stepping 9, cmov, cx8, fxsr, mmx, sse, sse2, sse3, ssse3, sse4.1, sse4.2, popcnt, avx, aes, clmul, erms, ht, tsc, tscinvbit, tscinv

Memory: 4k page, physical 8388608k(3344828k free)

/proc/meminfo:


vm_info: Java HotSpot(TM) 64-Bit Server VM (25.71-b15) for bsd-amd64 JRE (1.8.0_71-b15), built on Dec 22 2015 15:11:44 by "java_re" with gcc 4.2.1 (Based on Apple Inc. build 5658) (LLVM build 2336.11.00)

time: Wed Apr 20 16:40:37 2016
elapsed time: 65 seconds (0d 0h 1m 5s)

