#
# A fatal error has been detected by the Java Runtime Environment:
#
#  SIGSEGV (0xb) at pc=0x00007fff9667f0dd, pid=2854, tid=1811
#
# JRE version: Java(TM) SE Runtime Environment (8.0_71-b15) (build 1.8.0_71-b15)
# Java VM: Java HotSpot(TM) 64-Bit Server VM (25.71-b15 mixed mode bsd-amd64 compressed oops)
# Problematic frame:
# C  [libobjc.A.dylib+0x10dd]  objc_msgSend+0x1d
#
# Failed to write core dump. Core dumps have been disabled. To enable core dumping, try "ulimit -c unlimited" before starting Java again
#
# If you would like to submit a bug report, please visit:
#   http://bugreport.java.com/bugreport/crash.jsp
# The crash happened outside the Java Virtual Machine in native code.
# See problematic frame for where to report the bug.
#

---------------  T H R E A D  ---------------

Current thread (0x00007fb0bb8dd800):  JavaThread "AppKit Thread" daemon [_thread_in_native, id=1811, stack(0x00007fff5c2c4000,0x00007fff5cac4000)]

siginfo: si_signo: 11 (SIGSEGV), si_code: 1 (SEGV_MAPERR), si_addr: 0x0000000000000018

Registers:
RAX=0x0000000000000000, RBX=0x00007fb0bd157800, RCX=0x0000000000000000, RDX=0x00007fb0bd157800
RSP=0x00007fff5cabd988, RBP=0x00007fff5cabd9b0, RSI=0x00007fff8ee6f37c, RDI=0x00007fb0bd15fd10
R8 =0x0000000000000001, R9 =0x0000000000000001, R10=0x00007fff8ee6f37c, R11=0x0000000000000000
R12=0x0000000000000094, R13=0x00007fb0bb40ff90, R14=0x00007fb0bd15fd10, R15=0x00007fff5cabdea0
RIP=0x00007fff9667f0dd, EFLAGS=0x0000000000010246, ERR=0x0000000000000004
  TRAPNO=0x000000000000000e

Top of Stack: (sp=0x00007fff5cabd988)
0x00007fff5cabd988:   0000000122ea8598 00007fb0bd157800
0x00007fff5cabd998:   0000000122edcc60 00007fb0bb40ff90
0x00007fff5cabd9a8:   00007fb0bd157800 00007fff5cabde90
0x00007fff5cabd9b8:   00007fff8e54ff45 0000000000000000
0x00007fff5cabd9c8:   0000000000000000 4080000000000000
0x00007fff5cabd9d8:   4078000000000000 0000000000000000
0x00007fff5cabd9e8:   0000000000000000 4080000000000000
0x00007fff5cabd9f8:   4078000000000000 4080000000000000
0x00007fff5cabda08:   4079600000000000 401c000000000000
0x00007fff5cabda18:   4078300000000000 402c000000000000
0x00007fff5cabda28:   4030000000000000 401c000000000000
0x00007fff5cabda38:   0000000000000000 0000000000000000
0x00007fff5cabda48:   4030000000000000 00007fff8ee32129
0x00007fff5cabda58:   4018000000000000 00007fb0bd159610
0x00007fff5cabda68:   0000000100000000 0000000000000000
0x00007fff5cabda78:   00007fb0bd13ae40 00007fff5cabdbd0
0x00007fff5cabda88:   00007fff8e554b36 00007fff5cabdbd0
0x00007fff5cabda98:   00007fff8e556e82 402c000000000000
0x00007fff5cabdaa8:   4030000000000000 401c000000000000
0x00007fff5cabdab8:   4078300000000000 402c000000000000
0x00007fff5cabdac8:   4030000000000000 0000000000000000
0x00007fff5cabdad8:   0000000000000000 4080000000000000
0x00007fff5cabdae8:   4079600000000000 401c000000000000
0x00007fff5cabdaf8:   4078300000000000 000000010315aa00
0x00007fff5cabdb08:   00007fb0bb45bf70 00000000000000b0
0x00007fff5cabdb18:   0000000000000000 00000000000005be
0x00007fff5cabdb28:   0000000103157000 00007fff5cabdbd0
0x00007fff5cabdb38:   00007fff97776e7f 0000000000000cb4
0x00007fff5cabdb48:   0000000103157000 00007fff5cabdbf0
0x00007fff5cabdb58:   00000000000005bf 00007fff5cabdc5f
0x00007fff5cabdb68:   0000000000800000 00007fb0bb4fc080
0x00007fff5cabdb78:   00007fb0bb45bec0 0000000000000005 

Instructions: (pc=0x00007fff9667f0dd)
0x00007fff9667f0bd:   00 00 00 48 85 ff 2e 74 7a 40 f6 c7 01 2e 75 7e
0x00007fff9667f0cd:   49 bb f8 ff ff ff ff 7f 00 00 4c 23 1f 49 89 f2
0x00007fff9667f0dd:   45 23 53 18 49 c1 e2 04 4d 03 53 10 49 3b 32 75
0x00007fff9667f0ed:   04 41 ff 62 08 49 83 3a 00 74 6a 4d 3b 53 10 74 

Register to memory mapping:

RAX=0x0000000000000000 is an unknown value
RBX=0x00007fb0bd157800 is an unknown value
RCX=0x0000000000000000 is an unknown value
RDX=0x00007fb0bd157800 is an unknown value
RSP=0x00007fff5cabd988 is pointing into the stack for thread: 0x00007fb0bb8dd800
RBP=0x00007fff5cabd9b0 is pointing into the stack for thread: 0x00007fb0bb8dd800
RSI=0x00007fff8ee6f37c: -[NSTitlebarContainerView transparent]+0x5e270 in /System/Library/Frameworks/AppKit.framework/Versions/C/AppKit at 0x00007fff8e46e000
RDI=0x00007fb0bd15fd10 is an unknown value
R8 =0x0000000000000001 is an unknown value
R9 =0x0000000000000001 is an unknown value
R10=0x00007fff8ee6f37c: -[NSTitlebarContainerView transparent]+0x5e270 in /System/Library/Frameworks/AppKit.framework/Versions/C/AppKit at 0x00007fff8e46e000
R11=0x0000000000000000 is an unknown value
R12=0x0000000000000094 is an unknown value
R13=0x00007fb0bb40ff90 is an unknown value
R14=0x00007fb0bd15fd10 is an unknown value
R15=0x00007fff5cabdea0 is pointing into the stack for thread: 0x00007fb0bb8dd800


Stack: [0x00007fff5c2c4000,0x00007fff5cac4000],  sp=0x00007fff5cabd988,  free space=8166k
Native frames: (J=compiled Java code, j=interpreted, Vv=VM code, C=native code)
C  [libobjc.A.dylib+0x10dd]  objc_msgSend+0x1d
C  [AppKit+0xe1f45]  -[NSView _recursiveDisplayRectIfNeededIgnoringOpacity:isVisibleRect:rectIsVisibleRectForView:topView:]+0x740
C  [AppKit+0xe2fa0]  -[NSView _recursiveDisplayRectIfNeededIgnoringOpacity:isVisibleRect:rectIsVisibleRectForView:topView:]+0x179b
C  [AppKit+0xe12f3]  -[NSThemeFrame _recursiveDisplayRectIfNeededIgnoringOpacity:isVisibleRect:rectIsVisibleRectForView:topView:]+0x14d
C  [AppKit+0xdd68b]  -[NSView _displayRectIgnoringOpacity:isVisibleRect:rectIsVisibleRectForView:]+0xac9
C  [AppKit+0x951ae]  -[NSView displayIfNeeded]+0x754
C  [AppKit+0x94a09]  -[NSWindow displayIfNeeded]+0xec
C  [AppKit+0x94672]  _handleWindowNeedsDisplayOrLayoutOrUpdateConstraints+0x3a8
C  [Foundation+0x4ba23]  __NSFireTimer+0x5f
C  [CoreFoundation+0xb72e4]  __CFRUNLOOP_IS_CALLING_OUT_TO_A_TIMER_CALLBACK_FUNCTION__+0x14
C  [CoreFoundation+0xb6f73]  __CFRunLoopDoTimer+0x423
C  [CoreFoundation+0x12a53d]  __CFRunLoopDoTimers+0x12d
C  [CoreFoundation+0x72608]  __CFRunLoopRun+0x7e8
C  [CoreFoundation+0x71bd8]  CFRunLoopRunSpecific+0x128
C  [HIToolbox+0x3256f]  RunCurrentEventLoopInMode+0xeb
C  [HIToolbox+0x322ea]  ReceiveNextEventCommon+0x1af
C  [HIToolbox+0x3212b]  _BlockUntilNextEventMatchingListInModeWithFilter+0x47
C  [AppKit+0x918ab]  _DPSNextEvent+0x3d2
C  [AppKit+0x90e58]  -[NSApplication nextEventMatchingMask:untilDate:inMode:dequeue:]+0x15a
C  [libosxapp.dylib+0x23aa]  -[NSApplicationAWT nextEventMatchingMask:untilDate:inMode:dequeue:]+0x7c
C  [AppKit+0x86af3]  -[NSApplication run]+0x252
C  [libosxapp.dylib+0x214d]  +[NSApplicationAWT runAWTLoopWithApp:]+0x9c
C  [libawt_lwawt.dylib+0x4455b]  -[AWTStarter starter:]+0x389
C  [Foundation+0x92dd0]  __NSThreadPerformPerform+0x125
C  [CoreFoundation+0x80a01]  __CFRUNLOOP_IS_CALLING_OUT_TO_A_SOURCE0_PERFORM_FUNCTION__+0x11
C  [CoreFoundation+0x72b8d]  __CFRunLoopDoSources0+0x10d
C  [CoreFoundation+0x721bf]  __CFRunLoopRun+0x39f
C  [CoreFoundation+0x71bd8]  CFRunLoopRunSpecific+0x128
C  [java+0x6463]  CreateExecutionEnvironment+0x367
C  [java+0x21ac]  JLI_Launch+0x7a0
C  [java+0x84c0]  main+0x65
C  [java+0x1a04]  start+0x34
C  0x0000000000000006


---------------  P R O C E S S  ---------------

Java Threads: ( => current thread )
  0x00007fb0be820000 JavaThread "AWT-Shutdown" [_thread_blocked, id=15115, stack(0x000000011e75e000,0x000000011e85e000)]
  0x00007fb0be380800 JavaThread "Java2D Queue Flusher" daemon [_thread_blocked, id=74303, stack(0x0000000126c49000,0x0000000126d49000)]
  0x00007fb0be348000 JavaThread "Java2D Disposer" daemon [_thread_blocked, id=72731, stack(0x0000000126a25000,0x0000000126b25000)]
=>0x00007fb0bb8dd800 JavaThread "AppKit Thread" daemon [_thread_in_native, id=1811, stack(0x00007fff5c2c4000,0x00007fff5cac4000)]
  0x00007fb0bd814800 JavaThread "Service Thread" daemon [_thread_blocked, id=20739, stack(0x000000011e270000,0x000000011e370000)]
  0x00007fb0be034000 JavaThread "C1 CompilerThread3" daemon [_thread_blocked, id=20227, stack(0x000000011e16d000,0x000000011e26d000)]
  0x00007fb0be000000 JavaThread "C2 CompilerThread2" daemon [_thread_blocked, id=19715, stack(0x000000011e06a000,0x000000011e16a000)]
  0x00007fb0be825000 JavaThread "C2 CompilerThread1" daemon [_thread_blocked, id=19203, stack(0x000000011df67000,0x000000011e067000)]
  0x00007fb0be823800 JavaThread "C2 CompilerThread0" daemon [_thread_blocked, id=18691, stack(0x000000011de64000,0x000000011df64000)]
  0x00007fb0be839800 JavaThread "Signal Dispatcher" daemon [_thread_blocked, id=14615, stack(0x000000011dd61000,0x000000011de61000)]
  0x00007fb0be81a000 JavaThread "Finalizer" daemon [_thread_blocked, id=13571, stack(0x000000011c340000,0x000000011c440000)]
  0x00007fb0bb80f000 JavaThread "Reference Handler" daemon [_thread_blocked, id=13059, stack(0x000000011c23d000,0x000000011c33d000)]
  0x00007fb0be001800 JavaThread "main" [_thread_in_native, id=4867, stack(0x0000000103253000,0x0000000103353000)]

Other Threads:
  0x00007fb0be813800 VMThread [stack: 0x000000011c13a000,0x000000011c23a000] [id=12547]
  0x00007fb0be036800 WatcherThread [stack: 0x000000011e373000,0x000000011e473000] [id=21251]

VM state:not at safepoint (normal execution)

VM Mutex/Monitor currently owned by a thread: None

Heap:
 PSYoungGen      total 38400K, used 17076K [0x0000000795580000, 0x0000000798000000, 0x00000007c0000000)
  eden space 33280K, 35% used [0x0000000795580000,0x00000007961311c8,0x0000000797600000)
  from space 5120K, 99% used [0x0000000797600000,0x0000000797afc050,0x0000000797b00000)
  to   space 5120K, 0% used [0x0000000797b00000,0x0000000797b00000,0x0000000798000000)
 ParOldGen       total 87552K, used 15016K [0x0000000740000000, 0x0000000745580000, 0x0000000795580000)
  object space 87552K, 17% used [0x0000000740000000,0x0000000740eaa218,0x0000000745580000)
 Metaspace       used 10394K, capacity 10605K, committed 10752K, reserved 1058816K
  class space    used 1072K, capacity 1153K, committed 1280K, reserved 1048576K

Card table byte_map: [0x000000011474f000,0x0000000114b50000] byte_map_base: 0x0000000110d4f000

Marking Bits: (ParMarkBitMap*) 0x0000000104ce3ea0
 Begin Bits: [0x0000000115613000, 0x0000000117613000)
 End Bits:   [0x0000000117613000, 0x0000000119613000)

Polling page: 0x0000000103398000

CodeCache: size=245760Kb used=4986Kb max_used=4986Kb free=240773Kb
 bounds [0x000000010538f000, 0x000000010587f000, 0x000000011438f000]
 total_blobs=1856 nmethods=1313 adapters=457
 compilation: enabled

Compilation events (10 events):
Event: 22.293 Thread 0x00007fb0be034000 1309       3       sun.awt.AWTAutoShutdown::getInstance (4 bytes)
Event: 22.293 Thread 0x00007fb0be034000 nmethod 1309 0x0000000105864510 code [0x0000000105864660, 0x0000000105864790]
Event: 22.293 Thread 0x00007fb0be034000 1310   !   3       sun.awt.AWTAutoShutdown::setToolkitBusy (124 bytes)
Event: 22.293 Thread 0x00007fb0be034000 nmethod 1310 0x00000001058636d0 code [0x00000001058638a0, 0x0000000105864128]
Event: 22.328 Thread 0x00007fb0be034000 1311       3       guiComponents.InfoPanel::render (636 bytes)
Event: 22.333 Thread 0x00007fb0be034000 nmethod 1311 0x0000000105865090 code [0x0000000105865be0, 0x000000010586c4c8]
Event: 22.461 Thread 0x00007fb0be034000 1312       3       java.nio.Bits::getInt (18 bytes)
Event: 22.462 Thread 0x00007fb0be034000 nmethod 1312 0x00000001058627d0 code [0x00000001058629e0, 0x0000000105863398]
Event: 22.478 Thread 0x00007fb0be034000 1313       3       java.nio.HeapByteBuffer::getInt (18 bytes)
Event: 22.479 Thread 0x00007fb0be034000 nmethod 1313 0x0000000105870990 code [0x0000000105870ba0, 0x0000000105871488]

GC Heap History (6 events):
Event: 1.456 GC heap before
{Heap before GC invocations=1 (full 0):
 PSYoungGen      total 38400K, used 30087K [0x0000000795580000, 0x0000000798000000, 0x00000007c0000000)
  eden space 33280K, 90% used [0x0000000795580000,0x00000007972e1d60,0x0000000797600000)
  from space 5120K, 0% used [0x0000000797b00000,0x0000000797b00000,0x0000000798000000)
  to   space 5120K, 0% used [0x0000000797600000,0x0000000797600000,0x0000000797b00000)
 ParOldGen       total 87552K, used 0K [0x0000000740000000, 0x0000000745580000, 0x0000000795580000)
  object space 87552K, 0% used [0x0000000740000000,0x0000000740000000,0x0000000745580000)
 Metaspace       used 7404K, capacity 7567K, committed 7808K, reserved 1056768K
  class space    used 760K, capacity 826K, committed 896K, reserved 1048576K
Event: 1.464 GC heap after
Heap after GC invocations=1 (full 0):
 PSYoungGen      total 38400K, used 3373K [0x0000000795580000, 0x0000000798000000, 0x00000007c0000000)
  eden space 33280K, 0% used [0x0000000795580000,0x0000000795580000,0x0000000797600000)
  from space 5120K, 65% used [0x0000000797600000,0x000000079794b7d8,0x0000000797b00000)
  to   space 5120K, 0% used [0x0000000797b00000,0x0000000797b00000,0x0000000798000000)
 ParOldGen       total 87552K, used 8208K [0x0000000740000000, 0x0000000745580000, 0x0000000795580000)
  object space 87552K, 9% used [0x0000000740000000,0x0000000740804010,0x0000000745580000)
 Metaspace       used 7404K, capacity 7567K, committed 7808K, reserved 1056768K
  class space    used 760K, capacity 826K, committed 896K, reserved 1048576K
}
Event: 16.229 GC heap before
{Heap before GC invocations=2 (full 0):
 PSYoungGen      total 38400K, used 36653K [0x0000000795580000, 0x0000000798000000, 0x00000007c0000000)
  eden space 33280K, 100% used [0x0000000795580000,0x0000000797600000,0x0000000797600000)
  from space 5120K, 65% used [0x0000000797600000,0x000000079794b7d8,0x0000000797b00000)
  to   space 5120K, 0% used [0x0000000797b00000,0x0000000797b00000,0x0000000798000000)
 ParOldGen       total 87552K, used 8208K [0x0000000740000000, 0x0000000745580000, 0x0000000795580000)
  object space 87552K, 9% used [0x0000000740000000,0x0000000740804010,0x0000000745580000)
 Metaspace       used 10210K, capacity 10377K, committed 10624K, reserved 1058816K
  class space    used 1067K, capacity 1121K, committed 1152K, reserved 1048576K
Event: 16.232 GC heap after
Heap after GC invocations=2 (full 0):
 PSYoungGen      total 38400K, used 2680K [0x0000000795580000, 0x0000000798000000, 0x00000007c0000000)
  eden space 33280K, 0% used [0x0000000795580000,0x0000000795580000,0x0000000797600000)
  from space 5120K, 52% used [0x0000000797b00000,0x0000000797d9e158,0x0000000798000000)
  to   space 5120K, 0% used [0x0000000797600000,0x0000000797600000,0x0000000797b00000)
 ParOldGen       total 87552K, used 8224K [0x0000000740000000, 0x0000000745580000, 0x0000000795580000)
  object space 87552K, 9% used [0x0000000740000000,0x0000000740808010,0x0000000745580000)
 Metaspace       used 10210K, capacity 10377K, committed 10624K, reserved 1058816K
  class space    used 1067K, capacity 1121K, committed 1152K, reserved 1048576K
}
Event: 20.208 GC heap before
{Heap before GC invocations=3 (full 0):
 PSYoungGen      total 38400K, used 35960K [0x0000000795580000, 0x0000000798000000, 0x00000007c0000000)
  eden space 33280K, 100% used [0x0000000795580000,0x0000000797600000,0x0000000797600000)
  from space 5120K, 52% used [0x0000000797b00000,0x0000000797d9e158,0x0000000798000000)
  to   space 5120K, 0% used [0x0000000797600000,0x0000000797600000,0x0000000797b00000)
 ParOldGen       total 87552K, used 8224K [0x0000000740000000, 0x0000000745580000, 0x0000000795580000)
  object space 87552K, 9% used [0x0000000740000000,0x0000000740808010,0x0000000745580000)
 Metaspace       used 10368K, capacity 10605K, committed 10752K, reserved 1058816K
  class space    used 1071K, capacity 1153K, committed 1280K, reserved 1048576K
Event: 20.214 GC heap after
Heap after GC invocations=3 (full 0):
 PSYoungGen      total 38400K, used 5104K [0x0000000795580000, 0x0000000798000000, 0x00000007c0000000)
  eden space 33280K, 0% used [0x0000000795580000,0x0000000795580000,0x0000000797600000)
  from space 5120K, 99% used [0x0000000797600000,0x0000000797afc050,0x0000000797b00000)
  to   space 5120K, 0% used [0x0000000797b00000,0x0000000797b00000,0x0000000798000000)
 ParOldGen       total 87552K, used 15016K [0x0000000740000000, 0x0000000745580000, 0x0000000795580000)
  object space 87552K, 17% used [0x0000000740000000,0x0000000740eaa218,0x0000000745580000)
 Metaspace       used 10368K, capacity 10605K, committed 10752K, reserved 1058816K
  class space    used 1071K, capacity 1153K, committed 1280K, reserved 1048576K
}

Deoptimization events (10 events):
Event: 1.556 Thread 0x00007fb0be001800 Uncommon trap: reason=unstable_if action=reinterpret pc=0x000000010559c32c method=java.lang.String.indexOf([CII[CIII)I @ 3
Event: 1.561 Thread 0x00007fb0be001800 Uncommon trap: reason=class_check action=maybe_recompile pc=0x00000001055a26fc method=java.util.HashMap.putVal(ILjava/lang/Object;Ljava/lang/Object;ZZ)Ljava/lang/Object; @ 253
Event: 1.561 Thread 0x00007fb0be001800 Uncommon trap: reason=class_check action=maybe_recompile pc=0x00000001055a26fc method=java.util.HashMap.putVal(ILjava/lang/Object;Ljava/lang/Object;ZZ)Ljava/lang/Object; @ 253
Event: 1.561 Thread 0x00007fb0be001800 Uncommon trap: reason=class_check action=maybe_recompile pc=0x00000001055a26fc method=java.util.HashMap.putVal(ILjava/lang/Object;Ljava/lang/Object;ZZ)Ljava/lang/Object; @ 253
Event: 1.561 Thread 0x00007fb0be001800 Uncommon trap: reason=class_check action=maybe_recompile pc=0x00000001055a26fc method=java.util.HashMap.putVal(ILjava/lang/Object;Ljava/lang/Object;ZZ)Ljava/lang/Object; @ 253
Event: 1.780 Thread 0x00007fb0be001800 Uncommon trap: reason=unstable_if action=reinterpret pc=0x00000001056b9cb4 method=sun.java2d.loops.GraphicsPrimitiveMgr.locate(Lsun/java2d/loops/GraphicsPrimitiveMgr$PrimitiveSpec;)Lsun/java2d/loops/GraphicsPrimitive; @ 85
Event: 20.102 Thread 0x00007fb0be001800 Uncommon trap: reason=unstable_if action=reinterpret pc=0x0000000105764a34 method=org.newdawn.slick.Image.init()V @ 4
Event: 20.112 Thread 0x00007fb0be001800 Uncommon trap: reason=unstable_if action=reinterpret pc=0x00000001057db960 method=java.util.HashMap$HashIterator.nextNode()Ljava/util/HashMap$Node; @ 95
Event: 20.242 Thread 0x00007fb0be001800 Uncommon trap: reason=unstable_if action=reinterpret pc=0x00000001057e14b8 method=org.newdawn.slick.geom.NeatTriangulator.findEdge(II)I @ 56
Event: 20.242 Thread 0x00007fb0be001800 Uncommon trap: reason=unstable_if action=reinterpret pc=0x00000001057df3f4 method=org.newdawn.slick.opengl.TextureImpl.bind()V @ 4

Internal exceptions (10 events):
Event: 0.165 Thread 0x00007fb0be001800 Exception <a 'java/lang/NoSuchFieldError': method resolution failed> (0x000000079591d8a0) thrown at [/Users/java_re/workspace/8-2-build-macosx-x86_64/jdk8u71/5731/hotspot/src/share/vm/prims/methodHandles.cpp, line 1146]
Event: 0.167 Thread 0x00007fb0be001800 Exception <a 'java/lang/NoSuchFieldError': method resolution failed> (0x000000079592aff0) thrown at [/Users/java_re/workspace/8-2-build-macosx-x86_64/jdk8u71/5731/hotspot/src/share/vm/prims/methodHandles.cpp, line 1146]
Event: 0.317 Thread 0x00007fb0be001800 Exception <a 'java/io/FileNotFoundException'> (0x00000007959a6b40) thrown at [/Users/java_re/workspace/8-2-build-macosx-x86_64/jdk8u71/5731/hotspot/src/share/vm/prims/jni.cpp, line 709]
Event: 0.317 Thread 0x00007fb0be001800 Exception <a 'java/io/FileNotFoundException'> (0x00000007959a7688) thrown at [/Users/java_re/workspace/8-2-build-macosx-x86_64/jdk8u71/5731/hotspot/src/share/vm/prims/jni.cpp, line 709]
Event: 0.829 Thread 0x00007fb0be001800 Exception <a 'java/security/PrivilegedActionException'> (0x000000079612b168) thrown at [/Users/java_re/workspace/8-2-build-macosx-x86_64/jdk8u71/5731/hotspot/src/share/vm/prims/jvm.cpp, line 1386]
Event: 0.829 Thread 0x00007fb0be001800 Exception <a 'java/security/PrivilegedActionException'> (0x000000079612cd50) thrown at [/Users/java_re/workspace/8-2-build-macosx-x86_64/jdk8u71/5731/hotspot/src/share/vm/prims/jvm.cpp, line 1386]
Event: 0.829 Thread 0x00007fb0be001800 Exception <a 'java/security/PrivilegedActionException'> (0x000000079612de70) thrown at [/Users/java_re/workspace/8-2-build-macosx-x86_64/jdk8u71/5731/hotspot/src/share/vm/prims/jvm.cpp, line 1386]
Event: 0.830 Thread 0x00007fb0be001800 Exception <a 'java/security/PrivilegedActionException'> (0x0000000796132f90) thrown at [/Users/java_re/workspace/8-2-build-macosx-x86_64/jdk8u71/5731/hotspot/src/share/vm/prims/jvm.cpp, line 1386]
Event: 0.830 Thread 0x00007fb0be001800 Exception <a 'java/security/PrivilegedActionException'> (0x0000000796133be8) thrown at [/Users/java_re/workspace/8-2-build-macosx-x86_64/jdk8u71/5731/hotspot/src/share/vm/prims/jvm.cpp, line 1386]
Event: 0.830 Thread 0x00007fb0be001800 Exception <a 'java/security/PrivilegedActionException'> (0x0000000796134810) thrown at [/Users/java_re/workspace/8-2-build-macosx-x86_64/jdk8u71/5731/hotspot/src/share/vm/prims/jvm.cpp, line 1386]

Events (10 events):
Event: 20.241 loading class gameStates/BattleState$1
Event: 20.241 loading class gameStates/BattleState$1 done
Event: 20.242 Thread 0x00007fb0be001800 Uncommon trap: trap_request=0xffffff65 fr.pc=0x00000001057e14b8
Event: 20.242 Thread 0x00007fb0be001800 DEOPT PACKING pc=0x00000001057e14b8 sp=0x0000000103352040
Event: 20.242 Thread 0x00007fb0be001800 DEOPT UNPACKING pc=0x0000000105394229 sp=0x0000000103351f50 mode 2
Event: 20.242 Thread 0x00007fb0be001800 Uncommon trap: trap_request=0xffffff65 fr.pc=0x00000001057df3f4
Event: 20.242 Thread 0x00007fb0be001800 DEOPT PACKING pc=0x00000001057df3f4 sp=0x00000001033522b0
Event: 20.242 Thread 0x00007fb0be001800 DEOPT UNPACKING pc=0x0000000105394229 sp=0x00000001033521f0 mode 2
Event: 22.649 loading class org/lwjgl/opengl/CallbackUtil
Event: 22.649 loading class org/lwjgl/opengl/CallbackUtil done


Dynamic libraries:
0x0000000009739000 	/System/Library/Frameworks/Cocoa.framework/Versions/A/Cocoa
0x0000000009739000 	/System/Library/Frameworks/Security.framework/Versions/A/Security
0x0000000009739000 	/System/Library/Frameworks/ApplicationServices.framework/Versions/A/ApplicationServices
0x0000000009739000 	/usr/lib/libz.1.dylib
0x0000000009739000 	/usr/lib/libSystem.B.dylib
0x0000000009739000 	/usr/lib/libobjc.A.dylib
0x0000000009739000 	/System/Library/Frameworks/CoreFoundation.framework/Versions/A/CoreFoundation
0x0000000009739000 	/System/Library/Frameworks/Foundation.framework/Versions/C/Foundation
0x0000000009739000 	/System/Library/Frameworks/AppKit.framework/Versions/C/AppKit
0x0000000009739000 	/System/Library/Frameworks/CoreData.framework/Versions/A/CoreData
0x0000000009739000 	/System/Library/PrivateFrameworks/RemoteViewServices.framework/Versions/A/RemoteViewServices
0x0000000009739000 	/System/Library/PrivateFrameworks/UIFoundation.framework/Versions/A/UIFoundation
0x0000000009739000 	/System/Library/Frameworks/IOSurface.framework/Versions/A/IOSurface
0x0000000009739000 	/System/Library/Frameworks/AudioToolbox.framework/Versions/A/AudioToolbox
0x0000000009739000 	/System/Library/Frameworks/AudioUnit.framework/Versions/A/AudioUnit
0x0000000009739000 	/System/Library/PrivateFrameworks/DataDetectorsCore.framework/Versions/A/DataDetectorsCore
0x0000000009739000 	/System/Library/PrivateFrameworks/DesktopServicesPriv.framework/Versions/A/DesktopServicesPriv
0x0000000009739000 	/System/Library/Frameworks/Carbon.framework/Versions/A/Frameworks/HIToolbox.framework/Versions/A/HIToolbox
0x0000000009739000 	/System/Library/Frameworks/QuartzCore.framework/Versions/A/QuartzCore
0x0000000009739000 	/System/Library/Frameworks/Carbon.framework/Versions/A/Frameworks/SpeechRecognition.framework/Versions/A/SpeechRecognition
0x0000000009739000 	/usr/lib/libauto.dylib
0x0000000009739000 	/usr/lib/libicucore.A.dylib
0x0000000009739000 	/usr/lib/libxml2.2.dylib
0x0000000009739000 	/System/Library/PrivateFrameworks/CoreUI.framework/Versions/A/CoreUI
0x0000000009739000 	/System/Library/Frameworks/CoreAudio.framework/Versions/A/CoreAudio
0x0000000009739000 	/System/Library/Frameworks/DiskArbitration.framework/Versions/A/DiskArbitration
0x0000000009739000 	/usr/lib/liblangid.dylib
0x0000000009739000 	/System/Library/PrivateFrameworks/MultitouchSupport.framework/Versions/A/MultitouchSupport
0x0000000009739000 	/System/Library/Frameworks/IOKit.framework/Versions/A/IOKit
0x0000000009739000 	/usr/lib/libDiagnosticMessagesClient.dylib
0x0000000009739000 	/System/Library/Frameworks/CoreServices.framework/Versions/A/CoreServices
0x0000000009739000 	/System/Library/PrivateFrameworks/PerformanceAnalysis.framework/Versions/A/PerformanceAnalysis
0x0000000009739000 	/System/Library/PrivateFrameworks/GenerationalStorage.framework/Versions/A/GenerationalStorage
0x0000000009739000 	/System/Library/Frameworks/OpenGL.framework/Versions/A/OpenGL
0x0000000009739000 	/System/Library/PrivateFrameworks/Sharing.framework/Versions/A/Sharing
0x0000000009739000 	/System/Library/Frameworks/CoreGraphics.framework/Versions/A/CoreGraphics
0x0000000009739000 	/System/Library/Frameworks/CoreText.framework/Versions/A/CoreText
0x0000000009739000 	/System/Library/Frameworks/ImageIO.framework/Versions/A/ImageIO
0x0000000009739000 	/usr/lib/libextension.dylib
0x0000000009739000 	/System/Library/PrivateFrameworks/Backup.framework/Versions/A/Backup
0x0000000009739000 	/usr/lib/libarchive.2.dylib
0x0000000009739000 	/System/Library/Frameworks/CFNetwork.framework/Versions/A/CFNetwork
0x0000000009739000 	/System/Library/Frameworks/SystemConfiguration.framework/Versions/A/SystemConfiguration
0x0000000009739000 	/usr/lib/libCRFSuite.dylib
0x0000000009739000 	/usr/lib/libc++.1.dylib
0x0000000009739000 	/usr/lib/libc++abi.dylib
0x0000000009739000 	/usr/lib/system/libcache.dylib
0x0000000009739000 	/usr/lib/system/libcommonCrypto.dylib
0x0000000009739000 	/usr/lib/system/libcompiler_rt.dylib
0x0000000009739000 	/usr/lib/system/libcopyfile.dylib
0x0000000009739000 	/usr/lib/system/libcorecrypto.dylib
0x0000000009739000 	/usr/lib/system/libdispatch.dylib
0x0000000009739000 	/usr/lib/system/libdyld.dylib
0x0000000009739000 	/usr/lib/system/libkeymgr.dylib
0x0000000009739000 	/usr/lib/system/liblaunch.dylib
0x0000000009739000 	/usr/lib/system/libmacho.dylib
0x0000000009739000 	/usr/lib/system/libquarantine.dylib
0x0000000009739000 	/usr/lib/system/libremovefile.dylib
0x0000000009739000 	/usr/lib/system/libsystem_asl.dylib
0x0000000009739000 	/usr/lib/system/libsystem_blocks.dylib
0x0000000009739000 	/usr/lib/system/libsystem_c.dylib
0x0000000009739000 	/usr/lib/system/libsystem_configuration.dylib
0x0000000009739000 	/usr/lib/system/libsystem_coreservices.dylib
0x0000000009739000 	/usr/lib/system/libsystem_coretls.dylib
0x0000000009739000 	/usr/lib/system/libsystem_dnssd.dylib
0x0000000009739000 	/usr/lib/system/libsystem_info.dylib
0x0000000009739000 	/usr/lib/system/libsystem_kernel.dylib
0x0000000009739000 	/usr/lib/system/libsystem_m.dylib
0x0000000009739000 	/usr/lib/system/libsystem_malloc.dylib
0x0000000009739000 	/usr/lib/system/libsystem_network.dylib
0x0000000009739000 	/usr/lib/system/libsystem_networkextension.dylib
0x0000000009739000 	/usr/lib/system/libsystem_notify.dylib
0x0000000009739000 	/usr/lib/system/libsystem_platform.dylib
0x0000000009739000 	/usr/lib/system/libsystem_pthread.dylib
0x0000000009739000 	/usr/lib/system/libsystem_sandbox.dylib
0x0000000009739000 	/usr/lib/system/libsystem_secinit.dylib
0x0000000009739000 	/usr/lib/system/libsystem_stats.dylib
0x0000000009739000 	/usr/lib/system/libsystem_trace.dylib
0x0000000009739000 	/usr/lib/system/libunc.dylib
0x0000000009739000 	/usr/lib/system/libunwind.dylib
0x0000000009739000 	/usr/lib/system/libxpc.dylib
0x0000000009739000 	/usr/lib/libbz2.1.0.dylib
0x0000000009739000 	/usr/lib/liblzma.5.dylib
0x0000000009739000 	/usr/lib/libbsm.0.dylib
0x0000000009739000 	/usr/lib/libsqlite3.dylib
0x0000000009739000 	/usr/lib/system/libkxld.dylib
0x0000000009739000 	/usr/lib/libxar.1.dylib
0x0000000009739000 	/usr/lib/libpam.2.dylib
0x0000000009739000 	/usr/lib/libOpenScriptingUtil.dylib
0x0000000009739000 	/System/Library/Frameworks/CoreServices.framework/Versions/A/Frameworks/FSEvents.framework/Versions/A/FSEvents
0x0000000009739000 	/System/Library/Frameworks/CoreServices.framework/Versions/A/Frameworks/CarbonCore.framework/Versions/A/CarbonCore
0x0000000009739000 	/System/Library/Frameworks/CoreServices.framework/Versions/A/Frameworks/Metadata.framework/Versions/A/Metadata
0x0000000009739000 	/System/Library/Frameworks/CoreServices.framework/Versions/A/Frameworks/OSServices.framework/Versions/A/OSServices
0x0000000009739000 	/System/Library/Frameworks/CoreServices.framework/Versions/A/Frameworks/SearchKit.framework/Versions/A/SearchKit
0x0000000009739000 	/System/Library/Frameworks/CoreServices.framework/Versions/A/Frameworks/AE.framework/Versions/A/AE
0x0000000009739000 	/System/Library/Frameworks/CoreServices.framework/Versions/A/Frameworks/LaunchServices.framework/Versions/A/LaunchServices
0x0000000009739000 	/System/Library/Frameworks/CoreServices.framework/Versions/A/Frameworks/DictionaryServices.framework/Versions/A/DictionaryServices
0x0000000009739000 	/System/Library/Frameworks/NetFS.framework/Versions/A/NetFS
0x0000000009739000 	/System/Library/PrivateFrameworks/NetAuth.framework/Versions/A/NetAuth
0x0000000009739000 	/System/Library/PrivateFrameworks/login.framework/Versions/A/Frameworks/loginsupport.framework/Versions/A/loginsupport
0x0000000009739000 	/System/Library/PrivateFrameworks/TCC.framework/Versions/A/TCC
0x0000000009739000 	/usr/lib/libmecabra.dylib
0x0000000009739000 	/System/Library/Frameworks/ApplicationServices.framework/Versions/A/Frameworks/ATS.framework/Versions/A/ATS
0x0000000009739000 	/System/Library/Frameworks/ApplicationServices.framework/Versions/A/Frameworks/ColorSync.framework/Versions/A/ColorSync
0x0000000009739000 	/System/Library/Frameworks/ApplicationServices.framework/Versions/A/Frameworks/HIServices.framework/Versions/A/HIServices
0x0000000009739000 	/System/Library/Frameworks/ApplicationServices.framework/Versions/A/Frameworks/LangAnalysis.framework/Versions/A/LangAnalysis
0x0000000009739000 	/System/Library/Frameworks/ApplicationServices.framework/Versions/A/Frameworks/PrintCore.framework/Versions/A/PrintCore
0x0000000009739000 	/System/Library/Frameworks/ApplicationServices.framework/Versions/A/Frameworks/QD.framework/Versions/A/QD
0x0000000009739000 	/System/Library/Frameworks/ApplicationServices.framework/Versions/A/Frameworks/SpeechSynthesis.framework/Versions/A/SpeechSynthesis
0x0000000009739000 	/System/Library/Frameworks/Accelerate.framework/Versions/A/Accelerate
0x0000000009739000 	/System/Library/Frameworks/Accelerate.framework/Versions/A/Frameworks/vImage.framework/Versions/A/vImage
0x0000000009739000 	/System/Library/Frameworks/Accelerate.framework/Versions/A/Frameworks/vecLib.framework/Versions/A/vecLib
0x0000000009739000 	/System/Library/Frameworks/Accelerate.framework/Versions/A/Frameworks/vecLib.framework/Versions/A/libvDSP.dylib
0x0000000009739000 	/System/Library/Frameworks/Accelerate.framework/Versions/A/Frameworks/vecLib.framework/Versions/A/libvMisc.dylib
0x0000000009739000 	/System/Library/Frameworks/Accelerate.framework/Versions/A/Frameworks/vecLib.framework/Versions/A/libLAPACK.dylib
0x0000000009739000 	/System/Library/Frameworks/Accelerate.framework/Versions/A/Frameworks/vecLib.framework/Versions/A/libBLAS.dylib
0x0000000009739000 	/System/Library/Frameworks/Accelerate.framework/Versions/A/Frameworks/vecLib.framework/Versions/A/libLinearAlgebra.dylib
0x0000000009739000 	/System/Library/Frameworks/ApplicationServices.framework/Versions/A/Frameworks/ATS.framework/Versions/A/Resources/libFontParser.dylib
0x0000000009739000 	/System/Library/Frameworks/ApplicationServices.framework/Versions/A/Frameworks/ATS.framework/Versions/A/Resources/libFontRegistry.dylib
0x0000000009739000 	/System/Library/PrivateFrameworks/AppleVPA.framework/Versions/A/AppleVPA
0x0000000009739000 	/System/Library/PrivateFrameworks/AppleJPEG.framework/Versions/A/AppleJPEG
0x0000000009739000 	/System/Library/Frameworks/ImageIO.framework/Versions/A/Resources/libJPEG.dylib
0x0000000009739000 	/System/Library/Frameworks/ImageIO.framework/Versions/A/Resources/libTIFF.dylib
0x0000000009739000 	/System/Library/Frameworks/ImageIO.framework/Versions/A/Resources/libPng.dylib
0x0000000009739000 	/System/Library/Frameworks/ImageIO.framework/Versions/A/Resources/libGIF.dylib
0x0000000009739000 	/System/Library/Frameworks/ImageIO.framework/Versions/A/Resources/libJP2.dylib
0x0000000009739000 	/System/Library/Frameworks/ImageIO.framework/Versions/A/Resources/libRadiance.dylib
0x0000000009739000 	/System/Library/Frameworks/CoreVideo.framework/Versions/A/CoreVideo
0x0000000009739000 	/System/Library/Frameworks/OpenGL.framework/Versions/A/Libraries/libGLU.dylib
0x0000000009739000 	/System/Library/Frameworks/OpenGL.framework/Versions/A/Libraries/libGFXShared.dylib
0x0000000009739000 	/System/Library/Frameworks/OpenGL.framework/Versions/A/Libraries/libGL.dylib
0x0000000009739000 	/System/Library/Frameworks/OpenGL.framework/Versions/A/Libraries/libGLImage.dylib
0x0000000009739000 	/System/Library/Frameworks/OpenGL.framework/Versions/A/Libraries/libCVMSPluginSupport.dylib
0x0000000009739000 	/System/Library/Frameworks/OpenGL.framework/Versions/A/Libraries/libCoreVMClient.dylib
0x0000000009739000 	/usr/lib/libcups.2.dylib
0x0000000009739000 	/System/Library/Frameworks/Kerberos.framework/Versions/A/Kerberos
0x0000000009739000 	/System/Library/Frameworks/GSS.framework/Versions/A/GSS
0x0000000009739000 	/usr/lib/libresolv.9.dylib
0x0000000009739000 	/usr/lib/libiconv.2.dylib
0x0000000009739000 	/System/Library/PrivateFrameworks/Heimdal.framework/Versions/A/Heimdal
0x0000000009739000 	/usr/lib/libheimdal-asn1.dylib
0x0000000009739000 	/System/Library/Frameworks/OpenDirectory.framework/Versions/A/OpenDirectory
0x0000000009739000 	/System/Library/PrivateFrameworks/CommonAuth.framework/Versions/A/CommonAuth
0x0000000009739000 	/System/Library/Frameworks/OpenDirectory.framework/Versions/A/Frameworks/CFOpenDirectory.framework/Versions/A/CFOpenDirectory
0x0000000009739000 	/System/Library/Frameworks/SecurityFoundation.framework/Versions/A/SecurityFoundation
0x0000000009739000 	/System/Library/PrivateFrameworks/LanguageModeling.framework/Versions/A/LanguageModeling
0x0000000009739000 	/usr/lib/libcmph.dylib
0x0000000009739000 	/System/Library/Frameworks/ServiceManagement.framework/Versions/A/ServiceManagement
0x0000000009739000 	/usr/lib/libxslt.1.dylib
0x0000000009739000 	/System/Library/Frameworks/Carbon.framework/Versions/A/Frameworks/Ink.framework/Versions/A/Ink
0x0000000009739000 	/System/Library/Frameworks/QuartzCore.framework/Versions/A/Frameworks/CoreImage.framework/Versions/A/CoreImage
0x0000000009739000 	/System/Library/PrivateFrameworks/CrashReporterSupport.framework/Versions/A/CrashReporterSupport
0x0000000009739000 	/System/Library/Frameworks/OpenCL.framework/Versions/A/OpenCL
0x0000000009739000 	/System/Library/PrivateFrameworks/FaceCore.framework/Versions/A/FaceCore
0x0000000009739000 	/System/Library/PrivateFrameworks/Ubiquity.framework/Versions/A/Ubiquity
0x0000000009739000 	/System/Library/PrivateFrameworks/IconServices.framework/Versions/A/IconServices
0x0000000009739000 	/System/Library/PrivateFrameworks/ChunkingLibrary.framework/Versions/A/ChunkingLibrary
0x0000000009739000 	/System/Library/PrivateFrameworks/Apple80211.framework/Versions/A/Apple80211
0x0000000009739000 	/System/Library/Frameworks/CoreWLAN.framework/Versions/A/CoreWLAN
0x0000000009739000 	/System/Library/Frameworks/IOBluetooth.framework/Versions/A/IOBluetooth
0x0000000009739000 	/System/Library/PrivateFrameworks/CoreWiFi.framework/Versions/A/CoreWiFi
0x0000000009739000 	/System/Library/Frameworks/CoreBluetooth.framework/Versions/A/CoreBluetooth
0x0000000009739000 	/System/Library/PrivateFrameworks/DebugSymbols.framework/Versions/A/DebugSymbols
0x0000000009739000 	/System/Library/PrivateFrameworks/CoreSymbolication.framework/Versions/A/CoreSymbolication
0x0000000009739000 	/System/Library/PrivateFrameworks/Symbolication.framework/Versions/A/Symbolication
0x0000000009739000 	/System/Library/PrivateFrameworks/SpeechRecognitionCore.framework/Versions/A/SpeechRecognitionCore
0x0000000104400000 	/Library/Java/JavaVirtualMachines/jdk1.8.0_71.jdk/Contents/Home/jre/lib/server/libjvm.dylib
0x0000000009739000 	/usr/lib/libstdc++.6.dylib
0x0000000103355000 	/Library/Java/JavaVirtualMachines/jdk1.8.0_71.jdk/Contents/Home/jre/lib/libverify.dylib
0x0000000103363000 	/Library/Java/JavaVirtualMachines/jdk1.8.0_71.jdk/Contents/Home/jre/lib/libjava.dylib
0x00000001033a2000 	/Library/Java/JavaVirtualMachines/jdk1.8.0_71.jdk/Contents/Home/jre/lib/libzip.dylib
0x000000011c442000 	/System/Library/Frameworks/JavaVM.framework/Frameworks/JavaRuntimeSupport.framework/JavaRuntimeSupport
0x000000011c458000 	/System/Library/Frameworks/JavaVM.framework/Versions/A/Frameworks/JavaNativeFoundation.framework/Versions/A/JavaNativeFoundation
0x000000011c46c000 	/System/Library/Frameworks/JavaVM.framework/Versions/A/JavaVM
0x0000000009739000 	/System/Library/Frameworks/Carbon.framework/Versions/A/Carbon
0x000000011c478000 	/System/Library/PrivateFrameworks/JavaLaunching.framework/Versions/A/JavaLaunching
0x0000000009739000 	/System/Library/Frameworks/Carbon.framework/Versions/A/Frameworks/CommonPanels.framework/Versions/A/CommonPanels
0x0000000009739000 	/System/Library/Frameworks/Carbon.framework/Versions/A/Frameworks/Help.framework/Versions/A/Help
0x0000000009739000 	/System/Library/Frameworks/Carbon.framework/Versions/A/Frameworks/ImageCapture.framework/Versions/A/ImageCapture
0x0000000009739000 	/System/Library/Frameworks/Carbon.framework/Versions/A/Frameworks/OpenScripting.framework/Versions/A/OpenScripting
0x0000000009739000 	/System/Library/Frameworks/Carbon.framework/Versions/A/Frameworks/Print.framework/Versions/A/Print
0x0000000009739000 	/System/Library/Frameworks/Carbon.framework/Versions/A/Frameworks/SecurityHI.framework/Versions/A/SecurityHI
0x000000011e4a6000 	/Library/Java/JavaVirtualMachines/jdk1.8.0_71.jdk/Contents/Home/jre/lib/libawt.dylib
0x000000011e54e000 	/Library/Java/JavaVirtualMachines/jdk1.8.0_71.jdk/Contents/Home/jre/lib/./libmlib_image.dylib
0x000000011e61a000 	/Library/Java/JavaVirtualMachines/jdk1.8.0_71.jdk/Contents/Home/jre/lib/libawt_lwawt.dylib
0x000000011e6cf000 	/Library/Java/JavaVirtualMachines/jdk1.8.0_71.jdk/Contents/Home/jre/lib/./libosxapp.dylib
0x0000000009739000 	/System/Library/Frameworks/ExceptionHandling.framework/Versions/A/ExceptionHandling
0x0000000009739000 	/System/Library/PrivateFrameworks/CoreServicesInternal.framework/Versions/A/CoreServicesInternal
0x0000000009739000 	/System/Library/PrivateFrameworks/CloudDocs.framework/Versions/A/CloudDocs
0x0000000009739000 	/System/Library/PrivateFrameworks/CoreDuet.framework/Versions/A/CoreDuet
0x0000000009739000 	/System/Library/Frameworks/CloudKit.framework/Versions/A/CloudKit
0x0000000009739000 	/System/Library/PrivateFrameworks/ProtocolBuffer.framework/Versions/A/ProtocolBuffer
0x0000000009739000 	/System/Library/PrivateFrameworks/CoreDuetDaemonProtocol.framework/Versions/A/CoreDuetDaemonProtocol
0x0000000009739000 	/System/Library/PrivateFrameworks/CoreDuetDebugLogging.framework/Versions/A/CoreDuetDebugLogging
0x0000000009739000 	/System/Library/PrivateFrameworks/MMCS.framework/Versions/A/MMCS
0x0000000009739000 	/System/Library/Frameworks/CoreLocation.framework/Versions/A/CoreLocation
0x0000000009739000 	/System/Library/PrivateFrameworks/ProtectedCloudStorage.framework/Versions/A/ProtectedCloudStorage
0x0000000009739000 	/System/Library/PrivateFrameworks/GeoServices.framework/Versions/A/GeoServices
0x0000000009739000 	/System/Library/Frameworks/CoreGraphics.framework/Versions/A/Resources/libCGCMS.A.dylib
0x0000000009739000 	/System/Library/Frameworks/CoreGraphics.framework/Versions/A/Resources/libRIP.A.dylib
0x0000000009739000 	/System/Library/Frameworks/CoreGraphics.framework/Versions/A/Resources/libCGXType.A.dylib
0x0000000009739000 	/System/Library/Frameworks/OpenCL.framework/Versions/A/Libraries/libcldcpuengine.dylib
0x0000000009739000 	/System/Library/PrivateFrameworks/DiskImages.framework/Versions/A/DiskImages
0x0000000009739000 	/System/Library/Frameworks/DiscRecording.framework/Versions/A/DiscRecording
0x0000000009739000 	/usr/lib/libcsfde.dylib
0x0000000009739000 	/usr/lib/libcurl.4.dylib
0x0000000009739000 	/System/Library/PrivateFrameworks/MediaKit.framework/Versions/A/MediaKit
0x0000000009739000 	/usr/lib/libCoreStorage.dylib
0x0000000009739000 	/System/Library/PrivateFrameworks/EFILogin.framework/Versions/A/EFILogin
0x0000000009739000 	/usr/lib/libutil.dylib
0x0000000009739000 	/System/Library/PrivateFrameworks/FindMyDevice.framework/Versions/A/FindMyDevice
0x0000000009739000 	/System/Library/Frameworks/LDAP.framework/Versions/A/LDAP
0x0000000009739000 	/usr/lib/libsasl2.2.dylib
0x0000000009739000 	/System/Library/PrivateFrameworks/CoreDaemon.framework/Versions/B/CoreDaemon
0x0000000009739000 	/usr/lib/libcrypto.0.9.8.dylib
0x0000000009739000 	/System/Library/PrivateFrameworks/AppleSRP.framework/Versions/A/AppleSRP
0x0000000009739000 	/System/Library/PrivateFrameworks/TrustEvaluationAgent.framework/Versions/A/TrustEvaluationAgent
0x0000000121a0d000 	cl_kernels
0x0000000121a0f000 	/System/Library/Frameworks/OpenCL.framework/Versions/A/Libraries/ImageFormats/unorm8_bgra.dylib
0x00000001219ff000 	cl_kernels
0x0000000009739000 	/System/Library/PrivateFrameworks/FamilyControls.framework/Versions/A/FamilyControls
0x0000000009739000 	/System/Library/PrivateFrameworks/CommerceKit.framework/Versions/A/Frameworks/CommerceCore.framework/Versions/A/CommerceCore
0x0000000009739000 	/System/Library/PrivateFrameworks/SystemAdministration.framework/Versions/A/SystemAdministration
0x0000000009739000 	/System/Library/PrivateFrameworks/AppContainer.framework/Versions/A/AppContainer
0x0000000009739000 	/System/Library/PrivateFrameworks/SecCodeWrapper.framework/Versions/A/SecCodeWrapper
0x0000000009739000 	/System/Library/Frameworks/DirectoryService.framework/Versions/A/DirectoryService
0x0000000009739000 	/System/Library/PrivateFrameworks/LoginUIKit.framework/Versions/A/Frameworks/LoginUICore.framework/Versions/A/LoginUICore
0x0000000009739000 	/usr/lib/libodfde.dylib
0x0000000122e37000 	/Library/Java/JavaVirtualMachines/jdk1.8.0_71.jdk/Contents/Home/jre/lib/libfontmanager.dylib
0x0000000122e9e000 	/Users/Murph/csci205FinalProject/externals/Slick/native/liblwjgl.dylib
0x0000000120e7c000 	/Library/Java/JavaVirtualMachines/jdk1.8.0_71.jdk/Contents/Home/jre/lib/libjawt.dylib
0x0000000009739000 	/System/Library/Frameworks/OpenGL.framework/Versions/A/Resources/GLEngine.bundle/GLEngine
0x0000000009739000 	/System/Library/Frameworks/OpenGL.framework/Versions/A/Libraries/libGLProgrammability.dylib
0x0000000122f20000 	/System/Library/Extensions/AppleIntelHD4000GraphicsGLDriver.bundle/Contents/MacOS/AppleIntelHD4000GraphicsGLDriver
0x0000000009739000 	/System/Library/PrivateFrameworks/IOAccelerator.framework/Versions/A/IOAccelerator
0x0000000009739000 	/System/Library/PrivateFrameworks/GPUSupport.framework/Versions/A/Libraries/libGPUSupportMercury.dylib
0x0000000000000000 	/System/Library/Extensions/GeForceGLDriver.bundle/Contents/MacOS/GeForceGLDriver
0x0000000009739000 	/System/Library/Extensions/GeForceGLDriver.bundle/Contents/MacOS/libclh.dylib
0x0000000009739000 	/System/Library/Frameworks/OpenGL.framework/Versions/A/Resources/GLRendererFloat.bundle/GLRendererFloat
0x00000001244e4000 	/Users/Murph/csci205FinalProject/externals/Slick/native/libjinput-osx.dylib
0x00000001244e9000 	/System/Library/Extensions/IOHIDFamily.kext/Contents/PlugIns/IOHIDLib.plugin/Contents/MacOS/IOHIDLib
0x0000000124517000 	/Users/Murph/csci205FinalProject/externals/Slick/native/openal.dylib
0x000000012459b000 	/System/Library/Components/CoreAudio.component/Contents/MacOS/CoreAudio
0x0000000124874000 	/System/Library/Extensions/AppleHDA.kext/Contents/PlugIns/AppleHDAHALPlugIn.bundle/Contents/MacOS/AppleHDAHALPlugIn
0x000000012397e000 	/Library/Java/JavaVirtualMachines/jdk1.8.0_71.jdk/Contents/Home/jre/lib/libnio.dylib
0x0000000124b5a000 	/Library/Java/JavaVirtualMachines/jdk1.8.0_71.jdk/Contents/Home/jre/lib/./libnet.dylib
0x00000001277c7000 	/Library/Java/JavaVirtualMachines/jdk1.8.0_71.jdk/Contents/Home/jre/lib/libt2k.dylib

VM Arguments:
jvm_args: -Dfile.encoding=UTF-8 -Djava.library.path=./externals/Slick/native 
java_command: main.PokemonOB
java_class_path (initial): /Users/Murph/csci205FinalProject/externals/Slick/ibxm.jar:/Users/Murph/csci205FinalProject/externals/Slick/jinput.jar:/Users/Murph/csci205FinalProject/externals/Slick/jogg-0.0.7.jar:/Users/Murph/csci205FinalProject/externals/Slick/jorbis-0.0.15.jar:/Users/Murph/csci205FinalProject/externals/Slick/lwjgl.jar:/Users/Murph/csci205FinalProject/externals/Slick/lwjgl_util.jar:/Users/Murph/csci205FinalProject/externals/Slick/natives-linux.jar:/Users/Murph/csci205FinalProject/externals/Slick/natives-mac.jar:/Users/Murph/csci205FinalProject/externals/Slick/natives-windows.jar:/Users/Murph/csci205FinalProject/externals/Slick/slick-util.jar:/Users/Murph/csci205FinalProject/externals/Slick/slick.jar:/Users/Murph/csci205FinalProject/externals/jDom/jdom-2.0.6.jar:/Users/Murph/csci205FinalProject/build/classes
Launcher Type: SUN_STANDARD

Environment Variables:
PATH=/usr/bin:/bin:/usr/sbin:/sbin
LD_LIBRARY_PATH=/Library/Java/JavaVirtualMachines/jdk1.8.0_71.jdk/Contents/Home/jre/lib/amd64:/Library/Java/JavaVirtualMachines/jdk1.8.0_71.jdk/Contents/Home/jre/lib/i386:
SHELL=/bin/bash
DISPLAY=/private/tmp/com.apple.launchd.4aZgnmfh1v/org.macosforge.xquartz:0
DYLD_LIBRARY_PATH=/Applications/NetBeans/NetBeans 8.0.2.app/Contents/Resources/NetBeans/webcommon/bin:

Signal Handlers:
SIGSEGV: [libjvm.dylib+0x5a68c5], sa_mask[0]=11111111011111110111111111111111, sa_flags=SA_ONSTACK|SA_RESTART|SA_SIGINFO
SIGBUS: [libjvm.dylib+0x5a68c5], sa_mask[0]=11111111011111110111111111111111, sa_flags=SA_RESTART|SA_SIGINFO
SIGFPE: [libjvm.dylib+0x4805d4], sa_mask[0]=11111111011111110111111111111111, sa_flags=SA_RESTART|SA_SIGINFO
SIGPIPE: [libjvm.dylib+0x4805d4], sa_mask[0]=11111111011111110111111111111111, sa_flags=SA_RESTART|SA_SIGINFO
SIGXFSZ: [libjvm.dylib+0x4805d4], sa_mask[0]=11111111011111110111111111111111, sa_flags=SA_RESTART|SA_SIGINFO
SIGILL: [libjvm.dylib+0x4805d4], sa_mask[0]=11111111011111110111111111111111, sa_flags=SA_RESTART|SA_SIGINFO
SIGUSR1: SIG_DFL, sa_mask[0]=00000000000000000000000000000000, sa_flags=none
SIGUSR2: [libjvm.dylib+0x4800f2], sa_mask[0]=00100000000000000000000000000000, sa_flags=SA_RESTART|SA_SIGINFO
SIGHUP: [libjvm.dylib+0x47e6c9], sa_mask[0]=11111111011111110111111111111111, sa_flags=SA_RESTART|SA_SIGINFO
SIGINT: SIG_IGN, sa_mask[0]=00000000000000000000000000000000, sa_flags=none
SIGTERM: [libjvm.dylib+0x47e6c9], sa_mask[0]=11111111011111110111111111111111, sa_flags=SA_RESTART|SA_SIGINFO
SIGQUIT: [libjvm.dylib+0x47e6c9], sa_mask[0]=11111111011111110111111111111111, sa_flags=SA_RESTART|SA_SIGINFO


---------------  S Y S T E M  ---------------

OS:Bsduname:Darwin 14.5.0 Darwin Kernel Version 14.5.0: Mon Jan 11 18:48:35 PST 2016; root:xnu-2782.50.2~1/RELEASE_X86_64 x86_64
rlimit: STACK 8192k, CORE 0k, NPROC 709, NOFILE 10240, AS infinity
load average:1.74 1.31 1.22

CPU:total 8 (4 cores per cpu, 2 threads per core) family 6 model 58 stepping 9, cmov, cx8, fxsr, mmx, sse, sse2, sse3, ssse3, sse4.1, sse4.2, popcnt, avx, aes, clmul, erms, ht, tsc, tscinvbit, tscinv

Memory: 4k page, physical 8388608k(236676k free)

/proc/meminfo:


vm_info: Java HotSpot(TM) 64-Bit Server VM (25.71-b15) for bsd-amd64 JRE (1.8.0_71-b15), built on Dec 22 2015 15:11:44 by "java_re" with gcc 4.2.1 (Based on Apple Inc. build 5658) (LLVM build 2336.11.00)

time: Wed Apr 13 12:36:22 2016
elapsed time: 22 seconds (0d 0h 0m 22s)

