#
# A fatal error has been detected by the Java Runtime Environment:
#
#  SIGSEGV (0xb) at pc=0x00007fff93ec40dd, pid=8671, tid=1811
#
# JRE version: Java(TM) SE Runtime Environment (8.0_71-b15) (build 1.8.0_71-b15)
# Java VM: Java HotSpot(TM) 64-Bit Server VM (25.71-b15 mixed mode bsd-amd64 compressed oops)
# Problematic frame:
# C  [libobjc.A.dylib+0x10dd]  objc_msgSend+0x1d
#
# Failed to write core dump. Core dumps have been disabled. To enable core dumping, try "ulimit -c unlimited" before starting Java again
#
# If you would like to submit a bug report, please visit:
#   http://bugreport.java.com/bugreport/crash.jsp
# The crash happened outside the Java Virtual Machine in native code.
# See problematic frame for where to report the bug.
#

---------------  T H R E A D  ---------------

Current thread (0x00007ff301830000):  JavaThread "AppKit Thread" daemon [_thread_in_native, id=1811, stack(0x00007fff59d87000,0x00007fff5a587000)]

siginfo: si_signo: 11 (SIGSEGV), si_code: 1 (SEGV_MAPERR), si_addr: 0x000007ff300c7c60

Registers:
RAX=0x00007ff300c7c630, RBX=0x00007fff5a5826b8, RCX=0x0000000000000000, RDX=0x00007ff300e6da00
RSP=0x00007fff5a5824d8, RBP=0x00007fff5a5824e0, RSI=0x00007fff8c6b441e, RDI=0x00007ff300c7c630
R8 =0x00007fff5a5824c0, R9 =0x0000000000000062, R10=0x00007fff8c6b441e, R11=0x000007ff300c7c48
R12=0x00007ff300c29bd0, R13=0x00000000000f4305, R14=0x00007ff300e4cb80, R15=0x00007fff5a582618
RIP=0x00007fff93ec40dd, EFLAGS=0x0000000000010206, ERR=0x0000000000000004
  TRAPNO=0x000000000000000e

Top of Stack: (sp=0x00007fff5a5824d8)
0x00007fff5a5824d8:   00007fff9318e45c 00007fff5a582840
0x00007fff5a5824e8:   00007fff9307e634 00007fff5a58256c
0x00007fff5a5824f8:   00007fff5a582570 00007fff5a582574
0x00007fff5a582508:   00007fff77fa1e00 ffffffffffffffff
0x00007fff5a582518:   0000000000000930 00007fff77fa1e18
0x00007fff5a582528:   00007ff300e4cb80 0000000000000000
0x00007fff5a582538:   00007fff5a582610 0000000000000000
0x00007fff5a582548:   00007ff300d6cf20 00007fff5a582690
0x00007fff5a582558:   0000000000000062 00000000000f4307
0x00007fff5a582568:   00007ff300e6da00 00007ff30320acd0
0x00007fff5a582578:   00007ff300c29bd0 0000000000000001
0x00007fff5a582588:   00000000000f4305 00007ff300c29bc0
0x00007fff5a582598:   00007fff8db9bc05 0000000100c788c0
0x00007fff5a5825a8:   00007fff7762d0d0 0000000042000000
0x00007fff5a5825b8:   00007fff8dba2e63 00007fff77f6c240
0x00007fff5a5825c8:   00007fff5a582698 0000000000000000
0x00007fff5a5825d8:   00007fff78ea18c8 0000000000000000
0x00007fff5a5825e8:   0000000000000019 0003200300000001
0x00007fff5a5825f8:   00007ff300c29bf4 0000000000000000
0x00007fff5a582608:   0000000000424401 00007ff300d6cfa0
0x00007fff5a582618:   00007ff300e4cb80 0000000000000000
0x00007fff5a582628:   00007fff8c6ed458 00007fff5a5826d0
0x00007fff5a582638:   00007fff8da39483 00007fff5a5826b4
0x00007fff5a582648:   0000000000424501 00000000ffffffff
0x00007fff5a582658:   00007fff78ea18c8 0000000000424500
0x00007fff5a582668:   00007fff00000000 00007fff5a582760
0x00007fff5a582678:   00007fff94fb9770 00007fff78ea18e8
0x00007fff5a582688:   00007fff8c6ed458 0000000000000051
0x00007fff5a582698:   0000000000000000 00000000000f42e0
0x00007fff5a5826a8:   0000000000000053 0000000000000000
0x00007fff5a5826b8:   00000000000f4305 00007fff5a582734
0x00007fff5a5826c8:   0000000000425001 00000000ffffffff 

Instructions: (pc=0x00007fff93ec40dd)
0x00007fff93ec40bd:   00 00 00 48 85 ff 2e 74 7a 40 f6 c7 01 2e 75 7e
0x00007fff93ec40cd:   49 bb f8 ff ff ff ff 7f 00 00 4c 23 1f 49 89 f2
0x00007fff93ec40dd:   45 23 53 18 49 c1 e2 04 4d 03 53 10 49 3b 32 75
0x00007fff93ec40ed:   04 41 ff 62 08 49 83 3a 00 74 6a 4d 3b 53 10 74 

Register to memory mapping:

RAX=0x00007ff300c7c630 is an unknown value
RBX=0x00007fff5a5826b8 is pointing into the stack for thread: 0x00007ff301830000
RCX=0x0000000000000000 is an unknown value
RDX=0x00007ff300e6da00 is an unknown value
RSP=0x00007fff5a5824d8 is pointing into the stack for thread: 0x00007ff301830000
RBP=0x00007fff5a5824e0 is pointing into the stack for thread: 0x00007ff301830000
RSI=0x00007fff8c6b441e: -[NSTitlebarContainerView transparent]+0x5e312 in /System/Library/Frameworks/AppKit.framework/Versions/C/AppKit at 0x00007fff8bcb3000
RDI=0x00007ff300c7c630 is an unknown value
R8 =0x00007fff5a5824c0 is pointing into the stack for thread: 0x00007ff301830000
R9 =0x0000000000000062 is an unknown value
R10=0x00007fff8c6b441e: -[NSTitlebarContainerView transparent]+0x5e312 in /System/Library/Frameworks/AppKit.framework/Versions/C/AppKit at 0x00007fff8bcb3000
R11=0x000007ff300c7c48 is an unknown value
R12=0x00007ff300c29bd0 is an unknown value
R13=0x00000000000f4305 is an unknown value
R14=0x00007ff300e4cb80 is an unknown value
R15=0x00007fff5a582618 is pointing into the stack for thread: 0x00007ff301830000


Stack: [0x00007fff59d87000,0x00007fff5a587000],  sp=0x00007fff5a5824d8,  free space=8173k
Native frames: (J=compiled Java code, j=interpreted, Vv=VM code, C=native code)
C  [libobjc.A.dylib+0x10dd]  objc_msgSend+0x1d
C  [CoreFoundation+0x10634]  _CFXNotificationPost+0xc44
C  [Foundation+0x7aa1]  -[NSNotificationCenter postNotificationName:object:userInfo:]+0x42
C  [AppKit+0x439c2]  -[NSSurface _disposeSurface]+0x98
C  [AppKit+0x43426]  -[NSSurface setWindow:]+0x42
C  [AppKit+0x33910]  -[NSView _setWindow:]+0xa33
C  [AppKit+0x6af91]  -[NSView removeFromSuperview]+0x1c5
C  [AppKit+0x14bd99]  -[NSView removeFromSuperviewWithoutNeedingDisplay]+0x26
C  [liblwjgl.dylib+0xa205]  +[MacOSXKeyableWindow destroyWindow]+0xb5
C  [Foundation+0x92dd0]  __NSThreadPerformPerform+0x125
C  [CoreFoundation+0x80a01]  __CFRUNLOOP_IS_CALLING_OUT_TO_A_SOURCE0_PERFORM_FUNCTION__+0x11
C  [CoreFoundation+0x72b8d]  __CFRunLoopDoSources0+0x10d
C  [CoreFoundation+0x721bf]  __CFRunLoopRun+0x39f
C  [CoreFoundation+0x71bd8]  CFRunLoopRunSpecific+0x128
C  [HIToolbox+0x3256f]  RunCurrentEventLoopInMode+0xeb
C  [HIToolbox+0x322ea]  ReceiveNextEventCommon+0x1af
C  [HIToolbox+0x3212b]  _BlockUntilNextEventMatchingListInModeWithFilter+0x47
C  [AppKit+0x918ab]  _DPSNextEvent+0x3d2
C  [AppKit+0x90e58]  -[NSApplication nextEventMatchingMask:untilDate:inMode:dequeue:]+0x15a
C  [libosxapp.dylib+0x23aa]  -[NSApplicationAWT nextEventMatchingMask:untilDate:inMode:dequeue:]+0x7c
C  [AppKit+0x86af3]  -[NSApplication run]+0x252
C  [libosxapp.dylib+0x214d]  +[NSApplicationAWT runAWTLoopWithApp:]+0x9c
C  [libawt_lwawt.dylib+0x4455b]  -[AWTStarter starter:]+0x389
C  [Foundation+0x92dd0]  __NSThreadPerformPerform+0x125
C  [CoreFoundation+0x80a01]  __CFRUNLOOP_IS_CALLING_OUT_TO_A_SOURCE0_PERFORM_FUNCTION__+0x11
C  [CoreFoundation+0x72b8d]  __CFRunLoopDoSources0+0x10d
C  [CoreFoundation+0x721bf]  __CFRunLoopRun+0x39f
C  [CoreFoundation+0x71bd8]  CFRunLoopRunSpecific+0x128
C  [java+0x6463]  CreateExecutionEnvironment+0x367
C  [java+0x21ac]  JLI_Launch+0x7a0
C  [java+0x84c0]  main+0x65
C  [java+0x1a04]  start+0x34
C  0x0000000000000006


---------------  P R O C E S S  ---------------

Java Threads: ( => current thread )
  0x00007ff30189c800 JavaThread "AWT-Shutdown" [_thread_blocked, id=40239, stack(0x0000000122379000,0x0000000122479000)]
  0x00007ff301b01000 JavaThread "Java2D Queue Flusher" daemon [_thread_blocked, id=76551, stack(0x0000000129188000,0x0000000129288000)]
  0x00007ff30124d000 JavaThread "Java2D Disposer" daemon [_thread_blocked, id=74287, stack(0x0000000128ec1000,0x0000000128fc1000)]
=>0x00007ff301830000 JavaThread "AppKit Thread" daemon [_thread_in_native, id=1811, stack(0x00007fff59d87000,0x00007fff5a587000)]
  0x00007ff30385f800 JavaThread "Service Thread" daemon [_thread_blocked, id=20739, stack(0x00000001207ad000,0x00000001208ad000)]
  0x00007ff302816800 JavaThread "C1 CompilerThread3" daemon [_thread_blocked, id=20227, stack(0x00000001206aa000,0x00000001207aa000)]
  0x00007ff302815800 JavaThread "C2 CompilerThread2" daemon [_thread_blocked, id=19715, stack(0x00000001205a7000,0x00000001206a7000)]
  0x00007ff302815000 JavaThread "C2 CompilerThread1" daemon [_thread_blocked, id=19203, stack(0x00000001204a4000,0x00000001205a4000)]
  0x00007ff302813000 JavaThread "C2 CompilerThread0" daemon [_thread_blocked, id=18691, stack(0x00000001203a1000,0x00000001204a1000)]
  0x00007ff30103d800 JavaThread "Signal Dispatcher" daemon [_thread_blocked, id=14611, stack(0x000000012029e000,0x000000012039e000)]
  0x00007ff30280f800 JavaThread "Finalizer" daemon [_thread_blocked, id=13571, stack(0x000000011e893000,0x000000011e993000)]
  0x00007ff303833000 JavaThread "Reference Handler" daemon [_thread_blocked, id=13059, stack(0x000000011e790000,0x000000011e890000)]
  0x00007ff302806800 JavaThread "main" [_thread_in_native, id=4867, stack(0x0000000107790000,0x0000000107890000)]

Other Threads:
  0x00007ff303830800 VMThread [stack: 0x000000011e68d000,0x000000011e78d000] [id=12547]
  0x00007ff302817000 WatcherThread [stack: 0x00000001208b0000,0x00000001209b0000] [id=21251]

VM state:not at safepoint (normal execution)

VM Mutex/Monitor currently owned by a thread: None

Heap:
 PSYoungGen      total 38400K, used 19547K [0x0000000795580000, 0x0000000798000000, 0x00000007c0000000)
  eden space 33280K, 50% used [0x0000000795580000,0x00000007965f64f0,0x0000000797600000)
  from space 5120K, 52% used [0x0000000797b00000,0x0000000797da0900,0x0000000798000000)
  to   space 5120K, 0% used [0x0000000797600000,0x0000000797600000,0x0000000797b00000)
 ParOldGen       total 87552K, used 8224K [0x0000000740000000, 0x0000000745580000, 0x0000000795580000)
  object space 87552K, 9% used [0x0000000740000000,0x0000000740808010,0x0000000745580000)
 Metaspace       used 10288K, capacity 10473K, committed 10752K, reserved 1058816K
  class space    used 1072K, capacity 1153K, committed 1280K, reserved 1048576K

Card table byte_map: [0x0000000116c52000,0x0000000117053000] byte_map_base: 0x0000000113252000

Marking Bits: (ParMarkBitMap*) 0x00000001070e3ea0
 Begin Bits: [0x0000000117b16000, 0x0000000119b16000)
 End Bits:   [0x0000000119b16000, 0x000000011bb16000)

Polling page: 0x00000001057d2000

CodeCache: size=245760Kb used=4709Kb max_used=4709Kb free=241050Kb
 bounds [0x0000000107892000, 0x0000000107d32000, 0x0000000116892000]
 total_blobs=1786 nmethods=1246 adapters=454
 compilation: enabled

Compilation events (10 events):
Event: 71.574 Thread 0x00007ff302816800 1241       3       java.nio.Bits::int3 (6 bytes)
Event: 71.574 Thread 0x00007ff302816800 nmethod 1241 0x0000000107d2a550 code [0x0000000107d2a6a0, 0x0000000107d2a7d0]
Event: 71.574 Thread 0x00007ff302816800 1242       3       java.nio.Bits::int2 (6 bytes)
Event: 71.574 Thread 0x00007ff302816800 nmethod 1242 0x0000000107d2a250 code [0x0000000107d2a3a0, 0x0000000107d2a4d0]
Event: 71.574 Thread 0x00007ff302816800 1243       3       java.nio.Bits::int1 (6 bytes)
Event: 71.574 Thread 0x00007ff302816800 nmethod 1243 0x0000000107d29f50 code [0x0000000107d2a0a0, 0x0000000107d2a1d0]
Event: 71.574 Thread 0x00007ff302816800 1244       3       java.nio.Bits::int0 (3 bytes)
Event: 71.574 Thread 0x00007ff302816800 nmethod 1244 0x0000000107d2ed50 code [0x0000000107d2eea0, 0x0000000107d2efd0]
Event: 72.029 Thread 0x00007ff302816800 1246       3       gameStates.Battle::update (1 bytes)
Event: 72.029 Thread 0x00007ff302816800 nmethod 1246 0x0000000107d2f050 code [0x0000000107d2f1a0, 0x0000000107d2f2f0]

GC Heap History (4 events):
Event: 2.142 GC heap before
{Heap before GC invocations=1 (full 0):
 PSYoungGen      total 38400K, used 30335K [0x0000000795580000, 0x0000000798000000, 0x00000007c0000000)
  eden space 33280K, 91% used [0x0000000795580000,0x000000079731ffb8,0x0000000797600000)
  from space 5120K, 0% used [0x0000000797b00000,0x0000000797b00000,0x0000000798000000)
  to   space 5120K, 0% used [0x0000000797600000,0x0000000797600000,0x0000000797b00000)
 ParOldGen       total 87552K, used 0K [0x0000000740000000, 0x0000000745580000, 0x0000000795580000)
  object space 87552K, 0% used [0x0000000740000000,0x0000000740000000,0x0000000745580000)
 Metaspace       used 7381K, capacity 7567K, committed 7808K, reserved 1056768K
  class space    used 759K, capacity 826K, committed 896K, reserved 1048576K
Event: 2.153 GC heap after
Heap after GC invocations=1 (full 0):
 PSYoungGen      total 38400K, used 3343K [0x0000000795580000, 0x0000000798000000, 0x00000007c0000000)
  eden space 33280K, 0% used [0x0000000795580000,0x0000000795580000,0x0000000797600000)
  from space 5120K, 65% used [0x0000000797600000,0x0000000797943cc8,0x0000000797b00000)
  to   space 5120K, 0% used [0x0000000797b00000,0x0000000797b00000,0x0000000798000000)
 ParOldGen       total 87552K, used 8208K [0x0000000740000000, 0x0000000745580000, 0x0000000795580000)
  object space 87552K, 9% used [0x0000000740000000,0x0000000740804010,0x0000000745580000)
 Metaspace       used 7381K, capacity 7567K, committed 7808K, reserved 1056768K
  class space    used 759K, capacity 826K, committed 896K, reserved 1048576K
}
Event: 16.567 GC heap before
{Heap before GC invocations=2 (full 0):
 PSYoungGen      total 38400K, used 36623K [0x0000000795580000, 0x0000000798000000, 0x00000007c0000000)
  eden space 33280K, 100% used [0x0000000795580000,0x0000000797600000,0x0000000797600000)
  from space 5120K, 65% used [0x0000000797600000,0x0000000797943cc8,0x0000000797b00000)
  to   space 5120K, 0% used [0x0000000797b00000,0x0000000797b00000,0x0000000798000000)
 ParOldGen       total 87552K, used 8208K [0x0000000740000000, 0x0000000745580000, 0x0000000795580000)
  object space 87552K, 9% used [0x0000000740000000,0x0000000740804010,0x0000000745580000)
 Metaspace       used 10197K, capacity 10377K, committed 10624K, reserved 1058816K
  class space    used 1065K, capacity 1121K, committed 1152K, reserved 1048576K
Event: 16.572 GC heap after
Heap after GC invocations=2 (full 0):
 PSYoungGen      total 38400K, used 2690K [0x0000000795580000, 0x0000000798000000, 0x00000007c0000000)
  eden space 33280K, 0% used [0x0000000795580000,0x0000000795580000,0x0000000797600000)
  from space 5120K, 52% used [0x0000000797b00000,0x0000000797da0900,0x0000000798000000)
  to   space 5120K, 0% used [0x0000000797600000,0x0000000797600000,0x0000000797b00000)
 ParOldGen       total 87552K, used 8224K [0x0000000740000000, 0x0000000745580000, 0x0000000795580000)
  object space 87552K, 9% used [0x0000000740000000,0x0000000740808010,0x0000000745580000)
 Metaspace       used 10197K, capacity 10377K, committed 10624K, reserved 1058816K
  class space    used 1065K, capacity 1121K, committed 1152K, reserved 1048576K
}

Deoptimization events (10 events):
Event: 2.365 Thread 0x00007ff302806800 Uncommon trap: reason=class_check action=maybe_recompile pc=0x0000000107a9de34 method=java.util.HashMap.putVal(ILjava/lang/Object;Ljava/lang/Object;ZZ)Ljava/lang/Object; @ 253
Event: 2.638 Thread 0x00007ff302806800 Uncommon trap: reason=unstable_if action=reinterpret pc=0x0000000107bb3af4 method=sun.java2d.loops.GraphicsPrimitiveMgr.locate(Lsun/java2d/loops/GraphicsPrimitiveMgr$PrimitiveSpec;)Lsun/java2d/loops/GraphicsPrimitive; @ 85
Event: 67.139 Thread 0x00007ff302806800 Uncommon trap: reason=unstable_if action=reinterpret pc=0x0000000107c6a6b4 method=org.newdawn.slick.Image.init()V @ 4
Event: 67.148 Thread 0x00007ff302806800 Uncommon trap: reason=unstable_if action=reinterpret pc=0x0000000107ab8c80 method=java.lang.String.<init>([CII)V @ 18
Event: 67.149 Thread 0x00007ff302806800 Uncommon trap: reason=unstable_if action=reinterpret pc=0x0000000107cebbe4 method=org.newdawn.slick.opengl.TextureImpl.bind()V @ 4
Event: 67.149 Thread 0x00007ff302806800 Uncommon trap: reason=unstable_if action=reinterpret pc=0x0000000107ce2630 method=org.newdawn.slick.geom.NeatTriangulator.snip(IIII)Z @ 134
Event: 67.149 Thread 0x00007ff302806800 Uncommon trap: reason=unstable_if action=reinterpret pc=0x0000000107cd2678 method=org.newdawn.slick.geom.NeatTriangulator.findEdge(II)I @ 56
Event: 67.149 Thread 0x00007ff302806800 Uncommon trap: reason=unstable_if action=reinterpret pc=0x0000000107cda534 method=org.newdawn.slick.geom.NeatTriangulator.findEdge(II)I @ 56
Event: 67.150 Thread 0x00007ff302806800 Uncommon trap: reason=unstable_if action=reinterpret pc=0x0000000107cd7df4 method=org.newdawn.slick.opengl.TextureImpl.bind()V @ 4
Event: 67.150 Thread 0x00007ff302806800 Uncommon trap: reason=unstable_if action=reinterpret pc=0x0000000107ce3eb4 method=org.newdawn.slick.opengl.TextureImpl.bind()V @ 4

Internal exceptions (10 events):
Event: 0.190 Thread 0x00007ff302806800 Exception <a 'java/lang/NoSuchFieldError': method resolution failed> (0x000000079591c708) thrown at [/Users/java_re/workspace/8-2-build-macosx-x86_64/jdk8u71/5731/hotspot/src/share/vm/prims/methodHandles.cpp, line 1146]
Event: 0.192 Thread 0x00007ff302806800 Exception <a 'java/lang/NoSuchFieldError': method resolution failed> (0x0000000795929e58) thrown at [/Users/java_re/workspace/8-2-build-macosx-x86_64/jdk8u71/5731/hotspot/src/share/vm/prims/methodHandles.cpp, line 1146]
Event: 0.781 Thread 0x00007ff302806800 Exception <a 'java/io/FileNotFoundException'> (0x00000007959a5770) thrown at [/Users/java_re/workspace/8-2-build-macosx-x86_64/jdk8u71/5731/hotspot/src/share/vm/prims/jni.cpp, line 709]
Event: 0.781 Thread 0x00007ff302806800 Exception <a 'java/io/FileNotFoundException'> (0x00000007959a62b8) thrown at [/Users/java_re/workspace/8-2-build-macosx-x86_64/jdk8u71/5731/hotspot/src/share/vm/prims/jni.cpp, line 709]
Event: 1.501 Thread 0x00007ff302806800 Exception <a 'java/security/PrivilegedActionException'> (0x00000007961218c8) thrown at [/Users/java_re/workspace/8-2-build-macosx-x86_64/jdk8u71/5731/hotspot/src/share/vm/prims/jvm.cpp, line 1386]
Event: 1.501 Thread 0x00007ff302806800 Exception <a 'java/security/PrivilegedActionException'> (0x00000007961234b0) thrown at [/Users/java_re/workspace/8-2-build-macosx-x86_64/jdk8u71/5731/hotspot/src/share/vm/prims/jvm.cpp, line 1386]
Event: 1.501 Thread 0x00007ff302806800 Exception <a 'java/security/PrivilegedActionException'> (0x00000007961245d0) thrown at [/Users/java_re/workspace/8-2-build-macosx-x86_64/jdk8u71/5731/hotspot/src/share/vm/prims/jvm.cpp, line 1386]
Event: 1.501 Thread 0x00007ff302806800 Exception <a 'java/security/PrivilegedActionException'> (0x00000007961296f0) thrown at [/Users/java_re/workspace/8-2-build-macosx-x86_64/jdk8u71/5731/hotspot/src/share/vm/prims/jvm.cpp, line 1386]
Event: 1.501 Thread 0x00007ff302806800 Exception <a 'java/security/PrivilegedActionException'> (0x000000079612a348) thrown at [/Users/java_re/workspace/8-2-build-macosx-x86_64/jdk8u71/5731/hotspot/src/share/vm/prims/jvm.cpp, line 1386]
Event: 1.501 Thread 0x00007ff302806800 Exception <a 'java/security/PrivilegedActionException'> (0x000000079612af70) thrown at [/Users/java_re/workspace/8-2-build-macosx-x86_64/jdk8u71/5731/hotspot/src/share/vm/prims/jvm.cpp, line 1386]

Events (10 events):
Event: 67.882 Executing VM operation: RevokeBias
Event: 67.883 Executing VM operation: RevokeBias done
Event: 67.883 Thread 0x00007ff30291c000 Thread exited: 0x00007ff30291c000
Event: 68.560 Thread 0x00007ff301128000 Thread added: 0x00007ff301128000
Event: 73.825 Executing VM operation: RevokeBias
Event: 73.826 Executing VM operation: RevokeBias done
Event: 73.826 Thread 0x00007ff301128000 Thread exited: 0x00007ff301128000
Event: 77.636 Thread 0x00007ff30189c800 Thread added: 0x00007ff30189c800
Event: 77.900 loading class org/lwjgl/opengl/CallbackUtil
Event: 77.900 loading class org/lwjgl/opengl/CallbackUtil done


Dynamic libraries:
0x0000000006f7e000 	/System/Library/Frameworks/Cocoa.framework/Versions/A/Cocoa
0x0000000006f7e000 	/System/Library/Frameworks/Security.framework/Versions/A/Security
0x0000000006f7e000 	/System/Library/Frameworks/ApplicationServices.framework/Versions/A/ApplicationServices
0x0000000006f7e000 	/usr/lib/libz.1.dylib
0x0000000006f7e000 	/usr/lib/libSystem.B.dylib
0x0000000006f7e000 	/usr/lib/libobjc.A.dylib
0x0000000006f7e000 	/System/Library/Frameworks/CoreFoundation.framework/Versions/A/CoreFoundation
0x0000000006f7e000 	/System/Library/Frameworks/Foundation.framework/Versions/C/Foundation
0x0000000006f7e000 	/System/Library/Frameworks/AppKit.framework/Versions/C/AppKit
0x0000000006f7e000 	/System/Library/Frameworks/CoreData.framework/Versions/A/CoreData
0x0000000006f7e000 	/System/Library/PrivateFrameworks/RemoteViewServices.framework/Versions/A/RemoteViewServices
0x0000000006f7e000 	/System/Library/PrivateFrameworks/UIFoundation.framework/Versions/A/UIFoundation
0x0000000006f7e000 	/System/Library/Frameworks/IOSurface.framework/Versions/A/IOSurface
0x0000000006f7e000 	/System/Library/Frameworks/AudioToolbox.framework/Versions/A/AudioToolbox
0x0000000006f7e000 	/System/Library/Frameworks/AudioUnit.framework/Versions/A/AudioUnit
0x0000000006f7e000 	/System/Library/PrivateFrameworks/DataDetectorsCore.framework/Versions/A/DataDetectorsCore
0x0000000006f7e000 	/System/Library/PrivateFrameworks/DesktopServicesPriv.framework/Versions/A/DesktopServicesPriv
0x0000000006f7e000 	/System/Library/Frameworks/Carbon.framework/Versions/A/Frameworks/HIToolbox.framework/Versions/A/HIToolbox
0x0000000006f7e000 	/System/Library/Frameworks/QuartzCore.framework/Versions/A/QuartzCore
0x0000000006f7e000 	/System/Library/Frameworks/Carbon.framework/Versions/A/Frameworks/SpeechRecognition.framework/Versions/A/SpeechRecognition
0x0000000006f7e000 	/usr/lib/libauto.dylib
0x0000000006f7e000 	/usr/lib/libicucore.A.dylib
0x0000000006f7e000 	/usr/lib/libxml2.2.dylib
0x0000000006f7e000 	/System/Library/PrivateFrameworks/CoreUI.framework/Versions/A/CoreUI
0x0000000006f7e000 	/System/Library/Frameworks/CoreAudio.framework/Versions/A/CoreAudio
0x0000000006f7e000 	/System/Library/Frameworks/DiskArbitration.framework/Versions/A/DiskArbitration
0x0000000006f7e000 	/usr/lib/liblangid.dylib
0x0000000006f7e000 	/System/Library/PrivateFrameworks/MultitouchSupport.framework/Versions/A/MultitouchSupport
0x0000000006f7e000 	/System/Library/Frameworks/IOKit.framework/Versions/A/IOKit
0x0000000006f7e000 	/usr/lib/libDiagnosticMessagesClient.dylib
0x0000000006f7e000 	/System/Library/Frameworks/CoreServices.framework/Versions/A/CoreServices
0x0000000006f7e000 	/System/Library/PrivateFrameworks/PerformanceAnalysis.framework/Versions/A/PerformanceAnalysis
0x0000000006f7e000 	/System/Library/PrivateFrameworks/GenerationalStorage.framework/Versions/A/GenerationalStorage
0x0000000006f7e000 	/System/Library/Frameworks/OpenGL.framework/Versions/A/OpenGL
0x0000000006f7e000 	/System/Library/PrivateFrameworks/Sharing.framework/Versions/A/Sharing
0x0000000006f7e000 	/System/Library/Frameworks/CoreGraphics.framework/Versions/A/CoreGraphics
0x0000000006f7e000 	/System/Library/Frameworks/CoreText.framework/Versions/A/CoreText
0x0000000006f7e000 	/System/Library/Frameworks/ImageIO.framework/Versions/A/ImageIO
0x0000000006f7e000 	/usr/lib/libextension.dylib
0x0000000006f7e000 	/System/Library/PrivateFrameworks/Backup.framework/Versions/A/Backup
0x0000000006f7e000 	/usr/lib/libarchive.2.dylib
0x0000000006f7e000 	/System/Library/Frameworks/CFNetwork.framework/Versions/A/CFNetwork
0x0000000006f7e000 	/System/Library/Frameworks/SystemConfiguration.framework/Versions/A/SystemConfiguration
0x0000000006f7e000 	/usr/lib/libCRFSuite.dylib
0x0000000006f7e000 	/usr/lib/libc++.1.dylib
0x0000000006f7e000 	/usr/lib/libc++abi.dylib
0x0000000006f7e000 	/usr/lib/system/libcache.dylib
0x0000000006f7e000 	/usr/lib/system/libcommonCrypto.dylib
0x0000000006f7e000 	/usr/lib/system/libcompiler_rt.dylib
0x0000000006f7e000 	/usr/lib/system/libcopyfile.dylib
0x0000000006f7e000 	/usr/lib/system/libcorecrypto.dylib
0x0000000006f7e000 	/usr/lib/system/libdispatch.dylib
0x0000000006f7e000 	/usr/lib/system/libdyld.dylib
0x0000000006f7e000 	/usr/lib/system/libkeymgr.dylib
0x0000000006f7e000 	/usr/lib/system/liblaunch.dylib
0x0000000006f7e000 	/usr/lib/system/libmacho.dylib
0x0000000006f7e000 	/usr/lib/system/libquarantine.dylib
0x0000000006f7e000 	/usr/lib/system/libremovefile.dylib
0x0000000006f7e000 	/usr/lib/system/libsystem_asl.dylib
0x0000000006f7e000 	/usr/lib/system/libsystem_blocks.dylib
0x0000000006f7e000 	/usr/lib/system/libsystem_c.dylib
0x0000000006f7e000 	/usr/lib/system/libsystem_configuration.dylib
0x0000000006f7e000 	/usr/lib/system/libsystem_coreservices.dylib
0x0000000006f7e000 	/usr/lib/system/libsystem_coretls.dylib
0x0000000006f7e000 	/usr/lib/system/libsystem_dnssd.dylib
0x0000000006f7e000 	/usr/lib/system/libsystem_info.dylib
0x0000000006f7e000 	/usr/lib/system/libsystem_kernel.dylib
0x0000000006f7e000 	/usr/lib/system/libsystem_m.dylib
0x0000000006f7e000 	/usr/lib/system/libsystem_malloc.dylib
0x0000000006f7e000 	/usr/lib/system/libsystem_network.dylib
0x0000000006f7e000 	/usr/lib/system/libsystem_networkextension.dylib
0x0000000006f7e000 	/usr/lib/system/libsystem_notify.dylib
0x0000000006f7e000 	/usr/lib/system/libsystem_platform.dylib
0x0000000006f7e000 	/usr/lib/system/libsystem_pthread.dylib
0x0000000006f7e000 	/usr/lib/system/libsystem_sandbox.dylib
0x0000000006f7e000 	/usr/lib/system/libsystem_secinit.dylib
0x0000000006f7e000 	/usr/lib/system/libsystem_stats.dylib
0x0000000006f7e000 	/usr/lib/system/libsystem_trace.dylib
0x0000000006f7e000 	/usr/lib/system/libunc.dylib
0x0000000006f7e000 	/usr/lib/system/libunwind.dylib
0x0000000006f7e000 	/usr/lib/system/libxpc.dylib
0x0000000006f7e000 	/usr/lib/libbz2.1.0.dylib
0x0000000006f7e000 	/usr/lib/liblzma.5.dylib
0x0000000006f7e000 	/usr/lib/libbsm.0.dylib
0x0000000006f7e000 	/usr/lib/libsqlite3.dylib
0x0000000006f7e000 	/usr/lib/system/libkxld.dylib
0x0000000006f7e000 	/usr/lib/libxar.1.dylib
0x0000000006f7e000 	/usr/lib/libpam.2.dylib
0x0000000006f7e000 	/usr/lib/libOpenScriptingUtil.dylib
0x0000000006f7e000 	/System/Library/Frameworks/CoreServices.framework/Versions/A/Frameworks/FSEvents.framework/Versions/A/FSEvents
0x0000000006f7e000 	/System/Library/Frameworks/CoreServices.framework/Versions/A/Frameworks/CarbonCore.framework/Versions/A/CarbonCore
0x0000000006f7e000 	/System/Library/Frameworks/CoreServices.framework/Versions/A/Frameworks/Metadata.framework/Versions/A/Metadata
0x0000000006f7e000 	/System/Library/Frameworks/CoreServices.framework/Versions/A/Frameworks/OSServices.framework/Versions/A/OSServices
0x0000000006f7e000 	/System/Library/Frameworks/CoreServices.framework/Versions/A/Frameworks/SearchKit.framework/Versions/A/SearchKit
0x0000000006f7e000 	/System/Library/Frameworks/CoreServices.framework/Versions/A/Frameworks/AE.framework/Versions/A/AE
0x0000000006f7e000 	/System/Library/Frameworks/CoreServices.framework/Versions/A/Frameworks/LaunchServices.framework/Versions/A/LaunchServices
0x0000000006f7e000 	/System/Library/Frameworks/CoreServices.framework/Versions/A/Frameworks/DictionaryServices.framework/Versions/A/DictionaryServices
0x0000000006f7e000 	/System/Library/Frameworks/NetFS.framework/Versions/A/NetFS
0x0000000006f7e000 	/System/Library/PrivateFrameworks/NetAuth.framework/Versions/A/NetAuth
0x0000000006f7e000 	/System/Library/PrivateFrameworks/login.framework/Versions/A/Frameworks/loginsupport.framework/Versions/A/loginsupport
0x0000000006f7e000 	/System/Library/PrivateFrameworks/TCC.framework/Versions/A/TCC
0x0000000006f7e000 	/usr/lib/libmecabra.dylib
0x0000000006f7e000 	/System/Library/Frameworks/ApplicationServices.framework/Versions/A/Frameworks/ATS.framework/Versions/A/ATS
0x0000000006f7e000 	/System/Library/Frameworks/ApplicationServices.framework/Versions/A/Frameworks/ColorSync.framework/Versions/A/ColorSync
0x0000000006f7e000 	/System/Library/Frameworks/ApplicationServices.framework/Versions/A/Frameworks/HIServices.framework/Versions/A/HIServices
0x0000000006f7e000 	/System/Library/Frameworks/ApplicationServices.framework/Versions/A/Frameworks/LangAnalysis.framework/Versions/A/LangAnalysis
0x0000000006f7e000 	/System/Library/Frameworks/ApplicationServices.framework/Versions/A/Frameworks/PrintCore.framework/Versions/A/PrintCore
0x0000000006f7e000 	/System/Library/Frameworks/ApplicationServices.framework/Versions/A/Frameworks/QD.framework/Versions/A/QD
0x0000000006f7e000 	/System/Library/Frameworks/ApplicationServices.framework/Versions/A/Frameworks/SpeechSynthesis.framework/Versions/A/SpeechSynthesis
0x0000000006f7e000 	/System/Library/Frameworks/Accelerate.framework/Versions/A/Accelerate
0x0000000006f7e000 	/System/Library/Frameworks/Accelerate.framework/Versions/A/Frameworks/vImage.framework/Versions/A/vImage
0x0000000006f7e000 	/System/Library/Frameworks/Accelerate.framework/Versions/A/Frameworks/vecLib.framework/Versions/A/vecLib
0x0000000006f7e000 	/System/Library/Frameworks/Accelerate.framework/Versions/A/Frameworks/vecLib.framework/Versions/A/libvDSP.dylib
0x0000000006f7e000 	/System/Library/Frameworks/Accelerate.framework/Versions/A/Frameworks/vecLib.framework/Versions/A/libvMisc.dylib
0x0000000006f7e000 	/System/Library/Frameworks/Accelerate.framework/Versions/A/Frameworks/vecLib.framework/Versions/A/libLAPACK.dylib
0x0000000006f7e000 	/System/Library/Frameworks/Accelerate.framework/Versions/A/Frameworks/vecLib.framework/Versions/A/libBLAS.dylib
0x0000000006f7e000 	/System/Library/Frameworks/Accelerate.framework/Versions/A/Frameworks/vecLib.framework/Versions/A/libLinearAlgebra.dylib
0x0000000006f7e000 	/System/Library/Frameworks/ApplicationServices.framework/Versions/A/Frameworks/ATS.framework/Versions/A/Resources/libFontParser.dylib
0x0000000006f7e000 	/System/Library/Frameworks/ApplicationServices.framework/Versions/A/Frameworks/ATS.framework/Versions/A/Resources/libFontRegistry.dylib
0x0000000006f7e000 	/System/Library/PrivateFrameworks/AppleVPA.framework/Versions/A/AppleVPA
0x0000000006f7e000 	/System/Library/PrivateFrameworks/AppleJPEG.framework/Versions/A/AppleJPEG
0x0000000006f7e000 	/System/Library/Frameworks/ImageIO.framework/Versions/A/Resources/libJPEG.dylib
0x0000000006f7e000 	/System/Library/Frameworks/ImageIO.framework/Versions/A/Resources/libTIFF.dylib
0x0000000006f7e000 	/System/Library/Frameworks/ImageIO.framework/Versions/A/Resources/libPng.dylib
0x0000000006f7e000 	/System/Library/Frameworks/ImageIO.framework/Versions/A/Resources/libGIF.dylib
0x0000000006f7e000 	/System/Library/Frameworks/ImageIO.framework/Versions/A/Resources/libJP2.dylib
0x0000000006f7e000 	/System/Library/Frameworks/ImageIO.framework/Versions/A/Resources/libRadiance.dylib
0x0000000006f7e000 	/System/Library/Frameworks/CoreVideo.framework/Versions/A/CoreVideo
0x0000000006f7e000 	/System/Library/Frameworks/OpenGL.framework/Versions/A/Libraries/libGLU.dylib
0x0000000006f7e000 	/System/Library/Frameworks/OpenGL.framework/Versions/A/Libraries/libGFXShared.dylib
0x0000000006f7e000 	/System/Library/Frameworks/OpenGL.framework/Versions/A/Libraries/libGL.dylib
0x0000000006f7e000 	/System/Library/Frameworks/OpenGL.framework/Versions/A/Libraries/libGLImage.dylib
0x0000000006f7e000 	/System/Library/Frameworks/OpenGL.framework/Versions/A/Libraries/libCVMSPluginSupport.dylib
0x0000000006f7e000 	/System/Library/Frameworks/OpenGL.framework/Versions/A/Libraries/libCoreVMClient.dylib
0x0000000006f7e000 	/usr/lib/libcups.2.dylib
0x0000000006f7e000 	/System/Library/Frameworks/Kerberos.framework/Versions/A/Kerberos
0x0000000006f7e000 	/System/Library/Frameworks/GSS.framework/Versions/A/GSS
0x0000000006f7e000 	/usr/lib/libresolv.9.dylib
0x0000000006f7e000 	/usr/lib/libiconv.2.dylib
0x0000000006f7e000 	/System/Library/PrivateFrameworks/Heimdal.framework/Versions/A/Heimdal
0x0000000006f7e000 	/usr/lib/libheimdal-asn1.dylib
0x0000000006f7e000 	/System/Library/Frameworks/OpenDirectory.framework/Versions/A/OpenDirectory
0x0000000006f7e000 	/System/Library/PrivateFrameworks/CommonAuth.framework/Versions/A/CommonAuth
0x0000000006f7e000 	/System/Library/Frameworks/OpenDirectory.framework/Versions/A/Frameworks/CFOpenDirectory.framework/Versions/A/CFOpenDirectory
0x0000000006f7e000 	/System/Library/Frameworks/SecurityFoundation.framework/Versions/A/SecurityFoundation
0x0000000006f7e000 	/System/Library/PrivateFrameworks/LanguageModeling.framework/Versions/A/LanguageModeling
0x0000000006f7e000 	/usr/lib/libcmph.dylib
0x0000000006f7e000 	/System/Library/Frameworks/ServiceManagement.framework/Versions/A/ServiceManagement
0x0000000006f7e000 	/usr/lib/libxslt.1.dylib
0x0000000006f7e000 	/System/Library/Frameworks/Carbon.framework/Versions/A/Frameworks/Ink.framework/Versions/A/Ink
0x0000000006f7e000 	/System/Library/Frameworks/QuartzCore.framework/Versions/A/Frameworks/CoreImage.framework/Versions/A/CoreImage
0x0000000006f7e000 	/System/Library/PrivateFrameworks/CrashReporterSupport.framework/Versions/A/CrashReporterSupport
0x0000000006f7e000 	/System/Library/Frameworks/OpenCL.framework/Versions/A/OpenCL
0x0000000006f7e000 	/System/Library/PrivateFrameworks/FaceCore.framework/Versions/A/FaceCore
0x0000000006f7e000 	/System/Library/PrivateFrameworks/Ubiquity.framework/Versions/A/Ubiquity
0x0000000006f7e000 	/System/Library/PrivateFrameworks/IconServices.framework/Versions/A/IconServices
0x0000000006f7e000 	/System/Library/PrivateFrameworks/ChunkingLibrary.framework/Versions/A/ChunkingLibrary
0x0000000006f7e000 	/System/Library/PrivateFrameworks/Apple80211.framework/Versions/A/Apple80211
0x0000000006f7e000 	/System/Library/Frameworks/CoreWLAN.framework/Versions/A/CoreWLAN
0x0000000006f7e000 	/System/Library/Frameworks/IOBluetooth.framework/Versions/A/IOBluetooth
0x0000000006f7e000 	/System/Library/PrivateFrameworks/CoreWiFi.framework/Versions/A/CoreWiFi
0x0000000006f7e000 	/System/Library/Frameworks/CoreBluetooth.framework/Versions/A/CoreBluetooth
0x0000000006f7e000 	/System/Library/PrivateFrameworks/DebugSymbols.framework/Versions/A/DebugSymbols
0x0000000006f7e000 	/System/Library/PrivateFrameworks/CoreSymbolication.framework/Versions/A/CoreSymbolication
0x0000000006f7e000 	/System/Library/PrivateFrameworks/Symbolication.framework/Versions/A/Symbolication
0x0000000006f7e000 	/System/Library/PrivateFrameworks/SpeechRecognitionCore.framework/Versions/A/SpeechRecognitionCore
0x0000000106800000 	/Library/Java/JavaVirtualMachines/jdk1.8.0_71.jdk/Contents/Home/jre/lib/server/libjvm.dylib
0x0000000006f7e000 	/usr/lib/libstdc++.6.dylib
0x000000010578f000 	/Library/Java/JavaVirtualMachines/jdk1.8.0_71.jdk/Contents/Home/jre/lib/libverify.dylib
0x000000010579d000 	/Library/Java/JavaVirtualMachines/jdk1.8.0_71.jdk/Contents/Home/jre/lib/libjava.dylib
0x00000001057dc000 	/Library/Java/JavaVirtualMachines/jdk1.8.0_71.jdk/Contents/Home/jre/lib/libzip.dylib
0x00000001057e6000 	/System/Library/Frameworks/JavaVM.framework/Frameworks/JavaRuntimeSupport.framework/JavaRuntimeSupport
0x000000011e995000 	/System/Library/Frameworks/JavaVM.framework/Versions/A/Frameworks/JavaNativeFoundation.framework/Versions/A/JavaNativeFoundation
0x000000011e9a9000 	/System/Library/Frameworks/JavaVM.framework/Versions/A/JavaVM
0x0000000006f7e000 	/System/Library/Frameworks/Carbon.framework/Versions/A/Carbon
0x000000011e9b5000 	/System/Library/PrivateFrameworks/JavaLaunching.framework/Versions/A/JavaLaunching
0x0000000006f7e000 	/System/Library/Frameworks/Carbon.framework/Versions/A/Frameworks/CommonPanels.framework/Versions/A/CommonPanels
0x0000000006f7e000 	/System/Library/Frameworks/Carbon.framework/Versions/A/Frameworks/Help.framework/Versions/A/Help
0x0000000006f7e000 	/System/Library/Frameworks/Carbon.framework/Versions/A/Frameworks/ImageCapture.framework/Versions/A/ImageCapture
0x0000000006f7e000 	/System/Library/Frameworks/Carbon.framework/Versions/A/Frameworks/OpenScripting.framework/Versions/A/OpenScripting
0x0000000006f7e000 	/System/Library/Frameworks/Carbon.framework/Versions/A/Frameworks/Print.framework/Versions/A/Print
0x0000000006f7e000 	/System/Library/Frameworks/Carbon.framework/Versions/A/Frameworks/SecurityHI.framework/Versions/A/SecurityHI
0x00000001209dd000 	/Library/Java/JavaVirtualMachines/jdk1.8.0_71.jdk/Contents/Home/jre/lib/libawt.dylib
0x0000000120a85000 	/Library/Java/JavaVirtualMachines/jdk1.8.0_71.jdk/Contents/Home/jre/lib/./libmlib_image.dylib
0x0000000120b51000 	/Library/Java/JavaVirtualMachines/jdk1.8.0_71.jdk/Contents/Home/jre/lib/libawt_lwawt.dylib
0x0000000120c06000 	/Library/Java/JavaVirtualMachines/jdk1.8.0_71.jdk/Contents/Home/jre/lib/./libosxapp.dylib
0x0000000006f7e000 	/System/Library/Frameworks/ExceptionHandling.framework/Versions/A/ExceptionHandling
0x0000000006f7e000 	/System/Library/PrivateFrameworks/CoreServicesInternal.framework/Versions/A/CoreServicesInternal
0x0000000006f7e000 	/System/Library/PrivateFrameworks/CloudDocs.framework/Versions/A/CloudDocs
0x0000000006f7e000 	/System/Library/PrivateFrameworks/CoreDuet.framework/Versions/A/CoreDuet
0x0000000006f7e000 	/System/Library/Frameworks/CloudKit.framework/Versions/A/CloudKit
0x0000000006f7e000 	/System/Library/PrivateFrameworks/ProtocolBuffer.framework/Versions/A/ProtocolBuffer
0x0000000006f7e000 	/System/Library/PrivateFrameworks/CoreDuetDaemonProtocol.framework/Versions/A/CoreDuetDaemonProtocol
0x0000000006f7e000 	/System/Library/PrivateFrameworks/CoreDuetDebugLogging.framework/Versions/A/CoreDuetDebugLogging
0x0000000006f7e000 	/System/Library/PrivateFrameworks/MMCS.framework/Versions/A/MMCS
0x0000000006f7e000 	/System/Library/Frameworks/CoreLocation.framework/Versions/A/CoreLocation
0x0000000006f7e000 	/System/Library/PrivateFrameworks/ProtectedCloudStorage.framework/Versions/A/ProtectedCloudStorage
0x0000000006f7e000 	/System/Library/PrivateFrameworks/GeoServices.framework/Versions/A/GeoServices
0x0000000006f7e000 	/System/Library/Frameworks/CoreGraphics.framework/Versions/A/Resources/libCGCMS.A.dylib
0x0000000006f7e000 	/System/Library/Frameworks/CoreGraphics.framework/Versions/A/Resources/libRIP.A.dylib
0x0000000006f7e000 	/System/Library/Frameworks/CoreGraphics.framework/Versions/A/Resources/libCGXType.A.dylib
0x0000000006f7e000 	/System/Library/Frameworks/OpenCL.framework/Versions/A/Libraries/libcldcpuengine.dylib
0x0000000006f7e000 	/System/Library/PrivateFrameworks/DiskImages.framework/Versions/A/DiskImages
0x0000000006f7e000 	/System/Library/Frameworks/DiscRecording.framework/Versions/A/DiscRecording
0x0000000006f7e000 	/usr/lib/libcsfde.dylib
0x0000000006f7e000 	/usr/lib/libcurl.4.dylib
0x0000000006f7e000 	/System/Library/PrivateFrameworks/MediaKit.framework/Versions/A/MediaKit
0x0000000006f7e000 	/usr/lib/libCoreStorage.dylib
0x0000000006f7e000 	/System/Library/PrivateFrameworks/EFILogin.framework/Versions/A/EFILogin
0x0000000006f7e000 	/usr/lib/libutil.dylib
0x0000000006f7e000 	/System/Library/PrivateFrameworks/FindMyDevice.framework/Versions/A/FindMyDevice
0x0000000006f7e000 	/System/Library/Frameworks/LDAP.framework/Versions/A/LDAP
0x0000000006f7e000 	/usr/lib/libsasl2.2.dylib
0x0000000006f7e000 	/System/Library/PrivateFrameworks/CoreDaemon.framework/Versions/B/CoreDaemon
0x0000000006f7e000 	/usr/lib/libcrypto.0.9.8.dylib
0x0000000006f7e000 	/System/Library/PrivateFrameworks/AppleSRP.framework/Versions/A/AppleSRP
0x0000000006f7e000 	/System/Library/PrivateFrameworks/TrustEvaluationAgent.framework/Versions/A/TrustEvaluationAgent
0x0000000123f44000 	cl_kernels
0x0000000123f46000 	/System/Library/Frameworks/OpenCL.framework/Versions/A/Libraries/ImageFormats/unorm8_bgra.dylib
0x0000000123f36000 	cl_kernels
0x0000000006f7e000 	/System/Library/PrivateFrameworks/FamilyControls.framework/Versions/A/FamilyControls
0x0000000006f7e000 	/System/Library/PrivateFrameworks/CommerceKit.framework/Versions/A/Frameworks/CommerceCore.framework/Versions/A/CommerceCore
0x0000000006f7e000 	/System/Library/PrivateFrameworks/SystemAdministration.framework/Versions/A/SystemAdministration
0x0000000006f7e000 	/System/Library/PrivateFrameworks/AppContainer.framework/Versions/A/AppContainer
0x0000000006f7e000 	/System/Library/PrivateFrameworks/SecCodeWrapper.framework/Versions/A/SecCodeWrapper
0x0000000006f7e000 	/System/Library/Frameworks/DirectoryService.framework/Versions/A/DirectoryService
0x0000000006f7e000 	/System/Library/PrivateFrameworks/LoginUIKit.framework/Versions/A/Frameworks/LoginUICore.framework/Versions/A/LoginUICore
0x0000000006f7e000 	/usr/lib/libodfde.dylib
0x00000001253f1000 	/Library/Java/JavaVirtualMachines/jdk1.8.0_71.jdk/Contents/Home/jre/lib/libfontmanager.dylib
0x0000000125458000 	/Users/Murph/csci205FinalProject/externals/Slick/native/liblwjgl.dylib
0x0000000123325000 	/Library/Java/JavaVirtualMachines/jdk1.8.0_71.jdk/Contents/Home/jre/lib/libjawt.dylib
0x0000000006f7e000 	/System/Library/Frameworks/OpenGL.framework/Versions/A/Resources/GLEngine.bundle/GLEngine
0x0000000006f7e000 	/System/Library/Frameworks/OpenGL.framework/Versions/A/Libraries/libGLProgrammability.dylib
0x00000001254da000 	/System/Library/Extensions/AppleIntelHD4000GraphicsGLDriver.bundle/Contents/MacOS/AppleIntelHD4000GraphicsGLDriver
0x0000000006f7e000 	/System/Library/PrivateFrameworks/IOAccelerator.framework/Versions/A/IOAccelerator
0x0000000006f7e000 	/System/Library/PrivateFrameworks/GPUSupport.framework/Versions/A/Libraries/libGPUSupportMercury.dylib
0x0000000000000000 	/System/Library/Extensions/GeForceGLDriver.bundle/Contents/MacOS/GeForceGLDriver
0x0000000006f7e000 	/System/Library/Extensions/GeForceGLDriver.bundle/Contents/MacOS/libclh.dylib
0x0000000006f7e000 	/System/Library/Frameworks/OpenGL.framework/Versions/A/Resources/GLRendererFloat.bundle/GLRendererFloat
0x0000000126a9f000 	/Users/Murph/csci205FinalProject/externals/Slick/native/libjinput-osx.dylib
0x0000000126aa4000 	/System/Library/Extensions/IOHIDFamily.kext/Contents/PlugIns/IOHIDLib.plugin/Contents/MacOS/IOHIDLib
0x0000000126ad2000 	/Users/Murph/csci205FinalProject/externals/Slick/native/openal.dylib
0x0000000126b56000 	/System/Library/Components/CoreAudio.component/Contents/MacOS/CoreAudio
0x0000000126e2f000 	/System/Library/Extensions/AppleHDA.kext/Contents/PlugIns/AppleHDAHALPlugIn.bundle/Contents/MacOS/AppleHDAHALPlugIn
0x00000001231f5000 	/Library/Java/JavaVirtualMachines/jdk1.8.0_71.jdk/Contents/Home/jre/lib/libnio.dylib
0x0000000123205000 	/Library/Java/JavaVirtualMachines/jdk1.8.0_71.jdk/Contents/Home/jre/lib/./libnet.dylib
0x0000000129cf6000 	/Library/Java/JavaVirtualMachines/jdk1.8.0_71.jdk/Contents/Home/jre/lib/libt2k.dylib

VM Arguments:
jvm_args: -Dfile.encoding=UTF-8 -Djava.library.path=./externals/Slick/native 
java_command: main.PokemonOB
java_class_path (initial): /Users/Murph/csci205FinalProject/externals/Slick/ibxm.jar:/Users/Murph/csci205FinalProject/externals/Slick/jinput.jar:/Users/Murph/csci205FinalProject/externals/Slick/jogg-0.0.7.jar:/Users/Murph/csci205FinalProject/externals/Slick/jorbis-0.0.15.jar:/Users/Murph/csci205FinalProject/externals/Slick/lwjgl.jar:/Users/Murph/csci205FinalProject/externals/Slick/lwjgl_util.jar:/Users/Murph/csci205FinalProject/externals/Slick/natives-linux.jar:/Users/Murph/csci205FinalProject/externals/Slick/natives-mac.jar:/Users/Murph/csci205FinalProject/externals/Slick/natives-windows.jar:/Users/Murph/csci205FinalProject/externals/Slick/slick-util.jar:/Users/Murph/csci205FinalProject/externals/Slick/slick.jar:/Users/Murph/csci205FinalProject/build/classes
Launcher Type: SUN_STANDARD

Environment Variables:
PATH=/usr/bin:/bin:/usr/sbin:/sbin
LD_LIBRARY_PATH=/Library/Java/JavaVirtualMachines/jdk1.8.0_71.jdk/Contents/Home/jre/lib/amd64:/Library/Java/JavaVirtualMachines/jdk1.8.0_71.jdk/Contents/Home/jre/lib/i386:
SHELL=/bin/bash
DISPLAY=/private/tmp/com.apple.launchd.GzhtyV792e/org.macosforge.xquartz:0
DYLD_LIBRARY_PATH=/Applications/NetBeans/NetBeans 8.0.2.app/Contents/Resources/NetBeans/webcommon/bin:

Signal Handlers:
SIGSEGV: [libjvm.dylib+0x5a68c5], sa_mask[0]=11111111011111110111111111111111, sa_flags=SA_ONSTACK|SA_RESTART|SA_SIGINFO
SIGBUS: [libjvm.dylib+0x5a68c5], sa_mask[0]=11111111011111110111111111111111, sa_flags=SA_RESTART|SA_SIGINFO
SIGFPE: [libjvm.dylib+0x4805d4], sa_mask[0]=11111111011111110111111111111111, sa_flags=SA_RESTART|SA_SIGINFO
SIGPIPE: [libjvm.dylib+0x4805d4], sa_mask[0]=11111111011111110111111111111111, sa_flags=SA_RESTART|SA_SIGINFO
SIGXFSZ: [libjvm.dylib+0x4805d4], sa_mask[0]=11111111011111110111111111111111, sa_flags=SA_RESTART|SA_SIGINFO
SIGILL: [libjvm.dylib+0x4805d4], sa_mask[0]=11111111011111110111111111111111, sa_flags=SA_RESTART|SA_SIGINFO
SIGUSR1: SIG_DFL, sa_mask[0]=00000000000000000000000000000000, sa_flags=none
SIGUSR2: [libjvm.dylib+0x4800f2], sa_mask[0]=00100000000000000000000000000000, sa_flags=SA_RESTART|SA_SIGINFO
SIGHUP: [libjvm.dylib+0x47e6c9], sa_mask[0]=11111111011111110111111111111111, sa_flags=SA_RESTART|SA_SIGINFO
SIGINT: SIG_IGN, sa_mask[0]=00000000000000000000000000000000, sa_flags=none
SIGTERM: [libjvm.dylib+0x47e6c9], sa_mask[0]=11111111011111110111111111111111, sa_flags=SA_RESTART|SA_SIGINFO
SIGQUIT: [libjvm.dylib+0x47e6c9], sa_mask[0]=11111111011111110111111111111111, sa_flags=SA_RESTART|SA_SIGINFO


---------------  S Y S T E M  ---------------

OS:Bsduname:Darwin 14.5.0 Darwin Kernel Version 14.5.0: Mon Jan 11 18:48:35 PST 2016; root:xnu-2782.50.2~1/RELEASE_X86_64 x86_64
rlimit: STACK 8192k, CORE 0k, NPROC 709, NOFILE 10240, AS infinity
load average:1.36 1.47 1.61

CPU:total 8 (4 cores per cpu, 2 threads per core) family 6 model 58 stepping 9, cmov, cx8, fxsr, mmx, sse, sse2, sse3, ssse3, sse4.1, sse4.2, popcnt, avx, aes, clmul, erms, ht, tsc, tscinvbit, tscinv

Memory: 4k page, physical 8388608k(31240k free)

/proc/meminfo:


vm_info: Java HotSpot(TM) 64-Bit Server VM (25.71-b15) for bsd-amd64 JRE (1.8.0_71-b15), built on Dec 22 2015 15:11:44 by "java_re" with gcc 4.2.1 (Based on Apple Inc. build 5658) (LLVM build 2336.11.00)

time: Fri Apr  8 20:04:58 2016
elapsed time: 77 seconds (0d 0h 1m 17s)

