#
# A fatal error has been detected by the Java Runtime Environment:
#
#  SIGSEGV (0xb) at pc=0x00007fff9667f0dd, pid=2181, tid=1811
#
# JRE version: Java(TM) SE Runtime Environment (8.0_71-b15) (build 1.8.0_71-b15)
# Java VM: Java HotSpot(TM) 64-Bit Server VM (25.71-b15 mixed mode bsd-amd64 compressed oops)
# Problematic frame:
# C  [libobjc.A.dylib+0x10dd]  objc_msgSend+0x1d
#
# Failed to write core dump. Core dumps have been disabled. To enable core dumping, try "ulimit -c unlimited" before starting Java again
#
# If you would like to submit a bug report, please visit:
#   http://bugreport.java.com/bugreport/crash.jsp
# The crash happened outside the Java Virtual Machine in native code.
# See problematic frame for where to report the bug.
#

---------------  T H R E A D  ---------------

Current thread (0x00007fccad0f2800):  JavaThread "AppKit Thread" daemon [_thread_in_native, id=1811, stack(0x00007fff58ab4000,0x00007fff592b4000)]

siginfo: si_signo: 11 (SIGSEGV), si_code: 1 (SEGV_MAPERR), si_addr: 0x0000000000000018

Registers:
RAX=0x00007fccab243a70, RBX=0x00007fff592af638, RCX=0x0000000000000000, RDX=0x00007fccab244bf0
RSP=0x00007fff592af458, RBP=0x00007fff592af460, RSI=0x00007fff8ee6f41e, RDI=0x00007fccab243a70
R8 =0x00007fff592af440, R9 =0x0000000000000062, R10=0x00007fff8ee6f41e, R11=0x0000000000000000
R12=0x00007fcca9c1d4e0, R13=0x00000000000f4303, R14=0x00007fccab336e90, R15=0x00007fff592af598
RIP=0x00007fff9667f0dd, EFLAGS=0x0000000000010246, ERR=0x0000000000000004
  TRAPNO=0x000000000000000e

Top of Stack: (sp=0x00007fff592af458)
0x00007fff592af458:   00007fff9594945c 00007fff592af7c0
0x00007fff592af468:   00007fff95839634 00007fff592af4ec
0x00007fff592af478:   00007fff592af4f0 00007fff592af4f4
0x00007fff592af488:   00007fff7a75ce00 ffffffffffffffff
0x00007fff592af498:   0000000000000930 00007fff7a75ce18
0x00007fff592af4a8:   00007fccab336e90 0000000000000000
0x00007fff592af4b8:   00007fff592af590 0000000000000000
0x00007fff592af4c8:   00007fccab249600 00007fff592af610
0x00007fff592af4d8:   0000000000000062 00000000000f4305
0x00007fff592af4e8:   00007fccab244bf0 00007fccab249030
0x00007fff592af4f8:   00007fcca9c1d4e0 0000000000000001
0x00007fff592af508:   00000000000f4303 00007fcca9c1d4d0
0x00007fff592af518:   00007fff90356c05 00000001ab14fec0
0x00007fff592af528:   00007fff79de80d0 0000000042000000
0x00007fff592af538:   00007fff9035de63 00007fff7a727240
0x00007fff592af548:   00007fff592af618 00007fff592af570
0x00007fff592af558:   00007fff592af590 0000000000000000
0x00007fff592af568:   000000000000000e 0002e00300000001
0x00007fff592af578:   00007fcca9c1d504 0000000000000000
0x00007fff592af588:   0000000000000000 00007fccab249680
0x00007fff592af598:   00007fccab336e90 0000002000000000
0x00007fff592af5a8:   0000000000000000 00007fff79de80d0
0x00007fff592af5b8:   0000000042000000 00007fff9035d4f8
0x00007fff592af5c8:   00007fff7a727350 00007fff592af528
0x00007fff592af5d8:   0000000000000000 00007fff592af6a8
0x00007fff592af5e8:   00007fff7a247ea0 00007fff592af6e0
0x00007fff592af5f8:   00007fff97774770 00007fff592af690
0x00007fff592af608:   00007fff8e5a34ed 0000000000000051
0x00007fff592af618:   0000000000000000 00000000000f42e2
0x00007fff592af628:   0000000000000053 0000000000000000
0x00007fff592af638:   00000000000f4303 00007fff592af6b4
0x00007fff592af648:   0000000000422001 00000000ffffffff 

Instructions: (pc=0x00007fff9667f0dd)
0x00007fff9667f0bd:   00 00 00 48 85 ff 2e 74 7a 40 f6 c7 01 2e 75 7e
0x00007fff9667f0cd:   49 bb f8 ff ff ff ff 7f 00 00 4c 23 1f 49 89 f2
0x00007fff9667f0dd:   45 23 53 18 49 c1 e2 04 4d 03 53 10 49 3b 32 75
0x00007fff9667f0ed:   04 41 ff 62 08 49 83 3a 00 74 6a 4d 3b 53 10 74 

Register to memory mapping:

RAX=0x00007fccab243a70 is an unknown value
RBX=0x00007fff592af638 is pointing into the stack for thread: 0x00007fccad0f2800
RCX=0x0000000000000000 is an unknown value
RDX=0x00007fccab244bf0 is an unknown value
RSP=0x00007fff592af458 is pointing into the stack for thread: 0x00007fccad0f2800
RBP=0x00007fff592af460 is pointing into the stack for thread: 0x00007fccad0f2800
RSI=0x00007fff8ee6f41e: -[NSTitlebarContainerView transparent]+0x5e312 in /System/Library/Frameworks/AppKit.framework/Versions/C/AppKit at 0x00007fff8e46e000
RDI=0x00007fccab243a70 is an unknown value
R8 =0x00007fff592af440 is pointing into the stack for thread: 0x00007fccad0f2800
R9 =0x0000000000000062 is an unknown value
R10=0x00007fff8ee6f41e: -[NSTitlebarContainerView transparent]+0x5e312 in /System/Library/Frameworks/AppKit.framework/Versions/C/AppKit at 0x00007fff8e46e000
R11=0x0000000000000000 is an unknown value
R12=0x00007fcca9c1d4e0 is an unknown value
R13=0x00000000000f4303 is an unknown value
R14=0x00007fccab336e90 is an unknown value
R15=0x00007fff592af598 is pointing into the stack for thread: 0x00007fccad0f2800


Stack: [0x00007fff58ab4000,0x00007fff592b4000],  sp=0x00007fff592af458,  free space=8173k
Native frames: (J=compiled Java code, j=interpreted, Vv=VM code, C=native code)
C  [libobjc.A.dylib+0x10dd]  objc_msgSend+0x1d
C  [CoreFoundation+0x10634]  _CFXNotificationPost+0xc44
C  [Foundation+0x7aa1]  -[NSNotificationCenter postNotificationName:object:userInfo:]+0x42
C  [AppKit+0x439c2]  -[NSSurface _disposeSurface]+0x98
C  [AppKit+0x43426]  -[NSSurface setWindow:]+0x42
C  [AppKit+0x33910]  -[NSView _setWindow:]+0xa33
C  [AppKit+0x6af91]  -[NSView removeFromSuperview]+0x1c5
C  [AppKit+0x14bd99]  -[NSView removeFromSuperviewWithoutNeedingDisplay]+0x26
C  [liblwjgl.dylib+0xa205]  +[MacOSXKeyableWindow destroyWindow]+0xb5
C  [Foundation+0x92dd0]  __NSThreadPerformPerform+0x125
C  [CoreFoundation+0x80a01]  __CFRUNLOOP_IS_CALLING_OUT_TO_A_SOURCE0_PERFORM_FUNCTION__+0x11
C  [CoreFoundation+0x72b8d]  __CFRunLoopDoSources0+0x10d
C  [CoreFoundation+0x721bf]  __CFRunLoopRun+0x39f
C  [CoreFoundation+0x71bd8]  CFRunLoopRunSpecific+0x128
C  [HIToolbox+0x3256f]  RunCurrentEventLoopInMode+0xeb
C  [HIToolbox+0x322ea]  ReceiveNextEventCommon+0x1af
C  [HIToolbox+0x3212b]  _BlockUntilNextEventMatchingListInModeWithFilter+0x47
C  [AppKit+0x918ab]  _DPSNextEvent+0x3d2
C  [AppKit+0x90e58]  -[NSApplication nextEventMatchingMask:untilDate:inMode:dequeue:]+0x15a
C  [libosxapp.dylib+0x23aa]  -[NSApplicationAWT nextEventMatchingMask:untilDate:inMode:dequeue:]+0x7c
C  [AppKit+0x86af3]  -[NSApplication run]+0x252
C  [libosxapp.dylib+0x214d]  +[NSApplicationAWT runAWTLoopWithApp:]+0x9c
C  [libawt_lwawt.dylib+0x4455b]  -[AWTStarter starter:]+0x389
C  [Foundation+0x92dd0]  __NSThreadPerformPerform+0x125
C  [CoreFoundation+0x80a01]  __CFRUNLOOP_IS_CALLING_OUT_TO_A_SOURCE0_PERFORM_FUNCTION__+0x11
C  [CoreFoundation+0x72b8d]  __CFRunLoopDoSources0+0x10d
C  [CoreFoundation+0x721bf]  __CFRunLoopRun+0x39f
C  [CoreFoundation+0x71bd8]  CFRunLoopRunSpecific+0x128
C  [java+0x6463]  CreateExecutionEnvironment+0x367
C  [java+0x21ac]  JLI_Launch+0x7a0
C  [java+0x84c0]  main+0x65
C  [java+0x1a04]  start+0x34
C  0x0000000000000006


---------------  P R O C E S S  ---------------

Java Threads: ( => current thread )
  0x00007fccad94f000 JavaThread "AWT-Shutdown" [_thread_blocked, id=40467, stack(0x000000011fc96000,0x000000011fd96000)]
  0x00007fccad9b4800 JavaThread "Java2D Queue Flusher" daemon [_thread_blocked, id=75271, stack(0x000000012a3f2000,0x000000012a4f2000)]
  0x00007fccaca72800 JavaThread "Java2D Disposer" daemon [_thread_blocked, id=73223, stack(0x000000012a043000,0x000000012a143000)]
=>0x00007fccad0f2800 JavaThread "AppKit Thread" daemon [_thread_in_native, id=1811, stack(0x00007fff58ab4000,0x00007fff592b4000)]
  0x00007fccaa029800 JavaThread "Service Thread" daemon [_thread_blocked, id=20739, stack(0x0000000121a81000,0x0000000121b81000)]
  0x00007fccad817800 JavaThread "C1 CompilerThread3" daemon [_thread_blocked, id=20227, stack(0x000000012197e000,0x0000000121a7e000)]
  0x00007fccad016800 JavaThread "C2 CompilerThread2" daemon [_thread_blocked, id=19715, stack(0x000000012187b000,0x000000012197b000)]
  0x00007fccab81d800 JavaThread "C2 CompilerThread1" daemon [_thread_blocked, id=19203, stack(0x0000000121778000,0x0000000121878000)]
  0x00007fccac80e000 JavaThread "C2 CompilerThread0" daemon [_thread_blocked, id=18691, stack(0x0000000121675000,0x0000000121775000)]
  0x00007fccad019000 JavaThread "Signal Dispatcher" daemon [_thread_blocked, id=14615, stack(0x0000000121572000,0x0000000121672000)]
  0x00007fccac003000 JavaThread "Finalizer" daemon [_thread_blocked, id=13571, stack(0x000000011fb68000,0x000000011fc68000)]
  0x00007fccac002000 JavaThread "Reference Handler" daemon [_thread_blocked, id=13059, stack(0x000000011fa65000,0x000000011fb65000)]
  0x00007fccaa00d000 JavaThread "main" [_thread_in_native, id=4867, stack(0x0000000106a63000,0x0000000106b63000)]

Other Threads:
  0x00007fccad012800 VMThread [stack: 0x000000011f962000,0x000000011fa62000] [id=12547]
  0x00007fccaa026800 WatcherThread [stack: 0x0000000121b84000,0x0000000121c84000] [id=21251]

VM state:not at safepoint (normal execution)

VM Mutex/Monitor currently owned by a thread: None

Heap:
 PSYoungGen      total 38400K, used 15564K [0x0000000795580000, 0x000000079a080000, 0x00000007c0000000)
  eden space 33280K, 31% used [0x0000000795580000,0x0000000795fbb0d8,0x0000000797600000)
  from space 5120K, 99% used [0x0000000797600000,0x0000000797af8030,0x0000000797b00000)
  to   space 5120K, 0% used [0x0000000799b80000,0x0000000799b80000,0x000000079a080000)
 ParOldGen       total 87552K, used 13099K [0x0000000740000000, 0x0000000745580000, 0x0000000795580000)
  object space 87552K, 14% used [0x0000000740000000,0x0000000740ccadf8,0x0000000745580000)
 Metaspace       used 10388K, capacity 10605K, committed 10752K, reserved 1058816K
  class space    used 1072K, capacity 1153K, committed 1280K, reserved 1048576K

Card table byte_map: [0x0000000117f4f000,0x0000000118350000] byte_map_base: 0x000000011454f000

Marking Bits: (ParMarkBitMap*) 0x00000001084e3ea0
 Begin Bits: [0x0000000118e13000, 0x000000011ae13000)
 End Bits:   [0x000000011ae13000, 0x000000011ce13000)

Polling page: 0x0000000106ba8000

CodeCache: size=245760Kb used=4977Kb max_used=4988Kb free=240782Kb
 bounds [0x0000000108b8f000, 0x000000010907f000, 0x0000000117b8f000]
 total_blobs=1866 nmethods=1323 adapters=457
 compilation: enabled

Compilation events (10 events):
Event: 23.607 Thread 0x00007fccad817800 1319       3       java.nio.Bits::int0 (3 bytes)
Event: 23.607 Thread 0x00007fccad817800 nmethod 1319 0x000000010906d590 code [0x000000010906d6e0, 0x000000010906d810]
Event: 23.621 Thread 0x00007fccad817800 1320       1       gameStates.BattleState::isAcceptingInput (2 bytes)
Event: 23.621 Thread 0x00007fccad817800 nmethod 1320 0x000000010905fb90 code [0x000000010905fce0, 0x000000010905fdf0]
Event: 23.624 Thread 0x00007fccad817800 1321       3       java.nio.Bits::putIntB (43 bytes)
Event: 23.624 Thread 0x00007fccad817800 nmethod 1321 0x000000010906d890 code [0x000000010906da40, 0x000000010906e018]
Event: 24.354 Thread 0x00007fccab81d800 1322       4       java.util.HashMap$HashIterator::hasNext (13 bytes)
Event: 24.355 Thread 0x00007fccab81d800 nmethod 1322 0x0000000109070e90 code [0x0000000109070fe0, 0x0000000109071058]
Event: 24.922 Thread 0x00007fccad016800 1323       4       java.nio.HeapByteBuffer::compact (52 bytes)
Event: 24.924 Thread 0x00007fccad016800 nmethod 1323 0x000000010906f410 code [0x000000010906f580, 0x000000010906f798]

GC Heap History (6 events):
Event: 1.947 GC heap before
{Heap before GC invocations=1 (full 0):
 PSYoungGen      total 38400K, used 30497K [0x0000000795580000, 0x0000000798000000, 0x00000007c0000000)
  eden space 33280K, 91% used [0x0000000795580000,0x0000000797348430,0x0000000797600000)
  from space 5120K, 0% used [0x0000000797b00000,0x0000000797b00000,0x0000000798000000)
  to   space 5120K, 0% used [0x0000000797600000,0x0000000797600000,0x0000000797b00000)
 ParOldGen       total 87552K, used 0K [0x0000000740000000, 0x0000000745580000, 0x0000000795580000)
  object space 87552K, 0% used [0x0000000740000000,0x0000000740000000,0x0000000745580000)
 Metaspace       used 7401K, capacity 7567K, committed 7808K, reserved 1056768K
  class space    used 760K, capacity 826K, committed 896K, reserved 1048576K
Event: 1.956 GC heap after
Heap after GC invocations=1 (full 0):
 PSYoungGen      total 38400K, used 3377K [0x0000000795580000, 0x0000000798000000, 0x00000007c0000000)
  eden space 33280K, 0% used [0x0000000795580000,0x0000000795580000,0x0000000797600000)
  from space 5120K, 65% used [0x0000000797600000,0x000000079794c740,0x0000000797b00000)
  to   space 5120K, 0% used [0x0000000797b00000,0x0000000797b00000,0x0000000798000000)
 ParOldGen       total 87552K, used 8200K [0x0000000740000000, 0x0000000745580000, 0x0000000795580000)
  object space 87552K, 9% used [0x0000000740000000,0x0000000740802010,0x0000000745580000)
 Metaspace       used 7401K, capacity 7567K, committed 7808K, reserved 1056768K
  class space    used 760K, capacity 826K, committed 896K, reserved 1048576K
}
Event: 4.212 GC heap before
{Heap before GC invocations=2 (full 0):
 PSYoungGen      total 38400K, used 36184K [0x0000000795580000, 0x0000000798000000, 0x00000007c0000000)
  eden space 33280K, 98% used [0x0000000795580000,0x0000000797589c28,0x0000000797600000)
  from space 5120K, 65% used [0x0000000797600000,0x000000079794c740,0x0000000797b00000)
  to   space 5120K, 0% used [0x0000000797b00000,0x0000000797b00000,0x0000000798000000)
 ParOldGen       total 87552K, used 8200K [0x0000000740000000, 0x0000000745580000, 0x0000000795580000)
  object space 87552K, 9% used [0x0000000740000000,0x0000000740802010,0x0000000745580000)
 Metaspace       used 10216K, capacity 10413K, committed 10752K, reserved 1058816K
  class space    used 1071K, capacity 1153K, committed 1280K, reserved 1048576K
Event: 4.216 GC heap after
Heap after GC invocations=2 (full 0):
 PSYoungGen      total 38400K, used 5104K [0x0000000795580000, 0x0000000798000000, 0x00000007c0000000)
  eden space 33280K, 0% used [0x0000000795580000,0x0000000795580000,0x0000000797600000)
  from space 5120K, 99% used [0x0000000797b00000,0x0000000797ffc040,0x0000000798000000)
  to   space 5120K, 0% used [0x0000000797600000,0x0000000797600000,0x0000000797b00000)
 ParOldGen       total 87552K, used 8859K [0x0000000740000000, 0x0000000745580000, 0x0000000795580000)
  object space 87552K, 10% used [0x0000000740000000,0x00000007408a6db8,0x0000000745580000)
 Metaspace       used 10216K, capacity 10413K, committed 10752K, reserved 1058816K
  class space    used 1071K, capacity 1153K, committed 1280K, reserved 1048576K
}
Event: 4.314 GC heap before
{Heap before GC invocations=3 (full 0):
 PSYoungGen      total 38400K, used 38384K [0x0000000795580000, 0x0000000798000000, 0x00000007c0000000)
  eden space 33280K, 100% used [0x0000000795580000,0x0000000797600000,0x0000000797600000)
  from space 5120K, 99% used [0x0000000797b00000,0x0000000797ffc040,0x0000000798000000)
  to   space 5120K, 0% used [0x0000000797600000,0x0000000797600000,0x0000000797b00000)
 ParOldGen       total 87552K, used 8859K [0x0000000740000000, 0x0000000745580000, 0x0000000795580000)
  object space 87552K, 10% used [0x0000000740000000,0x00000007408a6db8,0x0000000745580000)
 Metaspace       used 10259K, capacity 10413K, committed 10752K, reserved 1058816K
  class space    used 1071K, capacity 1153K, committed 1280K, reserved 1048576K
Event: 4.318 GC heap after
Heap after GC invocations=3 (full 0):
 PSYoungGen      total 38400K, used 5088K [0x0000000795580000, 0x000000079a080000, 0x00000007c0000000)
  eden space 33280K, 0% used [0x0000000795580000,0x0000000795580000,0x0000000797600000)
  from space 5120K, 99% used [0x0000000797600000,0x0000000797af8030,0x0000000797b00000)
  to   space 5120K, 0% used [0x0000000799b80000,0x0000000799b80000,0x000000079a080000)
 ParOldGen       total 87552K, used 13099K [0x0000000740000000, 0x0000000745580000, 0x0000000795580000)
  object space 87552K, 14% used [0x0000000740000000,0x0000000740ccadf8,0x0000000745580000)
 Metaspace       used 10259K, capacity 10413K, committed 10752K, reserved 1058816K
  class space    used 1071K, capacity 1153K, committed 1280K, reserved 1048576K
}

Deoptimization events (10 events):
Event: 1.945 Thread 0x00007fccaa00d000 Uncommon trap: reason=unstable_if action=reinterpret pc=0x0000000108e29968 method=com.jcraft.jorbis.DspState.synthesis_blockin(Lcom/jcraft/jorbis/Block;)I @ 701
Event: 1.945 Thread 0x00007fccaa00d000 Uncommon trap: reason=unstable_if action=reinterpret pc=0x0000000108e461ac method=org.newdawn.slick.openal.OggInputStream.readPCM()V @ 481
Event: 1.945 Thread 0x00007fccaa00d000 Uncommon trap: reason=unstable_if action=reinterpret pc=0x0000000108e26410 method=org.newdawn.slick.openal.OggInputStream.atEnd()Z @ 4
Event: 1.945 Thread 0x00007fccaa00d000 Uncommon trap: reason=unstable_if action=reinterpret pc=0x0000000108ddb378 method=org.newdawn.slick.openal.OggInputStream.atEnd()Z @ 4
Event: 2.059 Thread 0x00007fccaa00d000 Uncommon trap: reason=unstable_if action=reinterpret pc=0x0000000108da19ac method=java.lang.String.indexOf([CII[CIII)I @ 3
Event: 2.067 Thread 0x00007fccaa00d000 Uncommon trap: reason=class_check action=maybe_recompile pc=0x0000000108dabfbc method=java.util.HashMap.putVal(ILjava/lang/Object;Ljava/lang/Object;ZZ)Ljava/lang/Object; @ 253
Event: 2.067 Thread 0x00007fccaa00d000 Uncommon trap: reason=class_check action=maybe_recompile pc=0x0000000108dabfbc method=java.util.HashMap.putVal(ILjava/lang/Object;Ljava/lang/Object;ZZ)Ljava/lang/Object; @ 253
Event: 2.067 Thread 0x00007fccaa00d000 Uncommon trap: reason=class_check action=maybe_recompile pc=0x0000000108dabfbc method=java.util.HashMap.putVal(ILjava/lang/Object;Ljava/lang/Object;ZZ)Ljava/lang/Object; @ 253
Event: 2.067 Thread 0x00007fccaa00d000 Uncommon trap: reason=class_check action=maybe_recompile pc=0x0000000108dabfbc method=java.util.HashMap.putVal(ILjava/lang/Object;Ljava/lang/Object;ZZ)Ljava/lang/Object; @ 253
Event: 2.351 Thread 0x00007fccaa00d000 Uncommon trap: reason=unstable_if action=reinterpret pc=0x0000000108eb91b0 method=sun.java2d.loops.GraphicsPrimitiveMgr.locate(Lsun/java2d/loops/GraphicsPrimitiveMgr$PrimitiveSpec;)Lsun/java2d/loops/GraphicsPrimitive; @ 85

Internal exceptions (10 events):
Event: 0.405 Thread 0x00007fccaa00d000 Exception <a 'java/lang/NoSuchFieldError': method resolution failed> (0x000000079591d8a0) thrown at [/Users/java_re/workspace/8-2-build-macosx-x86_64/jdk8u71/5731/hotspot/src/share/vm/prims/methodHandles.cpp, line 1146]
Event: 0.407 Thread 0x00007fccaa00d000 Exception <a 'java/lang/NoSuchFieldError': method resolution failed> (0x000000079592aff0) thrown at [/Users/java_re/workspace/8-2-build-macosx-x86_64/jdk8u71/5731/hotspot/src/share/vm/prims/methodHandles.cpp, line 1146]
Event: 0.687 Thread 0x00007fccaa00d000 Exception <a 'java/io/FileNotFoundException'> (0x00000007959a6b40) thrown at [/Users/java_re/workspace/8-2-build-macosx-x86_64/jdk8u71/5731/hotspot/src/share/vm/prims/jni.cpp, line 709]
Event: 0.687 Thread 0x00007fccaa00d000 Exception <a 'java/io/FileNotFoundException'> (0x00000007959a7688) thrown at [/Users/java_re/workspace/8-2-build-macosx-x86_64/jdk8u71/5731/hotspot/src/share/vm/prims/jni.cpp, line 709]
Event: 1.290 Thread 0x00007fccaa00d000 Exception <a 'java/security/PrivilegedActionException'> (0x000000079612b0e0) thrown at [/Users/java_re/workspace/8-2-build-macosx-x86_64/jdk8u71/5731/hotspot/src/share/vm/prims/jvm.cpp, line 1386]
Event: 1.290 Thread 0x00007fccaa00d000 Exception <a 'java/security/PrivilegedActionException'> (0x000000079612ccc8) thrown at [/Users/java_re/workspace/8-2-build-macosx-x86_64/jdk8u71/5731/hotspot/src/share/vm/prims/jvm.cpp, line 1386]
Event: 1.290 Thread 0x00007fccaa00d000 Exception <a 'java/security/PrivilegedActionException'> (0x000000079612dde8) thrown at [/Users/java_re/workspace/8-2-build-macosx-x86_64/jdk8u71/5731/hotspot/src/share/vm/prims/jvm.cpp, line 1386]
Event: 1.291 Thread 0x00007fccaa00d000 Exception <a 'java/security/PrivilegedActionException'> (0x0000000796132f08) thrown at [/Users/java_re/workspace/8-2-build-macosx-x86_64/jdk8u71/5731/hotspot/src/share/vm/prims/jvm.cpp, line 1386]
Event: 1.291 Thread 0x00007fccaa00d000 Exception <a 'java/security/PrivilegedActionException'> (0x0000000796133b60) thrown at [/Users/java_re/workspace/8-2-build-macosx-x86_64/jdk8u71/5731/hotspot/src/share/vm/prims/jvm.cpp, line 1386]
Event: 1.291 Thread 0x00007fccaa00d000 Exception <a 'java/security/PrivilegedActionException'> (0x0000000796134788) thrown at [/Users/java_re/workspace/8-2-build-macosx-x86_64/jdk8u71/5731/hotspot/src/share/vm/prims/jvm.cpp, line 1386]

Events (10 events):
Event: 14.688 Executing VM operation: RevokeBias
Event: 14.688 Executing VM operation: RevokeBias done
Event: 14.688 Thread 0x00007fccad185800 Thread exited: 0x00007fccad185800
Event: 15.808 Thread 0x00007fccaca9c800 Thread added: 0x00007fccaca9c800
Event: 17.807 Executing VM operation: RevokeBias
Event: 17.807 Executing VM operation: RevokeBias done
Event: 17.807 Thread 0x00007fccaca9c800 Thread exited: 0x00007fccaca9c800
Event: 18.050 Thread 0x00007fccad94f000 Thread added: 0x00007fccad94f000
Event: 24.944 loading class org/lwjgl/opengl/CallbackUtil
Event: 24.944 loading class org/lwjgl/opengl/CallbackUtil done


Dynamic libraries:
0x0000000009739000 	/System/Library/Frameworks/Cocoa.framework/Versions/A/Cocoa
0x0000000009739000 	/System/Library/Frameworks/Security.framework/Versions/A/Security
0x0000000009739000 	/System/Library/Frameworks/ApplicationServices.framework/Versions/A/ApplicationServices
0x0000000009739000 	/usr/lib/libz.1.dylib
0x0000000009739000 	/usr/lib/libSystem.B.dylib
0x0000000009739000 	/usr/lib/libobjc.A.dylib
0x0000000009739000 	/System/Library/Frameworks/CoreFoundation.framework/Versions/A/CoreFoundation
0x0000000009739000 	/System/Library/Frameworks/Foundation.framework/Versions/C/Foundation
0x0000000009739000 	/System/Library/Frameworks/AppKit.framework/Versions/C/AppKit
0x0000000009739000 	/System/Library/Frameworks/CoreData.framework/Versions/A/CoreData
0x0000000009739000 	/System/Library/PrivateFrameworks/RemoteViewServices.framework/Versions/A/RemoteViewServices
0x0000000009739000 	/System/Library/PrivateFrameworks/UIFoundation.framework/Versions/A/UIFoundation
0x0000000009739000 	/System/Library/Frameworks/IOSurface.framework/Versions/A/IOSurface
0x0000000009739000 	/System/Library/Frameworks/AudioToolbox.framework/Versions/A/AudioToolbox
0x0000000009739000 	/System/Library/Frameworks/AudioUnit.framework/Versions/A/AudioUnit
0x0000000009739000 	/System/Library/PrivateFrameworks/DataDetectorsCore.framework/Versions/A/DataDetectorsCore
0x0000000009739000 	/System/Library/PrivateFrameworks/DesktopServicesPriv.framework/Versions/A/DesktopServicesPriv
0x0000000009739000 	/System/Library/Frameworks/Carbon.framework/Versions/A/Frameworks/HIToolbox.framework/Versions/A/HIToolbox
0x0000000009739000 	/System/Library/Frameworks/QuartzCore.framework/Versions/A/QuartzCore
0x0000000009739000 	/System/Library/Frameworks/Carbon.framework/Versions/A/Frameworks/SpeechRecognition.framework/Versions/A/SpeechRecognition
0x0000000009739000 	/usr/lib/libauto.dylib
0x0000000009739000 	/usr/lib/libicucore.A.dylib
0x0000000009739000 	/usr/lib/libxml2.2.dylib
0x0000000009739000 	/System/Library/PrivateFrameworks/CoreUI.framework/Versions/A/CoreUI
0x0000000009739000 	/System/Library/Frameworks/CoreAudio.framework/Versions/A/CoreAudio
0x0000000009739000 	/System/Library/Frameworks/DiskArbitration.framework/Versions/A/DiskArbitration
0x0000000009739000 	/usr/lib/liblangid.dylib
0x0000000009739000 	/System/Library/PrivateFrameworks/MultitouchSupport.framework/Versions/A/MultitouchSupport
0x0000000009739000 	/System/Library/Frameworks/IOKit.framework/Versions/A/IOKit
0x0000000009739000 	/usr/lib/libDiagnosticMessagesClient.dylib
0x0000000009739000 	/System/Library/Frameworks/CoreServices.framework/Versions/A/CoreServices
0x0000000009739000 	/System/Library/PrivateFrameworks/PerformanceAnalysis.framework/Versions/A/PerformanceAnalysis
0x0000000009739000 	/System/Library/PrivateFrameworks/GenerationalStorage.framework/Versions/A/GenerationalStorage
0x0000000009739000 	/System/Library/Frameworks/OpenGL.framework/Versions/A/OpenGL
0x0000000009739000 	/System/Library/PrivateFrameworks/Sharing.framework/Versions/A/Sharing
0x0000000009739000 	/System/Library/Frameworks/CoreGraphics.framework/Versions/A/CoreGraphics
0x0000000009739000 	/System/Library/Frameworks/CoreText.framework/Versions/A/CoreText
0x0000000009739000 	/System/Library/Frameworks/ImageIO.framework/Versions/A/ImageIO
0x0000000009739000 	/usr/lib/libextension.dylib
0x0000000009739000 	/System/Library/PrivateFrameworks/Backup.framework/Versions/A/Backup
0x0000000009739000 	/usr/lib/libarchive.2.dylib
0x0000000009739000 	/System/Library/Frameworks/CFNetwork.framework/Versions/A/CFNetwork
0x0000000009739000 	/System/Library/Frameworks/SystemConfiguration.framework/Versions/A/SystemConfiguration
0x0000000009739000 	/usr/lib/libCRFSuite.dylib
0x0000000009739000 	/usr/lib/libc++.1.dylib
0x0000000009739000 	/usr/lib/libc++abi.dylib
0x0000000009739000 	/usr/lib/system/libcache.dylib
0x0000000009739000 	/usr/lib/system/libcommonCrypto.dylib
0x0000000009739000 	/usr/lib/system/libcompiler_rt.dylib
0x0000000009739000 	/usr/lib/system/libcopyfile.dylib
0x0000000009739000 	/usr/lib/system/libcorecrypto.dylib
0x0000000009739000 	/usr/lib/system/libdispatch.dylib
0x0000000009739000 	/usr/lib/system/libdyld.dylib
0x0000000009739000 	/usr/lib/system/libkeymgr.dylib
0x0000000009739000 	/usr/lib/system/liblaunch.dylib
0x0000000009739000 	/usr/lib/system/libmacho.dylib
0x0000000009739000 	/usr/lib/system/libquarantine.dylib
0x0000000009739000 	/usr/lib/system/libremovefile.dylib
0x0000000009739000 	/usr/lib/system/libsystem_asl.dylib
0x0000000009739000 	/usr/lib/system/libsystem_blocks.dylib
0x0000000009739000 	/usr/lib/system/libsystem_c.dylib
0x0000000009739000 	/usr/lib/system/libsystem_configuration.dylib
0x0000000009739000 	/usr/lib/system/libsystem_coreservices.dylib
0x0000000009739000 	/usr/lib/system/libsystem_coretls.dylib
0x0000000009739000 	/usr/lib/system/libsystem_dnssd.dylib
0x0000000009739000 	/usr/lib/system/libsystem_info.dylib
0x0000000009739000 	/usr/lib/system/libsystem_kernel.dylib
0x0000000009739000 	/usr/lib/system/libsystem_m.dylib
0x0000000009739000 	/usr/lib/system/libsystem_malloc.dylib
0x0000000009739000 	/usr/lib/system/libsystem_network.dylib
0x0000000009739000 	/usr/lib/system/libsystem_networkextension.dylib
0x0000000009739000 	/usr/lib/system/libsystem_notify.dylib
0x0000000009739000 	/usr/lib/system/libsystem_platform.dylib
0x0000000009739000 	/usr/lib/system/libsystem_pthread.dylib
0x0000000009739000 	/usr/lib/system/libsystem_sandbox.dylib
0x0000000009739000 	/usr/lib/system/libsystem_secinit.dylib
0x0000000009739000 	/usr/lib/system/libsystem_stats.dylib
0x0000000009739000 	/usr/lib/system/libsystem_trace.dylib
0x0000000009739000 	/usr/lib/system/libunc.dylib
0x0000000009739000 	/usr/lib/system/libunwind.dylib
0x0000000009739000 	/usr/lib/system/libxpc.dylib
0x0000000009739000 	/usr/lib/libbz2.1.0.dylib
0x0000000009739000 	/usr/lib/liblzma.5.dylib
0x0000000009739000 	/usr/lib/libbsm.0.dylib
0x0000000009739000 	/usr/lib/libsqlite3.dylib
0x0000000009739000 	/usr/lib/system/libkxld.dylib
0x0000000009739000 	/usr/lib/libxar.1.dylib
0x0000000009739000 	/usr/lib/libpam.2.dylib
0x0000000009739000 	/usr/lib/libOpenScriptingUtil.dylib
0x0000000009739000 	/System/Library/Frameworks/CoreServices.framework/Versions/A/Frameworks/FSEvents.framework/Versions/A/FSEvents
0x0000000009739000 	/System/Library/Frameworks/CoreServices.framework/Versions/A/Frameworks/CarbonCore.framework/Versions/A/CarbonCore
0x0000000009739000 	/System/Library/Frameworks/CoreServices.framework/Versions/A/Frameworks/Metadata.framework/Versions/A/Metadata
0x0000000009739000 	/System/Library/Frameworks/CoreServices.framework/Versions/A/Frameworks/OSServices.framework/Versions/A/OSServices
0x0000000009739000 	/System/Library/Frameworks/CoreServices.framework/Versions/A/Frameworks/SearchKit.framework/Versions/A/SearchKit
0x0000000009739000 	/System/Library/Frameworks/CoreServices.framework/Versions/A/Frameworks/AE.framework/Versions/A/AE
0x0000000009739000 	/System/Library/Frameworks/CoreServices.framework/Versions/A/Frameworks/LaunchServices.framework/Versions/A/LaunchServices
0x0000000009739000 	/System/Library/Frameworks/CoreServices.framework/Versions/A/Frameworks/DictionaryServices.framework/Versions/A/DictionaryServices
0x0000000009739000 	/System/Library/Frameworks/NetFS.framework/Versions/A/NetFS
0x0000000009739000 	/System/Library/PrivateFrameworks/NetAuth.framework/Versions/A/NetAuth
0x0000000009739000 	/System/Library/PrivateFrameworks/login.framework/Versions/A/Frameworks/loginsupport.framework/Versions/A/loginsupport
0x0000000009739000 	/System/Library/PrivateFrameworks/TCC.framework/Versions/A/TCC
0x0000000009739000 	/usr/lib/libmecabra.dylib
0x0000000009739000 	/System/Library/Frameworks/ApplicationServices.framework/Versions/A/Frameworks/ATS.framework/Versions/A/ATS
0x0000000009739000 	/System/Library/Frameworks/ApplicationServices.framework/Versions/A/Frameworks/ColorSync.framework/Versions/A/ColorSync
0x0000000009739000 	/System/Library/Frameworks/ApplicationServices.framework/Versions/A/Frameworks/HIServices.framework/Versions/A/HIServices
0x0000000009739000 	/System/Library/Frameworks/ApplicationServices.framework/Versions/A/Frameworks/LangAnalysis.framework/Versions/A/LangAnalysis
0x0000000009739000 	/System/Library/Frameworks/ApplicationServices.framework/Versions/A/Frameworks/PrintCore.framework/Versions/A/PrintCore
0x0000000009739000 	/System/Library/Frameworks/ApplicationServices.framework/Versions/A/Frameworks/QD.framework/Versions/A/QD
0x0000000009739000 	/System/Library/Frameworks/ApplicationServices.framework/Versions/A/Frameworks/SpeechSynthesis.framework/Versions/A/SpeechSynthesis
0x0000000009739000 	/System/Library/Frameworks/Accelerate.framework/Versions/A/Accelerate
0x0000000009739000 	/System/Library/Frameworks/Accelerate.framework/Versions/A/Frameworks/vImage.framework/Versions/A/vImage
0x0000000009739000 	/System/Library/Frameworks/Accelerate.framework/Versions/A/Frameworks/vecLib.framework/Versions/A/vecLib
0x0000000009739000 	/System/Library/Frameworks/Accelerate.framework/Versions/A/Frameworks/vecLib.framework/Versions/A/libvDSP.dylib
0x0000000009739000 	/System/Library/Frameworks/Accelerate.framework/Versions/A/Frameworks/vecLib.framework/Versions/A/libvMisc.dylib
0x0000000009739000 	/System/Library/Frameworks/Accelerate.framework/Versions/A/Frameworks/vecLib.framework/Versions/A/libLAPACK.dylib
0x0000000009739000 	/System/Library/Frameworks/Accelerate.framework/Versions/A/Frameworks/vecLib.framework/Versions/A/libBLAS.dylib
0x0000000009739000 	/System/Library/Frameworks/Accelerate.framework/Versions/A/Frameworks/vecLib.framework/Versions/A/libLinearAlgebra.dylib
0x0000000009739000 	/System/Library/Frameworks/ApplicationServices.framework/Versions/A/Frameworks/ATS.framework/Versions/A/Resources/libFontParser.dylib
0x0000000009739000 	/System/Library/Frameworks/ApplicationServices.framework/Versions/A/Frameworks/ATS.framework/Versions/A/Resources/libFontRegistry.dylib
0x0000000009739000 	/System/Library/PrivateFrameworks/AppleVPA.framework/Versions/A/AppleVPA
0x0000000009739000 	/System/Library/PrivateFrameworks/AppleJPEG.framework/Versions/A/AppleJPEG
0x0000000009739000 	/System/Library/Frameworks/ImageIO.framework/Versions/A/Resources/libJPEG.dylib
0x0000000009739000 	/System/Library/Frameworks/ImageIO.framework/Versions/A/Resources/libTIFF.dylib
0x0000000009739000 	/System/Library/Frameworks/ImageIO.framework/Versions/A/Resources/libPng.dylib
0x0000000009739000 	/System/Library/Frameworks/ImageIO.framework/Versions/A/Resources/libGIF.dylib
0x0000000009739000 	/System/Library/Frameworks/ImageIO.framework/Versions/A/Resources/libJP2.dylib
0x0000000009739000 	/System/Library/Frameworks/ImageIO.framework/Versions/A/Resources/libRadiance.dylib
0x0000000009739000 	/System/Library/Frameworks/CoreVideo.framework/Versions/A/CoreVideo
0x0000000009739000 	/System/Library/Frameworks/OpenGL.framework/Versions/A/Libraries/libGLU.dylib
0x0000000009739000 	/System/Library/Frameworks/OpenGL.framework/Versions/A/Libraries/libGFXShared.dylib
0x0000000009739000 	/System/Library/Frameworks/OpenGL.framework/Versions/A/Libraries/libGL.dylib
0x0000000009739000 	/System/Library/Frameworks/OpenGL.framework/Versions/A/Libraries/libGLImage.dylib
0x0000000009739000 	/System/Library/Frameworks/OpenGL.framework/Versions/A/Libraries/libCVMSPluginSupport.dylib
0x0000000009739000 	/System/Library/Frameworks/OpenGL.framework/Versions/A/Libraries/libCoreVMClient.dylib
0x0000000009739000 	/usr/lib/libcups.2.dylib
0x0000000009739000 	/System/Library/Frameworks/Kerberos.framework/Versions/A/Kerberos
0x0000000009739000 	/System/Library/Frameworks/GSS.framework/Versions/A/GSS
0x0000000009739000 	/usr/lib/libresolv.9.dylib
0x0000000009739000 	/usr/lib/libiconv.2.dylib
0x0000000009739000 	/System/Library/PrivateFrameworks/Heimdal.framework/Versions/A/Heimdal
0x0000000009739000 	/usr/lib/libheimdal-asn1.dylib
0x0000000009739000 	/System/Library/Frameworks/OpenDirectory.framework/Versions/A/OpenDirectory
0x0000000009739000 	/System/Library/PrivateFrameworks/CommonAuth.framework/Versions/A/CommonAuth
0x0000000009739000 	/System/Library/Frameworks/OpenDirectory.framework/Versions/A/Frameworks/CFOpenDirectory.framework/Versions/A/CFOpenDirectory
0x0000000009739000 	/System/Library/Frameworks/SecurityFoundation.framework/Versions/A/SecurityFoundation
0x0000000009739000 	/System/Library/PrivateFrameworks/LanguageModeling.framework/Versions/A/LanguageModeling
0x0000000009739000 	/usr/lib/libcmph.dylib
0x0000000009739000 	/System/Library/Frameworks/ServiceManagement.framework/Versions/A/ServiceManagement
0x0000000009739000 	/usr/lib/libxslt.1.dylib
0x0000000009739000 	/System/Library/Frameworks/Carbon.framework/Versions/A/Frameworks/Ink.framework/Versions/A/Ink
0x0000000009739000 	/System/Library/Frameworks/QuartzCore.framework/Versions/A/Frameworks/CoreImage.framework/Versions/A/CoreImage
0x0000000009739000 	/System/Library/PrivateFrameworks/CrashReporterSupport.framework/Versions/A/CrashReporterSupport
0x0000000009739000 	/System/Library/Frameworks/OpenCL.framework/Versions/A/OpenCL
0x0000000009739000 	/System/Library/PrivateFrameworks/FaceCore.framework/Versions/A/FaceCore
0x0000000009739000 	/System/Library/PrivateFrameworks/Ubiquity.framework/Versions/A/Ubiquity
0x0000000009739000 	/System/Library/PrivateFrameworks/IconServices.framework/Versions/A/IconServices
0x0000000009739000 	/System/Library/PrivateFrameworks/ChunkingLibrary.framework/Versions/A/ChunkingLibrary
0x0000000009739000 	/System/Library/PrivateFrameworks/Apple80211.framework/Versions/A/Apple80211
0x0000000009739000 	/System/Library/Frameworks/CoreWLAN.framework/Versions/A/CoreWLAN
0x0000000009739000 	/System/Library/Frameworks/IOBluetooth.framework/Versions/A/IOBluetooth
0x0000000009739000 	/System/Library/PrivateFrameworks/CoreWiFi.framework/Versions/A/CoreWiFi
0x0000000009739000 	/System/Library/Frameworks/CoreBluetooth.framework/Versions/A/CoreBluetooth
0x0000000009739000 	/System/Library/PrivateFrameworks/DebugSymbols.framework/Versions/A/DebugSymbols
0x0000000009739000 	/System/Library/PrivateFrameworks/CoreSymbolication.framework/Versions/A/CoreSymbolication
0x0000000009739000 	/System/Library/PrivateFrameworks/Symbolication.framework/Versions/A/Symbolication
0x0000000009739000 	/System/Library/PrivateFrameworks/SpeechRecognitionCore.framework/Versions/A/SpeechRecognitionCore
0x0000000107c00000 	/Library/Java/JavaVirtualMachines/jdk1.8.0_71.jdk/Contents/Home/jre/lib/server/libjvm.dylib
0x0000000009739000 	/usr/lib/libstdc++.6.dylib
0x0000000106b65000 	/Library/Java/JavaVirtualMachines/jdk1.8.0_71.jdk/Contents/Home/jre/lib/libverify.dylib
0x0000000106b73000 	/Library/Java/JavaVirtualMachines/jdk1.8.0_71.jdk/Contents/Home/jre/lib/libjava.dylib
0x0000000106bb2000 	/Library/Java/JavaVirtualMachines/jdk1.8.0_71.jdk/Contents/Home/jre/lib/libzip.dylib
0x0000000106be4000 	/System/Library/Frameworks/JavaVM.framework/Frameworks/JavaRuntimeSupport.framework/JavaRuntimeSupport
0x000000011fc6a000 	/System/Library/Frameworks/JavaVM.framework/Versions/A/Frameworks/JavaNativeFoundation.framework/Versions/A/JavaNativeFoundation
0x000000011fc7e000 	/System/Library/Frameworks/JavaVM.framework/Versions/A/JavaVM
0x0000000009739000 	/System/Library/Frameworks/Carbon.framework/Versions/A/Carbon
0x000000011fc8a000 	/System/Library/PrivateFrameworks/JavaLaunching.framework/Versions/A/JavaLaunching
0x0000000009739000 	/System/Library/Frameworks/Carbon.framework/Versions/A/Frameworks/CommonPanels.framework/Versions/A/CommonPanels
0x0000000009739000 	/System/Library/Frameworks/Carbon.framework/Versions/A/Frameworks/Help.framework/Versions/A/Help
0x0000000009739000 	/System/Library/Frameworks/Carbon.framework/Versions/A/Frameworks/ImageCapture.framework/Versions/A/ImageCapture
0x0000000009739000 	/System/Library/Frameworks/Carbon.framework/Versions/A/Frameworks/OpenScripting.framework/Versions/A/OpenScripting
0x0000000009739000 	/System/Library/Frameworks/Carbon.framework/Versions/A/Frameworks/Print.framework/Versions/A/Print
0x0000000009739000 	/System/Library/Frameworks/Carbon.framework/Versions/A/Frameworks/SecurityHI.framework/Versions/A/SecurityHI
0x0000000121cb6000 	/Library/Java/JavaVirtualMachines/jdk1.8.0_71.jdk/Contents/Home/jre/lib/libawt.dylib
0x0000000121d5e000 	/Library/Java/JavaVirtualMachines/jdk1.8.0_71.jdk/Contents/Home/jre/lib/./libmlib_image.dylib
0x0000000121e2a000 	/Library/Java/JavaVirtualMachines/jdk1.8.0_71.jdk/Contents/Home/jre/lib/libawt_lwawt.dylib
0x0000000121edf000 	/Library/Java/JavaVirtualMachines/jdk1.8.0_71.jdk/Contents/Home/jre/lib/./libosxapp.dylib
0x0000000009739000 	/System/Library/Frameworks/ExceptionHandling.framework/Versions/A/ExceptionHandling
0x0000000009739000 	/System/Library/PrivateFrameworks/CoreServicesInternal.framework/Versions/A/CoreServicesInternal
0x0000000009739000 	/System/Library/PrivateFrameworks/CloudDocs.framework/Versions/A/CloudDocs
0x0000000009739000 	/System/Library/PrivateFrameworks/CoreDuet.framework/Versions/A/CoreDuet
0x0000000009739000 	/System/Library/Frameworks/CloudKit.framework/Versions/A/CloudKit
0x0000000009739000 	/System/Library/PrivateFrameworks/ProtocolBuffer.framework/Versions/A/ProtocolBuffer
0x0000000009739000 	/System/Library/PrivateFrameworks/CoreDuetDaemonProtocol.framework/Versions/A/CoreDuetDaemonProtocol
0x0000000009739000 	/System/Library/PrivateFrameworks/CoreDuetDebugLogging.framework/Versions/A/CoreDuetDebugLogging
0x0000000009739000 	/System/Library/PrivateFrameworks/MMCS.framework/Versions/A/MMCS
0x0000000009739000 	/System/Library/Frameworks/CoreLocation.framework/Versions/A/CoreLocation
0x0000000009739000 	/System/Library/PrivateFrameworks/ProtectedCloudStorage.framework/Versions/A/ProtectedCloudStorage
0x0000000009739000 	/System/Library/PrivateFrameworks/GeoServices.framework/Versions/A/GeoServices
0x0000000009739000 	/System/Library/Frameworks/CoreGraphics.framework/Versions/A/Resources/libCGCMS.A.dylib
0x0000000009739000 	/System/Library/Frameworks/CoreGraphics.framework/Versions/A/Resources/libRIP.A.dylib
0x0000000009739000 	/System/Library/Frameworks/CoreGraphics.framework/Versions/A/Resources/libCGXType.A.dylib
0x0000000009739000 	/System/Library/Frameworks/OpenCL.framework/Versions/A/Libraries/libcldcpuengine.dylib
0x0000000009739000 	/System/Library/PrivateFrameworks/DiskImages.framework/Versions/A/DiskImages
0x0000000009739000 	/System/Library/Frameworks/DiscRecording.framework/Versions/A/DiscRecording
0x0000000009739000 	/usr/lib/libcsfde.dylib
0x0000000009739000 	/usr/lib/libcurl.4.dylib
0x0000000009739000 	/System/Library/PrivateFrameworks/MediaKit.framework/Versions/A/MediaKit
0x0000000009739000 	/usr/lib/libCoreStorage.dylib
0x0000000009739000 	/System/Library/PrivateFrameworks/EFILogin.framework/Versions/A/EFILogin
0x0000000009739000 	/usr/lib/libutil.dylib
0x0000000009739000 	/System/Library/PrivateFrameworks/FindMyDevice.framework/Versions/A/FindMyDevice
0x0000000009739000 	/System/Library/Frameworks/LDAP.framework/Versions/A/LDAP
0x0000000009739000 	/usr/lib/libsasl2.2.dylib
0x0000000009739000 	/System/Library/PrivateFrameworks/CoreDaemon.framework/Versions/B/CoreDaemon
0x0000000009739000 	/usr/lib/libcrypto.0.9.8.dylib
0x0000000009739000 	/System/Library/PrivateFrameworks/AppleSRP.framework/Versions/A/AppleSRP
0x0000000009739000 	/System/Library/PrivateFrameworks/TrustEvaluationAgent.framework/Versions/A/TrustEvaluationAgent
0x000000012521d000 	cl_kernels
0x000000012521f000 	/System/Library/Frameworks/OpenCL.framework/Versions/A/Libraries/ImageFormats/unorm8_bgra.dylib
0x000000012520f000 	cl_kernels
0x0000000009739000 	/System/Library/PrivateFrameworks/FamilyControls.framework/Versions/A/FamilyControls
0x0000000009739000 	/System/Library/PrivateFrameworks/CommerceKit.framework/Versions/A/Frameworks/CommerceCore.framework/Versions/A/CommerceCore
0x0000000009739000 	/System/Library/PrivateFrameworks/SystemAdministration.framework/Versions/A/SystemAdministration
0x0000000009739000 	/System/Library/PrivateFrameworks/AppContainer.framework/Versions/A/AppContainer
0x0000000009739000 	/System/Library/PrivateFrameworks/SecCodeWrapper.framework/Versions/A/SecCodeWrapper
0x0000000009739000 	/System/Library/Frameworks/DirectoryService.framework/Versions/A/DirectoryService
0x0000000009739000 	/System/Library/PrivateFrameworks/LoginUIKit.framework/Versions/A/Frameworks/LoginUICore.framework/Versions/A/LoginUICore
0x0000000009739000 	/usr/lib/libodfde.dylib
0x00000001266ca000 	/Library/Java/JavaVirtualMachines/jdk1.8.0_71.jdk/Contents/Home/jre/lib/libfontmanager.dylib
0x0000000126731000 	/Users/Murph/csci205FinalProject/externals/Slick/native/liblwjgl.dylib
0x000000012468c000 	/Library/Java/JavaVirtualMachines/jdk1.8.0_71.jdk/Contents/Home/jre/lib/libjawt.dylib
0x0000000009739000 	/System/Library/Frameworks/OpenGL.framework/Versions/A/Resources/GLEngine.bundle/GLEngine
0x0000000009739000 	/System/Library/Frameworks/OpenGL.framework/Versions/A/Libraries/libGLProgrammability.dylib
0x00000001267b3000 	/System/Library/Extensions/AppleIntelHD4000GraphicsGLDriver.bundle/Contents/MacOS/AppleIntelHD4000GraphicsGLDriver
0x0000000009739000 	/System/Library/PrivateFrameworks/IOAccelerator.framework/Versions/A/IOAccelerator
0x0000000009739000 	/System/Library/PrivateFrameworks/GPUSupport.framework/Versions/A/Libraries/libGPUSupportMercury.dylib
0x0000000000000000 	/System/Library/Extensions/GeForceGLDriver.bundle/Contents/MacOS/GeForceGLDriver
0x0000000009739000 	/System/Library/Extensions/GeForceGLDriver.bundle/Contents/MacOS/libclh.dylib
0x0000000009739000 	/System/Library/Frameworks/OpenGL.framework/Versions/A/Resources/GLRendererFloat.bundle/GLRendererFloat
0x0000000127d1e000 	/Users/Murph/csci205FinalProject/externals/Slick/native/libjinput-osx.dylib
0x0000000127d23000 	/System/Library/Extensions/IOHIDFamily.kext/Contents/PlugIns/IOHIDLib.plugin/Contents/MacOS/IOHIDLib
0x0000000127d52000 	/Users/Murph/csci205FinalProject/externals/Slick/native/openal.dylib
0x0000000127dd6000 	/System/Library/Components/CoreAudio.component/Contents/MacOS/CoreAudio
0x00000001280af000 	/System/Library/Extensions/AppleHDA.kext/Contents/PlugIns/AppleHDAHALPlugIn.bundle/Contents/MacOS/AppleHDAHALPlugIn
0x000000012853f000 	/Library/Java/JavaVirtualMachines/jdk1.8.0_71.jdk/Contents/Home/jre/lib/libnio.dylib
0x000000012854f000 	/Library/Java/JavaVirtualMachines/jdk1.8.0_71.jdk/Contents/Home/jre/lib/./libnet.dylib
0x000000012af94000 	/Library/Java/JavaVirtualMachines/jdk1.8.0_71.jdk/Contents/Home/jre/lib/libt2k.dylib

VM Arguments:
jvm_args: -Dfile.encoding=UTF-8 -Djava.library.path=./externals/Slick/native 
java_command: main.PokemonOB
java_class_path (initial): /Users/Murph/csci205FinalProject/externals/Slick/ibxm.jar:/Users/Murph/csci205FinalProject/externals/Slick/jinput.jar:/Users/Murph/csci205FinalProject/externals/Slick/jogg-0.0.7.jar:/Users/Murph/csci205FinalProject/externals/Slick/jorbis-0.0.15.jar:/Users/Murph/csci205FinalProject/externals/Slick/lwjgl.jar:/Users/Murph/csci205FinalProject/externals/Slick/lwjgl_util.jar:/Users/Murph/csci205FinalProject/externals/Slick/natives-linux.jar:/Users/Murph/csci205FinalProject/externals/Slick/natives-mac.jar:/Users/Murph/csci205FinalProject/externals/Slick/natives-windows.jar:/Users/Murph/csci205FinalProject/externals/Slick/slick-util.jar:/Users/Murph/csci205FinalProject/externals/Slick/slick.jar:/Users/Murph/csci205FinalProject/externals/jDom/jdom-2.0.6.jar:/Users/Murph/csci205FinalProject/build/classes
Launcher Type: SUN_STANDARD

Environment Variables:
PATH=/usr/bin:/bin:/usr/sbin:/sbin
LD_LIBRARY_PATH=/Library/Java/JavaVirtualMachines/jdk1.8.0_71.jdk/Contents/Home/jre/lib/amd64:/Library/Java/JavaVirtualMachines/jdk1.8.0_71.jdk/Contents/Home/jre/lib/i386:
SHELL=/bin/bash
DISPLAY=/private/tmp/com.apple.launchd.4aZgnmfh1v/org.macosforge.xquartz:0
DYLD_LIBRARY_PATH=/Applications/NetBeans/NetBeans 8.0.2.app/Contents/Resources/NetBeans/webcommon/bin:

Signal Handlers:
SIGSEGV: [libjvm.dylib+0x5a68c5], sa_mask[0]=11111111011111110111111111111111, sa_flags=SA_ONSTACK|SA_RESTART|SA_SIGINFO
SIGBUS: [libjvm.dylib+0x5a68c5], sa_mask[0]=11111111011111110111111111111111, sa_flags=SA_RESTART|SA_SIGINFO
SIGFPE: [libjvm.dylib+0x4805d4], sa_mask[0]=11111111011111110111111111111111, sa_flags=SA_RESTART|SA_SIGINFO
SIGPIPE: [libjvm.dylib+0x4805d4], sa_mask[0]=11111111011111110111111111111111, sa_flags=SA_RESTART|SA_SIGINFO
SIGXFSZ: [libjvm.dylib+0x4805d4], sa_mask[0]=11111111011111110111111111111111, sa_flags=SA_RESTART|SA_SIGINFO
SIGILL: [libjvm.dylib+0x4805d4], sa_mask[0]=11111111011111110111111111111111, sa_flags=SA_RESTART|SA_SIGINFO
SIGUSR1: SIG_DFL, sa_mask[0]=00000000000000000000000000000000, sa_flags=none
SIGUSR2: [libjvm.dylib+0x4800f2], sa_mask[0]=00100000000000000000000000000000, sa_flags=SA_RESTART|SA_SIGINFO
SIGHUP: [libjvm.dylib+0x47e6c9], sa_mask[0]=11111111011111110111111111111111, sa_flags=SA_RESTART|SA_SIGINFO
SIGINT: SIG_IGN, sa_mask[0]=00000000000000000000000000000000, sa_flags=none
SIGTERM: [libjvm.dylib+0x47e6c9], sa_mask[0]=11111111011111110111111111111111, sa_flags=SA_RESTART|SA_SIGINFO
SIGQUIT: [libjvm.dylib+0x47e6c9], sa_mask[0]=11111111011111110111111111111111, sa_flags=SA_RESTART|SA_SIGINFO


---------------  S Y S T E M  ---------------

OS:Bsduname:Darwin 14.5.0 Darwin Kernel Version 14.5.0: Mon Jan 11 18:48:35 PST 2016; root:xnu-2782.50.2~1/RELEASE_X86_64 x86_64
rlimit: STACK 8192k, CORE 0k, NPROC 709, NOFILE 10240, AS infinity
load average:1.33 1.36 1.38

CPU:total 8 (4 cores per cpu, 2 threads per core) family 6 model 58 stepping 9, cmov, cx8, fxsr, mmx, sse, sse2, sse3, ssse3, sse4.1, sse4.2, popcnt, avx, aes, clmul, erms, ht, tsc, tscinvbit, tscinv

Memory: 4k page, physical 8388608k(76632k free)

/proc/meminfo:


vm_info: Java HotSpot(TM) 64-Bit Server VM (25.71-b15) for bsd-amd64 JRE (1.8.0_71-b15), built on Dec 22 2015 15:11:44 by "java_re" with gcc 4.2.1 (Based on Apple Inc. build 5658) (LLVM build 2336.11.00)

time: Tue Apr 12 17:52:03 2016
elapsed time: 24 seconds (0d 0h 0m 24s)

