#
# A fatal error has been detected by the Java Runtime Environment:
#
#  SIGSEGV (0xb) at pc=0x00007fff9488d0dd, pid=3491, tid=1811
#
# JRE version: Java(TM) SE Runtime Environment (8.0_71-b15) (build 1.8.0_71-b15)
# Java VM: Java HotSpot(TM) 64-Bit Server VM (25.71-b15 mixed mode bsd-amd64 compressed oops)
# Problematic frame:
# C  [libobjc.A.dylib+0x10dd]  objc_msgSend+0x1d
#
# Failed to write core dump. Core dumps have been disabled. To enable core dumping, try "ulimit -c unlimited" before starting Java again
#
# If you would like to submit a bug report, please visit:
#   http://bugreport.java.com/bugreport/crash.jsp
# The crash happened outside the Java Virtual Machine in native code.
# See problematic frame for where to report the bug.
#

---------------  T H R E A D  ---------------

Current thread (0x00007f94bb9d9800):  JavaThread "AppKit Thread" daemon [_thread_in_native, id=1811, stack(0x00007fff56678000,0x00007fff56e78000)]

siginfo: si_signo: 11 (SIGSEGV), si_code: 1 (SEGV_MAPERR), si_addr: 0x000007f94ba28ad0

Registers:
RAX=0x00007f94ba226640, RBX=0x00007fff56e735e8, RCX=0x0000000000000000, RDX=0x00007f94ba2c2580
RSP=0x00007fff56e73408, RBP=0x00007fff56e73410, RSI=0x00007fff8d07d41e, RDI=0x00007f94ba226640
R8 =0x00007fff56e733f0, R9 =0x0000000000000062, R10=0x00007fff8d07d41e, R11=0x000007f94ba28ab8
R12=0x00007f94ba005a80, R13=0x00000000000f4300, R14=0x00007f94b86e2ae0, R15=0x00007fff56e73548
RIP=0x00007fff9488d0dd, EFLAGS=0x0000000000010206, ERR=0x0000000000000004
  TRAPNO=0x000000000000000e

Top of Stack: (sp=0x00007fff56e73408)
0x00007fff56e73408:   00007fff93b5745c 00007fff56e73770
0x00007fff56e73418:   00007fff93a47634 00007fff56e7349c
0x00007fff56e73428:   00007fff56e734a0 00007fff56e734a4
0x00007fff56e73438:   00007fff7896ae00 ffffffffffffffff
0x00007fff56e73448:   0000000000000930 00007fff7896ae18
0x00007fff56e73458:   00007f94b86e2ae0 0000000000000000
0x00007fff56e73468:   00007fff56e73540 0000000000000000
0x00007fff56e73478:   00007f94ba239d00 00007fff56e735c0
0x00007fff56e73488:   0000000000000062 00000000000f4302
0x00007fff56e73498:   00007f94ba2c2580 00007f94ba094ba0
0x00007fff56e734a8:   00007f94ba005a80 0000000000000001
0x00007fff56e734b8:   00000000000f4300 00007f94ba005a70
0x00007fff56e734c8:   00007fff8e564c05 00000001b8545770
0x00007fff56e734d8:   00007fff77ff60d0 0000000042000000
0x00007fff56e734e8:   00007fff8e56be63 00007fff78935240
0x00007fff56e734f8:   00007fff56e735c8 00007fff56e73520
0x00007fff56e73508:   00007fff56e73540 0000000000000000
0x00007fff56e73518:   0000000000000025 00124c0300000001
0x00007fff56e73528:   00007f94ba005aa4 0000000000000000
0x00007fff56e73538:   0000000000000000 00007f94ba096980
0x00007fff56e73548:   00007f94b86e2ae0 0000002000000000
0x00007fff56e73558:   0000000000000000 00007fff77ff60d0
0x00007fff56e73568:   0000000042000000 00007fff8e56b4f8
0x00007fff56e73578:   00007fff78935350 00007fff56e734d8
0x00007fff56e73588:   0000000000000000 00007fff56e73658
0x00007fff56e73598:   00007fff78455ea0 00007fff56e73690
0x00007fff56e735a8:   00007fff95982770 00007fff56e73640
0x00007fff56e735b8:   00007fff8c7b14ed 000000000000005e
0x00007fff56e735c8:   0000000000000000 00000000000f42f3
0x00007fff56e735d8:   0000000000000060 0000000000000000
0x00007fff56e735e8:   00000000000f4300 00007fff56e73664
0x00007fff56e735f8:   0000000000424d01 00000000ffffffff 

Instructions: (pc=0x00007fff9488d0dd)
0x00007fff9488d0bd:   00 00 00 48 85 ff 2e 74 7a 40 f6 c7 01 2e 75 7e
0x00007fff9488d0cd:   49 bb f8 ff ff ff ff 7f 00 00 4c 23 1f 49 89 f2
0x00007fff9488d0dd:   45 23 53 18 49 c1 e2 04 4d 03 53 10 49 3b 32 75
0x00007fff9488d0ed:   04 41 ff 62 08 49 83 3a 00 74 6a 4d 3b 53 10 74 

Register to memory mapping:

RAX=0x00007f94ba226640 is an unknown value
RBX=0x00007fff56e735e8 is pointing into the stack for thread: 0x00007f94bb9d9800
RCX=0x0000000000000000 is an unknown value
RDX=0x00007f94ba2c2580 is an unknown value
RSP=0x00007fff56e73408 is pointing into the stack for thread: 0x00007f94bb9d9800
RBP=0x00007fff56e73410 is pointing into the stack for thread: 0x00007f94bb9d9800
RSI=0x00007fff8d07d41e: -[NSTitlebarContainerView transparent]+0x5e312 in /System/Library/Frameworks/AppKit.framework/Versions/C/AppKit at 0x00007fff8c67c000
RDI=0x00007f94ba226640 is an unknown value
R8 =0x00007fff56e733f0 is pointing into the stack for thread: 0x00007f94bb9d9800
R9 =0x0000000000000062 is an unknown value
R10=0x00007fff8d07d41e: -[NSTitlebarContainerView transparent]+0x5e312 in /System/Library/Frameworks/AppKit.framework/Versions/C/AppKit at 0x00007fff8c67c000
R11=0x000007f94ba28ab8 is an unknown value
R12=0x00007f94ba005a80 is an unknown value
R13=0x00000000000f4300 is an unknown value
R14=0x00007f94b86e2ae0 is an unknown value
R15=0x00007fff56e73548 is pointing into the stack for thread: 0x00007f94bb9d9800


Stack: [0x00007fff56678000,0x00007fff56e78000],  sp=0x00007fff56e73408,  free space=8173k
Native frames: (J=compiled Java code, j=interpreted, Vv=VM code, C=native code)
C  [libobjc.A.dylib+0x10dd]  objc_msgSend+0x1d
C  [CoreFoundation+0x10634]  _CFXNotificationPost+0xc44
C  [Foundation+0x7aa1]  -[NSNotificationCenter postNotificationName:object:userInfo:]+0x42
C  [AppKit+0x439c2]  -[NSSurface _disposeSurface]+0x98
C  [AppKit+0x43426]  -[NSSurface setWindow:]+0x42
C  [AppKit+0x33910]  -[NSView _setWindow:]+0xa33
C  [AppKit+0x6af91]  -[NSView removeFromSuperview]+0x1c5
C  [AppKit+0x14bd99]  -[NSView removeFromSuperviewWithoutNeedingDisplay]+0x26
C  [liblwjgl.dylib+0xa205]  +[MacOSXKeyableWindow destroyWindow]+0xb5
C  [Foundation+0x92dd0]  __NSThreadPerformPerform+0x125
C  [CoreFoundation+0x80a01]  __CFRUNLOOP_IS_CALLING_OUT_TO_A_SOURCE0_PERFORM_FUNCTION__+0x11
C  [CoreFoundation+0x72b8d]  __CFRunLoopDoSources0+0x10d
C  [CoreFoundation+0x721bf]  __CFRunLoopRun+0x39f
C  [CoreFoundation+0x71bd8]  CFRunLoopRunSpecific+0x128
C  [HIToolbox+0x3256f]  RunCurrentEventLoopInMode+0xeb
C  [HIToolbox+0x322ea]  ReceiveNextEventCommon+0x1af
C  [HIToolbox+0x3212b]  _BlockUntilNextEventMatchingListInModeWithFilter+0x47
C  [AppKit+0x918ab]  _DPSNextEvent+0x3d2
C  [AppKit+0x90e58]  -[NSApplication nextEventMatchingMask:untilDate:inMode:dequeue:]+0x15a
C  [libosxapp.dylib+0x23aa]  -[NSApplicationAWT nextEventMatchingMask:untilDate:inMode:dequeue:]+0x7c
C  [AppKit+0x86af3]  -[NSApplication run]+0x252
C  [libosxapp.dylib+0x214d]  +[NSApplicationAWT runAWTLoopWithApp:]+0x9c
C  [libawt_lwawt.dylib+0x4455b]  -[AWTStarter starter:]+0x389
C  [Foundation+0x92dd0]  __NSThreadPerformPerform+0x125
C  [CoreFoundation+0x80a01]  __CFRUNLOOP_IS_CALLING_OUT_TO_A_SOURCE0_PERFORM_FUNCTION__+0x11
C  [CoreFoundation+0x72b8d]  __CFRunLoopDoSources0+0x10d
C  [CoreFoundation+0x721bf]  __CFRunLoopRun+0x39f
C  [CoreFoundation+0x71bd8]  CFRunLoopRunSpecific+0x128
C  [java+0x6463]  CreateExecutionEnvironment+0x367
C  [java+0x21ac]  JLI_Launch+0x7a0
C  [java+0x84c0]  main+0x65
C  [java+0x1a04]  start+0x34
C  0x0000000000000006


---------------  P R O C E S S  ---------------

Java Threads: ( => current thread )
  0x00007f94b90ec000 JavaThread "AWT-Shutdown" [_thread_blocked, id=26979, stack(0x000000012ba89000,0x000000012bb89000)]
  0x00007f94bb1d7800 JavaThread "Java2D Queue Flusher" daemon [_thread_blocked, id=54535, stack(0x00000001293c5000,0x00000001294c5000)]
  0x00007f94b9202000 JavaThread "Java2D Disposer" daemon [_thread_blocked, id=53259, stack(0x00000001292c2000,0x00000001293c2000)]
=>0x00007f94bb9d9800 JavaThread "AppKit Thread" daemon [_thread_in_native, id=1811, stack(0x00007fff56678000,0x00007fff56e78000)]
  0x00007f94ba818000 JavaThread "Service Thread" daemon [_thread_blocked, id=20739, stack(0x0000000123ebd000,0x0000000123fbd000)]
  0x00007f94bb043000 JavaThread "C1 CompilerThread3" daemon [_thread_blocked, id=20227, stack(0x0000000123dba000,0x0000000123eba000)]
  0x00007f94bb042000 JavaThread "C2 CompilerThread2" daemon [_thread_blocked, id=19715, stack(0x0000000123cb7000,0x0000000123db7000)]
  0x00007f94bb041800 JavaThread "C2 CompilerThread1" daemon [_thread_blocked, id=19203, stack(0x0000000123bb4000,0x0000000123cb4000)]
  0x00007f94bb039000 JavaThread "C2 CompilerThread0" daemon [_thread_blocked, id=18691, stack(0x0000000123ab1000,0x0000000123bb1000)]
  0x00007f94bb81d800 JavaThread "Signal Dispatcher" daemon [_thread_blocked, id=14611, stack(0x00000001239ae000,0x0000000123aae000)]
  0x00007f94bb813800 JavaThread "Finalizer" daemon [_thread_blocked, id=13571, stack(0x0000000121f90000,0x0000000122090000)]
  0x00007f94bb02c800 JavaThread "Reference Handler" daemon [_thread_blocked, id=13059, stack(0x0000000121e8d000,0x0000000121f8d000)]
  0x00007f94bb803000 JavaThread "main" [_thread_in_native, id=4867, stack(0x0000000108e9f000,0x0000000108f9f000)]

Other Threads:
  0x00007f94bb02a000 VMThread [stack: 0x0000000121d8a000,0x0000000121e8a000] [id=12547]
  0x00007f94bb81e800 WatcherThread [stack: 0x0000000123fc0000,0x00000001240c0000] [id=21251]

VM state:not at safepoint (normal execution)

VM Mutex/Monitor currently owned by a thread: None

Heap:
 PSYoungGen      total 290816K, used 216905K [0x0000000795580000, 0x00000007a8f80000, 0x00000007c0000000)
  eden space 266240K, 76% used [0x0000000795580000,0x00000007a1cba468,0x00000007a5980000)
  from space 24576K, 52% used [0x00000007a7780000,0x00000007a84180b0,0x00000007a8f80000)
  to   space 27648K, 0% used [0x00000007a5980000,0x00000007a5980000,0x00000007a7480000)
 ParOldGen       total 87552K, used 49668K [0x0000000740000000, 0x0000000745580000, 0x0000000795580000)
  object space 87552K, 56% used [0x0000000740000000,0x00000007430812b0,0x0000000745580000)
 Metaspace       used 12947K, capacity 13075K, committed 13184K, reserved 1060864K
  class space    used 1327K, capacity 1378K, committed 1408K, reserved 1048576K

Card table byte_map: [0x000000011a34f000,0x000000011a750000] byte_map_base: 0x000000011694f000

Marking Bits: (ParMarkBitMap*) 0x000000010a8e3ea0
 Begin Bits: [0x000000011b213000, 0x000000011d213000)
 End Bits:   [0x000000011d213000, 0x000000011f213000)

Polling page: 0x0000000108fe4000

CodeCache: size=245760Kb used=6228Kb max_used=7783Kb free=239531Kb
 bounds [0x000000010af8f000, 0x000000010b73f000, 0x0000000119f8f000]
 total_blobs=2290 nmethods=1726 adapters=478
 compilation: enabled

Compilation events (10 events):
Event: 135.613 Thread 0x00007f94bb041800 2135       4       org.newdawn.slick.Graphics::setBackground (33 bytes)
Event: 135.614 Thread 0x00007f94bb043000 2137       2       org.lwjgl.opengl.GL11::glClearColor (27 bytes)
Event: 135.614 Thread 0x00007f94bb043000 nmethod 2137 0x000000010b26ca90 code [0x000000010b26cc40, 0x000000010b26d018]
Event: 135.614 Thread 0x00007f94bb043000 2136       2       org.newdawn.slick.opengl.renderer.ImmediateModeOGLRenderer::glClearColor (9 bytes)
Event: 135.615 Thread 0x00007f94bb043000 nmethod 2136 0x000000010b1d86d0 code [0x000000010b1d8880, 0x000000010b1d8c78]
Event: 135.617 Thread 0x00007f94bb041800 nmethod 2135 0x000000010b0ce2d0 code [0x000000010b0ce440, 0x000000010b0ce668]
Event: 135.961 Thread 0x00007f94bb043000 2138       3       gameStates.SplashScreenState::render (406 bytes)
Event: 135.965 Thread 0x00007f94bb043000 nmethod 2138 0x000000010b4bdf90 code [0x000000010b4be700, 0x000000010b4c2e38]
Event: 137.444 Thread 0x00007f94bb043000 2139       3       gameStates.SplashScreenState::update (109 bytes)
Event: 137.444 Thread 0x00007f94bb043000 nmethod 2139 0x000000010b568090 code [0x000000010b568240, 0x000000010b5685b0]

GC Heap History (10 events):
Event: 2.946 GC heap before
{Heap before GC invocations=2 (full 0):
 PSYoungGen      total 38400K, used 35272K [0x0000000795580000, 0x000000079a080000, 0x00000007c0000000)
  eden space 33280K, 90% used [0x0000000795580000,0x00000007972fa0d0,0x0000000797600000)
  from space 5120K, 99% used [0x0000000797600000,0x0000000797af8040,0x0000000797b00000)
  to   space 5120K, 0% used [0x0000000799b80000,0x0000000799b80000,0x000000079a080000)
 ParOldGen       total 87552K, used 20059K [0x0000000740000000, 0x0000000745580000, 0x0000000795580000)
  object space 87552K, 22% used [0x0000000740000000,0x0000000741396f28,0x0000000745580000)
 Metaspace       used 11459K, capacity 11713K, committed 11904K, reserved 1060864K
  class space    used 1211K, capacity 1311K, committed 1408K, reserved 1048576K
Event: 2.965 GC heap after
Heap after GC invocations=2 (full 0):
 PSYoungGen      total 71680K, used 5104K [0x0000000795580000, 0x000000079a080000, 0x00000007c0000000)
  eden space 66560K, 0% used [0x0000000795580000,0x0000000795580000,0x0000000799680000)
  from space 5120K, 99% used [0x0000000799b80000,0x000000079a07c020,0x000000079a080000)
  to   space 5120K, 0% used [0x0000000799680000,0x0000000799680000,0x0000000799b80000)
 ParOldGen       total 87552K, used 37045K [0x0000000740000000, 0x0000000745580000, 0x0000000795580000)
  object space 87552K, 42% used [0x0000000740000000,0x000000074242d468,0x0000000745580000)
 Metaspace       used 11459K, capacity 11713K, committed 11904K, reserved 1060864K
  class space    used 1211K, capacity 1311K, committed 1408K, reserved 1048576K
}
Event: 4.016 GC heap before
{Heap before GC invocations=3 (full 0):
 PSYoungGen      total 71680K, used 63722K [0x0000000795580000, 0x000000079a080000, 0x00000007c0000000)
  eden space 66560K, 88% used [0x0000000795580000,0x0000000798ebea98,0x0000000799680000)
  from space 5120K, 99% used [0x0000000799b80000,0x000000079a07c020,0x000000079a080000)
  to   space 5120K, 0% used [0x0000000799680000,0x0000000799680000,0x0000000799b80000)
 ParOldGen       total 87552K, used 37045K [0x0000000740000000, 0x0000000745580000, 0x0000000795580000)
  object space 87552K, 42% used [0x0000000740000000,0x000000074242d468,0x0000000745580000)
 Metaspace       used 12081K, capacity 12265K, committed 12416K, reserved 1060864K
  class space    used 1271K, capacity 1345K, committed 1408K, reserved 1048576K
Event: 4.028 GC heap after
Heap after GC invocations=3 (full 0):
 PSYoungGen      total 71680K, used 3750K [0x0000000795580000, 0x000000079e180000, 0x00000007c0000000)
  eden space 66560K, 0% used [0x0000000795580000,0x0000000795580000,0x0000000799680000)
  from space 5120K, 73% used [0x0000000799680000,0x0000000799a29a70,0x0000000799b80000)
  to   space 5120K, 0% used [0x000000079dc80000,0x000000079dc80000,0x000000079e180000)
 ParOldGen       total 87552K, used 45245K [0x0000000740000000, 0x0000000745580000, 0x0000000795580000)
  object space 87552K, 51% used [0x0000000740000000,0x0000000742c2f478,0x0000000745580000)
 Metaspace       used 12081K, capacity 12265K, committed 12416K, reserved 1060864K
  class space    used 1271K, capacity 1345K, committed 1408K, reserved 1048576K
}
Event: 6.512 GC heap before
{Heap before GC invocations=4 (full 0):
 PSYoungGen      total 71680K, used 70310K [0x0000000795580000, 0x000000079e180000, 0x00000007c0000000)
  eden space 66560K, 100% used [0x0000000795580000,0x0000000799680000,0x0000000799680000)
  from space 5120K, 73% used [0x0000000799680000,0x0000000799a29a70,0x0000000799b80000)
  to   space 5120K, 0% used [0x000000079dc80000,0x000000079dc80000,0x000000079e180000)
 ParOldGen       total 87552K, used 45245K [0x0000000740000000, 0x0000000745580000, 0x0000000795580000)
  object space 87552K, 51% used [0x0000000740000000,0x0000000742c2f478,0x0000000745580000)
 Metaspace       used 12457K, capacity 12653K, committed 12928K, reserved 1060864K
  class space    used 1294K, capacity 1345K, committed 1408K, reserved 1048576K
Event: 6.524 GC heap after
Heap after GC invocations=4 (full 0):
 PSYoungGen      total 138240K, used 5104K [0x0000000795580000, 0x000000079e180000, 0x00000007c0000000)
  eden space 133120K, 0% used [0x0000000795580000,0x0000000795580000,0x000000079d780000)
  from space 5120K, 99% used [0x000000079dc80000,0x000000079e17c030,0x000000079e180000)
  to   space 5120K, 0% used [0x000000079d780000,0x000000079d780000,0x000000079dc80000)
 ParOldGen       total 87552K, used 49652K [0x0000000740000000, 0x0000000745580000, 0x0000000795580000)
  object space 87552K, 56% used [0x0000000740000000,0x000000074307d2b0,0x0000000745580000)
 Metaspace       used 12457K, capacity 12653K, committed 12928K, reserved 1060864K
  class space    used 1294K, capacity 1345K, committed 1408K, reserved 1048576K
}
Event: 6.968 GC heap before
{Heap before GC invocations=5 (full 0):
 PSYoungGen      total 138240K, used 138224K [0x0000000795580000, 0x000000079e180000, 0x00000007c0000000)
  eden space 133120K, 100% used [0x0000000795580000,0x000000079d780000,0x000000079d780000)
  from space 5120K, 99% used [0x000000079dc80000,0x000000079e17c030,0x000000079e180000)
  to   space 5120K, 0% used [0x000000079d780000,0x000000079d780000,0x000000079dc80000)
 ParOldGen       total 87552K, used 49652K [0x0000000740000000, 0x0000000745580000, 0x0000000795580000)
  object space 87552K, 56% used [0x0000000740000000,0x000000074307d2b0,0x0000000745580000)
 Metaspace       used 12523K, capacity 12717K, committed 12928K, reserved 1060864K
  class space    used 1294K, capacity 1345K, committed 1408K, reserved 1048576K
Event: 6.982 GC heap after
Heap after GC invocations=5 (full 0):
 PSYoungGen      total 138240K, used 4712K [0x0000000795580000, 0x00000007a9580000, 0x00000007c0000000)
  eden space 133120K, 0% used [0x0000000795580000,0x0000000795580000,0x000000079d780000)
  from space 5120K, 92% used [0x000000079d780000,0x000000079dc1a030,0x000000079dc80000)
  to   space 30720K, 0% used [0x00000007a7780000,0x00000007a7780000,0x00000007a9580000)
 ParOldGen       total 87552K, used 49660K [0x0000000740000000, 0x0000000745580000, 0x0000000795580000)
  object space 87552K, 56% used [0x0000000740000000,0x000000074307f2b0,0x0000000745580000)
 Metaspace       used 12523K, capacity 12717K, committed 12928K, reserved 1060864K
  class space    used 1294K, capacity 1345K, committed 1408K, reserved 1048576K
}
Event: 63.604 GC heap before
{Heap before GC invocations=6 (full 0):
 PSYoungGen      total 138240K, used 137832K [0x0000000795580000, 0x00000007a9580000, 0x00000007c0000000)
  eden space 133120K, 100% used [0x0000000795580000,0x000000079d780000,0x000000079d780000)
  from space 5120K, 92% used [0x000000079d780000,0x000000079dc1a030,0x000000079dc80000)
  to   space 30720K, 0% used [0x00000007a7780000,0x00000007a7780000,0x00000007a9580000)
 ParOldGen       total 87552K, used 49660K [0x0000000740000000, 0x0000000745580000, 0x0000000795580000)
  object space 87552K, 56% used [0x0000000740000000,0x000000074307f2b0,0x0000000745580000)
 Metaspace       used 12911K, capacity 13069K, committed 13184K, reserved 1060864K
  class space    used 1325K, capacity 1377K, committed 1408K, reserved 1048576K
Event: 63.615 GC heap after
Heap after GC invocations=6 (full 0):
 PSYoungGen      total 290816K, used 12896K [0x0000000795580000, 0x00000007a8f80000, 0x00000007c0000000)
  eden space 266240K, 0% used [0x0000000795580000,0x0000000795580000,0x00000007a5980000)
  from space 24576K, 52% used [0x00000007a7780000,0x00000007a84180b0,0x00000007a8f80000)
  to   space 27648K, 0% used [0x00000007a5980000,0x00000007a5980000,0x00000007a7480000)
 ParOldGen       total 87552K, used 49668K [0x0000000740000000, 0x0000000745580000, 0x0000000795580000)
  object space 87552K, 56% used [0x0000000740000000,0x00000007430812b0,0x0000000745580000)
 Metaspace       used 12911K, capacity 13069K, committed 13184K, reserved 1060864K
  class space    used 1325K, capacity 1377K, committed 1408K, reserved 1048576K
}

Deoptimization events (10 events):
Event: 4.342 Thread 0x00007f94bb803000 Uncommon trap: reason=unreached action=reinterpret pc=0x000000010b44f1bc method=com.jcraft.jorbis.Mapping0.inverse(Lcom/jcraft/jorbis/Block;Ljava/lang/Object;)I @ 849
Event: 6.459 Thread 0x00007f94bb803000 Uncommon trap: reason=unstable_if action=reinterpret pc=0x000000010b175f58 method=java.lang.String.<init>([CII)V @ 18
Event: 7.041 Thread 0x00007f94bb803000 Uncommon trap: reason=class_check action=maybe_recompile pc=0x000000010b1ac3b4 method=java.util.concurrent.ConcurrentHashMap.get(Ljava/lang/Object;)Ljava/lang/Object; @ 149
Event: 7.045 Thread 0x00007f94bb803000 Uncommon trap: reason=unstable_if action=reinterpret pc=0x000000010b3b1440 method=java.lang.String.<init>([CII)V @ 18
Event: 58.231 Thread 0x00007f94bb803000 Uncommon trap: reason=unstable_if action=reinterpret pc=0x000000010b72aa20 method=guiComponents.InfoPanel.render(Lorg/newdawn/slick/GameContainer;Lorg/newdawn/slick/Graphics;)V @ 529
Event: 133.093 Thread 0x00007f94bb803000 Uncommon trap: reason=unloaded action=reinterpret pc=0x000000010b1415f8 method=gameStates.BattleState.update(Lorg/newdawn/slick/GameContainer;Lorg/newdawn/slick/state/StateBasedGame;I)V @ 146
Event: 133.093 Thread 0x00007f94bb803000 Uncommon trap: reason=unstable_if action=reinterpret pc=0x000000010b164a00 method=org.newdawn.slick.state.StateBasedGame.render(Lorg/newdawn/slick/GameContainer;Lorg/newdawn/slick/Graphics;)V @ 10
Event: 133.107 Thread 0x00007f94bb803000 Uncommon trap: reason=unstable_if action=reinterpret pc=0x000000010b23b85c method=org.newdawn.slick.state.StateBasedGame.update(Lorg/newdawn/slick/GameContainer;I)V @ 10
Event: 133.594 Thread 0x00007f94bb803000 Uncommon trap: reason=unstable_if action=reinterpret pc=0x000000010b1f86e8 method=org.newdawn.slick.opengl.renderer.DefaultLineStripRenderer.setAntiAlias(Z)V @ 1
Event: 137.896 Thread 0x00007f94bb803000 Uncommon trap: reason=unstable_if action=reinterpret pc=0x000000010b310a8c method=org.newdawn.slick.AppGameContainer.gameLoop()V @ 60

Internal exceptions (10 events):
Event: 0.352 Thread 0x00007f94bb803000 Exception <a 'java/lang/NoSuchFieldError': method resolution failed> (0x0000000795922040) thrown at [/Users/java_re/workspace/8-2-build-macosx-x86_64/jdk8u71/5731/hotspot/src/share/vm/prims/methodHandles.cpp, line 1146]
Event: 0.354 Thread 0x00007f94bb803000 Exception <a 'java/lang/NoSuchFieldError': method resolution failed> (0x000000079592f790) thrown at [/Users/java_re/workspace/8-2-build-macosx-x86_64/jdk8u71/5731/hotspot/src/share/vm/prims/methodHandles.cpp, line 1146]
Event: 0.920 Thread 0x00007f94bb803000 Exception <a 'java/io/FileNotFoundException'> (0x00000007959ab2d8) thrown at [/Users/java_re/workspace/8-2-build-macosx-x86_64/jdk8u71/5731/hotspot/src/share/vm/prims/jni.cpp, line 709]
Event: 0.920 Thread 0x00007f94bb803000 Exception <a 'java/io/FileNotFoundException'> (0x00000007959abe20) thrown at [/Users/java_re/workspace/8-2-build-macosx-x86_64/jdk8u71/5731/hotspot/src/share/vm/prims/jni.cpp, line 709]
Event: 2.609 Thread 0x00007f94bb803000 Exception <a 'java/security/PrivilegedActionException'> (0x0000000796d93bb0) thrown at [/Users/java_re/workspace/8-2-build-macosx-x86_64/jdk8u71/5731/hotspot/src/share/vm/prims/jvm.cpp, line 1386]
Event: 2.609 Thread 0x00007f94bb803000 Exception <a 'java/security/PrivilegedActionException'> (0x0000000796d95798) thrown at [/Users/java_re/workspace/8-2-build-macosx-x86_64/jdk8u71/5731/hotspot/src/share/vm/prims/jvm.cpp, line 1386]
Event: 2.609 Thread 0x00007f94bb803000 Exception <a 'java/security/PrivilegedActionException'> (0x0000000796d968b8) thrown at [/Users/java_re/workspace/8-2-build-macosx-x86_64/jdk8u71/5731/hotspot/src/share/vm/prims/jvm.cpp, line 1386]
Event: 2.610 Thread 0x00007f94bb803000 Exception <a 'java/security/PrivilegedActionException'> (0x0000000796d9b9d8) thrown at [/Users/java_re/workspace/8-2-build-macosx-x86_64/jdk8u71/5731/hotspot/src/share/vm/prims/jvm.cpp, line 1386]
Event: 2.610 Thread 0x00007f94bb803000 Exception <a 'java/security/PrivilegedActionException'> (0x0000000796d9c630) thrown at [/Users/java_re/workspace/8-2-build-macosx-x86_64/jdk8u71/5731/hotspot/src/share/vm/prims/jvm.cpp, line 1386]
Event: 2.610 Thread 0x00007f94bb803000 Exception <a 'java/security/PrivilegedActionException'> (0x0000000796d9d258) thrown at [/Users/java_re/workspace/8-2-build-macosx-x86_64/jdk8u71/5731/hotspot/src/share/vm/prims/jvm.cpp, line 1386]

Events (10 events):
Event: 134.765 Thread 0x00007f94bb039000 flushing nmethod 0x000000010b6e3610
Event: 135.290 Executing VM operation: BulkRevokeBias
Event: 135.290 Executing VM operation: BulkRevokeBias done
Event: 135.290 Thread 0x00007f94b90ec000 Thread exited: 0x00007f94b90ec000
Event: 135.727 Thread 0x00007f94b90ec000 Thread added: 0x00007f94b90ec000
Event: 137.896 Thread 0x00007f94bb803000 Uncommon trap: trap_request=0xffffff65 fr.pc=0x000000010b310a8c
Event: 137.896 Thread 0x00007f94bb803000 DEOPT PACKING pc=0x000000010b310a8c sp=0x0000000108f9e830
Event: 137.896 Thread 0x00007f94bb803000 DEOPT UNPACKING pc=0x000000010af94229 sp=0x0000000108f9e808 mode 2
Event: 137.920 loading class org/lwjgl/opengl/CallbackUtil
Event: 137.920 loading class org/lwjgl/opengl/CallbackUtil done


Dynamic libraries:
0x0000000007947000 	/System/Library/Frameworks/Cocoa.framework/Versions/A/Cocoa
0x0000000007947000 	/System/Library/Frameworks/Security.framework/Versions/A/Security
0x0000000007947000 	/System/Library/Frameworks/ApplicationServices.framework/Versions/A/ApplicationServices
0x0000000007947000 	/usr/lib/libz.1.dylib
0x0000000007947000 	/usr/lib/libSystem.B.dylib
0x0000000007947000 	/usr/lib/libobjc.A.dylib
0x0000000007947000 	/System/Library/Frameworks/CoreFoundation.framework/Versions/A/CoreFoundation
0x0000000007947000 	/System/Library/Frameworks/Foundation.framework/Versions/C/Foundation
0x0000000007947000 	/System/Library/Frameworks/AppKit.framework/Versions/C/AppKit
0x0000000007947000 	/System/Library/Frameworks/CoreData.framework/Versions/A/CoreData
0x0000000007947000 	/System/Library/PrivateFrameworks/RemoteViewServices.framework/Versions/A/RemoteViewServices
0x0000000007947000 	/System/Library/PrivateFrameworks/UIFoundation.framework/Versions/A/UIFoundation
0x0000000007947000 	/System/Library/Frameworks/IOSurface.framework/Versions/A/IOSurface
0x0000000007947000 	/System/Library/Frameworks/AudioToolbox.framework/Versions/A/AudioToolbox
0x0000000007947000 	/System/Library/Frameworks/AudioUnit.framework/Versions/A/AudioUnit
0x0000000007947000 	/System/Library/PrivateFrameworks/DataDetectorsCore.framework/Versions/A/DataDetectorsCore
0x0000000007947000 	/System/Library/PrivateFrameworks/DesktopServicesPriv.framework/Versions/A/DesktopServicesPriv
0x0000000007947000 	/System/Library/Frameworks/Carbon.framework/Versions/A/Frameworks/HIToolbox.framework/Versions/A/HIToolbox
0x0000000007947000 	/System/Library/Frameworks/QuartzCore.framework/Versions/A/QuartzCore
0x0000000007947000 	/System/Library/Frameworks/Carbon.framework/Versions/A/Frameworks/SpeechRecognition.framework/Versions/A/SpeechRecognition
0x0000000007947000 	/usr/lib/libauto.dylib
0x0000000007947000 	/usr/lib/libicucore.A.dylib
0x0000000007947000 	/usr/lib/libxml2.2.dylib
0x0000000007947000 	/System/Library/PrivateFrameworks/CoreUI.framework/Versions/A/CoreUI
0x0000000007947000 	/System/Library/Frameworks/CoreAudio.framework/Versions/A/CoreAudio
0x0000000007947000 	/System/Library/Frameworks/DiskArbitration.framework/Versions/A/DiskArbitration
0x0000000007947000 	/usr/lib/liblangid.dylib
0x0000000007947000 	/System/Library/PrivateFrameworks/MultitouchSupport.framework/Versions/A/MultitouchSupport
0x0000000007947000 	/System/Library/Frameworks/IOKit.framework/Versions/A/IOKit
0x0000000007947000 	/usr/lib/libDiagnosticMessagesClient.dylib
0x0000000007947000 	/System/Library/Frameworks/CoreServices.framework/Versions/A/CoreServices
0x0000000007947000 	/System/Library/PrivateFrameworks/PerformanceAnalysis.framework/Versions/A/PerformanceAnalysis
0x0000000007947000 	/System/Library/PrivateFrameworks/GenerationalStorage.framework/Versions/A/GenerationalStorage
0x0000000007947000 	/System/Library/Frameworks/OpenGL.framework/Versions/A/OpenGL
0x0000000007947000 	/System/Library/PrivateFrameworks/Sharing.framework/Versions/A/Sharing
0x0000000007947000 	/System/Library/Frameworks/CoreGraphics.framework/Versions/A/CoreGraphics
0x0000000007947000 	/System/Library/Frameworks/CoreText.framework/Versions/A/CoreText
0x0000000007947000 	/System/Library/Frameworks/ImageIO.framework/Versions/A/ImageIO
0x0000000007947000 	/usr/lib/libextension.dylib
0x0000000007947000 	/System/Library/PrivateFrameworks/Backup.framework/Versions/A/Backup
0x0000000007947000 	/usr/lib/libarchive.2.dylib
0x0000000007947000 	/System/Library/Frameworks/CFNetwork.framework/Versions/A/CFNetwork
0x0000000007947000 	/System/Library/Frameworks/SystemConfiguration.framework/Versions/A/SystemConfiguration
0x0000000007947000 	/usr/lib/libCRFSuite.dylib
0x0000000007947000 	/usr/lib/libc++.1.dylib
0x0000000007947000 	/usr/lib/libc++abi.dylib
0x0000000007947000 	/usr/lib/system/libcache.dylib
0x0000000007947000 	/usr/lib/system/libcommonCrypto.dylib
0x0000000007947000 	/usr/lib/system/libcompiler_rt.dylib
0x0000000007947000 	/usr/lib/system/libcopyfile.dylib
0x0000000007947000 	/usr/lib/system/libcorecrypto.dylib
0x0000000007947000 	/usr/lib/system/libdispatch.dylib
0x0000000007947000 	/usr/lib/system/libdyld.dylib
0x0000000007947000 	/usr/lib/system/libkeymgr.dylib
0x0000000007947000 	/usr/lib/system/liblaunch.dylib
0x0000000007947000 	/usr/lib/system/libmacho.dylib
0x0000000007947000 	/usr/lib/system/libquarantine.dylib
0x0000000007947000 	/usr/lib/system/libremovefile.dylib
0x0000000007947000 	/usr/lib/system/libsystem_asl.dylib
0x0000000007947000 	/usr/lib/system/libsystem_blocks.dylib
0x0000000007947000 	/usr/lib/system/libsystem_c.dylib
0x0000000007947000 	/usr/lib/system/libsystem_configuration.dylib
0x0000000007947000 	/usr/lib/system/libsystem_coreservices.dylib
0x0000000007947000 	/usr/lib/system/libsystem_coretls.dylib
0x0000000007947000 	/usr/lib/system/libsystem_dnssd.dylib
0x0000000007947000 	/usr/lib/system/libsystem_info.dylib
0x0000000007947000 	/usr/lib/system/libsystem_kernel.dylib
0x0000000007947000 	/usr/lib/system/libsystem_m.dylib
0x0000000007947000 	/usr/lib/system/libsystem_malloc.dylib
0x0000000007947000 	/usr/lib/system/libsystem_network.dylib
0x0000000007947000 	/usr/lib/system/libsystem_networkextension.dylib
0x0000000007947000 	/usr/lib/system/libsystem_notify.dylib
0x0000000007947000 	/usr/lib/system/libsystem_platform.dylib
0x0000000007947000 	/usr/lib/system/libsystem_pthread.dylib
0x0000000007947000 	/usr/lib/system/libsystem_sandbox.dylib
0x0000000007947000 	/usr/lib/system/libsystem_secinit.dylib
0x0000000007947000 	/usr/lib/system/libsystem_stats.dylib
0x0000000007947000 	/usr/lib/system/libsystem_trace.dylib
0x0000000007947000 	/usr/lib/system/libunc.dylib
0x0000000007947000 	/usr/lib/system/libunwind.dylib
0x0000000007947000 	/usr/lib/system/libxpc.dylib
0x0000000007947000 	/usr/lib/libbz2.1.0.dylib
0x0000000007947000 	/usr/lib/liblzma.5.dylib
0x0000000007947000 	/usr/lib/libbsm.0.dylib
0x0000000007947000 	/usr/lib/libsqlite3.dylib
0x0000000007947000 	/usr/lib/system/libkxld.dylib
0x0000000007947000 	/usr/lib/libxar.1.dylib
0x0000000007947000 	/usr/lib/libpam.2.dylib
0x0000000007947000 	/usr/lib/libOpenScriptingUtil.dylib
0x0000000007947000 	/System/Library/Frameworks/CoreServices.framework/Versions/A/Frameworks/FSEvents.framework/Versions/A/FSEvents
0x0000000007947000 	/System/Library/Frameworks/CoreServices.framework/Versions/A/Frameworks/CarbonCore.framework/Versions/A/CarbonCore
0x0000000007947000 	/System/Library/Frameworks/CoreServices.framework/Versions/A/Frameworks/Metadata.framework/Versions/A/Metadata
0x0000000007947000 	/System/Library/Frameworks/CoreServices.framework/Versions/A/Frameworks/OSServices.framework/Versions/A/OSServices
0x0000000007947000 	/System/Library/Frameworks/CoreServices.framework/Versions/A/Frameworks/SearchKit.framework/Versions/A/SearchKit
0x0000000007947000 	/System/Library/Frameworks/CoreServices.framework/Versions/A/Frameworks/AE.framework/Versions/A/AE
0x0000000007947000 	/System/Library/Frameworks/CoreServices.framework/Versions/A/Frameworks/LaunchServices.framework/Versions/A/LaunchServices
0x0000000007947000 	/System/Library/Frameworks/CoreServices.framework/Versions/A/Frameworks/DictionaryServices.framework/Versions/A/DictionaryServices
0x0000000007947000 	/System/Library/Frameworks/NetFS.framework/Versions/A/NetFS
0x0000000007947000 	/System/Library/PrivateFrameworks/NetAuth.framework/Versions/A/NetAuth
0x0000000007947000 	/System/Library/PrivateFrameworks/login.framework/Versions/A/Frameworks/loginsupport.framework/Versions/A/loginsupport
0x0000000007947000 	/System/Library/PrivateFrameworks/TCC.framework/Versions/A/TCC
0x0000000007947000 	/usr/lib/libmecabra.dylib
0x0000000007947000 	/System/Library/Frameworks/ApplicationServices.framework/Versions/A/Frameworks/ATS.framework/Versions/A/ATS
0x0000000007947000 	/System/Library/Frameworks/ApplicationServices.framework/Versions/A/Frameworks/ColorSync.framework/Versions/A/ColorSync
0x0000000007947000 	/System/Library/Frameworks/ApplicationServices.framework/Versions/A/Frameworks/HIServices.framework/Versions/A/HIServices
0x0000000007947000 	/System/Library/Frameworks/ApplicationServices.framework/Versions/A/Frameworks/LangAnalysis.framework/Versions/A/LangAnalysis
0x0000000007947000 	/System/Library/Frameworks/ApplicationServices.framework/Versions/A/Frameworks/PrintCore.framework/Versions/A/PrintCore
0x0000000007947000 	/System/Library/Frameworks/ApplicationServices.framework/Versions/A/Frameworks/QD.framework/Versions/A/QD
0x0000000007947000 	/System/Library/Frameworks/ApplicationServices.framework/Versions/A/Frameworks/SpeechSynthesis.framework/Versions/A/SpeechSynthesis
0x0000000007947000 	/System/Library/Frameworks/Accelerate.framework/Versions/A/Accelerate
0x0000000007947000 	/System/Library/Frameworks/Accelerate.framework/Versions/A/Frameworks/vImage.framework/Versions/A/vImage
0x0000000007947000 	/System/Library/Frameworks/Accelerate.framework/Versions/A/Frameworks/vecLib.framework/Versions/A/vecLib
0x0000000007947000 	/System/Library/Frameworks/Accelerate.framework/Versions/A/Frameworks/vecLib.framework/Versions/A/libvDSP.dylib
0x0000000007947000 	/System/Library/Frameworks/Accelerate.framework/Versions/A/Frameworks/vecLib.framework/Versions/A/libvMisc.dylib
0x0000000007947000 	/System/Library/Frameworks/Accelerate.framework/Versions/A/Frameworks/vecLib.framework/Versions/A/libLAPACK.dylib
0x0000000007947000 	/System/Library/Frameworks/Accelerate.framework/Versions/A/Frameworks/vecLib.framework/Versions/A/libBLAS.dylib
0x0000000007947000 	/System/Library/Frameworks/Accelerate.framework/Versions/A/Frameworks/vecLib.framework/Versions/A/libLinearAlgebra.dylib
0x0000000007947000 	/System/Library/Frameworks/ApplicationServices.framework/Versions/A/Frameworks/ATS.framework/Versions/A/Resources/libFontParser.dylib
0x0000000007947000 	/System/Library/Frameworks/ApplicationServices.framework/Versions/A/Frameworks/ATS.framework/Versions/A/Resources/libFontRegistry.dylib
0x0000000007947000 	/System/Library/PrivateFrameworks/AppleVPA.framework/Versions/A/AppleVPA
0x0000000007947000 	/System/Library/PrivateFrameworks/AppleJPEG.framework/Versions/A/AppleJPEG
0x0000000007947000 	/System/Library/Frameworks/ImageIO.framework/Versions/A/Resources/libJPEG.dylib
0x0000000007947000 	/System/Library/Frameworks/ImageIO.framework/Versions/A/Resources/libTIFF.dylib
0x0000000007947000 	/System/Library/Frameworks/ImageIO.framework/Versions/A/Resources/libPng.dylib
0x0000000007947000 	/System/Library/Frameworks/ImageIO.framework/Versions/A/Resources/libGIF.dylib
0x0000000007947000 	/System/Library/Frameworks/ImageIO.framework/Versions/A/Resources/libJP2.dylib
0x0000000007947000 	/System/Library/Frameworks/ImageIO.framework/Versions/A/Resources/libRadiance.dylib
0x0000000007947000 	/System/Library/Frameworks/CoreVideo.framework/Versions/A/CoreVideo
0x0000000007947000 	/System/Library/Frameworks/OpenGL.framework/Versions/A/Libraries/libGLU.dylib
0x0000000007947000 	/System/Library/Frameworks/OpenGL.framework/Versions/A/Libraries/libGFXShared.dylib
0x0000000007947000 	/System/Library/Frameworks/OpenGL.framework/Versions/A/Libraries/libGL.dylib
0x0000000007947000 	/System/Library/Frameworks/OpenGL.framework/Versions/A/Libraries/libGLImage.dylib
0x0000000007947000 	/System/Library/Frameworks/OpenGL.framework/Versions/A/Libraries/libCVMSPluginSupport.dylib
0x0000000007947000 	/System/Library/Frameworks/OpenGL.framework/Versions/A/Libraries/libCoreVMClient.dylib
0x0000000007947000 	/usr/lib/libcups.2.dylib
0x0000000007947000 	/System/Library/Frameworks/Kerberos.framework/Versions/A/Kerberos
0x0000000007947000 	/System/Library/Frameworks/GSS.framework/Versions/A/GSS
0x0000000007947000 	/usr/lib/libresolv.9.dylib
0x0000000007947000 	/usr/lib/libiconv.2.dylib
0x0000000007947000 	/System/Library/PrivateFrameworks/Heimdal.framework/Versions/A/Heimdal
0x0000000007947000 	/usr/lib/libheimdal-asn1.dylib
0x0000000007947000 	/System/Library/Frameworks/OpenDirectory.framework/Versions/A/OpenDirectory
0x0000000007947000 	/System/Library/PrivateFrameworks/CommonAuth.framework/Versions/A/CommonAuth
0x0000000007947000 	/System/Library/Frameworks/OpenDirectory.framework/Versions/A/Frameworks/CFOpenDirectory.framework/Versions/A/CFOpenDirectory
0x0000000007947000 	/System/Library/Frameworks/SecurityFoundation.framework/Versions/A/SecurityFoundation
0x0000000007947000 	/System/Library/PrivateFrameworks/LanguageModeling.framework/Versions/A/LanguageModeling
0x0000000007947000 	/usr/lib/libcmph.dylib
0x0000000007947000 	/System/Library/Frameworks/ServiceManagement.framework/Versions/A/ServiceManagement
0x0000000007947000 	/usr/lib/libxslt.1.dylib
0x0000000007947000 	/System/Library/Frameworks/Carbon.framework/Versions/A/Frameworks/Ink.framework/Versions/A/Ink
0x0000000007947000 	/System/Library/Frameworks/QuartzCore.framework/Versions/A/Frameworks/CoreImage.framework/Versions/A/CoreImage
0x0000000007947000 	/System/Library/PrivateFrameworks/CrashReporterSupport.framework/Versions/A/CrashReporterSupport
0x0000000007947000 	/System/Library/Frameworks/OpenCL.framework/Versions/A/OpenCL
0x0000000007947000 	/System/Library/PrivateFrameworks/FaceCore.framework/Versions/A/FaceCore
0x0000000007947000 	/System/Library/PrivateFrameworks/Ubiquity.framework/Versions/A/Ubiquity
0x0000000007947000 	/System/Library/PrivateFrameworks/IconServices.framework/Versions/A/IconServices
0x0000000007947000 	/System/Library/PrivateFrameworks/ChunkingLibrary.framework/Versions/A/ChunkingLibrary
0x0000000007947000 	/System/Library/PrivateFrameworks/Apple80211.framework/Versions/A/Apple80211
0x0000000007947000 	/System/Library/Frameworks/CoreWLAN.framework/Versions/A/CoreWLAN
0x0000000007947000 	/System/Library/Frameworks/IOBluetooth.framework/Versions/A/IOBluetooth
0x0000000007947000 	/System/Library/PrivateFrameworks/CoreWiFi.framework/Versions/A/CoreWiFi
0x0000000007947000 	/System/Library/Frameworks/CoreBluetooth.framework/Versions/A/CoreBluetooth
0x0000000007947000 	/System/Library/PrivateFrameworks/DebugSymbols.framework/Versions/A/DebugSymbols
0x0000000007947000 	/System/Library/PrivateFrameworks/CoreSymbolication.framework/Versions/A/CoreSymbolication
0x0000000007947000 	/System/Library/PrivateFrameworks/Symbolication.framework/Versions/A/Symbolication
0x0000000007947000 	/System/Library/PrivateFrameworks/SpeechRecognitionCore.framework/Versions/A/SpeechRecognitionCore
0x000000010a000000 	/Library/Java/JavaVirtualMachines/jdk1.8.0_71.jdk/Contents/Home/jre/lib/server/libjvm.dylib
0x0000000007947000 	/usr/lib/libstdc++.6.dylib
0x0000000108fa1000 	/Library/Java/JavaVirtualMachines/jdk1.8.0_71.jdk/Contents/Home/jre/lib/libverify.dylib
0x0000000108faf000 	/Library/Java/JavaVirtualMachines/jdk1.8.0_71.jdk/Contents/Home/jre/lib/libjava.dylib
0x0000000108fee000 	/Library/Java/JavaVirtualMachines/jdk1.8.0_71.jdk/Contents/Home/jre/lib/libzip.dylib
0x0000000122092000 	/System/Library/Frameworks/JavaVM.framework/Frameworks/JavaRuntimeSupport.framework/JavaRuntimeSupport
0x00000001220a8000 	/System/Library/Frameworks/JavaVM.framework/Versions/A/Frameworks/JavaNativeFoundation.framework/Versions/A/JavaNativeFoundation
0x00000001220bc000 	/System/Library/Frameworks/JavaVM.framework/Versions/A/JavaVM
0x0000000007947000 	/System/Library/Frameworks/Carbon.framework/Versions/A/Carbon
0x00000001220c8000 	/System/Library/PrivateFrameworks/JavaLaunching.framework/Versions/A/JavaLaunching
0x0000000007947000 	/System/Library/Frameworks/Carbon.framework/Versions/A/Frameworks/CommonPanels.framework/Versions/A/CommonPanels
0x0000000007947000 	/System/Library/Frameworks/Carbon.framework/Versions/A/Frameworks/Help.framework/Versions/A/Help
0x0000000007947000 	/System/Library/Frameworks/Carbon.framework/Versions/A/Frameworks/ImageCapture.framework/Versions/A/ImageCapture
0x0000000007947000 	/System/Library/Frameworks/Carbon.framework/Versions/A/Frameworks/OpenScripting.framework/Versions/A/OpenScripting
0x0000000007947000 	/System/Library/Frameworks/Carbon.framework/Versions/A/Frameworks/Print.framework/Versions/A/Print
0x0000000007947000 	/System/Library/Frameworks/Carbon.framework/Versions/A/Frameworks/SecurityHI.framework/Versions/A/SecurityHI
0x00000001240f9000 	/Library/Java/JavaVirtualMachines/jdk1.8.0_71.jdk/Contents/Home/jre/lib/libawt.dylib
0x00000001241a1000 	/Library/Java/JavaVirtualMachines/jdk1.8.0_71.jdk/Contents/Home/jre/lib/./libmlib_image.dylib
0x000000012426d000 	/Library/Java/JavaVirtualMachines/jdk1.8.0_71.jdk/Contents/Home/jre/lib/libawt_lwawt.dylib
0x0000000124322000 	/Library/Java/JavaVirtualMachines/jdk1.8.0_71.jdk/Contents/Home/jre/lib/./libosxapp.dylib
0x0000000007947000 	/System/Library/Frameworks/ExceptionHandling.framework/Versions/A/ExceptionHandling
0x0000000007947000 	/System/Library/PrivateFrameworks/CoreServicesInternal.framework/Versions/A/CoreServicesInternal
0x0000000007947000 	/System/Library/PrivateFrameworks/CloudDocs.framework/Versions/A/CloudDocs
0x0000000007947000 	/System/Library/PrivateFrameworks/CoreDuet.framework/Versions/A/CoreDuet
0x0000000007947000 	/System/Library/Frameworks/CloudKit.framework/Versions/A/CloudKit
0x0000000007947000 	/System/Library/PrivateFrameworks/ProtocolBuffer.framework/Versions/A/ProtocolBuffer
0x0000000007947000 	/System/Library/PrivateFrameworks/CoreDuetDaemonProtocol.framework/Versions/A/CoreDuetDaemonProtocol
0x0000000007947000 	/System/Library/PrivateFrameworks/CoreDuetDebugLogging.framework/Versions/A/CoreDuetDebugLogging
0x0000000007947000 	/System/Library/PrivateFrameworks/MMCS.framework/Versions/A/MMCS
0x0000000007947000 	/System/Library/Frameworks/CoreLocation.framework/Versions/A/CoreLocation
0x0000000007947000 	/System/Library/PrivateFrameworks/ProtectedCloudStorage.framework/Versions/A/ProtectedCloudStorage
0x0000000007947000 	/System/Library/PrivateFrameworks/GeoServices.framework/Versions/A/GeoServices
0x0000000007947000 	/System/Library/Frameworks/CoreGraphics.framework/Versions/A/Resources/libCGCMS.A.dylib
0x0000000007947000 	/System/Library/Frameworks/CoreGraphics.framework/Versions/A/Resources/libRIP.A.dylib
0x0000000007947000 	/System/Library/Frameworks/CoreGraphics.framework/Versions/A/Resources/libCGXType.A.dylib
0x0000000007947000 	/System/Library/Frameworks/OpenCL.framework/Versions/A/Libraries/libcldcpuengine.dylib
0x0000000007947000 	/System/Library/PrivateFrameworks/DiskImages.framework/Versions/A/DiskImages
0x0000000007947000 	/System/Library/Frameworks/DiscRecording.framework/Versions/A/DiscRecording
0x0000000007947000 	/usr/lib/libcsfde.dylib
0x0000000007947000 	/usr/lib/libcurl.4.dylib
0x0000000007947000 	/System/Library/PrivateFrameworks/MediaKit.framework/Versions/A/MediaKit
0x0000000007947000 	/usr/lib/libCoreStorage.dylib
0x0000000007947000 	/System/Library/PrivateFrameworks/EFILogin.framework/Versions/A/EFILogin
0x0000000007947000 	/usr/lib/libutil.dylib
0x0000000007947000 	/System/Library/PrivateFrameworks/FindMyDevice.framework/Versions/A/FindMyDevice
0x0000000007947000 	/System/Library/Frameworks/LDAP.framework/Versions/A/LDAP
0x0000000007947000 	/usr/lib/libsasl2.2.dylib
0x0000000007947000 	/System/Library/PrivateFrameworks/CoreDaemon.framework/Versions/B/CoreDaemon
0x0000000007947000 	/usr/lib/libcrypto.0.9.8.dylib
0x0000000007947000 	/System/Library/PrivateFrameworks/AppleSRP.framework/Versions/A/AppleSRP
0x0000000007947000 	/System/Library/PrivateFrameworks/TrustEvaluationAgent.framework/Versions/A/TrustEvaluationAgent
0x00000001277ea000 	cl_kernels
0x00000001277ec000 	/System/Library/Frameworks/OpenCL.framework/Versions/A/Libraries/ImageFormats/unorm8_bgra.dylib
0x00000001277dc000 	cl_kernels
0x0000000007947000 	/System/Library/PrivateFrameworks/FamilyControls.framework/Versions/A/FamilyControls
0x0000000007947000 	/System/Library/PrivateFrameworks/CommerceKit.framework/Versions/A/Frameworks/CommerceCore.framework/Versions/A/CommerceCore
0x0000000007947000 	/System/Library/PrivateFrameworks/SystemAdministration.framework/Versions/A/SystemAdministration
0x0000000007947000 	/System/Library/PrivateFrameworks/AppContainer.framework/Versions/A/AppContainer
0x0000000007947000 	/System/Library/PrivateFrameworks/SecCodeWrapper.framework/Versions/A/SecCodeWrapper
0x0000000007947000 	/System/Library/Frameworks/DirectoryService.framework/Versions/A/DirectoryService
0x0000000007947000 	/System/Library/PrivateFrameworks/LoginUIKit.framework/Versions/A/Frameworks/LoginUICore.framework/Versions/A/LoginUICore
0x0000000007947000 	/usr/lib/libodfde.dylib
0x0000000128b0e000 	/Library/Java/JavaVirtualMachines/jdk1.8.0_71.jdk/Contents/Home/jre/lib/libfontmanager.dylib
0x0000000128b75000 	/Users/Murph/csci205FinalProject/externals/Slick/native/liblwjgl.dylib
0x0000000126c57000 	/Library/Java/JavaVirtualMachines/jdk1.8.0_71.jdk/Contents/Home/jre/lib/libjawt.dylib
0x0000000126ab8000 	/Library/Java/JavaVirtualMachines/jdk1.8.0_71.jdk/Contents/Home/jre/lib/libnio.dylib
0x0000000126ac8000 	/Library/Java/JavaVirtualMachines/jdk1.8.0_71.jdk/Contents/Home/jre/lib/./libnet.dylib
0x0000000007947000 	/System/Library/Frameworks/OpenGL.framework/Versions/A/Resources/GLEngine.bundle/GLEngine
0x0000000007947000 	/System/Library/Frameworks/OpenGL.framework/Versions/A/Libraries/libGLProgrammability.dylib
0x00000001294c7000 	/System/Library/Extensions/AppleIntelHD4000GraphicsGLDriver.bundle/Contents/MacOS/AppleIntelHD4000GraphicsGLDriver
0x0000000007947000 	/System/Library/PrivateFrameworks/IOAccelerator.framework/Versions/A/IOAccelerator
0x0000000007947000 	/System/Library/PrivateFrameworks/GPUSupport.framework/Versions/A/Libraries/libGPUSupportMercury.dylib
0x0000000000000000 	/System/Library/Extensions/GeForceGLDriver.bundle/Contents/MacOS/GeForceGLDriver
0x0000000007947000 	/System/Library/Extensions/GeForceGLDriver.bundle/Contents/MacOS/libclh.dylib
0x0000000007947000 	/System/Library/Frameworks/OpenGL.framework/Versions/A/Resources/GLRendererFloat.bundle/GLRendererFloat
0x000000012904e000 	/Users/Murph/csci205FinalProject/externals/Slick/native/libjinput-osx.dylib
0x000000012b100000 	/System/Library/Extensions/IOHIDFamily.kext/Contents/PlugIns/IOHIDLib.plugin/Contents/MacOS/IOHIDLib
0x000000012b125000 	/Users/Murph/csci205FinalProject/externals/Slick/native/openal.dylib
0x000000012b1a8000 	/System/Library/Components/CoreAudio.component/Contents/MacOS/CoreAudio
0x000000012b481000 	/System/Library/Extensions/AppleHDA.kext/Contents/PlugIns/AppleHDAHALPlugIn.bundle/Contents/MacOS/AppleHDAHALPlugIn
0x000000012d756000 	/Library/Java/JavaVirtualMachines/jdk1.8.0_71.jdk/Contents/Home/jre/lib/libt2k.dylib

VM Arguments:
jvm_args: -Dfile.encoding=UTF-8 -Djava.library.path=./externals/Slick/native 
java_command: main.PokemonOB
java_class_path (initial): /Users/Murph/csci205FinalProject/externals/Slick/ibxm.jar:/Users/Murph/csci205FinalProject/externals/Slick/jinput.jar:/Users/Murph/csci205FinalProject/externals/Slick/jogg-0.0.7.jar:/Users/Murph/csci205FinalProject/externals/Slick/jorbis-0.0.15.jar:/Users/Murph/csci205FinalProject/externals/Slick/lwjgl.jar:/Users/Murph/csci205FinalProject/externals/Slick/lwjgl_util.jar:/Users/Murph/csci205FinalProject/externals/Slick/natives-linux.jar:/Users/Murph/csci205FinalProject/externals/Slick/natives-mac.jar:/Users/Murph/csci205FinalProject/externals/Slick/natives-windows.jar:/Users/Murph/csci205FinalProject/externals/Slick/slick-util.jar:/Users/Murph/csci205FinalProject/externals/Slick/slick.jar:/Users/Murph/csci205FinalProject/externals/jDom/jdom-2.0.6.jar:/Users/Murph/csci205FinalProject/externals/Apache/commons-lang3-3.4.jar:/Users/Murph/csci205FinalProject/build/classes
Launcher Type: SUN_STANDARD

Environment Variables:
PATH=/usr/bin:/bin:/usr/sbin:/sbin
LD_LIBRARY_PATH=/Library/Java/JavaVirtualMachines/jdk1.8.0_71.jdk/Contents/Home/jre/lib/amd64:/Library/Java/JavaVirtualMachines/jdk1.8.0_71.jdk/Contents/Home/jre/lib/i386:
SHELL=/bin/bash
DISPLAY=/private/tmp/com.apple.launchd.3XxMiRIIkE/org.macosforge.xquartz:0
DYLD_LIBRARY_PATH=/Applications/NetBeans/NetBeans 8.0.2.app/Contents/Resources/NetBeans/webcommon/bin:

Signal Handlers:
SIGSEGV: [libjvm.dylib+0x5a68c5], sa_mask[0]=11111111011111110111111111111111, sa_flags=SA_ONSTACK|SA_RESTART|SA_SIGINFO
SIGBUS: [libjvm.dylib+0x5a68c5], sa_mask[0]=11111111011111110111111111111111, sa_flags=SA_RESTART|SA_SIGINFO
SIGFPE: [libjvm.dylib+0x4805d4], sa_mask[0]=11111111011111110111111111111111, sa_flags=SA_RESTART|SA_SIGINFO
SIGPIPE: [libjvm.dylib+0x4805d4], sa_mask[0]=11111111011111110111111111111111, sa_flags=SA_RESTART|SA_SIGINFO
SIGXFSZ: [libjvm.dylib+0x4805d4], sa_mask[0]=11111111011111110111111111111111, sa_flags=SA_RESTART|SA_SIGINFO
SIGILL: [libjvm.dylib+0x4805d4], sa_mask[0]=11111111011111110111111111111111, sa_flags=SA_RESTART|SA_SIGINFO
SIGUSR1: SIG_DFL, sa_mask[0]=00000000000000000000000000000000, sa_flags=none
SIGUSR2: [libjvm.dylib+0x4800f2], sa_mask[0]=00100000000000000000000000000000, sa_flags=SA_RESTART|SA_SIGINFO
SIGHUP: [libjvm.dylib+0x47e6c9], sa_mask[0]=11111111011111110111111111111111, sa_flags=SA_RESTART|SA_SIGINFO
SIGINT: SIG_IGN, sa_mask[0]=00000000000000000000000000000000, sa_flags=none
SIGTERM: [libjvm.dylib+0x47e6c9], sa_mask[0]=11111111011111110111111111111111, sa_flags=SA_RESTART|SA_SIGINFO
SIGQUIT: [libjvm.dylib+0x47e6c9], sa_mask[0]=11111111011111110111111111111111, sa_flags=SA_RESTART|SA_SIGINFO


---------------  S Y S T E M  ---------------

OS:Bsduname:Darwin 14.5.0 Darwin Kernel Version 14.5.0: Mon Jan 11 18:48:35 PST 2016; root:xnu-2782.50.2~1/RELEASE_X86_64 x86_64
rlimit: STACK 8192k, CORE 0k, NPROC 709, NOFILE 10240, AS infinity
load average:1.44 1.27 1.35

CPU:total 8 (4 cores per cpu, 2 threads per core) family 6 model 58 stepping 9, cmov, cx8, fxsr, mmx, sse, sse2, sse3, ssse3, sse4.1, sse4.2, popcnt, avx, aes, clmul, erms, ht, tsc, tscinvbit, tscinv

Memory: 4k page, physical 8388608k(94252k free)

/proc/meminfo:


vm_info: Java HotSpot(TM) 64-Bit Server VM (25.71-b15) for bsd-amd64 JRE (1.8.0_71-b15), built on Dec 22 2015 15:11:44 by "java_re" with gcc 4.2.1 (Based on Apple Inc. build 5658) (LLVM build 2336.11.00)

time: Fri Apr 22 10:37:22 2016
elapsed time: 137 seconds (0d 0h 2m 17s)

